<!DOCTYPE html>
<html>
<head>
  
<meta http-equiv="Content-Type" content="text/html; charset=UTF-8" />

<script type="text/javascript" src="js/jquery.min.js"></script>
<script type="text/javascript" src="js/jquery.tablesorter.min.js"></script>
<script type="text/javascript" src="js/Chart.min.js"></script>
<script type="text/javascript" src="js/moment.min.js"></script>
<script type="text/javascript" src="js/bootstrap.min.js"></script>

<link rel="stylesheet" href="css/bootstrap.min.css" type="text/css"/>
<link rel="stylesheet" href="css/cucumber.css" type="text/css"/>
<link rel="stylesheet" href="css/font-awesome.min.css"/>
<link rel="shortcut icon" href="images/favicon.png"/>

<script type="text/javascript">
$(document).ready(function() {
    // this will tell tablesorter to try looking for the data-value attribute
    // if present, it'll sort by that instead
    // otherwise, it'll sort by the text content of the table cell
    $("#tablesorter").tablesorter({
        textAttribute: 'data-value',
        // ignores the first row of the header, the 'scenario', 'steps', since
        // sorting those doesn't make sense
        selectorHeaders: '> thead tr:not(.dont-sort) th',
        // use a stable sort
        sortStable: true
    });
});
</script>











  
<title>Cucumber Reports (no 1.0.3) - Feature: Comparability</title>

</head>
<body>

<nav class="navbar navbar-default navbar-fixed-top" id="navigation">
  <div class="container-fluid">
    <div class="collapse navbar-collapse">
      <p class="navbar-text navbar-left">Cucumber Report</p>
      <ul class="nav navbar-nav navbar-right">
                <li role="presentation" ><a href="overview-features.html">Features</a></li>
        <li role="presentation" ><a href="overview-tags.html">Tags</a></li>
        <li role="presentation" ><a href="overview-steps.html">Steps</a></li>
                <li role="presentation" ><a href="overview-failures.html">Failures</a></li>
      </ul>
    </div>
  </div>
</nav>


<div class="container-fluid">
  <div class="col-md-5 col-md-offset-1">
    
<table class="table table-bordered" id="build-info">
  <thead>
    <tr>
      <th>Project</th>
              <th>Number</th>
            <th>Date</th>
    </tr>
  </thead>
  <tbody>
    <tr class="info">
      <td>cypher-for-gremlin</td>
              <td>1.0.3</td>
            <td>31 Oct 2019, 14:46</td>
    </tr>
  </tbody>
</table>

  </div>
  <div class="col-md-3 col-md-offset-2">
      </div>
</div>


<div id="report-lead" class="container-fluid">
  <div class="col-md-10 col-md-offset-1">
    <h2>Feature Report</h2>
      </div>
</div>


<div class="container-fluid" id="report">
  <div class="row">
    <div class="col-md-10 col-md-offset-1">
      <table class="stats-table">

        
<thead>
  <tr class="header dont-sort">
        <th></th>
    <th colspan="6">Steps</th>
    <th colspan="3">Scenarios</th>
    <th colspan="2">Features</th>
  </tr>
  <tr>
    <th>Feature</th>
        <th class="passed">Passed</th>
    <th class="failed">Failed</th>
    <th class="skipped">Skipped</th>
    <th class="pending">Pending</th>
    <th class="undefined">Undefined</th>
    <th class="total">Total</th>

    <th class="passed">Passed</th>
    <th class="failed">Failed</th>
    <th class="total">Total</th>

    <th>Duration</th>
    <th>Status</th>
  </tr>
</thead>


        <tbody>
        <tr>
          <td class="tagname">Comparability</td>
          <td      class="passed"    >18</td>
          <td      class="failed"    >6</td>
          <td >0</td>
          <td >0</td>
          <td >0</td>
          <td class="total">24</td>

          <td >0</td>
          <td  class="failed"    >6</td>
          <td class="total">6</td>

          <td class="duration" data-value="109">0.000</td>
          <td class="failed">Failed</td>
        </tr>
        </tbody>

      </table>
    </div>
  </div>
</div>



<div class="container-fluid">
  <div class="row">
    <div class="col-md-10 col-md-offset-10">
      <i class="fa fa-chevron-circle-down fa-2x collapsable-control"
        onClick="javascript:$('#report .collapsable-details').collapse('show')"></i>
      <i class="fa fa-chevron-circle-up fa-2x collapsable-control"
        onClick="javascript:$('#report .collapsable-details').collapse('hide')"></i>
    </div>
  </div>
</div>


<div class="container-fluid" id="report">
  <div class="row">
    <div class="col-md-10 col-md-offset-1">
      <div class="feature">
        
<div class="tags indention">
  </div>

        
<div class="brief failed">
  <span class="keyword indention">Feature</span>
  <span class="name">Comparability</span>
  

  </div>

        <div class="description indention"></div>

        <div class="elements inner-level">
                      
<div class="element">
  
  
<div class="tags indention">
  </div>

  
  <span class="lead-duration duration">0.000</span>


    <span data-toggle="collapse" class=" collapsable-control" data-target="#element-1">
    
<div class="brief failed">
  <span class="keyword indention">Scenario</span>
  <span class="name">Comparing strings and integers using &gt; in an AND'd predicate</span>
  

       <i class="chevron fa fa-fw"></i>
  </div>

  </span>
  <div class="description indention"></div>

  <div id="element-1" class="collapse collapsable-details  in ">
    


    
<div class="steps inner-level">
    <div data-toggle="collapse" class=" collapsable-control" data-target="#steps-2">
    
<div class="brief failed">
  <span class="keyword indention">Steps</span>
  <span class="name"></span>
  

       <i class="chevron fa fa-fw"></i>
  </div>

  </div>

  <div id="steps-2" class="inner-level collapse collapsable-details  in ">
          <div class="step">
        
<div class="brief passed">
  <span class="keyword indention">Given</span>
  <span class="name">an empty graph</span>
  
  <span class="lead-duration duration">0.000</span>

</div>

        

        


        
        

        
  <div class="outputs inner-level">
          <div class="output indention">
        <div data-toggle="collapse" class=" collapsed  collapsable-control" data-target="#output-3">
          Output 1
          <i class="chevron fa fa-fw"></i>
        </div>
        <div id="output-3" class="collapse collapsable-details " >
          
          <pre><p>14:46:01.713 [Test worker] DEBUG o.a.t.g.driver.Client - g.V().drop()}} to - Connection{host=Host{address=localhost/127.0.0.1:36781, hostUri=ws://127.0.0.1:36781/gremlin}}
</p></pre>
        </div>
      </div>
      </div>

        
  
        

      </div>
          <div class="step">
        
<div class="brief passed">
  <span class="keyword indention">And</span>
  <span class="name">having executed:</span>
  
  <span class="lead-duration duration">0.000</span>

</div>

        

        


        
        
  <div class="inner-level">
    <div class="docstring indention">
            <div data-toggle="collapse" class="collapsable-control" data-target="#msg-4">
          <a>Doc string</a>
      </div>
      <div id="msg-4" class="collapse collapsable-details">
        <pre>CREATE (root:Root)-[:T]-&gt;(:Child {id: 0}),
       (root)-[:T]-&gt;(:Child {id: 'xx'}),
       (root)-[:T]-&gt;(:Child)</pre>
      </div>
    </div>
  </div>

        
  <div class="outputs inner-level">
          <div class="output indention">
        <div data-toggle="collapse" class=" collapsed  collapsable-control" data-target="#output-5">
          Output 1
          <i class="chevron fa fa-fw"></i>
        </div>
        <div id="output-5" class="collapse collapsable-details " >
          
          <pre><p>14:46:01.714 [Test worker] DEBUG o.a.t.g.driver.Client - CREATE (root:Root)-[:T]-&gt;(:Child {id: 0}),
       (root)-[:T]-&gt;(:Child {id: 'xx'}),
       (root)-[:T]-&gt;(:Child)}} to - Connection{host=Host{address=localhost/127.0.0.1:36781, hostUri=ws://127.0.0.1:36781/gremlin}}
14:46:01.714 [gremlin-server-worker-1] INFO  o.o.g.s.o.c.CypherOpProcessor - Cypher: CREATE (root:Root)-[:T]-&gt;(:Child {id: 0}),        (root)-[:T]-&gt;(:Child {id: 'xx'}),        (root)-[:T]-&gt;(:Child)
14:46:01.717 [gremlin-server-worker-1] INFO  o.o.g.s.o.c.CypherOpProcessor - Gremlin: g.addV('Root').as('root').addV('Child').as('  UNNAMED26').property(single, 'id', 0).addE('T').from('root').to('  UNNAMED26').addV('Child').as('  UNNAMED64').property(single, 'id', 'xx').addE('T').from('root').to('  UNNAMED64').addV('Child').as('  UNNAMED105').addE('T').from('root').to('  UNNAMED105').barrier().limit(0)
</p></pre>
        </div>
      </div>
      </div>

        
  
        

      </div>
          <div class="step">
        
<div class="brief passed">
  <span class="keyword indention">When</span>
  <span class="name">executing query:</span>
  
  <span class="lead-duration duration">0.000</span>

</div>

        

        


        
        
  <div class="inner-level">
    <div class="docstring indention">
            <div data-toggle="collapse" class="collapsable-control" data-target="#msg-6">
          <a>Doc string</a>
      </div>
      <div id="msg-6" class="collapse collapsable-details">
        <pre>MATCH (:Root)--&gt;(i:Child)
WHERE exists(i.id) AND i.id &gt; 'x'
RETURN i.id</pre>
      </div>
    </div>
  </div>

        
  <div class="outputs inner-level">
          <div class="output indention">
        <div data-toggle="collapse" class=" collapsed  collapsable-control" data-target="#output-7">
          Output 1
          <i class="chevron fa fa-fw"></i>
        </div>
        <div id="output-7" class="collapse collapsable-details " >
          
          <pre><p>14:46:01.730 [Test worker] DEBUG o.a.t.g.driver.Client - MATCH (:Root)--&gt;(i:Child)
WHERE exists(i.id) AND i.id &gt; 'x'
RETURN i.id}} to - Connection{host=Host{address=localhost/127.0.0.1:36781, hostUri=ws://127.0.0.1:36781/gremlin}}
14:46:01.731 [gremlin-server-worker-1] INFO  o.o.g.s.o.c.CypherOpProcessor - Cypher: MATCH (:Root)--&gt;(i:Child) WHERE exists(i.id) AND i.id &gt; 'x' RETURN i.id
14:46:01.738 [gremlin-server-worker-1] INFO  o.o.g.s.o.c.CypherOpProcessor - Gremlin: g.V().hasLabel('Root').outE().inV().as('i').hasLabel('Child').has('id', gt('x')).where(__.select('i').choose(neq('  cypher.null'), __.choose(__.values('id'), __.values('id'), __.constant('  cypher.null'))).choose(__.is(neq('  cypher.null')), __.constant(true), __.constant(false)).is(neq('  cypher.null')).is(eq(true))).select('i').project('i.id').by(__.choose(neq('  cypher.null'), __.choose(__.values('id'), __.values('id'), __.constant('  cypher.null'))))
14:46:01.740 [gremlin-server-exec-5] ERROR o.o.g.s.o.c.CypherOpProcessor - Error during traversal iteration
java.lang.IllegalArgumentException: Cannot compare '0' (Long) and 'x' (String) as both need to be an instance of Number or Comparable (and of the same type)
	at org.apache.tinkerpop.gremlin.process.traversal.Compare.throwException(Compare.java:193)
	at org.apache.tinkerpop.gremlin.process.traversal.Compare.access$300(Compare.java:34)
	at org.apache.tinkerpop.gremlin.process.traversal.Compare$3.test(Compare.java:96)
	at org.apache.tinkerpop.gremlin.process.traversal.P.test(P.java:72)
	at org.apache.tinkerpop.gremlin.process.traversal.step.util.HasContainer.testValue(HasContainer.java:118)
	at org.apache.tinkerpop.gremlin.process.traversal.step.util.HasContainer.test(HasContainer.java:94)
	at org.apache.tinkerpop.gremlin.process.traversal.step.util.HasContainer.testAll(HasContainer.java:180)
	at org.apache.tinkerpop.gremlin.process.traversal.step.filter.HasStep.filter(HasStep.java:50)
	at org.apache.tinkerpop.gremlin.process.traversal.step.filter.FilterStep.processNextStart(FilterStep.java:38)
	at org.apache.tinkerpop.gremlin.process.traversal.step.util.AbstractStep.hasNext(AbstractStep.java:143)
	at org.apache.tinkerpop.gremlin.process.traversal.step.util.ExpandableStepIterator.next(ExpandableStepIterator.java:50)
	at org.apache.tinkerpop.gremlin.process.traversal.step.filter.FilterStep.processNextStart(FilterStep.java:37)
	at org.apache.tinkerpop.gremlin.process.traversal.step.util.AbstractStep.hasNext(AbstractStep.java:143)
	at org.apache.tinkerpop.gremlin.process.traversal.step.util.ExpandableStepIterator.next(ExpandableStepIterator.java:50)
	at org.apache.tinkerpop.gremlin.process.traversal.step.map.MapStep.processNextStart(MapStep.java:36)
	at org.apache.tinkerpop.gremlin.process.traversal.step.map.SelectOneStep.processNextStart(SelectOneStep.java:131)
	at org.apache.tinkerpop.gremlin.process.traversal.step.util.AbstractStep.hasNext(AbstractStep.java:143)
	at org.apache.tinkerpop.gremlin.process.traversal.step.util.ExpandableStepIterator.next(ExpandableStepIterator.java:50)
	at org.apache.tinkerpop.gremlin.process.traversal.step.map.MapStep.processNextStart(MapStep.java:36)
	at org.apache.tinkerpop.gremlin.process.traversal.step.util.AbstractStep.hasNext(AbstractStep.java:143)
	at org.apache.tinkerpop.gremlin.process.traversal.util.DefaultTraversal.hasNext(DefaultTraversal.java:197)
	at org.opencypher.gremlin.traversal.ReturnNormalizer$1.hasNext(ReturnNormalizer.java:79)
	at org.apache.tinkerpop.gremlin.server.op.AbstractOpProcessor.handleIterator(AbstractOpProcessor.java:93)
	at org.opencypher.gremlin.server.op.cypher.CypherOpProcessor.lambda$handleIterator$3(CypherOpProcessor.java:201)
	at java.util.concurrent.FutureTask.run(FutureTask.java:266)
	at java.util.concurrent.Executors$RunnableAdapter.call(Executors.java:511)
	at java.util.concurrent.FutureTask.run(FutureTask.java:266)
	at java.util.concurrent.ThreadPoolExecutor.runWorker(ThreadPoolExecutor.java:1149)
	at java.util.concurrent.ThreadPoolExecutor$Worker.run(ThreadPoolExecutor.java:624)
	at java.lang.Thread.run(Thread.java:748)
</p></pre>
        </div>
      </div>
      </div>

        
  
        

      </div>
          <div class="step">
        
<div class="brief failed">
  <span class="keyword indention">Then</span>
  <span class="name">the result should be:</span>
  
  <span class="lead-duration duration">0.000</span>

</div>

        

        

  <div class="inner-level">
    <div class="message indention">
      <div data-toggle="collapse" class=" collapsable-control" data-target="#msg-8">
          <a>org.opencypher.tools.tck.api.Scenario$ScenarioFailedException:</a>
      </div>
      <div id="msg-8" class="collapse collapsable-details  in ">
        <pre>org.opencypher.tools.tck.api.Scenario$ScenarioFailedException: Feature &quot;Comparability&quot;: Scenario &quot;Comparing strings and integers using &gt; in an AND'd predicate&quot; failed with message: Expected: | i.id |
| 'xx' |, got error ExecutionFailed(UnknownError,runtime,Cannot compare '0' (Long) and 'x' (String) as both need to be an instance of Number or Comparable (and of the same type),Some(org.apache.tinkerpop.gremlin.driver.exception.ResponseException: Cannot compare '0' (Long) and 'x' (String) as both need to be an instance of Number or Comparable (and of the same type)))
	at org.opencypher.tools.tck.api.Scenario.$anonfun$executeOnGraph$1(Scenario.scala:95)
	at scala.collection.LinearSeqOptimized.foldLeft(LinearSeqOptimized.scala:122)
	at scala.collection.LinearSeqOptimized.foldLeft$(LinearSeqOptimized.scala:118)
	at scala.collection.immutable.List.foldLeft(List.scala:85)
	at org.opencypher.tools.tck.api.Scenario.executeOnGraph(Scenario.scala:60)
	at org.opencypher.tools.tck.api.Scenario$$anon$1.execute(Scenario.scala:54)
	at org.junit.jupiter.engine.descriptor.JupiterTestDescriptor.executeAndMaskThrowable(JupiterTestDescriptor.java:145)
	at org.junit.jupiter.engine.descriptor.DynamicTestTestDescriptor.execute(DynamicTestTestDescriptor.java:46)
	at org.junit.jupiter.engine.descriptor.DynamicTestTestDescriptor.execute(DynamicTestTestDescriptor.java:24)
	at org.junit.platform.engine.support.hierarchical.HierarchicalTestExecutor.lambda$execute$3(HierarchicalTestExecutor.java:83)
	at org.junit.platform.engine.support.hierarchical.SingleTestExecutor.executeSafely(SingleTestExecutor.java:66)
	at org.junit.platform.engine.support.hierarchical.HierarchicalTestExecutor.execute(HierarchicalTestExecutor.java:77)
	at org.junit.platform.engine.support.hierarchical.HierarchicalTestExecutor.lambda$null$0(HierarchicalTestExecutor.java:85)
	at org.junit.jupiter.engine.descriptor.TestFactoryTestDescriptor.lambda$invokeTestMethod$1(TestFactoryTestDescriptor.java:80)
	at org.junit.jupiter.engine.execution.ThrowableCollector.execute(ThrowableCollector.java:40)
	at org.junit.jupiter.engine.descriptor.TestFactoryTestDescriptor.invokeTestMethod(TestFactoryTestDescriptor.java:68)
	at org.junit.jupiter.engine.descriptor.TestMethodTestDescriptor.execute(TestMethodTestDescriptor.java:110)
	at org.junit.jupiter.engine.descriptor.TestMethodTestDescriptor.execute(TestMethodTestDescriptor.java:57)
	at org.junit.platform.engine.support.hierarchical.HierarchicalTestExecutor.lambda$execute$3(HierarchicalTestExecutor.java:83)
	at org.junit.platform.engine.support.hierarchical.SingleTestExecutor.executeSafely(SingleTestExecutor.java:66)
	at org.junit.platform.engine.support.hierarchical.HierarchicalTestExecutor.execute(HierarchicalTestExecutor.java:77)
	at org.junit.platform.engine.support.hierarchical.HierarchicalTestExecutor.lambda$null$2(HierarchicalTestExecutor.java:92)
	at java.util.stream.ForEachOps$ForEachOp$OfRef.accept(ForEachOps.java:184)
	at java.util.stream.ReferencePipeline$2$1.accept(ReferencePipeline.java:175)
	at java.util.Iterator.forEachRemaining(Iterator.java:116)
	at java.util.Spliterators$IteratorSpliterator.forEachRemaining(Spliterators.java:1801)
	at java.util.stream.AbstractPipeline.copyInto(AbstractPipeline.java:481)
	at java.util.stream.AbstractPipeline.wrapAndCopyInto(AbstractPipeline.java:471)
	at java.util.stream.ForEachOps$ForEachOp.evaluateSequential(ForEachOps.java:151)
	at java.util.stream.ForEachOps$ForEachOp$OfRef.evaluateSequential(ForEachOps.java:174)
	at java.util.stream.AbstractPipeline.evaluate(AbstractPipeline.java:234)
	at java.util.stream.ReferencePipeline.forEach(ReferencePipeline.java:418)
	at org.junit.platform.engine.support.hierarchical.HierarchicalTestExecutor.lambda$execute$3(HierarchicalTestExecutor.java:92)
	at org.junit.platform.engine.support.hierarchical.SingleTestExecutor.executeSafely(SingleTestExecutor.java:66)
	at org.junit.platform.engine.support.hierarchical.HierarchicalTestExecutor.execute(HierarchicalTestExecutor.java:77)
	at org.junit.platform.engine.support.hierarchical.HierarchicalTestExecutor.lambda$null$2(HierarchicalTestExecutor.java:92)
	at java.util.stream.ForEachOps$ForEachOp$OfRef.accept(ForEachOps.java:184)
	at java.util.stream.ReferencePipeline$2$1.accept(ReferencePipeline.java:175)
	at java.util.Iterator.forEachRemaining(Iterator.java:116)
	at java.util.Spliterators$IteratorSpliterator.forEachRemaining(Spliterators.java:1801)
	at java.util.stream.AbstractPipeline.copyInto(AbstractPipeline.java:481)
	at java.util.stream.AbstractPipeline.wrapAndCopyInto(AbstractPipeline.java:471)
	at java.util.stream.ForEachOps$ForEachOp.evaluateSequential(ForEachOps.java:151)
	at java.util.stream.ForEachOps$ForEachOp$OfRef.evaluateSequential(ForEachOps.java:174)
	at java.util.stream.AbstractPipeline.evaluate(AbstractPipeline.java:234)
	at java.util.stream.ReferencePipeline.forEach(ReferencePipeline.java:418)
	at org.junit.platform.engine.support.hierarchical.HierarchicalTestExecutor.lambda$execute$3(HierarchicalTestExecutor.java:92)
	at org.junit.platform.engine.support.hierarchical.SingleTestExecutor.executeSafely(SingleTestExecutor.java:66)
	at org.junit.platform.engine.support.hierarchical.HierarchicalTestExecutor.execute(HierarchicalTestExecutor.java:77)
	at org.junit.platform.engine.support.hierarchical.HierarchicalTestExecutor.execute(HierarchicalTestExecutor.java:51)
	at org.junit.platform.engine.support.hierarchical.HierarchicalTestEngine.execute(HierarchicalTestEngine.java:43)
	at org.junit.platform.launcher.core.DefaultLauncher.execute(DefaultLauncher.java:170)
	at org.junit.platform.launcher.core.DefaultLauncher.execute(DefaultLauncher.java:154)
	at org.junit.platform.launcher.core.DefaultLauncher.execute(DefaultLauncher.java:90)
	at org.gradle.api.internal.tasks.testing.junitplatform.JUnitPlatformTestClassProcessor$CollectAllTestClassesExecutor.processAllTestClasses(JUnitPlatformTestClassProcessor.java:92)
	at org.gradle.api.internal.tasks.testing.junitplatform.JUnitPlatformTestClassProcessor$CollectAllTestClassesExecutor.access$100(JUnitPlatformTestClassProcessor.java:77)
	at org.gradle.api.internal.tasks.testing.junitplatform.JUnitPlatformTestClassProcessor.stop(JUnitPlatformTestClassProcessor.java:73)
	at org.gradle.api.internal.tasks.testing.SuiteTestClassProcessor.stop(SuiteTestClassProcessor.java:61)
	at sun.reflect.NativeMethodAccessorImpl.invoke0(Native Method)
	at sun.reflect.NativeMethodAccessorImpl.invoke(NativeMethodAccessorImpl.java:62)
	at sun.reflect.DelegatingMethodAccessorImpl.invoke(DelegatingMethodAccessorImpl.java:43)
	at java.lang.reflect.Method.invoke(Method.java:498)
	at org.gradle.internal.dispatch.ReflectionDispatch.dispatch(ReflectionDispatch.java:35)
	at org.gradle.internal.dispatch.ReflectionDispatch.dispatch(ReflectionDispatch.java:24)
	at org.gradle.internal.dispatch.ContextClassLoaderDispatch.dispatch(ContextClassLoaderDispatch.java:32)
	at org.gradle.internal.dispatch.ProxyDispatchAdapter$DispatchingInvocationHandler.invoke(ProxyDispatchAdapter.java:93)
	at com.sun.proxy.$Proxy1.stop(Unknown Source)
	at org.gradle.api.internal.tasks.testing.worker.TestWorker.stop(TestWorker.java:123)
	at sun.reflect.NativeMethodAccessorImpl.invoke0(Native Method)
	at sun.reflect.NativeMethodAccessorImpl.invoke(NativeMethodAccessorImpl.java:62)
	at sun.reflect.DelegatingMethodAccessorImpl.invoke(DelegatingMethodAccessorImpl.java:43)
	at java.lang.reflect.Method.invoke(Method.java:498)
	at org.gradle.internal.dispatch.ReflectionDispatch.dispatch(ReflectionDispatch.java:35)
	at org.gradle.internal.dispatch.ReflectionDispatch.dispatch(ReflectionDispatch.java:24)
	at org.gradle.internal.remote.internal.hub.MessageHubBackedObjectConnection$DispatchWrapper.dispatch(MessageHubBackedObjectConnection.java:155)
	at org.gradle.internal.remote.internal.hub.MessageHubBackedObjectConnection$DispatchWrapper.dispatch(MessageHubBackedObjectConnection.java:137)
	at org.gradle.internal.remote.internal.hub.MessageHub$Handler.run(MessageHub.java:404)
	at org.gradle.internal.concurrent.ExecutorPolicy$CatchAndRecordFailures.onExecute(ExecutorPolicy.java:63)
	at org.gradle.internal.concurrent.ManagedExecutorImpl$1.run(ManagedExecutorImpl.java:46)
	at java.util.concurrent.ThreadPoolExecutor.runWorker(ThreadPoolExecutor.java:1149)
	at java.util.concurrent.ThreadPoolExecutor$Worker.run(ThreadPoolExecutor.java:624)
	at org.gradle.internal.concurrent.ThreadFactoryImpl$ManagedThreadRunnable.run(ThreadFactoryImpl.java:55)
	at java.lang.Thread.run(Thread.java:748)
Caused by: org.apache.tinkerpop.gremlin.driver.exception.ResponseException: Cannot compare '0' (Long) and 'x' (String) as both need to be an instance of Number or Comparable (and of the same type)
	at org.apache.tinkerpop.gremlin.driver.Handler$GremlinResponseHandler.channelRead0(Handler.java:259)
	at org.apache.tinkerpop.gremlin.driver.Handler$GremlinResponseHandler.channelRead0(Handler.java:198)
	at io.netty.channel.SimpleChannelInboundHandler.channelRead(SimpleChannelInboundHandler.java:105)
	at io.netty.channel.AbstractChannelHandlerContext.invokeChannelRead(AbstractChannelHandlerContext.java:374)
	at io.netty.channel.AbstractChannelHandlerContext.invokeChannelRead(AbstractChannelHandlerContext.java:360)
	at io.netty.channel.AbstractChannelHandlerContext.fireChannelRead(AbstractChannelHandlerContext.java:352)
	at org.apache.tinkerpop.gremlin.driver.Handler$GremlinSaslAuthenticationHandler.channelRead0(Handler.java:124)
	at org.apache.tinkerpop.gremlin.driver.Handler$GremlinSaslAuthenticationHandler.channelRead0(Handler.java:68)
	at io.netty.channel.SimpleChannelInboundHandler.channelRead(SimpleChannelInboundHandler.java:105)
	at io.netty.channel.AbstractChannelHandlerContext.invokeChannelRead(AbstractChannelHandlerContext.java:374)
	at io.netty.channel.AbstractChannelHandlerContext.invokeChannelRead(AbstractChannelHandlerContext.java:360)
	at io.netty.channel.AbstractChannelHandlerContext.fireChannelRead(AbstractChannelHandlerContext.java:352)
	at io.netty.handler.codec.MessageToMessageDecoder.channelRead(MessageToMessageDecoder.java:102)
	at io.netty.channel.AbstractChannelHandlerContext.invokeChannelRead(AbstractChannelHandlerContext.java:374)
	at io.netty.channel.AbstractChannelHandlerContext.invokeChannelRead(AbstractChannelHandlerContext.java:360)
	at io.netty.channel.AbstractChannelHandlerContext.fireChannelRead(AbstractChannelHandlerContext.java:352)
	at org.apache.tinkerpop.gremlin.driver.handler.WebSocketClientHandler.channelRead0(WebSocketClientHandler.java:89)
	at io.netty.channel.SimpleChannelInboundHandler.channelRead(SimpleChannelInboundHandler.java:105)
	at io.netty.channel.AbstractChannelHandlerContext.invokeChannelRead(AbstractChannelHandlerContext.java:374)
	at io.netty.channel.AbstractChannelHandlerContext.invokeChannelRead(AbstractChannelHandlerContext.java:360)
	at io.netty.channel.AbstractChannelHandlerContext.fireChannelRead(AbstractChannelHandlerContext.java:352)
	at io.netty.handler.codec.ByteToMessageDecoder.fireChannelRead(ByteToMessageDecoder.java:323)
	at io.netty.handler.codec.ByteToMessageDecoder.channelRead(ByteToMessageDecoder.java:297)
	at io.netty.channel.AbstractChannelHandlerContext.invokeChannelRead(AbstractChannelHandlerContext.java:374)
	at io.netty.channel.AbstractChannelHandlerContext.invokeChannelRead(AbstractChannelHandlerContext.java:360)
	at io.netty.channel.AbstractChannelHandlerContext.fireChannelRead(AbstractChannelHandlerContext.java:352)
	at io.netty.channel.DefaultChannelPipeline$HeadContext.channelRead(DefaultChannelPipeline.java:1408)
	at io.netty.channel.AbstractChannelHandlerContext.invokeChannelRead(AbstractChannelHandlerContext.java:374)
	at io.netty.channel.AbstractChannelHandlerContext.invokeChannelRead(AbstractChannelHandlerContext.java:360)
	at io.netty.channel.DefaultChannelPipeline.fireChannelRead(DefaultChannelPipeline.java:930)
	at io.netty.channel.nio.AbstractNioByteChannel$NioByteUnsafe.read(AbstractNioByteChannel.java:163)
	at io.netty.channel.nio.NioEventLoop.processSelectedKey(NioEventLoop.java:682)
	at io.netty.channel.nio.NioEventLoop.processSelectedKeysOptimized(NioEventLoop.java:617)
	at io.netty.channel.nio.NioEventLoop.processSelectedKeys(NioEventLoop.java:534)
	at io.netty.channel.nio.NioEventLoop.run(NioEventLoop.java:496)
	at io.netty.util.concurrent.SingleThreadEventExecutor$5.run(SingleThreadEventExecutor.java:906)
	at io.netty.util.internal.ThreadExecutorMap$2.run(ThreadExecutorMap.java:74)
	... 1 more
</pre>
      </div>
    </div>
  </div>


                  <table class="step-arguments">
                          <tr>
                                  <td>i.id</td>
                              </tr>
                          <tr>
                                  <td>'xx'</td>
                              </tr>
                      </table>
        
        

        

        
  
        

      </div>
      </div>
</div>


    

  </div>
</div>

                      
<div class="element">
  
  
<div class="tags indention">
  </div>

  
  <span class="lead-duration duration">0.000</span>


    <span data-toggle="collapse" class=" collapsable-control" data-target="#element-9">
    
<div class="brief failed">
  <span class="keyword indention">Scenario</span>
  <span class="name">Comparing strings and integers using &gt; in a OR'd predicate</span>
  

       <i class="chevron fa fa-fw"></i>
  </div>

  </span>
  <div class="description indention"></div>

  <div id="element-9" class="collapse collapsable-details  in ">
    


    
<div class="steps inner-level">
    <div data-toggle="collapse" class=" collapsable-control" data-target="#steps-10">
    
<div class="brief failed">
  <span class="keyword indention">Steps</span>
  <span class="name"></span>
  

       <i class="chevron fa fa-fw"></i>
  </div>

  </div>

  <div id="steps-10" class="inner-level collapse collapsable-details  in ">
          <div class="step">
        
<div class="brief passed">
  <span class="keyword indention">Given</span>
  <span class="name">an empty graph</span>
  
  <span class="lead-duration duration">0.000</span>

</div>

        

        


        
        

        
  <div class="outputs inner-level">
          <div class="output indention">
        <div data-toggle="collapse" class=" collapsed  collapsable-control" data-target="#output-11">
          Output 1
          <i class="chevron fa fa-fw"></i>
        </div>
        <div id="output-11" class="collapse collapsable-details " >
          
          <pre><p>14:46:01.741 [Test worker] DEBUG o.a.t.g.driver.Client - g.V().drop()}} to - Connection{host=Host{address=localhost/127.0.0.1:36781, hostUri=ws://127.0.0.1:36781/gremlin}}
</p></pre>
        </div>
      </div>
      </div>

        
  
        

      </div>
          <div class="step">
        
<div class="brief passed">
  <span class="keyword indention">And</span>
  <span class="name">having executed:</span>
  
  <span class="lead-duration duration">0.000</span>

</div>

        

        


        
        
  <div class="inner-level">
    <div class="docstring indention">
            <div data-toggle="collapse" class="collapsable-control" data-target="#msg-12">
          <a>Doc string</a>
      </div>
      <div id="msg-12" class="collapse collapsable-details">
        <pre>CREATE (root:Root)-[:T]-&gt;(:Child {id: 0}),
       (root)-[:T]-&gt;(:Child {id: 'xx'}),
       (root)-[:T]-&gt;(:Child)</pre>
      </div>
    </div>
  </div>

        
  <div class="outputs inner-level">
          <div class="output indention">
        <div data-toggle="collapse" class=" collapsed  collapsable-control" data-target="#output-13">
          Output 1
          <i class="chevron fa fa-fw"></i>
        </div>
        <div id="output-13" class="collapse collapsable-details " >
          
          <pre><p>14:46:01.743 [Test worker] DEBUG o.a.t.g.driver.Client - CREATE (root:Root)-[:T]-&gt;(:Child {id: 0}),
       (root)-[:T]-&gt;(:Child {id: 'xx'}),
       (root)-[:T]-&gt;(:Child)}} to - Connection{host=Host{address=localhost/127.0.0.1:36781, hostUri=ws://127.0.0.1:36781/gremlin}}
14:46:01.743 [gremlin-server-worker-1] INFO  o.o.g.s.o.c.CypherOpProcessor - Cypher: CREATE (root:Root)-[:T]-&gt;(:Child {id: 0}),        (root)-[:T]-&gt;(:Child {id: 'xx'}),        (root)-[:T]-&gt;(:Child)
14:46:01.746 [gremlin-server-worker-1] INFO  o.o.g.s.o.c.CypherOpProcessor - Gremlin: g.addV('Root').as('root').addV('Child').as('  UNNAMED26').property(single, 'id', 0).addE('T').from('root').to('  UNNAMED26').addV('Child').as('  UNNAMED64').property(single, 'id', 'xx').addE('T').from('root').to('  UNNAMED64').addV('Child').as('  UNNAMED105').addE('T').from('root').to('  UNNAMED105').barrier().limit(0)
</p></pre>
        </div>
      </div>
      </div>

        
  
        

      </div>
          <div class="step">
        
<div class="brief passed">
  <span class="keyword indention">When</span>
  <span class="name">executing query:</span>
  
  <span class="lead-duration duration">0.000</span>

</div>

        

        


        
        
  <div class="inner-level">
    <div class="docstring indention">
            <div data-toggle="collapse" class="collapsable-control" data-target="#msg-14">
          <a>Doc string</a>
      </div>
      <div id="msg-14" class="collapse collapsable-details">
        <pre>MATCH (:Root)--&gt;(i:Child)
WHERE NOT exists(i.id) OR i.id &gt; 'x'
RETURN i.id</pre>
      </div>
    </div>
  </div>

        
  <div class="outputs inner-level">
          <div class="output indention">
        <div data-toggle="collapse" class=" collapsed  collapsable-control" data-target="#output-15">
          Output 1
          <i class="chevron fa fa-fw"></i>
        </div>
        <div id="output-15" class="collapse collapsable-details " >
          
          <pre><p>14:46:01.762 [Test worker] DEBUG o.a.t.g.driver.Client - MATCH (:Root)--&gt;(i:Child)
WHERE NOT exists(i.id) OR i.id &gt; 'x'
RETURN i.id}} to - Connection{host=Host{address=localhost/127.0.0.1:36781, hostUri=ws://127.0.0.1:36781/gremlin}}
14:46:01.762 [gremlin-server-worker-1] INFO  o.o.g.s.o.c.CypherOpProcessor - Cypher: MATCH (:Root)--&gt;(i:Child) WHERE NOT exists(i.id) OR i.id &gt; 'x' RETURN i.id
14:46:01.768 [gremlin-server-worker-1] INFO  o.o.g.s.o.c.CypherOpProcessor - Gremlin: g.V().hasLabel('Root').outE().inV().as('i').hasLabel('Child').where(__.or(__.not(__.select('i').choose(neq('  cypher.null'), __.choose(__.values('id'), __.values('id'), __.constant('  cypher.null'))).choose(__.is(neq('  cypher.null')), __.constant(true), __.constant(false)).is(neq('  cypher.null')).is(eq(true))), __.select('i').values('id').is(gt('x')))).select('i').project('i.id').by(__.choose(neq('  cypher.null'), __.choose(__.values('id'), __.values('id'), __.constant('  cypher.null'))))
14:46:01.769 [gremlin-server-exec-1] ERROR o.o.g.s.o.c.CypherOpProcessor - Error during traversal iteration
java.lang.IllegalArgumentException: Cannot compare '0' (Long) and 'x' (String) as both need to be an instance of Number or Comparable (and of the same type)
	at org.apache.tinkerpop.gremlin.process.traversal.Compare.throwException(Compare.java:193)
	at org.apache.tinkerpop.gremlin.process.traversal.Compare.access$300(Compare.java:34)
	at org.apache.tinkerpop.gremlin.process.traversal.Compare$3.test(Compare.java:96)
	at org.apache.tinkerpop.gremlin.process.traversal.P.test(P.java:72)
	at org.apache.tinkerpop.gremlin.process.traversal.step.filter.IsStep.filter(IsStep.java:45)
	at org.apache.tinkerpop.gremlin.process.traversal.step.filter.FilterStep.processNextStart(FilterStep.java:38)
	at org.apache.tinkerpop.gremlin.process.traversal.step.util.AbstractStep.hasNext(AbstractStep.java:143)
	at org.apache.tinkerpop.gremlin.process.traversal.util.DefaultTraversal.hasNext(DefaultTraversal.java:197)
	at org.apache.tinkerpop.gremlin.process.traversal.util.TraversalUtil.test(TraversalUtil.java:96)
	at org.apache.tinkerpop.gremlin.process.traversal.step.filter.OrStep.filter(OrStep.java:37)
	at org.apache.tinkerpop.gremlin.process.traversal.step.filter.FilterStep.processNextStart(FilterStep.java:38)
	at org.apache.tinkerpop.gremlin.process.traversal.step.util.AbstractStep.hasNext(AbstractStep.java:143)
	at org.apache.tinkerpop.gremlin.process.traversal.step.util.ExpandableStepIterator.next(ExpandableStepIterator.java:50)
	at org.apache.tinkerpop.gremlin.process.traversal.step.map.MapStep.processNextStart(MapStep.java:36)
	at org.apache.tinkerpop.gremlin.process.traversal.step.map.SelectOneStep.processNextStart(SelectOneStep.java:131)
	at org.apache.tinkerpop.gremlin.process.traversal.step.util.AbstractStep.hasNext(AbstractStep.java:143)
	at org.apache.tinkerpop.gremlin.process.traversal.step.util.ExpandableStepIterator.next(ExpandableStepIterator.java:50)
	at org.apache.tinkerpop.gremlin.process.traversal.step.map.MapStep.processNextStart(MapStep.java:36)
	at org.apache.tinkerpop.gremlin.process.traversal.step.util.AbstractStep.hasNext(AbstractStep.java:143)
	at org.apache.tinkerpop.gremlin.process.traversal.util.DefaultTraversal.hasNext(DefaultTraversal.java:197)
	at org.opencypher.gremlin.traversal.ReturnNormalizer$1.hasNext(ReturnNormalizer.java:79)
	at org.apache.tinkerpop.gremlin.server.op.AbstractOpProcessor.handleIterator(AbstractOpProcessor.java:93)
	at org.opencypher.gremlin.server.op.cypher.CypherOpProcessor.lambda$handleIterator$3(CypherOpProcessor.java:201)
	at java.util.concurrent.FutureTask.run(FutureTask.java:266)
	at java.util.concurrent.Executors$RunnableAdapter.call(Executors.java:511)
	at java.util.concurrent.FutureTask.run(FutureTask.java:266)
	at java.util.concurrent.ThreadPoolExecutor.runWorker(ThreadPoolExecutor.java:1149)
	at java.util.concurrent.ThreadPoolExecutor$Worker.run(ThreadPoolExecutor.java:624)
	at java.lang.Thread.run(Thread.java:748)
</p></pre>
        </div>
      </div>
      </div>

        
  
        

      </div>
          <div class="step">
        
<div class="brief failed">
  <span class="keyword indention">Then</span>
  <span class="name">the result should be:</span>
  
  <span class="lead-duration duration">0.000</span>

</div>

        

        

  <div class="inner-level">
    <div class="message indention">
      <div data-toggle="collapse" class=" collapsable-control" data-target="#msg-16">
          <a>org.opencypher.tools.tck.api.Scenario$ScenarioFailedException:</a>
      </div>
      <div id="msg-16" class="collapse collapsable-details  in ">
        <pre>org.opencypher.tools.tck.api.Scenario$ScenarioFailedException: Feature &quot;Comparability&quot;: Scenario &quot;Comparing strings and integers using &gt; in a OR'd predicate&quot; failed with message: Expected: | i.id |
| 'xx' |
| null |, got error ExecutionFailed(UnknownError,runtime,Cannot compare '0' (Long) and 'x' (String) as both need to be an instance of Number or Comparable (and of the same type),Some(org.apache.tinkerpop.gremlin.driver.exception.ResponseException: Cannot compare '0' (Long) and 'x' (String) as both need to be an instance of Number or Comparable (and of the same type)))
	at org.opencypher.tools.tck.api.Scenario.$anonfun$executeOnGraph$1(Scenario.scala:95)
	at scala.collection.LinearSeqOptimized.foldLeft(LinearSeqOptimized.scala:122)
	at scala.collection.LinearSeqOptimized.foldLeft$(LinearSeqOptimized.scala:118)
	at scala.collection.immutable.List.foldLeft(List.scala:85)
	at org.opencypher.tools.tck.api.Scenario.executeOnGraph(Scenario.scala:60)
	at org.opencypher.tools.tck.api.Scenario$$anon$1.execute(Scenario.scala:54)
	at org.junit.jupiter.engine.descriptor.JupiterTestDescriptor.executeAndMaskThrowable(JupiterTestDescriptor.java:145)
	at org.junit.jupiter.engine.descriptor.DynamicTestTestDescriptor.execute(DynamicTestTestDescriptor.java:46)
	at org.junit.jupiter.engine.descriptor.DynamicTestTestDescriptor.execute(DynamicTestTestDescriptor.java:24)
	at org.junit.platform.engine.support.hierarchical.HierarchicalTestExecutor.lambda$execute$3(HierarchicalTestExecutor.java:83)
	at org.junit.platform.engine.support.hierarchical.SingleTestExecutor.executeSafely(SingleTestExecutor.java:66)
	at org.junit.platform.engine.support.hierarchical.HierarchicalTestExecutor.execute(HierarchicalTestExecutor.java:77)
	at org.junit.platform.engine.support.hierarchical.HierarchicalTestExecutor.lambda$null$0(HierarchicalTestExecutor.java:85)
	at org.junit.jupiter.engine.descriptor.TestFactoryTestDescriptor.lambda$invokeTestMethod$1(TestFactoryTestDescriptor.java:80)
	at org.junit.jupiter.engine.execution.ThrowableCollector.execute(ThrowableCollector.java:40)
	at org.junit.jupiter.engine.descriptor.TestFactoryTestDescriptor.invokeTestMethod(TestFactoryTestDescriptor.java:68)
	at org.junit.jupiter.engine.descriptor.TestMethodTestDescriptor.execute(TestMethodTestDescriptor.java:110)
	at org.junit.jupiter.engine.descriptor.TestMethodTestDescriptor.execute(TestMethodTestDescriptor.java:57)
	at org.junit.platform.engine.support.hierarchical.HierarchicalTestExecutor.lambda$execute$3(HierarchicalTestExecutor.java:83)
	at org.junit.platform.engine.support.hierarchical.SingleTestExecutor.executeSafely(SingleTestExecutor.java:66)
	at org.junit.platform.engine.support.hierarchical.HierarchicalTestExecutor.execute(HierarchicalTestExecutor.java:77)
	at org.junit.platform.engine.support.hierarchical.HierarchicalTestExecutor.lambda$null$2(HierarchicalTestExecutor.java:92)
	at java.util.stream.ForEachOps$ForEachOp$OfRef.accept(ForEachOps.java:184)
	at java.util.stream.ReferencePipeline$2$1.accept(ReferencePipeline.java:175)
	at java.util.Iterator.forEachRemaining(Iterator.java:116)
	at java.util.Spliterators$IteratorSpliterator.forEachRemaining(Spliterators.java:1801)
	at java.util.stream.AbstractPipeline.copyInto(AbstractPipeline.java:481)
	at java.util.stream.AbstractPipeline.wrapAndCopyInto(AbstractPipeline.java:471)
	at java.util.stream.ForEachOps$ForEachOp.evaluateSequential(ForEachOps.java:151)
	at java.util.stream.ForEachOps$ForEachOp$OfRef.evaluateSequential(ForEachOps.java:174)
	at java.util.stream.AbstractPipeline.evaluate(AbstractPipeline.java:234)
	at java.util.stream.ReferencePipeline.forEach(ReferencePipeline.java:418)
	at org.junit.platform.engine.support.hierarchical.HierarchicalTestExecutor.lambda$execute$3(HierarchicalTestExecutor.java:92)
	at org.junit.platform.engine.support.hierarchical.SingleTestExecutor.executeSafely(SingleTestExecutor.java:66)
	at org.junit.platform.engine.support.hierarchical.HierarchicalTestExecutor.execute(HierarchicalTestExecutor.java:77)
	at org.junit.platform.engine.support.hierarchical.HierarchicalTestExecutor.lambda$null$2(HierarchicalTestExecutor.java:92)
	at java.util.stream.ForEachOps$ForEachOp$OfRef.accept(ForEachOps.java:184)
	at java.util.stream.ReferencePipeline$2$1.accept(ReferencePipeline.java:175)
	at java.util.Iterator.forEachRemaining(Iterator.java:116)
	at java.util.Spliterators$IteratorSpliterator.forEachRemaining(Spliterators.java:1801)
	at java.util.stream.AbstractPipeline.copyInto(AbstractPipeline.java:481)
	at java.util.stream.AbstractPipeline.wrapAndCopyInto(AbstractPipeline.java:471)
	at java.util.stream.ForEachOps$ForEachOp.evaluateSequential(ForEachOps.java:151)
	at java.util.stream.ForEachOps$ForEachOp$OfRef.evaluateSequential(ForEachOps.java:174)
	at java.util.stream.AbstractPipeline.evaluate(AbstractPipeline.java:234)
	at java.util.stream.ReferencePipeline.forEach(ReferencePipeline.java:418)
	at org.junit.platform.engine.support.hierarchical.HierarchicalTestExecutor.lambda$execute$3(HierarchicalTestExecutor.java:92)
	at org.junit.platform.engine.support.hierarchical.SingleTestExecutor.executeSafely(SingleTestExecutor.java:66)
	at org.junit.platform.engine.support.hierarchical.HierarchicalTestExecutor.execute(HierarchicalTestExecutor.java:77)
	at org.junit.platform.engine.support.hierarchical.HierarchicalTestExecutor.execute(HierarchicalTestExecutor.java:51)
	at org.junit.platform.engine.support.hierarchical.HierarchicalTestEngine.execute(HierarchicalTestEngine.java:43)
	at org.junit.platform.launcher.core.DefaultLauncher.execute(DefaultLauncher.java:170)
	at org.junit.platform.launcher.core.DefaultLauncher.execute(DefaultLauncher.java:154)
	at org.junit.platform.launcher.core.DefaultLauncher.execute(DefaultLauncher.java:90)
	at org.gradle.api.internal.tasks.testing.junitplatform.JUnitPlatformTestClassProcessor$CollectAllTestClassesExecutor.processAllTestClasses(JUnitPlatformTestClassProcessor.java:92)
	at org.gradle.api.internal.tasks.testing.junitplatform.JUnitPlatformTestClassProcessor$CollectAllTestClassesExecutor.access$100(JUnitPlatformTestClassProcessor.java:77)
	at org.gradle.api.internal.tasks.testing.junitplatform.JUnitPlatformTestClassProcessor.stop(JUnitPlatformTestClassProcessor.java:73)
	at org.gradle.api.internal.tasks.testing.SuiteTestClassProcessor.stop(SuiteTestClassProcessor.java:61)
	at sun.reflect.NativeMethodAccessorImpl.invoke0(Native Method)
	at sun.reflect.NativeMethodAccessorImpl.invoke(NativeMethodAccessorImpl.java:62)
	at sun.reflect.DelegatingMethodAccessorImpl.invoke(DelegatingMethodAccessorImpl.java:43)
	at java.lang.reflect.Method.invoke(Method.java:498)
	at org.gradle.internal.dispatch.ReflectionDispatch.dispatch(ReflectionDispatch.java:35)
	at org.gradle.internal.dispatch.ReflectionDispatch.dispatch(ReflectionDispatch.java:24)
	at org.gradle.internal.dispatch.ContextClassLoaderDispatch.dispatch(ContextClassLoaderDispatch.java:32)
	at org.gradle.internal.dispatch.ProxyDispatchAdapter$DispatchingInvocationHandler.invoke(ProxyDispatchAdapter.java:93)
	at com.sun.proxy.$Proxy1.stop(Unknown Source)
	at org.gradle.api.internal.tasks.testing.worker.TestWorker.stop(TestWorker.java:123)
	at sun.reflect.NativeMethodAccessorImpl.invoke0(Native Method)
	at sun.reflect.NativeMethodAccessorImpl.invoke(NativeMethodAccessorImpl.java:62)
	at sun.reflect.DelegatingMethodAccessorImpl.invoke(DelegatingMethodAccessorImpl.java:43)
	at java.lang.reflect.Method.invoke(Method.java:498)
	at org.gradle.internal.dispatch.ReflectionDispatch.dispatch(ReflectionDispatch.java:35)
	at org.gradle.internal.dispatch.ReflectionDispatch.dispatch(ReflectionDispatch.java:24)
	at org.gradle.internal.remote.internal.hub.MessageHubBackedObjectConnection$DispatchWrapper.dispatch(MessageHubBackedObjectConnection.java:155)
	at org.gradle.internal.remote.internal.hub.MessageHubBackedObjectConnection$DispatchWrapper.dispatch(MessageHubBackedObjectConnection.java:137)
	at org.gradle.internal.remote.internal.hub.MessageHub$Handler.run(MessageHub.java:404)
	at org.gradle.internal.concurrent.ExecutorPolicy$CatchAndRecordFailures.onExecute(ExecutorPolicy.java:63)
	at org.gradle.internal.concurrent.ManagedExecutorImpl$1.run(ManagedExecutorImpl.java:46)
	at java.util.concurrent.ThreadPoolExecutor.runWorker(ThreadPoolExecutor.java:1149)
	at java.util.concurrent.ThreadPoolExecutor$Worker.run(ThreadPoolExecutor.java:624)
	at org.gradle.internal.concurrent.ThreadFactoryImpl$ManagedThreadRunnable.run(ThreadFactoryImpl.java:55)
	at java.lang.Thread.run(Thread.java:748)
Caused by: org.apache.tinkerpop.gremlin.driver.exception.ResponseException: Cannot compare '0' (Long) and 'x' (String) as both need to be an instance of Number or Comparable (and of the same type)
	at org.apache.tinkerpop.gremlin.driver.Handler$GremlinResponseHandler.channelRead0(Handler.java:259)
	at org.apache.tinkerpop.gremlin.driver.Handler$GremlinResponseHandler.channelRead0(Handler.java:198)
	at io.netty.channel.SimpleChannelInboundHandler.channelRead(SimpleChannelInboundHandler.java:105)
	at io.netty.channel.AbstractChannelHandlerContext.invokeChannelRead(AbstractChannelHandlerContext.java:374)
	at io.netty.channel.AbstractChannelHandlerContext.invokeChannelRead(AbstractChannelHandlerContext.java:360)
	at io.netty.channel.AbstractChannelHandlerContext.fireChannelRead(AbstractChannelHandlerContext.java:352)
	at org.apache.tinkerpop.gremlin.driver.Handler$GremlinSaslAuthenticationHandler.channelRead0(Handler.java:124)
	at org.apache.tinkerpop.gremlin.driver.Handler$GremlinSaslAuthenticationHandler.channelRead0(Handler.java:68)
	at io.netty.channel.SimpleChannelInboundHandler.channelRead(SimpleChannelInboundHandler.java:105)
	at io.netty.channel.AbstractChannelHandlerContext.invokeChannelRead(AbstractChannelHandlerContext.java:374)
	at io.netty.channel.AbstractChannelHandlerContext.invokeChannelRead(AbstractChannelHandlerContext.java:360)
	at io.netty.channel.AbstractChannelHandlerContext.fireChannelRead(AbstractChannelHandlerContext.java:352)
	at io.netty.handler.codec.MessageToMessageDecoder.channelRead(MessageToMessageDecoder.java:102)
	at io.netty.channel.AbstractChannelHandlerContext.invokeChannelRead(AbstractChannelHandlerContext.java:374)
	at io.netty.channel.AbstractChannelHandlerContext.invokeChannelRead(AbstractChannelHandlerContext.java:360)
	at io.netty.channel.AbstractChannelHandlerContext.fireChannelRead(AbstractChannelHandlerContext.java:352)
	at org.apache.tinkerpop.gremlin.driver.handler.WebSocketClientHandler.channelRead0(WebSocketClientHandler.java:89)
	at io.netty.channel.SimpleChannelInboundHandler.channelRead(SimpleChannelInboundHandler.java:105)
	at io.netty.channel.AbstractChannelHandlerContext.invokeChannelRead(AbstractChannelHandlerContext.java:374)
	at io.netty.channel.AbstractChannelHandlerContext.invokeChannelRead(AbstractChannelHandlerContext.java:360)
	at io.netty.channel.AbstractChannelHandlerContext.fireChannelRead(AbstractChannelHandlerContext.java:352)
	at io.netty.handler.codec.ByteToMessageDecoder.fireChannelRead(ByteToMessageDecoder.java:323)
	at io.netty.handler.codec.ByteToMessageDecoder.channelRead(ByteToMessageDecoder.java:297)
	at io.netty.channel.AbstractChannelHandlerContext.invokeChannelRead(AbstractChannelHandlerContext.java:374)
	at io.netty.channel.AbstractChannelHandlerContext.invokeChannelRead(AbstractChannelHandlerContext.java:360)
	at io.netty.channel.AbstractChannelHandlerContext.fireChannelRead(AbstractChannelHandlerContext.java:352)
	at io.netty.channel.DefaultChannelPipeline$HeadContext.channelRead(DefaultChannelPipeline.java:1408)
	at io.netty.channel.AbstractChannelHandlerContext.invokeChannelRead(AbstractChannelHandlerContext.java:374)
	at io.netty.channel.AbstractChannelHandlerContext.invokeChannelRead(AbstractChannelHandlerContext.java:360)
	at io.netty.channel.DefaultChannelPipeline.fireChannelRead(DefaultChannelPipeline.java:930)
	at io.netty.channel.nio.AbstractNioByteChannel$NioByteUnsafe.read(AbstractNioByteChannel.java:163)
	at io.netty.channel.nio.NioEventLoop.processSelectedKey(NioEventLoop.java:682)
	at io.netty.channel.nio.NioEventLoop.processSelectedKeysOptimized(NioEventLoop.java:617)
	at io.netty.channel.nio.NioEventLoop.processSelectedKeys(NioEventLoop.java:534)
	at io.netty.channel.nio.NioEventLoop.run(NioEventLoop.java:496)
	at io.netty.util.concurrent.SingleThreadEventExecutor$5.run(SingleThreadEventExecutor.java:906)
	at io.netty.util.internal.ThreadExecutorMap$2.run(ThreadExecutorMap.java:74)
	... 1 more
</pre>
      </div>
    </div>
  </div>


                  <table class="step-arguments">
                          <tr>
                                  <td>i.id</td>
                              </tr>
                          <tr>
                                  <td>'xx'</td>
                              </tr>
                          <tr>
                                  <td>null</td>
                              </tr>
                      </table>
        
        

        

        
  
        

      </div>
      </div>
</div>


    

  </div>
</div>

                      
<div class="element">
  
  
<div class="tags indention">
  </div>

  
  <span class="lead-duration duration">0.000</span>


    <span data-toggle="collapse" class=" collapsable-control" data-target="#element-17">
    
<div class="brief failed">
  <span class="keyword indention">Scenario Outline</span>
  <span class="name">Comparing across types yields null, except numbers</span>
  

       <i class="chevron fa fa-fw"></i>
  </div>

  </span>
  <div class="description indention"></div>

  <div id="element-17" class="collapse collapsable-details  in ">
    


    
<div class="steps inner-level">
    <div data-toggle="collapse" class=" collapsable-control" data-target="#steps-18">
    
<div class="brief failed">
  <span class="keyword indention">Steps</span>
  <span class="name"></span>
  

       <i class="chevron fa fa-fw"></i>
  </div>

  </div>

  <div id="steps-18" class="inner-level collapse collapsable-details  in ">
          <div class="step">
        
<div class="brief passed">
  <span class="keyword indention">Given</span>
  <span class="name">an empty graph</span>
  
  <span class="lead-duration duration">0.000</span>

</div>

        

        


        
        

        
  <div class="outputs inner-level">
          <div class="output indention">
        <div data-toggle="collapse" class=" collapsed  collapsable-control" data-target="#output-19">
          Output 1
          <i class="chevron fa fa-fw"></i>
        </div>
        <div id="output-19" class="collapse collapsable-details " >
          
          <pre><p>14:46:01.770 [Test worker] DEBUG o.a.t.g.driver.Client - g.V().drop()}} to - Connection{host=Host{address=localhost/127.0.0.1:36781, hostUri=ws://127.0.0.1:36781/gremlin}}
</p></pre>
        </div>
      </div>
      </div>

        
  
        

      </div>
          <div class="step">
        
<div class="brief passed">
  <span class="keyword indention">And</span>
  <span class="name">having executed:</span>
  
  <span class="lead-duration duration">0.000</span>

</div>

        

        


        
        
  <div class="inner-level">
    <div class="docstring indention">
            <div data-toggle="collapse" class="collapsable-control" data-target="#msg-20">
          <a>Doc string</a>
      </div>
      <div id="msg-20" class="collapse collapsable-details">
        <pre>CREATE ()-[:T]-&gt;()</pre>
      </div>
    </div>
  </div>

        
  <div class="outputs inner-level">
          <div class="output indention">
        <div data-toggle="collapse" class=" collapsed  collapsable-control" data-target="#output-21">
          Output 1
          <i class="chevron fa fa-fw"></i>
        </div>
        <div id="output-21" class="collapse collapsable-details " >
          
          <pre><p>14:46:01.770 [Test worker] DEBUG o.a.t.g.driver.Client - CREATE ()-[:T]-&gt;()}} to - Connection{host=Host{address=localhost/127.0.0.1:36781, hostUri=ws://127.0.0.1:36781/gremlin}}
14:46:01.770 [gremlin-server-worker-1] INFO  o.o.g.s.o.c.CypherOpProcessor - Cypher: CREATE ()-[:T]-&gt;()
14:46:01.772 [gremlin-server-worker-1] INFO  o.o.g.s.o.c.CypherOpProcessor - Gremlin: g.addV().as('  UNNAMED8').addV().as('  UNNAMED17').addE('T').from('  UNNAMED8').to('  UNNAMED17').barrier().limit(0)
</p></pre>
        </div>
      </div>
      </div>

        
  
        

      </div>
          <div class="step">
        
<div class="brief passed">
  <span class="keyword indention">When</span>
  <span class="name">executing query:</span>
  
  <span class="lead-duration duration">0.000</span>

</div>

        

        


        
        
  <div class="inner-level">
    <div class="docstring indention">
            <div data-toggle="collapse" class="collapsable-control" data-target="#msg-22">
          <a>Doc string</a>
      </div>
      <div id="msg-22" class="collapse collapsable-details">
        <pre>MATCH p = (n)-[r]-&gt;()
WITH [n, r, p, '', 1, 3.14, true, null, [], {}] AS types
UNWIND range(0, size(types) - 1) AS i
UNWIND range(0, size(types) - 1) AS j
WITH types[i] AS lhs, types[j] AS rhs
WHERE i &lt;&gt; j
WITH lhs, rhs, lhs &lt; rhs AS result
WHERE result
RETURN lhs, rhs</pre>
      </div>
    </div>
  </div>

        
  <div class="outputs inner-level">
          <div class="output indention">
        <div data-toggle="collapse" class=" collapsed  collapsable-control" data-target="#output-23">
          Output 1
          <i class="chevron fa fa-fw"></i>
        </div>
        <div id="output-23" class="collapse collapsable-details " >
          
          <pre><p>14:46:01.791 [Test worker] DEBUG o.a.t.g.driver.Client - MATCH p = (n)-[r]-&gt;()
WITH [n, r, p, '', 1, 3.14, true, null, [], {}] AS types
UNWIND range(0, size(types) - 1) AS i
UNWIND range(0, size(types) - 1) AS j
WITH types[i] AS lhs, types[j] AS rhs
WHERE i &lt;&gt; j
WITH lhs, rhs, lhs &lt; rhs AS result
WHERE result
RETURN lhs, rhs}} to - Connection{host=Host{address=localhost/127.0.0.1:36781, hostUri=ws://127.0.0.1:36781/gremlin}}
14:46:01.791 [gremlin-server-worker-1] INFO  o.o.g.s.o.c.CypherOpProcessor - Cypher: MATCH p = (n)-[r]-&gt;() WITH [n, r, p, '', 1, 3.14, true, null, [], {}] AS types UNWIND range(0, size(types) - 1) AS i UNWIND range(0, size(types) - 1) AS j WITH types[i] AS lhs, types[j] AS rhs WHERE i &lt;&gt; j WITH lhs, rhs, lhs &lt; rhs AS result WHERE result RETURN lhs, rhs
14:46:01.800 [gremlin-server-worker-1] INFO  o.o.g.s.o.c.CypherOpProcessor - Gremlin: g.V().as('n').outE().as('r').aggregate('  cypher.path.edge.p').inV().path().from('n').as('p').select('n', 'r', 'p').map(__.project('  GENERATED1', '  GENERATED2', '  GENERATED3', '  GENERATED4', '  GENERATED5', '  GENERATED6', '  GENERATED7', '  GENERATED8', '  GENERATED9', '  GENERATED10').by(__.select('n')).by(__.select('r')).by(__.select('p')).by(__.constant('')).by(__.constant(1)).by(__.constant(3.14d)).by(__.constant(true)).by(__.constant('  cypher.null')).by(__.constant([])).by(__.constant([:])).select(values)).as('types').constant(1).as('__GENERATED15').select('types').count(local).choose(__.or(__.is(eq('  cypher.null')), __.select('__GENERATED15').is(eq('  cypher.null'))), __.constant('  cypher.null'), __.math('_ - __GENERATED15')).as('__GENERATED14').sideEffect(__.is(lt(0)).constant('INVALID_RANGE').map(cypherException())).sideEffect(__.math('__GENERATED14 - 0').is(gt(10000)).constant('INVALID_RANGE').map(cypherException())).repeat(__.sideEffect(__.loops().aggregate('  GENERATED13'))).until(__.loops().where(gt('__GENERATED14'))).select('  GENERATED13').unfold().as('i').constant(1).as('__GENERATED19').select('types').count(local).choose(__.or(__.is(eq('  cypher.null')), __.select('__GENERATED19').is(eq('  cypher.null'))), __.constant('  cypher.null'), __.math('_ - __GENERATED19')).as('__GENERATED18').sideEffect(__.is(lt(0)).constant('INVALID_RANGE').map(cypherException())).sideEffect(__.math('__GENERATED18 - 0').is(gt(10000)).constant('INVALID_RANGE').map(cypherException())).repeat(__.sideEffect(__.loops().aggregate('  GENERATED17'))).until(__.loops().where(gt('__GENERATED18'))).select('  GENERATED17').unfold().as('j').select('types', 'i', 'j').project('lhs', 'rhs').by(__.project('  GENERATED20', '  GENERATED21').by(__.select('types')).by(__.select('i')).select(values).map(cypherContainerIndex())).by(__.project('  GENERATED22', '  GENERATED23').by(__.select('types')).by(__.select('j')).select(values).map(cypherContainerIndex())).where(__.select('i').where(neq('j'))).as('  GENERATED24').select('lhs').as('lhs').select('  GENERATED24').select('rhs').as('rhs').where(__.select('lhs').where(lt('rhs'))).select('lhs', 'rhs').project('lhs', 'rhs', 'result').by(__.select('lhs')).by(__.select('rhs')).by(__.select('rhs').as('  GENERATED25').select('lhs').choose(__.or(__.is(eq('  cypher.null')), __.select('  GENERATED25').is(eq('  cypher.null'))), __.constant('  cypher.null'), __.choose(__.where(lt('  GENERATED25')), __.constant(true), __.constant(false)))).as('  GENERATED26').select('lhs').as('lhs').select('  GENERATED26').select('rhs').as('rhs').select('  GENERATED26').select('result').as('result').select('lhs', 'rhs').project('lhs', 'rhs').by(__.select('lhs')).by(__.select('rhs'))
14:46:01.803 [gremlin-server-exec-9] ERROR o.o.g.s.o.c.CypherOpProcessor - Error during traversal iteration
java.lang.IllegalArgumentException: Cannot compare 'v[8920]' (TinkerVertex) and 'e[8922][8920-T-&gt;8921]' (TinkerEdge) as both need to be an instance of Number or Comparable (and of the same type)
	at org.apache.tinkerpop.gremlin.process.traversal.Compare.throwException(Compare.java:193)
	at org.apache.tinkerpop.gremlin.process.traversal.Compare.access$300(Compare.java:34)
	at org.apache.tinkerpop.gremlin.process.traversal.Compare$5.test(Compare.java:148)
	at org.apache.tinkerpop.gremlin.process.traversal.P.test(P.java:72)
	at org.apache.tinkerpop.gremlin.process.traversal.step.filter.WherePredicateStep.filter(WherePredicateStep.java:105)
	at org.apache.tinkerpop.gremlin.process.traversal.step.filter.FilterStep.processNextStart(FilterStep.java:38)
	at org.apache.tinkerpop.gremlin.process.traversal.step.filter.WherePredicateStep.processNextStart(WherePredicateStep.java:150)
	at org.apache.tinkerpop.gremlin.process.traversal.step.util.AbstractStep.hasNext(AbstractStep.java:143)
	at org.apache.tinkerpop.gremlin.process.traversal.util.DefaultTraversal.hasNext(DefaultTraversal.java:197)
	at org.apache.tinkerpop.gremlin.process.traversal.util.TraversalUtil.test(TraversalUtil.java:96)
	at org.apache.tinkerpop.gremlin.process.traversal.step.filter.TraversalFilterStep.filter(TraversalFilterStep.java:46)
	at org.apache.tinkerpop.gremlin.process.traversal.step.filter.FilterStep.processNextStart(FilterStep.java:38)
	at org.apache.tinkerpop.gremlin.process.traversal.step.util.AbstractStep.hasNext(AbstractStep.java:143)
	at org.apache.tinkerpop.gremlin.process.traversal.step.util.ExpandableStepIterator.next(ExpandableStepIterator.java:50)
	at org.apache.tinkerpop.gremlin.process.traversal.step.map.MapStep.processNextStart(MapStep.java:36)
	at org.apache.tinkerpop.gremlin.process.traversal.step.map.SelectStep.processNextStart(SelectStep.java:156)
	at org.apache.tinkerpop.gremlin.process.traversal.step.util.AbstractStep.hasNext(AbstractStep.java:143)
	at org.apache.tinkerpop.gremlin.process.traversal.step.util.ExpandableStepIterator.next(ExpandableStepIterator.java:50)
	at org.apache.tinkerpop.gremlin.process.traversal.step.map.MapStep.processNextStart(MapStep.java:36)
	at org.apache.tinkerpop.gremlin.process.traversal.step.util.AbstractStep.hasNext(AbstractStep.java:143)
	at org.apache.tinkerpop.gremlin.process.traversal.step.util.ExpandableStepIterator.next(ExpandableStepIterator.java:50)
	at org.apache.tinkerpop.gremlin.process.traversal.step.map.MapStep.processNextStart(MapStep.java:36)
	at org.apache.tinkerpop.gremlin.process.traversal.step.map.SelectOneStep.processNextStart(SelectOneStep.java:131)
	at org.apache.tinkerpop.gremlin.process.traversal.step.util.AbstractStep.hasNext(AbstractStep.java:143)
	at org.apache.tinkerpop.gremlin.process.traversal.step.util.ExpandableStepIterator.next(ExpandableStepIterator.java:50)
	at org.apache.tinkerpop.gremlin.process.traversal.step.map.MapStep.processNextStart(MapStep.java:36)
	at org.apache.tinkerpop.gremlin.process.traversal.step.map.SelectOneStep.processNextStart(SelectOneStep.java:131)
	at org.apache.tinkerpop.gremlin.process.traversal.step.util.AbstractStep.hasNext(AbstractStep.java:143)
	at org.apache.tinkerpop.gremlin.process.traversal.step.util.ExpandableStepIterator.next(ExpandableStepIterator.java:50)
	at org.apache.tinkerpop.gremlin.process.traversal.step.map.MapStep.processNextStart(MapStep.java:36)
	at org.apache.tinkerpop.gremlin.process.traversal.step.map.SelectOneStep.processNextStart(SelectOneStep.java:131)
	at org.apache.tinkerpop.gremlin.process.traversal.step.util.AbstractStep.hasNext(AbstractStep.java:143)
	at org.apache.tinkerpop.gremlin.process.traversal.step.util.ExpandableStepIterator.next(ExpandableStepIterator.java:50)
	at org.apache.tinkerpop.gremlin.process.traversal.step.map.MapStep.processNextStart(MapStep.java:36)
	at org.apache.tinkerpop.gremlin.process.traversal.step.map.SelectOneStep.processNextStart(SelectOneStep.java:131)
	at org.apache.tinkerpop.gremlin.process.traversal.step.util.AbstractStep.hasNext(AbstractStep.java:143)
	at org.apache.tinkerpop.gremlin.process.traversal.step.util.ExpandableStepIterator.next(ExpandableStepIterator.java:50)
	at org.apache.tinkerpop.gremlin.process.traversal.step.map.MapStep.processNextStart(MapStep.java:36)
	at org.apache.tinkerpop.gremlin.process.traversal.step.map.SelectOneStep.processNextStart(SelectOneStep.java:131)
	at org.apache.tinkerpop.gremlin.process.traversal.step.util.AbstractStep.hasNext(AbstractStep.java:143)
	at org.apache.tinkerpop.gremlin.process.traversal.step.util.ExpandableStepIterator.next(ExpandableStepIterator.java:50)
	at org.apache.tinkerpop.gremlin.process.traversal.step.map.MapStep.processNextStart(MapStep.java:36)
	at org.apache.tinkerpop.gremlin.process.traversal.step.map.SelectStep.processNextStart(SelectStep.java:156)
	at org.apache.tinkerpop.gremlin.process.traversal.step.util.AbstractStep.hasNext(AbstractStep.java:143)
	at org.apache.tinkerpop.gremlin.process.traversal.step.util.ExpandableStepIterator.next(ExpandableStepIterator.java:50)
	at org.apache.tinkerpop.gremlin.process.traversal.step.map.MapStep.processNextStart(MapStep.java:36)
	at org.apache.tinkerpop.gremlin.process.traversal.step.util.AbstractStep.hasNext(AbstractStep.java:143)
	at org.apache.tinkerpop.gremlin.process.traversal.util.DefaultTraversal.hasNext(DefaultTraversal.java:197)
	at org.opencypher.gremlin.traversal.ReturnNormalizer$1.hasNext(ReturnNormalizer.java:79)
	at org.apache.tinkerpop.gremlin.server.op.AbstractOpProcessor.handleIterator(AbstractOpProcessor.java:93)
	at org.opencypher.gremlin.server.op.cypher.CypherOpProcessor.lambda$handleIterator$3(CypherOpProcessor.java:201)
	at java.util.concurrent.FutureTask.run(FutureTask.java:266)
	at java.util.concurrent.Executors$RunnableAdapter.call(Executors.java:511)
	at java.util.concurrent.FutureTask.run(FutureTask.java:266)
	at java.util.concurrent.ThreadPoolExecutor.runWorker(ThreadPoolExecutor.java:1149)
	at java.util.concurrent.ThreadPoolExecutor$Worker.run(ThreadPoolExecutor.java:624)
	at java.lang.Thread.run(Thread.java:748)
</p></pre>
        </div>
      </div>
      </div>

        
  
        

      </div>
          <div class="step">
        
<div class="brief failed">
  <span class="keyword indention">Then</span>
  <span class="name">the result should be:</span>
  
  <span class="lead-duration duration">0.000</span>

</div>

        

        

  <div class="inner-level">
    <div class="message indention">
      <div data-toggle="collapse" class=" collapsable-control" data-target="#msg-24">
          <a>org.opencypher.tools.tck.api.Scenario$ScenarioFailedException:</a>
      </div>
      <div id="msg-24" class="collapse collapsable-details  in ">
        <pre>org.opencypher.tools.tck.api.Scenario$ScenarioFailedException: Feature &quot;Comparability&quot;: Scenario &quot;Comparing across types yields null, except numbers&quot; failed with message: Expected: | lhs | rhs |
| 1 | 3.14 |, got error ExecutionFailed(UnknownError,runtime,Cannot compare 'v[8920]' (TinkerVertex) and 'e[8922][8920-T-&gt;8921]' (TinkerEdge) as both need to be an instance of Number or Comparable (and of the same type),Some(org.apache.tinkerpop.gremlin.driver.exception.ResponseException: Cannot compare 'v[8920]' (TinkerVertex) and 'e[8922][8920-T-&gt;8921]' (TinkerEdge) as both need to be an instance of Number or Comparable (and of the same type)))
	at org.opencypher.tools.tck.api.Scenario.$anonfun$executeOnGraph$1(Scenario.scala:95)
	at scala.collection.LinearSeqOptimized.foldLeft(LinearSeqOptimized.scala:122)
	at scala.collection.LinearSeqOptimized.foldLeft$(LinearSeqOptimized.scala:118)
	at scala.collection.immutable.List.foldLeft(List.scala:85)
	at org.opencypher.tools.tck.api.Scenario.executeOnGraph(Scenario.scala:60)
	at org.opencypher.tools.tck.api.Scenario$$anon$1.execute(Scenario.scala:54)
	at org.junit.jupiter.engine.descriptor.JupiterTestDescriptor.executeAndMaskThrowable(JupiterTestDescriptor.java:145)
	at org.junit.jupiter.engine.descriptor.DynamicTestTestDescriptor.execute(DynamicTestTestDescriptor.java:46)
	at org.junit.jupiter.engine.descriptor.DynamicTestTestDescriptor.execute(DynamicTestTestDescriptor.java:24)
	at org.junit.platform.engine.support.hierarchical.HierarchicalTestExecutor.lambda$execute$3(HierarchicalTestExecutor.java:83)
	at org.junit.platform.engine.support.hierarchical.SingleTestExecutor.executeSafely(SingleTestExecutor.java:66)
	at org.junit.platform.engine.support.hierarchical.HierarchicalTestExecutor.execute(HierarchicalTestExecutor.java:77)
	at org.junit.platform.engine.support.hierarchical.HierarchicalTestExecutor.lambda$null$0(HierarchicalTestExecutor.java:85)
	at org.junit.jupiter.engine.descriptor.TestFactoryTestDescriptor.lambda$invokeTestMethod$1(TestFactoryTestDescriptor.java:80)
	at org.junit.jupiter.engine.execution.ThrowableCollector.execute(ThrowableCollector.java:40)
	at org.junit.jupiter.engine.descriptor.TestFactoryTestDescriptor.invokeTestMethod(TestFactoryTestDescriptor.java:68)
	at org.junit.jupiter.engine.descriptor.TestMethodTestDescriptor.execute(TestMethodTestDescriptor.java:110)
	at org.junit.jupiter.engine.descriptor.TestMethodTestDescriptor.execute(TestMethodTestDescriptor.java:57)
	at org.junit.platform.engine.support.hierarchical.HierarchicalTestExecutor.lambda$execute$3(HierarchicalTestExecutor.java:83)
	at org.junit.platform.engine.support.hierarchical.SingleTestExecutor.executeSafely(SingleTestExecutor.java:66)
	at org.junit.platform.engine.support.hierarchical.HierarchicalTestExecutor.execute(HierarchicalTestExecutor.java:77)
	at org.junit.platform.engine.support.hierarchical.HierarchicalTestExecutor.lambda$null$2(HierarchicalTestExecutor.java:92)
	at java.util.stream.ForEachOps$ForEachOp$OfRef.accept(ForEachOps.java:184)
	at java.util.stream.ReferencePipeline$2$1.accept(ReferencePipeline.java:175)
	at java.util.Iterator.forEachRemaining(Iterator.java:116)
	at java.util.Spliterators$IteratorSpliterator.forEachRemaining(Spliterators.java:1801)
	at java.util.stream.AbstractPipeline.copyInto(AbstractPipeline.java:481)
	at java.util.stream.AbstractPipeline.wrapAndCopyInto(AbstractPipeline.java:471)
	at java.util.stream.ForEachOps$ForEachOp.evaluateSequential(ForEachOps.java:151)
	at java.util.stream.ForEachOps$ForEachOp$OfRef.evaluateSequential(ForEachOps.java:174)
	at java.util.stream.AbstractPipeline.evaluate(AbstractPipeline.java:234)
	at java.util.stream.ReferencePipeline.forEach(ReferencePipeline.java:418)
	at org.junit.platform.engine.support.hierarchical.HierarchicalTestExecutor.lambda$execute$3(HierarchicalTestExecutor.java:92)
	at org.junit.platform.engine.support.hierarchical.SingleTestExecutor.executeSafely(SingleTestExecutor.java:66)
	at org.junit.platform.engine.support.hierarchical.HierarchicalTestExecutor.execute(HierarchicalTestExecutor.java:77)
	at org.junit.platform.engine.support.hierarchical.HierarchicalTestExecutor.lambda$null$2(HierarchicalTestExecutor.java:92)
	at java.util.stream.ForEachOps$ForEachOp$OfRef.accept(ForEachOps.java:184)
	at java.util.stream.ReferencePipeline$2$1.accept(ReferencePipeline.java:175)
	at java.util.Iterator.forEachRemaining(Iterator.java:116)
	at java.util.Spliterators$IteratorSpliterator.forEachRemaining(Spliterators.java:1801)
	at java.util.stream.AbstractPipeline.copyInto(AbstractPipeline.java:481)
	at java.util.stream.AbstractPipeline.wrapAndCopyInto(AbstractPipeline.java:471)
	at java.util.stream.ForEachOps$ForEachOp.evaluateSequential(ForEachOps.java:151)
	at java.util.stream.ForEachOps$ForEachOp$OfRef.evaluateSequential(ForEachOps.java:174)
	at java.util.stream.AbstractPipeline.evaluate(AbstractPipeline.java:234)
	at java.util.stream.ReferencePipeline.forEach(ReferencePipeline.java:418)
	at org.junit.platform.engine.support.hierarchical.HierarchicalTestExecutor.lambda$execute$3(HierarchicalTestExecutor.java:92)
	at org.junit.platform.engine.support.hierarchical.SingleTestExecutor.executeSafely(SingleTestExecutor.java:66)
	at org.junit.platform.engine.support.hierarchical.HierarchicalTestExecutor.execute(HierarchicalTestExecutor.java:77)
	at org.junit.platform.engine.support.hierarchical.HierarchicalTestExecutor.execute(HierarchicalTestExecutor.java:51)
	at org.junit.platform.engine.support.hierarchical.HierarchicalTestEngine.execute(HierarchicalTestEngine.java:43)
	at org.junit.platform.launcher.core.DefaultLauncher.execute(DefaultLauncher.java:170)
	at org.junit.platform.launcher.core.DefaultLauncher.execute(DefaultLauncher.java:154)
	at org.junit.platform.launcher.core.DefaultLauncher.execute(DefaultLauncher.java:90)
	at org.gradle.api.internal.tasks.testing.junitplatform.JUnitPlatformTestClassProcessor$CollectAllTestClassesExecutor.processAllTestClasses(JUnitPlatformTestClassProcessor.java:92)
	at org.gradle.api.internal.tasks.testing.junitplatform.JUnitPlatformTestClassProcessor$CollectAllTestClassesExecutor.access$100(JUnitPlatformTestClassProcessor.java:77)
	at org.gradle.api.internal.tasks.testing.junitplatform.JUnitPlatformTestClassProcessor.stop(JUnitPlatformTestClassProcessor.java:73)
	at org.gradle.api.internal.tasks.testing.SuiteTestClassProcessor.stop(SuiteTestClassProcessor.java:61)
	at sun.reflect.NativeMethodAccessorImpl.invoke0(Native Method)
	at sun.reflect.NativeMethodAccessorImpl.invoke(NativeMethodAccessorImpl.java:62)
	at sun.reflect.DelegatingMethodAccessorImpl.invoke(DelegatingMethodAccessorImpl.java:43)
	at java.lang.reflect.Method.invoke(Method.java:498)
	at org.gradle.internal.dispatch.ReflectionDispatch.dispatch(ReflectionDispatch.java:35)
	at org.gradle.internal.dispatch.ReflectionDispatch.dispatch(ReflectionDispatch.java:24)
	at org.gradle.internal.dispatch.ContextClassLoaderDispatch.dispatch(ContextClassLoaderDispatch.java:32)
	at org.gradle.internal.dispatch.ProxyDispatchAdapter$DispatchingInvocationHandler.invoke(ProxyDispatchAdapter.java:93)
	at com.sun.proxy.$Proxy1.stop(Unknown Source)
	at org.gradle.api.internal.tasks.testing.worker.TestWorker.stop(TestWorker.java:123)
	at sun.reflect.NativeMethodAccessorImpl.invoke0(Native Method)
	at sun.reflect.NativeMethodAccessorImpl.invoke(NativeMethodAccessorImpl.java:62)
	at sun.reflect.DelegatingMethodAccessorImpl.invoke(DelegatingMethodAccessorImpl.java:43)
	at java.lang.reflect.Method.invoke(Method.java:498)
	at org.gradle.internal.dispatch.ReflectionDispatch.dispatch(ReflectionDispatch.java:35)
	at org.gradle.internal.dispatch.ReflectionDispatch.dispatch(ReflectionDispatch.java:24)
	at org.gradle.internal.remote.internal.hub.MessageHubBackedObjectConnection$DispatchWrapper.dispatch(MessageHubBackedObjectConnection.java:155)
	at org.gradle.internal.remote.internal.hub.MessageHubBackedObjectConnection$DispatchWrapper.dispatch(MessageHubBackedObjectConnection.java:137)
	at org.gradle.internal.remote.internal.hub.MessageHub$Handler.run(MessageHub.java:404)
	at org.gradle.internal.concurrent.ExecutorPolicy$CatchAndRecordFailures.onExecute(ExecutorPolicy.java:63)
	at org.gradle.internal.concurrent.ManagedExecutorImpl$1.run(ManagedExecutorImpl.java:46)
	at java.util.concurrent.ThreadPoolExecutor.runWorker(ThreadPoolExecutor.java:1149)
	at java.util.concurrent.ThreadPoolExecutor$Worker.run(ThreadPoolExecutor.java:624)
	at org.gradle.internal.concurrent.ThreadFactoryImpl$ManagedThreadRunnable.run(ThreadFactoryImpl.java:55)
	at java.lang.Thread.run(Thread.java:748)
Caused by: org.apache.tinkerpop.gremlin.driver.exception.ResponseException: Cannot compare 'v[8920]' (TinkerVertex) and 'e[8922][8920-T-&gt;8921]' (TinkerEdge) as both need to be an instance of Number or Comparable (and of the same type)
	at org.apache.tinkerpop.gremlin.driver.Handler$GremlinResponseHandler.channelRead0(Handler.java:259)
	at org.apache.tinkerpop.gremlin.driver.Handler$GremlinResponseHandler.channelRead0(Handler.java:198)
	at io.netty.channel.SimpleChannelInboundHandler.channelRead(SimpleChannelInboundHandler.java:105)
	at io.netty.channel.AbstractChannelHandlerContext.invokeChannelRead(AbstractChannelHandlerContext.java:374)
	at io.netty.channel.AbstractChannelHandlerContext.invokeChannelRead(AbstractChannelHandlerContext.java:360)
	at io.netty.channel.AbstractChannelHandlerContext.fireChannelRead(AbstractChannelHandlerContext.java:352)
	at org.apache.tinkerpop.gremlin.driver.Handler$GremlinSaslAuthenticationHandler.channelRead0(Handler.java:124)
	at org.apache.tinkerpop.gremlin.driver.Handler$GremlinSaslAuthenticationHandler.channelRead0(Handler.java:68)
	at io.netty.channel.SimpleChannelInboundHandler.channelRead(SimpleChannelInboundHandler.java:105)
	at io.netty.channel.AbstractChannelHandlerContext.invokeChannelRead(AbstractChannelHandlerContext.java:374)
	at io.netty.channel.AbstractChannelHandlerContext.invokeChannelRead(AbstractChannelHandlerContext.java:360)
	at io.netty.channel.AbstractChannelHandlerContext.fireChannelRead(AbstractChannelHandlerContext.java:352)
	at io.netty.handler.codec.MessageToMessageDecoder.channelRead(MessageToMessageDecoder.java:102)
	at io.netty.channel.AbstractChannelHandlerContext.invokeChannelRead(AbstractChannelHandlerContext.java:374)
	at io.netty.channel.AbstractChannelHandlerContext.invokeChannelRead(AbstractChannelHandlerContext.java:360)
	at io.netty.channel.AbstractChannelHandlerContext.fireChannelRead(AbstractChannelHandlerContext.java:352)
	at org.apache.tinkerpop.gremlin.driver.handler.WebSocketClientHandler.channelRead0(WebSocketClientHandler.java:89)
	at io.netty.channel.SimpleChannelInboundHandler.channelRead(SimpleChannelInboundHandler.java:105)
	at io.netty.channel.AbstractChannelHandlerContext.invokeChannelRead(AbstractChannelHandlerContext.java:374)
	at io.netty.channel.AbstractChannelHandlerContext.invokeChannelRead(AbstractChannelHandlerContext.java:360)
	at io.netty.channel.AbstractChannelHandlerContext.fireChannelRead(AbstractChannelHandlerContext.java:352)
	at io.netty.handler.codec.ByteToMessageDecoder.fireChannelRead(ByteToMessageDecoder.java:323)
	at io.netty.handler.codec.ByteToMessageDecoder.channelRead(ByteToMessageDecoder.java:297)
	at io.netty.channel.AbstractChannelHandlerContext.invokeChannelRead(AbstractChannelHandlerContext.java:374)
	at io.netty.channel.AbstractChannelHandlerContext.invokeChannelRead(AbstractChannelHandlerContext.java:360)
	at io.netty.channel.AbstractChannelHandlerContext.fireChannelRead(AbstractChannelHandlerContext.java:352)
	at io.netty.channel.DefaultChannelPipeline$HeadContext.channelRead(DefaultChannelPipeline.java:1408)
	at io.netty.channel.AbstractChannelHandlerContext.invokeChannelRead(AbstractChannelHandlerContext.java:374)
	at io.netty.channel.AbstractChannelHandlerContext.invokeChannelRead(AbstractChannelHandlerContext.java:360)
	at io.netty.channel.DefaultChannelPipeline.fireChannelRead(DefaultChannelPipeline.java:930)
	at io.netty.channel.nio.AbstractNioByteChannel$NioByteUnsafe.read(AbstractNioByteChannel.java:163)
	at io.netty.channel.nio.NioEventLoop.processSelectedKey(NioEventLoop.java:682)
	at io.netty.channel.nio.NioEventLoop.processSelectedKeysOptimized(NioEventLoop.java:617)
	at io.netty.channel.nio.NioEventLoop.processSelectedKeys(NioEventLoop.java:534)
	at io.netty.channel.nio.NioEventLoop.run(NioEventLoop.java:496)
	at io.netty.util.concurrent.SingleThreadEventExecutor$5.run(SingleThreadEventExecutor.java:906)
	at io.netty.util.internal.ThreadExecutorMap$2.run(ThreadExecutorMap.java:74)
	... 1 more
</pre>
      </div>
    </div>
  </div>


                  <table class="step-arguments">
                          <tr>
                                  <td>lhs</td>
                                  <td>rhs</td>
                              </tr>
                          <tr>
                                  <td>1</td>
                                  <td>3.14</td>
                              </tr>
                      </table>
        
        

        

        
  
        

      </div>
      </div>
</div>


    

  </div>
</div>

                      
<div class="element">
  
  
<div class="tags indention">
  </div>

  
  <span class="lead-duration duration">0.000</span>


    <span data-toggle="collapse" class=" collapsable-control" data-target="#element-25">
    
<div class="brief failed">
  <span class="keyword indention">Scenario Outline</span>
  <span class="name">Comparing across types yields null, except numbers</span>
  

       <i class="chevron fa fa-fw"></i>
  </div>

  </span>
  <div class="description indention"></div>

  <div id="element-25" class="collapse collapsable-details  in ">
    


    
<div class="steps inner-level">
    <div data-toggle="collapse" class=" collapsable-control" data-target="#steps-26">
    
<div class="brief failed">
  <span class="keyword indention">Steps</span>
  <span class="name"></span>
  

       <i class="chevron fa fa-fw"></i>
  </div>

  </div>

  <div id="steps-26" class="inner-level collapse collapsable-details  in ">
          <div class="step">
        
<div class="brief passed">
  <span class="keyword indention">Given</span>
  <span class="name">an empty graph</span>
  
  <span class="lead-duration duration">0.000</span>

</div>

        

        


        
        

        
  <div class="outputs inner-level">
          <div class="output indention">
        <div data-toggle="collapse" class=" collapsed  collapsable-control" data-target="#output-27">
          Output 1
          <i class="chevron fa fa-fw"></i>
        </div>
        <div id="output-27" class="collapse collapsable-details " >
          
          <pre><p>14:46:01.805 [Test worker] DEBUG o.a.t.g.driver.Client - g.V().drop()}} to - Connection{host=Host{address=localhost/127.0.0.1:36781, hostUri=ws://127.0.0.1:36781/gremlin}}
</p></pre>
        </div>
      </div>
      </div>

        
  
        

      </div>
          <div class="step">
        
<div class="brief passed">
  <span class="keyword indention">And</span>
  <span class="name">having executed:</span>
  
  <span class="lead-duration duration">0.000</span>

</div>

        

        


        
        
  <div class="inner-level">
    <div class="docstring indention">
            <div data-toggle="collapse" class="collapsable-control" data-target="#msg-28">
          <a>Doc string</a>
      </div>
      <div id="msg-28" class="collapse collapsable-details">
        <pre>CREATE ()-[:T]-&gt;()</pre>
      </div>
    </div>
  </div>

        
  <div class="outputs inner-level">
          <div class="output indention">
        <div data-toggle="collapse" class=" collapsed  collapsable-control" data-target="#output-29">
          Output 1
          <i class="chevron fa fa-fw"></i>
        </div>
        <div id="output-29" class="collapse collapsable-details " >
          
          <pre><p>14:46:01.806 [Test worker] DEBUG o.a.t.g.driver.Client - CREATE ()-[:T]-&gt;()}} to - Connection{host=Host{address=localhost/127.0.0.1:36781, hostUri=ws://127.0.0.1:36781/gremlin}}
14:46:01.806 [gremlin-server-worker-1] INFO  o.o.g.s.o.c.CypherOpProcessor - Cypher: CREATE ()-[:T]-&gt;()
14:46:01.808 [gremlin-server-worker-1] INFO  o.o.g.s.o.c.CypherOpProcessor - Gremlin: g.addV().as('  UNNAMED8').addV().as('  UNNAMED17').addE('T').from('  UNNAMED8').to('  UNNAMED17').barrier().limit(0)
</p></pre>
        </div>
      </div>
      </div>

        
  
        

      </div>
          <div class="step">
        
<div class="brief passed">
  <span class="keyword indention">When</span>
  <span class="name">executing query:</span>
  
  <span class="lead-duration duration">0.000</span>

</div>

        

        


        
        
  <div class="inner-level">
    <div class="docstring indention">
            <div data-toggle="collapse" class="collapsable-control" data-target="#msg-30">
          <a>Doc string</a>
      </div>
      <div id="msg-30" class="collapse collapsable-details">
        <pre>MATCH p = (n)-[r]-&gt;()
WITH [n, r, p, '', 1, 3.14, true, null, [], {}] AS types
UNWIND range(0, size(types) - 1) AS i
UNWIND range(0, size(types) - 1) AS j
WITH types[i] AS lhs, types[j] AS rhs
WHERE i &lt;&gt; j
WITH lhs, rhs, lhs &lt;= rhs AS result
WHERE result
RETURN lhs, rhs</pre>
      </div>
    </div>
  </div>

        
  <div class="outputs inner-level">
          <div class="output indention">
        <div data-toggle="collapse" class=" collapsed  collapsable-control" data-target="#output-31">
          Output 1
          <i class="chevron fa fa-fw"></i>
        </div>
        <div id="output-31" class="collapse collapsable-details " >
          
          <pre><p>14:46:01.826 [Test worker] DEBUG o.a.t.g.driver.Client - MATCH p = (n)-[r]-&gt;()
WITH [n, r, p, '', 1, 3.14, true, null, [], {}] AS types
UNWIND range(0, size(types) - 1) AS i
UNWIND range(0, size(types) - 1) AS j
WITH types[i] AS lhs, types[j] AS rhs
WHERE i &lt;&gt; j
WITH lhs, rhs, lhs &lt;= rhs AS result
WHERE result
RETURN lhs, rhs}} to - Connection{host=Host{address=localhost/127.0.0.1:36781, hostUri=ws://127.0.0.1:36781/gremlin}}
14:46:01.826 [gremlin-server-worker-1] INFO  o.o.g.s.o.c.CypherOpProcessor - Cypher: MATCH p = (n)-[r]-&gt;() WITH [n, r, p, '', 1, 3.14, true, null, [], {}] AS types UNWIND range(0, size(types) - 1) AS i UNWIND range(0, size(types) - 1) AS j WITH types[i] AS lhs, types[j] AS rhs WHERE i &lt;&gt; j WITH lhs, rhs, lhs &lt;= rhs AS result WHERE result RETURN lhs, rhs
14:46:01.836 [gremlin-server-worker-1] INFO  o.o.g.s.o.c.CypherOpProcessor - Gremlin: g.V().as('n').outE().as('r').aggregate('  cypher.path.edge.p').inV().path().from('n').as('p').select('n', 'r', 'p').map(__.project('  GENERATED1', '  GENERATED2', '  GENERATED3', '  GENERATED4', '  GENERATED5', '  GENERATED6', '  GENERATED7', '  GENERATED8', '  GENERATED9', '  GENERATED10').by(__.select('n')).by(__.select('r')).by(__.select('p')).by(__.constant('')).by(__.constant(1)).by(__.constant(3.14d)).by(__.constant(true)).by(__.constant('  cypher.null')).by(__.constant([])).by(__.constant([:])).select(values)).as('types').constant(1).as('__GENERATED15').select('types').count(local).choose(__.or(__.is(eq('  cypher.null')), __.select('__GENERATED15').is(eq('  cypher.null'))), __.constant('  cypher.null'), __.math('_ - __GENERATED15')).as('__GENERATED14').sideEffect(__.is(lt(0)).constant('INVALID_RANGE').map(cypherException())).sideEffect(__.math('__GENERATED14 - 0').is(gt(10000)).constant('INVALID_RANGE').map(cypherException())).repeat(__.sideEffect(__.loops().aggregate('  GENERATED13'))).until(__.loops().where(gt('__GENERATED14'))).select('  GENERATED13').unfold().as('i').constant(1).as('__GENERATED19').select('types').count(local).choose(__.or(__.is(eq('  cypher.null')), __.select('__GENERATED19').is(eq('  cypher.null'))), __.constant('  cypher.null'), __.math('_ - __GENERATED19')).as('__GENERATED18').sideEffect(__.is(lt(0)).constant('INVALID_RANGE').map(cypherException())).sideEffect(__.math('__GENERATED18 - 0').is(gt(10000)).constant('INVALID_RANGE').map(cypherException())).repeat(__.sideEffect(__.loops().aggregate('  GENERATED17'))).until(__.loops().where(gt('__GENERATED18'))).select('  GENERATED17').unfold().as('j').select('types', 'i', 'j').project('lhs', 'rhs').by(__.project('  GENERATED20', '  GENERATED21').by(__.select('types')).by(__.select('i')).select(values).map(cypherContainerIndex())).by(__.project('  GENERATED22', '  GENERATED23').by(__.select('types')).by(__.select('j')).select(values).map(cypherContainerIndex())).where(__.select('i').where(neq('j'))).as('  GENERATED24').select('lhs').as('lhs').select('  GENERATED24').select('rhs').as('rhs').where(__.select('lhs').where(lte('rhs'))).select('lhs', 'rhs').project('lhs', 'rhs', 'result').by(__.select('lhs')).by(__.select('rhs')).by(__.select('rhs').as('  GENERATED25').select('lhs').choose(__.or(__.is(eq('  cypher.null')), __.select('  GENERATED25').is(eq('  cypher.null'))), __.constant('  cypher.null'), __.choose(__.where(lte('  GENERATED25')), __.constant(true), __.constant(false)))).as('  GENERATED26').select('lhs').as('lhs').select('  GENERATED26').select('rhs').as('rhs').select('  GENERATED26').select('result').as('result').select('lhs', 'rhs').project('lhs', 'rhs').by(__.select('lhs')).by(__.select('rhs'))
14:46:01.839 [gremlin-server-exec-5] ERROR o.o.g.s.o.c.CypherOpProcessor - Error during traversal iteration
java.lang.IllegalArgumentException: Cannot compare 'v[8923]' (TinkerVertex) and 'e[8925][8923-T-&gt;8924]' (TinkerEdge) as both need to be an instance of Number or Comparable (and of the same type)
	at org.apache.tinkerpop.gremlin.process.traversal.Compare.throwException(Compare.java:193)
	at org.apache.tinkerpop.gremlin.process.traversal.Compare.access$300(Compare.java:34)
	at org.apache.tinkerpop.gremlin.process.traversal.Compare$3.test(Compare.java:96)
	at org.apache.tinkerpop.gremlin.process.traversal.Compare$6.test(Compare.java:171)
	at org.apache.tinkerpop.gremlin.process.traversal.P.test(P.java:72)
	at org.apache.tinkerpop.gremlin.process.traversal.step.filter.WherePredicateStep.filter(WherePredicateStep.java:105)
	at org.apache.tinkerpop.gremlin.process.traversal.step.filter.FilterStep.processNextStart(FilterStep.java:38)
	at org.apache.tinkerpop.gremlin.process.traversal.step.filter.WherePredicateStep.processNextStart(WherePredicateStep.java:150)
	at org.apache.tinkerpop.gremlin.process.traversal.step.util.AbstractStep.hasNext(AbstractStep.java:143)
	at org.apache.tinkerpop.gremlin.process.traversal.util.DefaultTraversal.hasNext(DefaultTraversal.java:197)
	at org.apache.tinkerpop.gremlin.process.traversal.util.TraversalUtil.test(TraversalUtil.java:96)
	at org.apache.tinkerpop.gremlin.process.traversal.step.filter.TraversalFilterStep.filter(TraversalFilterStep.java:46)
	at org.apache.tinkerpop.gremlin.process.traversal.step.filter.FilterStep.processNextStart(FilterStep.java:38)
	at org.apache.tinkerpop.gremlin.process.traversal.step.util.AbstractStep.hasNext(AbstractStep.java:143)
	at org.apache.tinkerpop.gremlin.process.traversal.step.util.ExpandableStepIterator.next(ExpandableStepIterator.java:50)
	at org.apache.tinkerpop.gremlin.process.traversal.step.map.MapStep.processNextStart(MapStep.java:36)
	at org.apache.tinkerpop.gremlin.process.traversal.step.map.SelectStep.processNextStart(SelectStep.java:156)
	at org.apache.tinkerpop.gremlin.process.traversal.step.util.AbstractStep.hasNext(AbstractStep.java:143)
	at org.apache.tinkerpop.gremlin.process.traversal.step.util.ExpandableStepIterator.next(ExpandableStepIterator.java:50)
	at org.apache.tinkerpop.gremlin.process.traversal.step.map.MapStep.processNextStart(MapStep.java:36)
	at org.apache.tinkerpop.gremlin.process.traversal.step.util.AbstractStep.hasNext(AbstractStep.java:143)
	at org.apache.tinkerpop.gremlin.process.traversal.step.util.ExpandableStepIterator.next(ExpandableStepIterator.java:50)
	at org.apache.tinkerpop.gremlin.process.traversal.step.map.MapStep.processNextStart(MapStep.java:36)
	at org.apache.tinkerpop.gremlin.process.traversal.step.map.SelectOneStep.processNextStart(SelectOneStep.java:131)
	at org.apache.tinkerpop.gremlin.process.traversal.step.util.AbstractStep.hasNext(AbstractStep.java:143)
	at org.apache.tinkerpop.gremlin.process.traversal.step.util.ExpandableStepIterator.next(ExpandableStepIterator.java:50)
	at org.apache.tinkerpop.gremlin.process.traversal.step.map.MapStep.processNextStart(MapStep.java:36)
	at org.apache.tinkerpop.gremlin.process.traversal.step.map.SelectOneStep.processNextStart(SelectOneStep.java:131)
	at org.apache.tinkerpop.gremlin.process.traversal.step.util.AbstractStep.hasNext(AbstractStep.java:143)
	at org.apache.tinkerpop.gremlin.process.traversal.step.util.ExpandableStepIterator.next(ExpandableStepIterator.java:50)
	at org.apache.tinkerpop.gremlin.process.traversal.step.map.MapStep.processNextStart(MapStep.java:36)
	at org.apache.tinkerpop.gremlin.process.traversal.step.map.SelectOneStep.processNextStart(SelectOneStep.java:131)
	at org.apache.tinkerpop.gremlin.process.traversal.step.util.AbstractStep.hasNext(AbstractStep.java:143)
	at org.apache.tinkerpop.gremlin.process.traversal.step.util.ExpandableStepIterator.next(ExpandableStepIterator.java:50)
	at org.apache.tinkerpop.gremlin.process.traversal.step.map.MapStep.processNextStart(MapStep.java:36)
	at org.apache.tinkerpop.gremlin.process.traversal.step.map.SelectOneStep.processNextStart(SelectOneStep.java:131)
	at org.apache.tinkerpop.gremlin.process.traversal.step.util.AbstractStep.hasNext(AbstractStep.java:143)
	at org.apache.tinkerpop.gremlin.process.traversal.step.util.ExpandableStepIterator.next(ExpandableStepIterator.java:50)
	at org.apache.tinkerpop.gremlin.process.traversal.step.map.MapStep.processNextStart(MapStep.java:36)
	at org.apache.tinkerpop.gremlin.process.traversal.step.map.SelectOneStep.processNextStart(SelectOneStep.java:131)
	at org.apache.tinkerpop.gremlin.process.traversal.step.util.AbstractStep.hasNext(AbstractStep.java:143)
	at org.apache.tinkerpop.gremlin.process.traversal.step.util.ExpandableStepIterator.next(ExpandableStepIterator.java:50)
	at org.apache.tinkerpop.gremlin.process.traversal.step.map.MapStep.processNextStart(MapStep.java:36)
	at org.apache.tinkerpop.gremlin.process.traversal.step.map.SelectStep.processNextStart(SelectStep.java:156)
	at org.apache.tinkerpop.gremlin.process.traversal.step.util.AbstractStep.hasNext(AbstractStep.java:143)
	at org.apache.tinkerpop.gremlin.process.traversal.step.util.ExpandableStepIterator.next(ExpandableStepIterator.java:50)
	at org.apache.tinkerpop.gremlin.process.traversal.step.map.MapStep.processNextStart(MapStep.java:36)
	at org.apache.tinkerpop.gremlin.process.traversal.step.util.AbstractStep.hasNext(AbstractStep.java:143)
	at org.apache.tinkerpop.gremlin.process.traversal.util.DefaultTraversal.hasNext(DefaultTraversal.java:197)
	at org.opencypher.gremlin.traversal.ReturnNormalizer$1.hasNext(ReturnNormalizer.java:79)
	at org.apache.tinkerpop.gremlin.server.op.AbstractOpProcessor.handleIterator(AbstractOpProcessor.java:93)
	at org.opencypher.gremlin.server.op.cypher.CypherOpProcessor.lambda$handleIterator$3(CypherOpProcessor.java:201)
	at java.util.concurrent.FutureTask.run(FutureTask.java:266)
	at java.util.concurrent.Executors$RunnableAdapter.call(Executors.java:511)
	at java.util.concurrent.FutureTask.run(FutureTask.java:266)
	at java.util.concurrent.ThreadPoolExecutor.runWorker(ThreadPoolExecutor.java:1149)
	at java.util.concurrent.ThreadPoolExecutor$Worker.run(ThreadPoolExecutor.java:624)
	at java.lang.Thread.run(Thread.java:748)
</p></pre>
        </div>
      </div>
      </div>

        
  
        

      </div>
          <div class="step">
        
<div class="brief failed">
  <span class="keyword indention">Then</span>
  <span class="name">the result should be:</span>
  
  <span class="lead-duration duration">0.000</span>

</div>

        

        

  <div class="inner-level">
    <div class="message indention">
      <div data-toggle="collapse" class=" collapsable-control" data-target="#msg-32">
          <a>org.opencypher.tools.tck.api.Scenario$ScenarioFailedException:</a>
      </div>
      <div id="msg-32" class="collapse collapsable-details  in ">
        <pre>org.opencypher.tools.tck.api.Scenario$ScenarioFailedException: Feature &quot;Comparability&quot;: Scenario &quot;Comparing across types yields null, except numbers&quot; failed with message: Expected: | lhs | rhs |
| 1 | 3.14 |, got error ExecutionFailed(UnknownError,runtime,Cannot compare 'v[8923]' (TinkerVertex) and 'e[8925][8923-T-&gt;8924]' (TinkerEdge) as both need to be an instance of Number or Comparable (and of the same type),Some(org.apache.tinkerpop.gremlin.driver.exception.ResponseException: Cannot compare 'v[8923]' (TinkerVertex) and 'e[8925][8923-T-&gt;8924]' (TinkerEdge) as both need to be an instance of Number or Comparable (and of the same type)))
	at org.opencypher.tools.tck.api.Scenario.$anonfun$executeOnGraph$1(Scenario.scala:95)
	at scala.collection.LinearSeqOptimized.foldLeft(LinearSeqOptimized.scala:122)
	at scala.collection.LinearSeqOptimized.foldLeft$(LinearSeqOptimized.scala:118)
	at scala.collection.immutable.List.foldLeft(List.scala:85)
	at org.opencypher.tools.tck.api.Scenario.executeOnGraph(Scenario.scala:60)
	at org.opencypher.tools.tck.api.Scenario$$anon$1.execute(Scenario.scala:54)
	at org.junit.jupiter.engine.descriptor.JupiterTestDescriptor.executeAndMaskThrowable(JupiterTestDescriptor.java:145)
	at org.junit.jupiter.engine.descriptor.DynamicTestTestDescriptor.execute(DynamicTestTestDescriptor.java:46)
	at org.junit.jupiter.engine.descriptor.DynamicTestTestDescriptor.execute(DynamicTestTestDescriptor.java:24)
	at org.junit.platform.engine.support.hierarchical.HierarchicalTestExecutor.lambda$execute$3(HierarchicalTestExecutor.java:83)
	at org.junit.platform.engine.support.hierarchical.SingleTestExecutor.executeSafely(SingleTestExecutor.java:66)
	at org.junit.platform.engine.support.hierarchical.HierarchicalTestExecutor.execute(HierarchicalTestExecutor.java:77)
	at org.junit.platform.engine.support.hierarchical.HierarchicalTestExecutor.lambda$null$0(HierarchicalTestExecutor.java:85)
	at org.junit.jupiter.engine.descriptor.TestFactoryTestDescriptor.lambda$invokeTestMethod$1(TestFactoryTestDescriptor.java:80)
	at org.junit.jupiter.engine.execution.ThrowableCollector.execute(ThrowableCollector.java:40)
	at org.junit.jupiter.engine.descriptor.TestFactoryTestDescriptor.invokeTestMethod(TestFactoryTestDescriptor.java:68)
	at org.junit.jupiter.engine.descriptor.TestMethodTestDescriptor.execute(TestMethodTestDescriptor.java:110)
	at org.junit.jupiter.engine.descriptor.TestMethodTestDescriptor.execute(TestMethodTestDescriptor.java:57)
	at org.junit.platform.engine.support.hierarchical.HierarchicalTestExecutor.lambda$execute$3(HierarchicalTestExecutor.java:83)
	at org.junit.platform.engine.support.hierarchical.SingleTestExecutor.executeSafely(SingleTestExecutor.java:66)
	at org.junit.platform.engine.support.hierarchical.HierarchicalTestExecutor.execute(HierarchicalTestExecutor.java:77)
	at org.junit.platform.engine.support.hierarchical.HierarchicalTestExecutor.lambda$null$2(HierarchicalTestExecutor.java:92)
	at java.util.stream.ForEachOps$ForEachOp$OfRef.accept(ForEachOps.java:184)
	at java.util.stream.ReferencePipeline$2$1.accept(ReferencePipeline.java:175)
	at java.util.Iterator.forEachRemaining(Iterator.java:116)
	at java.util.Spliterators$IteratorSpliterator.forEachRemaining(Spliterators.java:1801)
	at java.util.stream.AbstractPipeline.copyInto(AbstractPipeline.java:481)
	at java.util.stream.AbstractPipeline.wrapAndCopyInto(AbstractPipeline.java:471)
	at java.util.stream.ForEachOps$ForEachOp.evaluateSequential(ForEachOps.java:151)
	at java.util.stream.ForEachOps$ForEachOp$OfRef.evaluateSequential(ForEachOps.java:174)
	at java.util.stream.AbstractPipeline.evaluate(AbstractPipeline.java:234)
	at java.util.stream.ReferencePipeline.forEach(ReferencePipeline.java:418)
	at org.junit.platform.engine.support.hierarchical.HierarchicalTestExecutor.lambda$execute$3(HierarchicalTestExecutor.java:92)
	at org.junit.platform.engine.support.hierarchical.SingleTestExecutor.executeSafely(SingleTestExecutor.java:66)
	at org.junit.platform.engine.support.hierarchical.HierarchicalTestExecutor.execute(HierarchicalTestExecutor.java:77)
	at org.junit.platform.engine.support.hierarchical.HierarchicalTestExecutor.lambda$null$2(HierarchicalTestExecutor.java:92)
	at java.util.stream.ForEachOps$ForEachOp$OfRef.accept(ForEachOps.java:184)
	at java.util.stream.ReferencePipeline$2$1.accept(ReferencePipeline.java:175)
	at java.util.Iterator.forEachRemaining(Iterator.java:116)
	at java.util.Spliterators$IteratorSpliterator.forEachRemaining(Spliterators.java:1801)
	at java.util.stream.AbstractPipeline.copyInto(AbstractPipeline.java:481)
	at java.util.stream.AbstractPipeline.wrapAndCopyInto(AbstractPipeline.java:471)
	at java.util.stream.ForEachOps$ForEachOp.evaluateSequential(ForEachOps.java:151)
	at java.util.stream.ForEachOps$ForEachOp$OfRef.evaluateSequential(ForEachOps.java:174)
	at java.util.stream.AbstractPipeline.evaluate(AbstractPipeline.java:234)
	at java.util.stream.ReferencePipeline.forEach(ReferencePipeline.java:418)
	at org.junit.platform.engine.support.hierarchical.HierarchicalTestExecutor.lambda$execute$3(HierarchicalTestExecutor.java:92)
	at org.junit.platform.engine.support.hierarchical.SingleTestExecutor.executeSafely(SingleTestExecutor.java:66)
	at org.junit.platform.engine.support.hierarchical.HierarchicalTestExecutor.execute(HierarchicalTestExecutor.java:77)
	at org.junit.platform.engine.support.hierarchical.HierarchicalTestExecutor.execute(HierarchicalTestExecutor.java:51)
	at org.junit.platform.engine.support.hierarchical.HierarchicalTestEngine.execute(HierarchicalTestEngine.java:43)
	at org.junit.platform.launcher.core.DefaultLauncher.execute(DefaultLauncher.java:170)
	at org.junit.platform.launcher.core.DefaultLauncher.execute(DefaultLauncher.java:154)
	at org.junit.platform.launcher.core.DefaultLauncher.execute(DefaultLauncher.java:90)
	at org.gradle.api.internal.tasks.testing.junitplatform.JUnitPlatformTestClassProcessor$CollectAllTestClassesExecutor.processAllTestClasses(JUnitPlatformTestClassProcessor.java:92)
	at org.gradle.api.internal.tasks.testing.junitplatform.JUnitPlatformTestClassProcessor$CollectAllTestClassesExecutor.access$100(JUnitPlatformTestClassProcessor.java:77)
	at org.gradle.api.internal.tasks.testing.junitplatform.JUnitPlatformTestClassProcessor.stop(JUnitPlatformTestClassProcessor.java:73)
	at org.gradle.api.internal.tasks.testing.SuiteTestClassProcessor.stop(SuiteTestClassProcessor.java:61)
	at sun.reflect.NativeMethodAccessorImpl.invoke0(Native Method)
	at sun.reflect.NativeMethodAccessorImpl.invoke(NativeMethodAccessorImpl.java:62)
	at sun.reflect.DelegatingMethodAccessorImpl.invoke(DelegatingMethodAccessorImpl.java:43)
	at java.lang.reflect.Method.invoke(Method.java:498)
	at org.gradle.internal.dispatch.ReflectionDispatch.dispatch(ReflectionDispatch.java:35)
	at org.gradle.internal.dispatch.ReflectionDispatch.dispatch(ReflectionDispatch.java:24)
	at org.gradle.internal.dispatch.ContextClassLoaderDispatch.dispatch(ContextClassLoaderDispatch.java:32)
	at org.gradle.internal.dispatch.ProxyDispatchAdapter$DispatchingInvocationHandler.invoke(ProxyDispatchAdapter.java:93)
	at com.sun.proxy.$Proxy1.stop(Unknown Source)
	at org.gradle.api.internal.tasks.testing.worker.TestWorker.stop(TestWorker.java:123)
	at sun.reflect.NativeMethodAccessorImpl.invoke0(Native Method)
	at sun.reflect.NativeMethodAccessorImpl.invoke(NativeMethodAccessorImpl.java:62)
	at sun.reflect.DelegatingMethodAccessorImpl.invoke(DelegatingMethodAccessorImpl.java:43)
	at java.lang.reflect.Method.invoke(Method.java:498)
	at org.gradle.internal.dispatch.ReflectionDispatch.dispatch(ReflectionDispatch.java:35)
	at org.gradle.internal.dispatch.ReflectionDispatch.dispatch(ReflectionDispatch.java:24)
	at org.gradle.internal.remote.internal.hub.MessageHubBackedObjectConnection$DispatchWrapper.dispatch(MessageHubBackedObjectConnection.java:155)
	at org.gradle.internal.remote.internal.hub.MessageHubBackedObjectConnection$DispatchWrapper.dispatch(MessageHubBackedObjectConnection.java:137)
	at org.gradle.internal.remote.internal.hub.MessageHub$Handler.run(MessageHub.java:404)
	at org.gradle.internal.concurrent.ExecutorPolicy$CatchAndRecordFailures.onExecute(ExecutorPolicy.java:63)
	at org.gradle.internal.concurrent.ManagedExecutorImpl$1.run(ManagedExecutorImpl.java:46)
	at java.util.concurrent.ThreadPoolExecutor.runWorker(ThreadPoolExecutor.java:1149)
	at java.util.concurrent.ThreadPoolExecutor$Worker.run(ThreadPoolExecutor.java:624)
	at org.gradle.internal.concurrent.ThreadFactoryImpl$ManagedThreadRunnable.run(ThreadFactoryImpl.java:55)
	at java.lang.Thread.run(Thread.java:748)
Caused by: org.apache.tinkerpop.gremlin.driver.exception.ResponseException: Cannot compare 'v[8923]' (TinkerVertex) and 'e[8925][8923-T-&gt;8924]' (TinkerEdge) as both need to be an instance of Number or Comparable (and of the same type)
	at org.apache.tinkerpop.gremlin.driver.Handler$GremlinResponseHandler.channelRead0(Handler.java:259)
	at org.apache.tinkerpop.gremlin.driver.Handler$GremlinResponseHandler.channelRead0(Handler.java:198)
	at io.netty.channel.SimpleChannelInboundHandler.channelRead(SimpleChannelInboundHandler.java:105)
	at io.netty.channel.AbstractChannelHandlerContext.invokeChannelRead(AbstractChannelHandlerContext.java:374)
	at io.netty.channel.AbstractChannelHandlerContext.invokeChannelRead(AbstractChannelHandlerContext.java:360)
	at io.netty.channel.AbstractChannelHandlerContext.fireChannelRead(AbstractChannelHandlerContext.java:352)
	at org.apache.tinkerpop.gremlin.driver.Handler$GremlinSaslAuthenticationHandler.channelRead0(Handler.java:124)
	at org.apache.tinkerpop.gremlin.driver.Handler$GremlinSaslAuthenticationHandler.channelRead0(Handler.java:68)
	at io.netty.channel.SimpleChannelInboundHandler.channelRead(SimpleChannelInboundHandler.java:105)
	at io.netty.channel.AbstractChannelHandlerContext.invokeChannelRead(AbstractChannelHandlerContext.java:374)
	at io.netty.channel.AbstractChannelHandlerContext.invokeChannelRead(AbstractChannelHandlerContext.java:360)
	at io.netty.channel.AbstractChannelHandlerContext.fireChannelRead(AbstractChannelHandlerContext.java:352)
	at io.netty.handler.codec.MessageToMessageDecoder.channelRead(MessageToMessageDecoder.java:102)
	at io.netty.channel.AbstractChannelHandlerContext.invokeChannelRead(AbstractChannelHandlerContext.java:374)
	at io.netty.channel.AbstractChannelHandlerContext.invokeChannelRead(AbstractChannelHandlerContext.java:360)
	at io.netty.channel.AbstractChannelHandlerContext.fireChannelRead(AbstractChannelHandlerContext.java:352)
	at org.apache.tinkerpop.gremlin.driver.handler.WebSocketClientHandler.channelRead0(WebSocketClientHandler.java:89)
	at io.netty.channel.SimpleChannelInboundHandler.channelRead(SimpleChannelInboundHandler.java:105)
	at io.netty.channel.AbstractChannelHandlerContext.invokeChannelRead(AbstractChannelHandlerContext.java:374)
	at io.netty.channel.AbstractChannelHandlerContext.invokeChannelRead(AbstractChannelHandlerContext.java:360)
	at io.netty.channel.AbstractChannelHandlerContext.fireChannelRead(AbstractChannelHandlerContext.java:352)
	at io.netty.handler.codec.ByteToMessageDecoder.fireChannelRead(ByteToMessageDecoder.java:323)
	at io.netty.handler.codec.ByteToMessageDecoder.channelRead(ByteToMessageDecoder.java:297)
	at io.netty.channel.AbstractChannelHandlerContext.invokeChannelRead(AbstractChannelHandlerContext.java:374)
	at io.netty.channel.AbstractChannelHandlerContext.invokeChannelRead(AbstractChannelHandlerContext.java:360)
	at io.netty.channel.AbstractChannelHandlerContext.fireChannelRead(AbstractChannelHandlerContext.java:352)
	at io.netty.channel.DefaultChannelPipeline$HeadContext.channelRead(DefaultChannelPipeline.java:1408)
	at io.netty.channel.AbstractChannelHandlerContext.invokeChannelRead(AbstractChannelHandlerContext.java:374)
	at io.netty.channel.AbstractChannelHandlerContext.invokeChannelRead(AbstractChannelHandlerContext.java:360)
	at io.netty.channel.DefaultChannelPipeline.fireChannelRead(DefaultChannelPipeline.java:930)
	at io.netty.channel.nio.AbstractNioByteChannel$NioByteUnsafe.read(AbstractNioByteChannel.java:163)
	at io.netty.channel.nio.NioEventLoop.processSelectedKey(NioEventLoop.java:682)
	at io.netty.channel.nio.NioEventLoop.processSelectedKeysOptimized(NioEventLoop.java:617)
	at io.netty.channel.nio.NioEventLoop.processSelectedKeys(NioEventLoop.java:534)
	at io.netty.channel.nio.NioEventLoop.run(NioEventLoop.java:496)
	at io.netty.util.concurrent.SingleThreadEventExecutor$5.run(SingleThreadEventExecutor.java:906)
	at io.netty.util.internal.ThreadExecutorMap$2.run(ThreadExecutorMap.java:74)
	... 1 more
</pre>
      </div>
    </div>
  </div>


                  <table class="step-arguments">
                          <tr>
                                  <td>lhs</td>
                                  <td>rhs</td>
                              </tr>
                          <tr>
                                  <td>1</td>
                                  <td>3.14</td>
                              </tr>
                      </table>
        
        

        

        
  
        

      </div>
      </div>
</div>


    

  </div>
</div>

                      
<div class="element">
  
  
<div class="tags indention">
  </div>

  
  <span class="lead-duration duration">0.000</span>


    <span data-toggle="collapse" class=" collapsable-control" data-target="#element-33">
    
<div class="brief failed">
  <span class="keyword indention">Scenario Outline</span>
  <span class="name">Comparing across types yields null, except numbers</span>
  

       <i class="chevron fa fa-fw"></i>
  </div>

  </span>
  <div class="description indention"></div>

  <div id="element-33" class="collapse collapsable-details  in ">
    


    
<div class="steps inner-level">
    <div data-toggle="collapse" class=" collapsable-control" data-target="#steps-34">
    
<div class="brief failed">
  <span class="keyword indention">Steps</span>
  <span class="name"></span>
  

       <i class="chevron fa fa-fw"></i>
  </div>

  </div>

  <div id="steps-34" class="inner-level collapse collapsable-details  in ">
          <div class="step">
        
<div class="brief passed">
  <span class="keyword indention">Given</span>
  <span class="name">an empty graph</span>
  
  <span class="lead-duration duration">0.000</span>

</div>

        

        


        
        

        
  <div class="outputs inner-level">
          <div class="output indention">
        <div data-toggle="collapse" class=" collapsed  collapsable-control" data-target="#output-35">
          Output 1
          <i class="chevron fa fa-fw"></i>
        </div>
        <div id="output-35" class="collapse collapsable-details " >
          
          <pre><p>14:46:01.840 [Test worker] DEBUG o.a.t.g.driver.Client - g.V().drop()}} to - Connection{host=Host{address=localhost/127.0.0.1:36781, hostUri=ws://127.0.0.1:36781/gremlin}}
</p></pre>
        </div>
      </div>
      </div>

        
  
        

      </div>
          <div class="step">
        
<div class="brief passed">
  <span class="keyword indention">And</span>
  <span class="name">having executed:</span>
  
  <span class="lead-duration duration">0.000</span>

</div>

        

        


        
        
  <div class="inner-level">
    <div class="docstring indention">
            <div data-toggle="collapse" class="collapsable-control" data-target="#msg-36">
          <a>Doc string</a>
      </div>
      <div id="msg-36" class="collapse collapsable-details">
        <pre>CREATE ()-[:T]-&gt;()</pre>
      </div>
    </div>
  </div>

        
  <div class="outputs inner-level">
          <div class="output indention">
        <div data-toggle="collapse" class=" collapsed  collapsable-control" data-target="#output-37">
          Output 1
          <i class="chevron fa fa-fw"></i>
        </div>
        <div id="output-37" class="collapse collapsable-details " >
          
          <pre><p>14:46:01.841 [Test worker] DEBUG o.a.t.g.driver.Client - CREATE ()-[:T]-&gt;()}} to - Connection{host=Host{address=localhost/127.0.0.1:36781, hostUri=ws://127.0.0.1:36781/gremlin}}
14:46:01.841 [gremlin-server-worker-1] INFO  o.o.g.s.o.c.CypherOpProcessor - Cypher: CREATE ()-[:T]-&gt;()
14:46:01.843 [gremlin-server-worker-1] INFO  o.o.g.s.o.c.CypherOpProcessor - Gremlin: g.addV().as('  UNNAMED8').addV().as('  UNNAMED17').addE('T').from('  UNNAMED8').to('  UNNAMED17').barrier().limit(0)
</p></pre>
        </div>
      </div>
      </div>

        
  
        

      </div>
          <div class="step">
        
<div class="brief passed">
  <span class="keyword indention">When</span>
  <span class="name">executing query:</span>
  
  <span class="lead-duration duration">0.000</span>

</div>

        

        


        
        
  <div class="inner-level">
    <div class="docstring indention">
            <div data-toggle="collapse" class="collapsable-control" data-target="#msg-38">
          <a>Doc string</a>
      </div>
      <div id="msg-38" class="collapse collapsable-details">
        <pre>MATCH p = (n)-[r]-&gt;()
WITH [n, r, p, '', 1, 3.14, true, null, [], {}] AS types
UNWIND range(0, size(types) - 1) AS i
UNWIND range(0, size(types) - 1) AS j
WITH types[i] AS lhs, types[j] AS rhs
WHERE i &lt;&gt; j
WITH lhs, rhs, lhs &gt;= rhs AS result
WHERE result
RETURN lhs, rhs</pre>
      </div>
    </div>
  </div>

        
  <div class="outputs inner-level">
          <div class="output indention">
        <div data-toggle="collapse" class=" collapsed  collapsable-control" data-target="#output-39">
          Output 1
          <i class="chevron fa fa-fw"></i>
        </div>
        <div id="output-39" class="collapse collapsable-details " >
          
          <pre><p>14:46:01.863 [Test worker] DEBUG o.a.t.g.driver.Client - MATCH p = (n)-[r]-&gt;()
WITH [n, r, p, '', 1, 3.14, true, null, [], {}] AS types
UNWIND range(0, size(types) - 1) AS i
UNWIND range(0, size(types) - 1) AS j
WITH types[i] AS lhs, types[j] AS rhs
WHERE i &lt;&gt; j
WITH lhs, rhs, lhs &gt;= rhs AS result
WHERE result
RETURN lhs, rhs}} to - Connection{host=Host{address=localhost/127.0.0.1:36781, hostUri=ws://127.0.0.1:36781/gremlin}}
14:46:01.864 [gremlin-server-worker-1] INFO  o.o.g.s.o.c.CypherOpProcessor - Cypher: MATCH p = (n)-[r]-&gt;() WITH [n, r, p, '', 1, 3.14, true, null, [], {}] AS types UNWIND range(0, size(types) - 1) AS i UNWIND range(0, size(types) - 1) AS j WITH types[i] AS lhs, types[j] AS rhs WHERE i &lt;&gt; j WITH lhs, rhs, lhs &gt;= rhs AS result WHERE result RETURN lhs, rhs
14:46:01.875 [gremlin-server-worker-1] INFO  o.o.g.s.o.c.CypherOpProcessor - Gremlin: g.V().as('n').outE().as('r').aggregate('  cypher.path.edge.p').inV().path().from('n').as('p').select('n', 'r', 'p').map(__.project('  GENERATED1', '  GENERATED2', '  GENERATED3', '  GENERATED4', '  GENERATED5', '  GENERATED6', '  GENERATED7', '  GENERATED8', '  GENERATED9', '  GENERATED10').by(__.select('n')).by(__.select('r')).by(__.select('p')).by(__.constant('')).by(__.constant(1)).by(__.constant(3.14d)).by(__.constant(true)).by(__.constant('  cypher.null')).by(__.constant([])).by(__.constant([:])).select(values)).as('types').constant(1).as('__GENERATED15').select('types').count(local).choose(__.or(__.is(eq('  cypher.null')), __.select('__GENERATED15').is(eq('  cypher.null'))), __.constant('  cypher.null'), __.math('_ - __GENERATED15')).as('__GENERATED14').sideEffect(__.is(lt(0)).constant('INVALID_RANGE').map(cypherException())).sideEffect(__.math('__GENERATED14 - 0').is(gt(10000)).constant('INVALID_RANGE').map(cypherException())).repeat(__.sideEffect(__.loops().aggregate('  GENERATED13'))).until(__.loops().where(gt('__GENERATED14'))).select('  GENERATED13').unfold().as('i').constant(1).as('__GENERATED19').select('types').count(local).choose(__.or(__.is(eq('  cypher.null')), __.select('__GENERATED19').is(eq('  cypher.null'))), __.constant('  cypher.null'), __.math('_ - __GENERATED19')).as('__GENERATED18').sideEffect(__.is(lt(0)).constant('INVALID_RANGE').map(cypherException())).sideEffect(__.math('__GENERATED18 - 0').is(gt(10000)).constant('INVALID_RANGE').map(cypherException())).repeat(__.sideEffect(__.loops().aggregate('  GENERATED17'))).until(__.loops().where(gt('__GENERATED18'))).select('  GENERATED17').unfold().as('j').select('types', 'i', 'j').project('lhs', 'rhs').by(__.project('  GENERATED20', '  GENERATED21').by(__.select('types')).by(__.select('i')).select(values).map(cypherContainerIndex())).by(__.project('  GENERATED22', '  GENERATED23').by(__.select('types')).by(__.select('j')).select(values).map(cypherContainerIndex())).where(__.select('i').where(neq('j'))).as('  GENERATED24').select('lhs').as('lhs').select('  GENERATED24').select('rhs').as('rhs').where(__.select('lhs').where(gte('rhs'))).select('lhs', 'rhs').project('lhs', 'rhs', 'result').by(__.select('lhs')).by(__.select('rhs')).by(__.select('rhs').as('  GENERATED25').select('lhs').choose(__.or(__.is(eq('  cypher.null')), __.select('  GENERATED25').is(eq('  cypher.null'))), __.constant('  cypher.null'), __.choose(__.where(gte('  GENERATED25')), __.constant(true), __.constant(false)))).as('  GENERATED26').select('lhs').as('lhs').select('  GENERATED26').select('rhs').as('rhs').select('  GENERATED26').select('result').as('result').select('lhs', 'rhs').project('lhs', 'rhs').by(__.select('lhs')).by(__.select('rhs'))
14:46:01.878 [gremlin-server-exec-1] ERROR o.o.g.s.o.c.CypherOpProcessor - Error during traversal iteration
java.lang.IllegalArgumentException: Cannot compare 'v[8926]' (TinkerVertex) and 'e[8928][8926-T-&gt;8927]' (TinkerEdge) as both need to be an instance of Number or Comparable (and of the same type)
	at org.apache.tinkerpop.gremlin.process.traversal.Compare.throwException(Compare.java:193)
	at org.apache.tinkerpop.gremlin.process.traversal.Compare.access$300(Compare.java:34)
	at org.apache.tinkerpop.gremlin.process.traversal.Compare$5.test(Compare.java:148)
	at org.apache.tinkerpop.gremlin.process.traversal.Compare$4.test(Compare.java:120)
	at org.apache.tinkerpop.gremlin.process.traversal.P.test(P.java:72)
	at org.apache.tinkerpop.gremlin.process.traversal.step.filter.WherePredicateStep.filter(WherePredicateStep.java:105)
	at org.apache.tinkerpop.gremlin.process.traversal.step.filter.FilterStep.processNextStart(FilterStep.java:38)
	at org.apache.tinkerpop.gremlin.process.traversal.step.filter.WherePredicateStep.processNextStart(WherePredicateStep.java:150)
	at org.apache.tinkerpop.gremlin.process.traversal.step.util.AbstractStep.hasNext(AbstractStep.java:143)
	at org.apache.tinkerpop.gremlin.process.traversal.util.DefaultTraversal.hasNext(DefaultTraversal.java:197)
	at org.apache.tinkerpop.gremlin.process.traversal.util.TraversalUtil.test(TraversalUtil.java:96)
	at org.apache.tinkerpop.gremlin.process.traversal.step.filter.TraversalFilterStep.filter(TraversalFilterStep.java:46)
	at org.apache.tinkerpop.gremlin.process.traversal.step.filter.FilterStep.processNextStart(FilterStep.java:38)
	at org.apache.tinkerpop.gremlin.process.traversal.step.util.AbstractStep.hasNext(AbstractStep.java:143)
	at org.apache.tinkerpop.gremlin.process.traversal.step.util.ExpandableStepIterator.next(ExpandableStepIterator.java:50)
	at org.apache.tinkerpop.gremlin.process.traversal.step.map.MapStep.processNextStart(MapStep.java:36)
	at org.apache.tinkerpop.gremlin.process.traversal.step.map.SelectStep.processNextStart(SelectStep.java:156)
	at org.apache.tinkerpop.gremlin.process.traversal.step.util.AbstractStep.hasNext(AbstractStep.java:143)
	at org.apache.tinkerpop.gremlin.process.traversal.step.util.ExpandableStepIterator.next(ExpandableStepIterator.java:50)
	at org.apache.tinkerpop.gremlin.process.traversal.step.map.MapStep.processNextStart(MapStep.java:36)
	at org.apache.tinkerpop.gremlin.process.traversal.step.util.AbstractStep.hasNext(AbstractStep.java:143)
	at org.apache.tinkerpop.gremlin.process.traversal.step.util.ExpandableStepIterator.next(ExpandableStepIterator.java:50)
	at org.apache.tinkerpop.gremlin.process.traversal.step.map.MapStep.processNextStart(MapStep.java:36)
	at org.apache.tinkerpop.gremlin.process.traversal.step.map.SelectOneStep.processNextStart(SelectOneStep.java:131)
	at org.apache.tinkerpop.gremlin.process.traversal.step.util.AbstractStep.hasNext(AbstractStep.java:143)
	at org.apache.tinkerpop.gremlin.process.traversal.step.util.ExpandableStepIterator.next(ExpandableStepIterator.java:50)
	at org.apache.tinkerpop.gremlin.process.traversal.step.map.MapStep.processNextStart(MapStep.java:36)
	at org.apache.tinkerpop.gremlin.process.traversal.step.map.SelectOneStep.processNextStart(SelectOneStep.java:131)
	at org.apache.tinkerpop.gremlin.process.traversal.step.util.AbstractStep.hasNext(AbstractStep.java:143)
	at org.apache.tinkerpop.gremlin.process.traversal.step.util.ExpandableStepIterator.next(ExpandableStepIterator.java:50)
	at org.apache.tinkerpop.gremlin.process.traversal.step.map.MapStep.processNextStart(MapStep.java:36)
	at org.apache.tinkerpop.gremlin.process.traversal.step.map.SelectOneStep.processNextStart(SelectOneStep.java:131)
	at org.apache.tinkerpop.gremlin.process.traversal.step.util.AbstractStep.hasNext(AbstractStep.java:143)
	at org.apache.tinkerpop.gremlin.process.traversal.step.util.ExpandableStepIterator.next(ExpandableStepIterator.java:50)
	at org.apache.tinkerpop.gremlin.process.traversal.step.map.MapStep.processNextStart(MapStep.java:36)
	at org.apache.tinkerpop.gremlin.process.traversal.step.map.SelectOneStep.processNextStart(SelectOneStep.java:131)
	at org.apache.tinkerpop.gremlin.process.traversal.step.util.AbstractStep.hasNext(AbstractStep.java:143)
	at org.apache.tinkerpop.gremlin.process.traversal.step.util.ExpandableStepIterator.next(ExpandableStepIterator.java:50)
	at org.apache.tinkerpop.gremlin.process.traversal.step.map.MapStep.processNextStart(MapStep.java:36)
	at org.apache.tinkerpop.gremlin.process.traversal.step.map.SelectOneStep.processNextStart(SelectOneStep.java:131)
	at org.apache.tinkerpop.gremlin.process.traversal.step.util.AbstractStep.hasNext(AbstractStep.java:143)
	at org.apache.tinkerpop.gremlin.process.traversal.step.util.ExpandableStepIterator.next(ExpandableStepIterator.java:50)
	at org.apache.tinkerpop.gremlin.process.traversal.step.map.MapStep.processNextStart(MapStep.java:36)
	at org.apache.tinkerpop.gremlin.process.traversal.step.map.SelectStep.processNextStart(SelectStep.java:156)
	at org.apache.tinkerpop.gremlin.process.traversal.step.util.AbstractStep.hasNext(AbstractStep.java:143)
	at org.apache.tinkerpop.gremlin.process.traversal.step.util.ExpandableStepIterator.next(ExpandableStepIterator.java:50)
	at org.apache.tinkerpop.gremlin.process.traversal.step.map.MapStep.processNextStart(MapStep.java:36)
	at org.apache.tinkerpop.gremlin.process.traversal.step.util.AbstractStep.hasNext(AbstractStep.java:143)
	at org.apache.tinkerpop.gremlin.process.traversal.util.DefaultTraversal.hasNext(DefaultTraversal.java:197)
	at org.opencypher.gremlin.traversal.ReturnNormalizer$1.hasNext(ReturnNormalizer.java:79)
	at org.apache.tinkerpop.gremlin.server.op.AbstractOpProcessor.handleIterator(AbstractOpProcessor.java:93)
	at org.opencypher.gremlin.server.op.cypher.CypherOpProcessor.lambda$handleIterator$3(CypherOpProcessor.java:201)
	at java.util.concurrent.FutureTask.run(FutureTask.java:266)
	at java.util.concurrent.Executors$RunnableAdapter.call(Executors.java:511)
	at java.util.concurrent.FutureTask.run(FutureTask.java:266)
	at java.util.concurrent.ThreadPoolExecutor.runWorker(ThreadPoolExecutor.java:1149)
	at java.util.concurrent.ThreadPoolExecutor$Worker.run(ThreadPoolExecutor.java:624)
	at java.lang.Thread.run(Thread.java:748)
</p></pre>
        </div>
      </div>
      </div>

        
  
        

      </div>
          <div class="step">
        
<div class="brief failed">
  <span class="keyword indention">Then</span>
  <span class="name">the result should be:</span>
  
  <span class="lead-duration duration">0.000</span>

</div>

        

        

  <div class="inner-level">
    <div class="message indention">
      <div data-toggle="collapse" class=" collapsable-control" data-target="#msg-40">
          <a>org.opencypher.tools.tck.api.Scenario$ScenarioFailedException:</a>
      </div>
      <div id="msg-40" class="collapse collapsable-details  in ">
        <pre>org.opencypher.tools.tck.api.Scenario$ScenarioFailedException: Feature &quot;Comparability&quot;: Scenario &quot;Comparing across types yields null, except numbers&quot; failed with message: Expected: | lhs | rhs |
| 3.14 | 1 |, got error ExecutionFailed(UnknownError,runtime,Cannot compare 'v[8926]' (TinkerVertex) and 'e[8928][8926-T-&gt;8927]' (TinkerEdge) as both need to be an instance of Number or Comparable (and of the same type),Some(org.apache.tinkerpop.gremlin.driver.exception.ResponseException: Cannot compare 'v[8926]' (TinkerVertex) and 'e[8928][8926-T-&gt;8927]' (TinkerEdge) as both need to be an instance of Number or Comparable (and of the same type)))
	at org.opencypher.tools.tck.api.Scenario.$anonfun$executeOnGraph$1(Scenario.scala:95)
	at scala.collection.LinearSeqOptimized.foldLeft(LinearSeqOptimized.scala:122)
	at scala.collection.LinearSeqOptimized.foldLeft$(LinearSeqOptimized.scala:118)
	at scala.collection.immutable.List.foldLeft(List.scala:85)
	at org.opencypher.tools.tck.api.Scenario.executeOnGraph(Scenario.scala:60)
	at org.opencypher.tools.tck.api.Scenario$$anon$1.execute(Scenario.scala:54)
	at org.junit.jupiter.engine.descriptor.JupiterTestDescriptor.executeAndMaskThrowable(JupiterTestDescriptor.java:145)
	at org.junit.jupiter.engine.descriptor.DynamicTestTestDescriptor.execute(DynamicTestTestDescriptor.java:46)
	at org.junit.jupiter.engine.descriptor.DynamicTestTestDescriptor.execute(DynamicTestTestDescriptor.java:24)
	at org.junit.platform.engine.support.hierarchical.HierarchicalTestExecutor.lambda$execute$3(HierarchicalTestExecutor.java:83)
	at org.junit.platform.engine.support.hierarchical.SingleTestExecutor.executeSafely(SingleTestExecutor.java:66)
	at org.junit.platform.engine.support.hierarchical.HierarchicalTestExecutor.execute(HierarchicalTestExecutor.java:77)
	at org.junit.platform.engine.support.hierarchical.HierarchicalTestExecutor.lambda$null$0(HierarchicalTestExecutor.java:85)
	at org.junit.jupiter.engine.descriptor.TestFactoryTestDescriptor.lambda$invokeTestMethod$1(TestFactoryTestDescriptor.java:80)
	at org.junit.jupiter.engine.execution.ThrowableCollector.execute(ThrowableCollector.java:40)
	at org.junit.jupiter.engine.descriptor.TestFactoryTestDescriptor.invokeTestMethod(TestFactoryTestDescriptor.java:68)
	at org.junit.jupiter.engine.descriptor.TestMethodTestDescriptor.execute(TestMethodTestDescriptor.java:110)
	at org.junit.jupiter.engine.descriptor.TestMethodTestDescriptor.execute(TestMethodTestDescriptor.java:57)
	at org.junit.platform.engine.support.hierarchical.HierarchicalTestExecutor.lambda$execute$3(HierarchicalTestExecutor.java:83)
	at org.junit.platform.engine.support.hierarchical.SingleTestExecutor.executeSafely(SingleTestExecutor.java:66)
	at org.junit.platform.engine.support.hierarchical.HierarchicalTestExecutor.execute(HierarchicalTestExecutor.java:77)
	at org.junit.platform.engine.support.hierarchical.HierarchicalTestExecutor.lambda$null$2(HierarchicalTestExecutor.java:92)
	at java.util.stream.ForEachOps$ForEachOp$OfRef.accept(ForEachOps.java:184)
	at java.util.stream.ReferencePipeline$2$1.accept(ReferencePipeline.java:175)
	at java.util.Iterator.forEachRemaining(Iterator.java:116)
	at java.util.Spliterators$IteratorSpliterator.forEachRemaining(Spliterators.java:1801)
	at java.util.stream.AbstractPipeline.copyInto(AbstractPipeline.java:481)
	at java.util.stream.AbstractPipeline.wrapAndCopyInto(AbstractPipeline.java:471)
	at java.util.stream.ForEachOps$ForEachOp.evaluateSequential(ForEachOps.java:151)
	at java.util.stream.ForEachOps$ForEachOp$OfRef.evaluateSequential(ForEachOps.java:174)
	at java.util.stream.AbstractPipeline.evaluate(AbstractPipeline.java:234)
	at java.util.stream.ReferencePipeline.forEach(ReferencePipeline.java:418)
	at org.junit.platform.engine.support.hierarchical.HierarchicalTestExecutor.lambda$execute$3(HierarchicalTestExecutor.java:92)
	at org.junit.platform.engine.support.hierarchical.SingleTestExecutor.executeSafely(SingleTestExecutor.java:66)
	at org.junit.platform.engine.support.hierarchical.HierarchicalTestExecutor.execute(HierarchicalTestExecutor.java:77)
	at org.junit.platform.engine.support.hierarchical.HierarchicalTestExecutor.lambda$null$2(HierarchicalTestExecutor.java:92)
	at java.util.stream.ForEachOps$ForEachOp$OfRef.accept(ForEachOps.java:184)
	at java.util.stream.ReferencePipeline$2$1.accept(ReferencePipeline.java:175)
	at java.util.Iterator.forEachRemaining(Iterator.java:116)
	at java.util.Spliterators$IteratorSpliterator.forEachRemaining(Spliterators.java:1801)
	at java.util.stream.AbstractPipeline.copyInto(AbstractPipeline.java:481)
	at java.util.stream.AbstractPipeline.wrapAndCopyInto(AbstractPipeline.java:471)
	at java.util.stream.ForEachOps$ForEachOp.evaluateSequential(ForEachOps.java:151)
	at java.util.stream.ForEachOps$ForEachOp$OfRef.evaluateSequential(ForEachOps.java:174)
	at java.util.stream.AbstractPipeline.evaluate(AbstractPipeline.java:234)
	at java.util.stream.ReferencePipeline.forEach(ReferencePipeline.java:418)
	at org.junit.platform.engine.support.hierarchical.HierarchicalTestExecutor.lambda$execute$3(HierarchicalTestExecutor.java:92)
	at org.junit.platform.engine.support.hierarchical.SingleTestExecutor.executeSafely(SingleTestExecutor.java:66)
	at org.junit.platform.engine.support.hierarchical.HierarchicalTestExecutor.execute(HierarchicalTestExecutor.java:77)
	at org.junit.platform.engine.support.hierarchical.HierarchicalTestExecutor.execute(HierarchicalTestExecutor.java:51)
	at org.junit.platform.engine.support.hierarchical.HierarchicalTestEngine.execute(HierarchicalTestEngine.java:43)
	at org.junit.platform.launcher.core.DefaultLauncher.execute(DefaultLauncher.java:170)
	at org.junit.platform.launcher.core.DefaultLauncher.execute(DefaultLauncher.java:154)
	at org.junit.platform.launcher.core.DefaultLauncher.execute(DefaultLauncher.java:90)
	at org.gradle.api.internal.tasks.testing.junitplatform.JUnitPlatformTestClassProcessor$CollectAllTestClassesExecutor.processAllTestClasses(JUnitPlatformTestClassProcessor.java:92)
	at org.gradle.api.internal.tasks.testing.junitplatform.JUnitPlatformTestClassProcessor$CollectAllTestClassesExecutor.access$100(JUnitPlatformTestClassProcessor.java:77)
	at org.gradle.api.internal.tasks.testing.junitplatform.JUnitPlatformTestClassProcessor.stop(JUnitPlatformTestClassProcessor.java:73)
	at org.gradle.api.internal.tasks.testing.SuiteTestClassProcessor.stop(SuiteTestClassProcessor.java:61)
	at sun.reflect.NativeMethodAccessorImpl.invoke0(Native Method)
	at sun.reflect.NativeMethodAccessorImpl.invoke(NativeMethodAccessorImpl.java:62)
	at sun.reflect.DelegatingMethodAccessorImpl.invoke(DelegatingMethodAccessorImpl.java:43)
	at java.lang.reflect.Method.invoke(Method.java:498)
	at org.gradle.internal.dispatch.ReflectionDispatch.dispatch(ReflectionDispatch.java:35)
	at org.gradle.internal.dispatch.ReflectionDispatch.dispatch(ReflectionDispatch.java:24)
	at org.gradle.internal.dispatch.ContextClassLoaderDispatch.dispatch(ContextClassLoaderDispatch.java:32)
	at org.gradle.internal.dispatch.ProxyDispatchAdapter$DispatchingInvocationHandler.invoke(ProxyDispatchAdapter.java:93)
	at com.sun.proxy.$Proxy1.stop(Unknown Source)
	at org.gradle.api.internal.tasks.testing.worker.TestWorker.stop(TestWorker.java:123)
	at sun.reflect.NativeMethodAccessorImpl.invoke0(Native Method)
	at sun.reflect.NativeMethodAccessorImpl.invoke(NativeMethodAccessorImpl.java:62)
	at sun.reflect.DelegatingMethodAccessorImpl.invoke(DelegatingMethodAccessorImpl.java:43)
	at java.lang.reflect.Method.invoke(Method.java:498)
	at org.gradle.internal.dispatch.ReflectionDispatch.dispatch(ReflectionDispatch.java:35)
	at org.gradle.internal.dispatch.ReflectionDispatch.dispatch(ReflectionDispatch.java:24)
	at org.gradle.internal.remote.internal.hub.MessageHubBackedObjectConnection$DispatchWrapper.dispatch(MessageHubBackedObjectConnection.java:155)
	at org.gradle.internal.remote.internal.hub.MessageHubBackedObjectConnection$DispatchWrapper.dispatch(MessageHubBackedObjectConnection.java:137)
	at org.gradle.internal.remote.internal.hub.MessageHub$Handler.run(MessageHub.java:404)
	at org.gradle.internal.concurrent.ExecutorPolicy$CatchAndRecordFailures.onExecute(ExecutorPolicy.java:63)
	at org.gradle.internal.concurrent.ManagedExecutorImpl$1.run(ManagedExecutorImpl.java:46)
	at java.util.concurrent.ThreadPoolExecutor.runWorker(ThreadPoolExecutor.java:1149)
	at java.util.concurrent.ThreadPoolExecutor$Worker.run(ThreadPoolExecutor.java:624)
	at org.gradle.internal.concurrent.ThreadFactoryImpl$ManagedThreadRunnable.run(ThreadFactoryImpl.java:55)
	at java.lang.Thread.run(Thread.java:748)
Caused by: org.apache.tinkerpop.gremlin.driver.exception.ResponseException: Cannot compare 'v[8926]' (TinkerVertex) and 'e[8928][8926-T-&gt;8927]' (TinkerEdge) as both need to be an instance of Number or Comparable (and of the same type)
	at org.apache.tinkerpop.gremlin.driver.Handler$GremlinResponseHandler.channelRead0(Handler.java:259)
	at org.apache.tinkerpop.gremlin.driver.Handler$GremlinResponseHandler.channelRead0(Handler.java:198)
	at io.netty.channel.SimpleChannelInboundHandler.channelRead(SimpleChannelInboundHandler.java:105)
	at io.netty.channel.AbstractChannelHandlerContext.invokeChannelRead(AbstractChannelHandlerContext.java:374)
	at io.netty.channel.AbstractChannelHandlerContext.invokeChannelRead(AbstractChannelHandlerContext.java:360)
	at io.netty.channel.AbstractChannelHandlerContext.fireChannelRead(AbstractChannelHandlerContext.java:352)
	at org.apache.tinkerpop.gremlin.driver.Handler$GremlinSaslAuthenticationHandler.channelRead0(Handler.java:124)
	at org.apache.tinkerpop.gremlin.driver.Handler$GremlinSaslAuthenticationHandler.channelRead0(Handler.java:68)
	at io.netty.channel.SimpleChannelInboundHandler.channelRead(SimpleChannelInboundHandler.java:105)
	at io.netty.channel.AbstractChannelHandlerContext.invokeChannelRead(AbstractChannelHandlerContext.java:374)
	at io.netty.channel.AbstractChannelHandlerContext.invokeChannelRead(AbstractChannelHandlerContext.java:360)
	at io.netty.channel.AbstractChannelHandlerContext.fireChannelRead(AbstractChannelHandlerContext.java:352)
	at io.netty.handler.codec.MessageToMessageDecoder.channelRead(MessageToMessageDecoder.java:102)
	at io.netty.channel.AbstractChannelHandlerContext.invokeChannelRead(AbstractChannelHandlerContext.java:374)
	at io.netty.channel.AbstractChannelHandlerContext.invokeChannelRead(AbstractChannelHandlerContext.java:360)
	at io.netty.channel.AbstractChannelHandlerContext.fireChannelRead(AbstractChannelHandlerContext.java:352)
	at org.apache.tinkerpop.gremlin.driver.handler.WebSocketClientHandler.channelRead0(WebSocketClientHandler.java:89)
	at io.netty.channel.SimpleChannelInboundHandler.channelRead(SimpleChannelInboundHandler.java:105)
	at io.netty.channel.AbstractChannelHandlerContext.invokeChannelRead(AbstractChannelHandlerContext.java:374)
	at io.netty.channel.AbstractChannelHandlerContext.invokeChannelRead(AbstractChannelHandlerContext.java:360)
	at io.netty.channel.AbstractChannelHandlerContext.fireChannelRead(AbstractChannelHandlerContext.java:352)
	at io.netty.handler.codec.ByteToMessageDecoder.fireChannelRead(ByteToMessageDecoder.java:323)
	at io.netty.handler.codec.ByteToMessageDecoder.channelRead(ByteToMessageDecoder.java:297)
	at io.netty.channel.AbstractChannelHandlerContext.invokeChannelRead(AbstractChannelHandlerContext.java:374)
	at io.netty.channel.AbstractChannelHandlerContext.invokeChannelRead(AbstractChannelHandlerContext.java:360)
	at io.netty.channel.AbstractChannelHandlerContext.fireChannelRead(AbstractChannelHandlerContext.java:352)
	at io.netty.channel.DefaultChannelPipeline$HeadContext.channelRead(DefaultChannelPipeline.java:1408)
	at io.netty.channel.AbstractChannelHandlerContext.invokeChannelRead(AbstractChannelHandlerContext.java:374)
	at io.netty.channel.AbstractChannelHandlerContext.invokeChannelRead(AbstractChannelHandlerContext.java:360)
	at io.netty.channel.DefaultChannelPipeline.fireChannelRead(DefaultChannelPipeline.java:930)
	at io.netty.channel.nio.AbstractNioByteChannel$NioByteUnsafe.read(AbstractNioByteChannel.java:163)
	at io.netty.channel.nio.NioEventLoop.processSelectedKey(NioEventLoop.java:682)
	at io.netty.channel.nio.NioEventLoop.processSelectedKeysOptimized(NioEventLoop.java:617)
	at io.netty.channel.nio.NioEventLoop.processSelectedKeys(NioEventLoop.java:534)
	at io.netty.channel.nio.NioEventLoop.run(NioEventLoop.java:496)
	at io.netty.util.concurrent.SingleThreadEventExecutor$5.run(SingleThreadEventExecutor.java:906)
	at io.netty.util.internal.ThreadExecutorMap$2.run(ThreadExecutorMap.java:74)
	... 1 more
</pre>
      </div>
    </div>
  </div>


                  <table class="step-arguments">
                          <tr>
                                  <td>lhs</td>
                                  <td>rhs</td>
                              </tr>
                          <tr>
                                  <td>3.14</td>
                                  <td>1</td>
                              </tr>
                      </table>
        
        

        

        
  
        

      </div>
      </div>
</div>


    

  </div>
</div>

                      
<div class="element">
  
  
<div class="tags indention">
  </div>

  
  <span class="lead-duration duration">0.000</span>


    <span data-toggle="collapse" class=" collapsable-control" data-target="#element-41">
    
<div class="brief failed">
  <span class="keyword indention">Scenario Outline</span>
  <span class="name">Comparing across types yields null, except numbers</span>
  

       <i class="chevron fa fa-fw"></i>
  </div>

  </span>
  <div class="description indention"></div>

  <div id="element-41" class="collapse collapsable-details  in ">
    


    
<div class="steps inner-level">
    <div data-toggle="collapse" class=" collapsable-control" data-target="#steps-42">
    
<div class="brief failed">
  <span class="keyword indention">Steps</span>
  <span class="name"></span>
  

       <i class="chevron fa fa-fw"></i>
  </div>

  </div>

  <div id="steps-42" class="inner-level collapse collapsable-details  in ">
          <div class="step">
        
<div class="brief passed">
  <span class="keyword indention">Given</span>
  <span class="name">an empty graph</span>
  
  <span class="lead-duration duration">0.000</span>

</div>

        

        


        
        

        
  <div class="outputs inner-level">
          <div class="output indention">
        <div data-toggle="collapse" class=" collapsed  collapsable-control" data-target="#output-43">
          Output 1
          <i class="chevron fa fa-fw"></i>
        </div>
        <div id="output-43" class="collapse collapsable-details " >
          
          <pre><p>14:46:01.879 [Test worker] DEBUG o.a.t.g.driver.Client - g.V().drop()}} to - Connection{host=Host{address=localhost/127.0.0.1:36781, hostUri=ws://127.0.0.1:36781/gremlin}}
</p></pre>
        </div>
      </div>
      </div>

        
  
        

      </div>
          <div class="step">
        
<div class="brief passed">
  <span class="keyword indention">And</span>
  <span class="name">having executed:</span>
  
  <span class="lead-duration duration">0.000</span>

</div>

        

        


        
        
  <div class="inner-level">
    <div class="docstring indention">
            <div data-toggle="collapse" class="collapsable-control" data-target="#msg-44">
          <a>Doc string</a>
      </div>
      <div id="msg-44" class="collapse collapsable-details">
        <pre>CREATE ()-[:T]-&gt;()</pre>
      </div>
    </div>
  </div>

        
  <div class="outputs inner-level">
          <div class="output indention">
        <div data-toggle="collapse" class=" collapsed  collapsable-control" data-target="#output-45">
          Output 1
          <i class="chevron fa fa-fw"></i>
        </div>
        <div id="output-45" class="collapse collapsable-details " >
          
          <pre><p>14:46:01.879 [Test worker] DEBUG o.a.t.g.driver.Client - CREATE ()-[:T]-&gt;()}} to - Connection{host=Host{address=localhost/127.0.0.1:36781, hostUri=ws://127.0.0.1:36781/gremlin}}
14:46:01.880 [gremlin-server-worker-1] INFO  o.o.g.s.o.c.CypherOpProcessor - Cypher: CREATE ()-[:T]-&gt;()
14:46:01.881 [gremlin-server-worker-1] INFO  o.o.g.s.o.c.CypherOpProcessor - Gremlin: g.addV().as('  UNNAMED8').addV().as('  UNNAMED17').addE('T').from('  UNNAMED8').to('  UNNAMED17').barrier().limit(0)
</p></pre>
        </div>
      </div>
      </div>

        
  
        

      </div>
          <div class="step">
        
<div class="brief passed">
  <span class="keyword indention">When</span>
  <span class="name">executing query:</span>
  
  <span class="lead-duration duration">0.000</span>

</div>

        

        


        
        
  <div class="inner-level">
    <div class="docstring indention">
            <div data-toggle="collapse" class="collapsable-control" data-target="#msg-46">
          <a>Doc string</a>
      </div>
      <div id="msg-46" class="collapse collapsable-details">
        <pre>MATCH p = (n)-[r]-&gt;()
WITH [n, r, p, '', 1, 3.14, true, null, [], {}] AS types
UNWIND range(0, size(types) - 1) AS i
UNWIND range(0, size(types) - 1) AS j
WITH types[i] AS lhs, types[j] AS rhs
WHERE i &lt;&gt; j
WITH lhs, rhs, lhs &gt; rhs AS result
WHERE result
RETURN lhs, rhs</pre>
      </div>
    </div>
  </div>

        
  <div class="outputs inner-level">
          <div class="output indention">
        <div data-toggle="collapse" class=" collapsed  collapsable-control" data-target="#output-47">
          Output 1
          <i class="chevron fa fa-fw"></i>
        </div>
        <div id="output-47" class="collapse collapsable-details " >
          
          <pre><p>14:46:01.904 [Test worker] DEBUG o.a.t.g.driver.Client - MATCH p = (n)-[r]-&gt;()
WITH [n, r, p, '', 1, 3.14, true, null, [], {}] AS types
UNWIND range(0, size(types) - 1) AS i
UNWIND range(0, size(types) - 1) AS j
WITH types[i] AS lhs, types[j] AS rhs
WHERE i &lt;&gt; j
WITH lhs, rhs, lhs &gt; rhs AS result
WHERE result
RETURN lhs, rhs}} to - Connection{host=Host{address=localhost/127.0.0.1:36781, hostUri=ws://127.0.0.1:36781/gremlin}}
14:46:01.904 [gremlin-server-worker-1] INFO  o.o.g.s.o.c.CypherOpProcessor - Cypher: MATCH p = (n)-[r]-&gt;() WITH [n, r, p, '', 1, 3.14, true, null, [], {}] AS types UNWIND range(0, size(types) - 1) AS i UNWIND range(0, size(types) - 1) AS j WITH types[i] AS lhs, types[j] AS rhs WHERE i &lt;&gt; j WITH lhs, rhs, lhs &gt; rhs AS result WHERE result RETURN lhs, rhs
14:46:01.916 [gremlin-server-worker-1] INFO  o.o.g.s.o.c.CypherOpProcessor - Gremlin: g.V().as('n').outE().as('r').aggregate('  cypher.path.edge.p').inV().path().from('n').as('p').select('n', 'r', 'p').map(__.project('  GENERATED1', '  GENERATED2', '  GENERATED3', '  GENERATED4', '  GENERATED5', '  GENERATED6', '  GENERATED7', '  GENERATED8', '  GENERATED9', '  GENERATED10').by(__.select('n')).by(__.select('r')).by(__.select('p')).by(__.constant('')).by(__.constant(1)).by(__.constant(3.14d)).by(__.constant(true)).by(__.constant('  cypher.null')).by(__.constant([])).by(__.constant([:])).select(values)).as('types').constant(1).as('__GENERATED15').select('types').count(local).choose(__.or(__.is(eq('  cypher.null')), __.select('__GENERATED15').is(eq('  cypher.null'))), __.constant('  cypher.null'), __.math('_ - __GENERATED15')).as('__GENERATED14').sideEffect(__.is(lt(0)).constant('INVALID_RANGE').map(cypherException())).sideEffect(__.math('__GENERATED14 - 0').is(gt(10000)).constant('INVALID_RANGE').map(cypherException())).repeat(__.sideEffect(__.loops().aggregate('  GENERATED13'))).until(__.loops().where(gt('__GENERATED14'))).select('  GENERATED13').unfold().as('i').constant(1).as('__GENERATED19').select('types').count(local).choose(__.or(__.is(eq('  cypher.null')), __.select('__GENERATED19').is(eq('  cypher.null'))), __.constant('  cypher.null'), __.math('_ - __GENERATED19')).as('__GENERATED18').sideEffect(__.is(lt(0)).constant('INVALID_RANGE').map(cypherException())).sideEffect(__.math('__GENERATED18 - 0').is(gt(10000)).constant('INVALID_RANGE').map(cypherException())).repeat(__.sideEffect(__.loops().aggregate('  GENERATED17'))).until(__.loops().where(gt('__GENERATED18'))).select('  GENERATED17').unfold().as('j').select('types', 'i', 'j').project('lhs', 'rhs').by(__.project('  GENERATED20', '  GENERATED21').by(__.select('types')).by(__.select('i')).select(values).map(cypherContainerIndex())).by(__.project('  GENERATED22', '  GENERATED23').by(__.select('types')).by(__.select('j')).select(values).map(cypherContainerIndex())).where(__.select('i').where(neq('j'))).as('  GENERATED24').select('lhs').as('lhs').select('  GENERATED24').select('rhs').as('rhs').where(__.select('lhs').where(gt('rhs'))).select('lhs', 'rhs').project('lhs', 'rhs', 'result').by(__.select('lhs')).by(__.select('rhs')).by(__.select('rhs').as('  GENERATED25').select('lhs').choose(__.or(__.is(eq('  cypher.null')), __.select('  GENERATED25').is(eq('  cypher.null'))), __.constant('  cypher.null'), __.choose(__.where(gt('  GENERATED25')), __.constant(true), __.constant(false)))).as('  GENERATED26').select('lhs').as('lhs').select('  GENERATED26').select('rhs').as('rhs').select('  GENERATED26').select('result').as('result').select('lhs', 'rhs').project('lhs', 'rhs').by(__.select('lhs')).by(__.select('rhs'))
14:46:01.919 [gremlin-server-exec-9] ERROR o.o.g.s.o.c.CypherOpProcessor - Error during traversal iteration
java.lang.IllegalArgumentException: Cannot compare 'v[8929]' (TinkerVertex) and 'e[8931][8929-T-&gt;8930]' (TinkerEdge) as both need to be an instance of Number or Comparable (and of the same type)
	at org.apache.tinkerpop.gremlin.process.traversal.Compare.throwException(Compare.java:193)
	at org.apache.tinkerpop.gremlin.process.traversal.Compare.access$300(Compare.java:34)
	at org.apache.tinkerpop.gremlin.process.traversal.Compare$3.test(Compare.java:96)
	at org.apache.tinkerpop.gremlin.process.traversal.P.test(P.java:72)
	at org.apache.tinkerpop.gremlin.process.traversal.step.filter.WherePredicateStep.filter(WherePredicateStep.java:105)
	at org.apache.tinkerpop.gremlin.process.traversal.step.filter.FilterStep.processNextStart(FilterStep.java:38)
	at org.apache.tinkerpop.gremlin.process.traversal.step.filter.WherePredicateStep.processNextStart(WherePredicateStep.java:150)
	at org.apache.tinkerpop.gremlin.process.traversal.step.util.AbstractStep.hasNext(AbstractStep.java:143)
	at org.apache.tinkerpop.gremlin.process.traversal.util.DefaultTraversal.hasNext(DefaultTraversal.java:197)
	at org.apache.tinkerpop.gremlin.process.traversal.util.TraversalUtil.test(TraversalUtil.java:96)
	at org.apache.tinkerpop.gremlin.process.traversal.step.filter.TraversalFilterStep.filter(TraversalFilterStep.java:46)
	at org.apache.tinkerpop.gremlin.process.traversal.step.filter.FilterStep.processNextStart(FilterStep.java:38)
	at org.apache.tinkerpop.gremlin.process.traversal.step.util.AbstractStep.hasNext(AbstractStep.java:143)
	at org.apache.tinkerpop.gremlin.process.traversal.step.util.ExpandableStepIterator.next(ExpandableStepIterator.java:50)
	at org.apache.tinkerpop.gremlin.process.traversal.step.map.MapStep.processNextStart(MapStep.java:36)
	at org.apache.tinkerpop.gremlin.process.traversal.step.map.SelectStep.processNextStart(SelectStep.java:156)
	at org.apache.tinkerpop.gremlin.process.traversal.step.util.AbstractStep.hasNext(AbstractStep.java:143)
	at org.apache.tinkerpop.gremlin.process.traversal.step.util.ExpandableStepIterator.next(ExpandableStepIterator.java:50)
	at org.apache.tinkerpop.gremlin.process.traversal.step.map.MapStep.processNextStart(MapStep.java:36)
	at org.apache.tinkerpop.gremlin.process.traversal.step.util.AbstractStep.hasNext(AbstractStep.java:143)
	at org.apache.tinkerpop.gremlin.process.traversal.step.util.ExpandableStepIterator.next(ExpandableStepIterator.java:50)
	at org.apache.tinkerpop.gremlin.process.traversal.step.map.MapStep.processNextStart(MapStep.java:36)
	at org.apache.tinkerpop.gremlin.process.traversal.step.map.SelectOneStep.processNextStart(SelectOneStep.java:131)
	at org.apache.tinkerpop.gremlin.process.traversal.step.util.AbstractStep.hasNext(AbstractStep.java:143)
	at org.apache.tinkerpop.gremlin.process.traversal.step.util.ExpandableStepIterator.next(ExpandableStepIterator.java:50)
	at org.apache.tinkerpop.gremlin.process.traversal.step.map.MapStep.processNextStart(MapStep.java:36)
	at org.apache.tinkerpop.gremlin.process.traversal.step.map.SelectOneStep.processNextStart(SelectOneStep.java:131)
	at org.apache.tinkerpop.gremlin.process.traversal.step.util.AbstractStep.hasNext(AbstractStep.java:143)
	at org.apache.tinkerpop.gremlin.process.traversal.step.util.ExpandableStepIterator.next(ExpandableStepIterator.java:50)
	at org.apache.tinkerpop.gremlin.process.traversal.step.map.MapStep.processNextStart(MapStep.java:36)
	at org.apache.tinkerpop.gremlin.process.traversal.step.map.SelectOneStep.processNextStart(SelectOneStep.java:131)
	at org.apache.tinkerpop.gremlin.process.traversal.step.util.AbstractStep.hasNext(AbstractStep.java:143)
	at org.apache.tinkerpop.gremlin.process.traversal.step.util.ExpandableStepIterator.next(ExpandableStepIterator.java:50)
	at org.apache.tinkerpop.gremlin.process.traversal.step.map.MapStep.processNextStart(MapStep.java:36)
	at org.apache.tinkerpop.gremlin.process.traversal.step.map.SelectOneStep.processNextStart(SelectOneStep.java:131)
	at org.apache.tinkerpop.gremlin.process.traversal.step.util.AbstractStep.hasNext(AbstractStep.java:143)
	at org.apache.tinkerpop.gremlin.process.traversal.step.util.ExpandableStepIterator.next(ExpandableStepIterator.java:50)
	at org.apache.tinkerpop.gremlin.process.traversal.step.map.MapStep.processNextStart(MapStep.java:36)
	at org.apache.tinkerpop.gremlin.process.traversal.step.map.SelectOneStep.processNextStart(SelectOneStep.java:131)
	at org.apache.tinkerpop.gremlin.process.traversal.step.util.AbstractStep.hasNext(AbstractStep.java:143)
	at org.apache.tinkerpop.gremlin.process.traversal.step.util.ExpandableStepIterator.next(ExpandableStepIterator.java:50)
	at org.apache.tinkerpop.gremlin.process.traversal.step.map.MapStep.processNextStart(MapStep.java:36)
	at org.apache.tinkerpop.gremlin.process.traversal.step.map.SelectStep.processNextStart(SelectStep.java:156)
	at org.apache.tinkerpop.gremlin.process.traversal.step.util.AbstractStep.hasNext(AbstractStep.java:143)
	at org.apache.tinkerpop.gremlin.process.traversal.step.util.ExpandableStepIterator.next(ExpandableStepIterator.java:50)
	at org.apache.tinkerpop.gremlin.process.traversal.step.map.MapStep.processNextStart(MapStep.java:36)
	at org.apache.tinkerpop.gremlin.process.traversal.step.util.AbstractStep.hasNext(AbstractStep.java:143)
	at org.apache.tinkerpop.gremlin.process.traversal.util.DefaultTraversal.hasNext(DefaultTraversal.java:197)
	at org.opencypher.gremlin.traversal.ReturnNormalizer$1.hasNext(ReturnNormalizer.java:79)
	at org.apache.tinkerpop.gremlin.server.op.AbstractOpProcessor.handleIterator(AbstractOpProcessor.java:93)
	at org.opencypher.gremlin.server.op.cypher.CypherOpProcessor.lambda$handleIterator$3(CypherOpProcessor.java:201)
	at java.util.concurrent.FutureTask.run(FutureTask.java:266)
	at java.util.concurrent.Executors$RunnableAdapter.call(Executors.java:511)
	at java.util.concurrent.FutureTask.run(FutureTask.java:266)
	at java.util.concurrent.ThreadPoolExecutor.runWorker(ThreadPoolExecutor.java:1149)
	at java.util.concurrent.ThreadPoolExecutor$Worker.run(ThreadPoolExecutor.java:624)
	at java.lang.Thread.run(Thread.java:748)
</p></pre>
        </div>
      </div>
      </div>

        
  
        

      </div>
          <div class="step">
        
<div class="brief failed">
  <span class="keyword indention">Then</span>
  <span class="name">the result should be:</span>
  
  <span class="lead-duration duration">0.000</span>

</div>

        

        

  <div class="inner-level">
    <div class="message indention">
      <div data-toggle="collapse" class=" collapsable-control" data-target="#msg-48">
          <a>org.opencypher.tools.tck.api.Scenario$ScenarioFailedException:</a>
      </div>
      <div id="msg-48" class="collapse collapsable-details  in ">
        <pre>org.opencypher.tools.tck.api.Scenario$ScenarioFailedException: Feature &quot;Comparability&quot;: Scenario &quot;Comparing across types yields null, except numbers&quot; failed with message: Expected: | lhs | rhs |
| 3.14 | 1 |, got error ExecutionFailed(UnknownError,runtime,Cannot compare 'v[8929]' (TinkerVertex) and 'e[8931][8929-T-&gt;8930]' (TinkerEdge) as both need to be an instance of Number or Comparable (and of the same type),Some(org.apache.tinkerpop.gremlin.driver.exception.ResponseException: Cannot compare 'v[8929]' (TinkerVertex) and 'e[8931][8929-T-&gt;8930]' (TinkerEdge) as both need to be an instance of Number or Comparable (and of the same type)))
	at org.opencypher.tools.tck.api.Scenario.$anonfun$executeOnGraph$1(Scenario.scala:95)
	at scala.collection.LinearSeqOptimized.foldLeft(LinearSeqOptimized.scala:122)
	at scala.collection.LinearSeqOptimized.foldLeft$(LinearSeqOptimized.scala:118)
	at scala.collection.immutable.List.foldLeft(List.scala:85)
	at org.opencypher.tools.tck.api.Scenario.executeOnGraph(Scenario.scala:60)
	at org.opencypher.tools.tck.api.Scenario$$anon$1.execute(Scenario.scala:54)
	at org.junit.jupiter.engine.descriptor.JupiterTestDescriptor.executeAndMaskThrowable(JupiterTestDescriptor.java:145)
	at org.junit.jupiter.engine.descriptor.DynamicTestTestDescriptor.execute(DynamicTestTestDescriptor.java:46)
	at org.junit.jupiter.engine.descriptor.DynamicTestTestDescriptor.execute(DynamicTestTestDescriptor.java:24)
	at org.junit.platform.engine.support.hierarchical.HierarchicalTestExecutor.lambda$execute$3(HierarchicalTestExecutor.java:83)
	at org.junit.platform.engine.support.hierarchical.SingleTestExecutor.executeSafely(SingleTestExecutor.java:66)
	at org.junit.platform.engine.support.hierarchical.HierarchicalTestExecutor.execute(HierarchicalTestExecutor.java:77)
	at org.junit.platform.engine.support.hierarchical.HierarchicalTestExecutor.lambda$null$0(HierarchicalTestExecutor.java:85)
	at org.junit.jupiter.engine.descriptor.TestFactoryTestDescriptor.lambda$invokeTestMethod$1(TestFactoryTestDescriptor.java:80)
	at org.junit.jupiter.engine.execution.ThrowableCollector.execute(ThrowableCollector.java:40)
	at org.junit.jupiter.engine.descriptor.TestFactoryTestDescriptor.invokeTestMethod(TestFactoryTestDescriptor.java:68)
	at org.junit.jupiter.engine.descriptor.TestMethodTestDescriptor.execute(TestMethodTestDescriptor.java:110)
	at org.junit.jupiter.engine.descriptor.TestMethodTestDescriptor.execute(TestMethodTestDescriptor.java:57)
	at org.junit.platform.engine.support.hierarchical.HierarchicalTestExecutor.lambda$execute$3(HierarchicalTestExecutor.java:83)
	at org.junit.platform.engine.support.hierarchical.SingleTestExecutor.executeSafely(SingleTestExecutor.java:66)
	at org.junit.platform.engine.support.hierarchical.HierarchicalTestExecutor.execute(HierarchicalTestExecutor.java:77)
	at org.junit.platform.engine.support.hierarchical.HierarchicalTestExecutor.lambda$null$2(HierarchicalTestExecutor.java:92)
	at java.util.stream.ForEachOps$ForEachOp$OfRef.accept(ForEachOps.java:184)
	at java.util.stream.ReferencePipeline$2$1.accept(ReferencePipeline.java:175)
	at java.util.Iterator.forEachRemaining(Iterator.java:116)
	at java.util.Spliterators$IteratorSpliterator.forEachRemaining(Spliterators.java:1801)
	at java.util.stream.AbstractPipeline.copyInto(AbstractPipeline.java:481)
	at java.util.stream.AbstractPipeline.wrapAndCopyInto(AbstractPipeline.java:471)
	at java.util.stream.ForEachOps$ForEachOp.evaluateSequential(ForEachOps.java:151)
	at java.util.stream.ForEachOps$ForEachOp$OfRef.evaluateSequential(ForEachOps.java:174)
	at java.util.stream.AbstractPipeline.evaluate(AbstractPipeline.java:234)
	at java.util.stream.ReferencePipeline.forEach(ReferencePipeline.java:418)
	at org.junit.platform.engine.support.hierarchical.HierarchicalTestExecutor.lambda$execute$3(HierarchicalTestExecutor.java:92)
	at org.junit.platform.engine.support.hierarchical.SingleTestExecutor.executeSafely(SingleTestExecutor.java:66)
	at org.junit.platform.engine.support.hierarchical.HierarchicalTestExecutor.execute(HierarchicalTestExecutor.java:77)
	at org.junit.platform.engine.support.hierarchical.HierarchicalTestExecutor.lambda$null$2(HierarchicalTestExecutor.java:92)
	at java.util.stream.ForEachOps$ForEachOp$OfRef.accept(ForEachOps.java:184)
	at java.util.stream.ReferencePipeline$2$1.accept(ReferencePipeline.java:175)
	at java.util.Iterator.forEachRemaining(Iterator.java:116)
	at java.util.Spliterators$IteratorSpliterator.forEachRemaining(Spliterators.java:1801)
	at java.util.stream.AbstractPipeline.copyInto(AbstractPipeline.java:481)
	at java.util.stream.AbstractPipeline.wrapAndCopyInto(AbstractPipeline.java:471)
	at java.util.stream.ForEachOps$ForEachOp.evaluateSequential(ForEachOps.java:151)
	at java.util.stream.ForEachOps$ForEachOp$OfRef.evaluateSequential(ForEachOps.java:174)
	at java.util.stream.AbstractPipeline.evaluate(AbstractPipeline.java:234)
	at java.util.stream.ReferencePipeline.forEach(ReferencePipeline.java:418)
	at org.junit.platform.engine.support.hierarchical.HierarchicalTestExecutor.lambda$execute$3(HierarchicalTestExecutor.java:92)
	at org.junit.platform.engine.support.hierarchical.SingleTestExecutor.executeSafely(SingleTestExecutor.java:66)
	at org.junit.platform.engine.support.hierarchical.HierarchicalTestExecutor.execute(HierarchicalTestExecutor.java:77)
	at org.junit.platform.engine.support.hierarchical.HierarchicalTestExecutor.execute(HierarchicalTestExecutor.java:51)
	at org.junit.platform.engine.support.hierarchical.HierarchicalTestEngine.execute(HierarchicalTestEngine.java:43)
	at org.junit.platform.launcher.core.DefaultLauncher.execute(DefaultLauncher.java:170)
	at org.junit.platform.launcher.core.DefaultLauncher.execute(DefaultLauncher.java:154)
	at org.junit.platform.launcher.core.DefaultLauncher.execute(DefaultLauncher.java:90)
	at org.gradle.api.internal.tasks.testing.junitplatform.JUnitPlatformTestClassProcessor$CollectAllTestClassesExecutor.processAllTestClasses(JUnitPlatformTestClassProcessor.java:92)
	at org.gradle.api.internal.tasks.testing.junitplatform.JUnitPlatformTestClassProcessor$CollectAllTestClassesExecutor.access$100(JUnitPlatformTestClassProcessor.java:77)
	at org.gradle.api.internal.tasks.testing.junitplatform.JUnitPlatformTestClassProcessor.stop(JUnitPlatformTestClassProcessor.java:73)
	at org.gradle.api.internal.tasks.testing.SuiteTestClassProcessor.stop(SuiteTestClassProcessor.java:61)
	at sun.reflect.NativeMethodAccessorImpl.invoke0(Native Method)
	at sun.reflect.NativeMethodAccessorImpl.invoke(NativeMethodAccessorImpl.java:62)
	at sun.reflect.DelegatingMethodAccessorImpl.invoke(DelegatingMethodAccessorImpl.java:43)
	at java.lang.reflect.Method.invoke(Method.java:498)
	at org.gradle.internal.dispatch.ReflectionDispatch.dispatch(ReflectionDispatch.java:35)
	at org.gradle.internal.dispatch.ReflectionDispatch.dispatch(ReflectionDispatch.java:24)
	at org.gradle.internal.dispatch.ContextClassLoaderDispatch.dispatch(ContextClassLoaderDispatch.java:32)
	at org.gradle.internal.dispatch.ProxyDispatchAdapter$DispatchingInvocationHandler.invoke(ProxyDispatchAdapter.java:93)
	at com.sun.proxy.$Proxy1.stop(Unknown Source)
	at org.gradle.api.internal.tasks.testing.worker.TestWorker.stop(TestWorker.java:123)
	at sun.reflect.NativeMethodAccessorImpl.invoke0(Native Method)
	at sun.reflect.NativeMethodAccessorImpl.invoke(NativeMethodAccessorImpl.java:62)
	at sun.reflect.DelegatingMethodAccessorImpl.invoke(DelegatingMethodAccessorImpl.java:43)
	at java.lang.reflect.Method.invoke(Method.java:498)
	at org.gradle.internal.dispatch.ReflectionDispatch.dispatch(ReflectionDispatch.java:35)
	at org.gradle.internal.dispatch.ReflectionDispatch.dispatch(ReflectionDispatch.java:24)
	at org.gradle.internal.remote.internal.hub.MessageHubBackedObjectConnection$DispatchWrapper.dispatch(MessageHubBackedObjectConnection.java:155)
	at org.gradle.internal.remote.internal.hub.MessageHubBackedObjectConnection$DispatchWrapper.dispatch(MessageHubBackedObjectConnection.java:137)
	at org.gradle.internal.remote.internal.hub.MessageHub$Handler.run(MessageHub.java:404)
	at org.gradle.internal.concurrent.ExecutorPolicy$CatchAndRecordFailures.onExecute(ExecutorPolicy.java:63)
	at org.gradle.internal.concurrent.ManagedExecutorImpl$1.run(ManagedExecutorImpl.java:46)
	at java.util.concurrent.ThreadPoolExecutor.runWorker(ThreadPoolExecutor.java:1149)
	at java.util.concurrent.ThreadPoolExecutor$Worker.run(ThreadPoolExecutor.java:624)
	at org.gradle.internal.concurrent.ThreadFactoryImpl$ManagedThreadRunnable.run(ThreadFactoryImpl.java:55)
	at java.lang.Thread.run(Thread.java:748)
Caused by: org.apache.tinkerpop.gremlin.driver.exception.ResponseException: Cannot compare 'v[8929]' (TinkerVertex) and 'e[8931][8929-T-&gt;8930]' (TinkerEdge) as both need to be an instance of Number or Comparable (and of the same type)
	at org.apache.tinkerpop.gremlin.driver.Handler$GremlinResponseHandler.channelRead0(Handler.java:259)
	at org.apache.tinkerpop.gremlin.driver.Handler$GremlinResponseHandler.channelRead0(Handler.java:198)
	at io.netty.channel.SimpleChannelInboundHandler.channelRead(SimpleChannelInboundHandler.java:105)
	at io.netty.channel.AbstractChannelHandlerContext.invokeChannelRead(AbstractChannelHandlerContext.java:374)
	at io.netty.channel.AbstractChannelHandlerContext.invokeChannelRead(AbstractChannelHandlerContext.java:360)
	at io.netty.channel.AbstractChannelHandlerContext.fireChannelRead(AbstractChannelHandlerContext.java:352)
	at org.apache.tinkerpop.gremlin.driver.Handler$GremlinSaslAuthenticationHandler.channelRead0(Handler.java:124)
	at org.apache.tinkerpop.gremlin.driver.Handler$GremlinSaslAuthenticationHandler.channelRead0(Handler.java:68)
	at io.netty.channel.SimpleChannelInboundHandler.channelRead(SimpleChannelInboundHandler.java:105)
	at io.netty.channel.AbstractChannelHandlerContext.invokeChannelRead(AbstractChannelHandlerContext.java:374)
	at io.netty.channel.AbstractChannelHandlerContext.invokeChannelRead(AbstractChannelHandlerContext.java:360)
	at io.netty.channel.AbstractChannelHandlerContext.fireChannelRead(AbstractChannelHandlerContext.java:352)
	at io.netty.handler.codec.MessageToMessageDecoder.channelRead(MessageToMessageDecoder.java:102)
	at io.netty.channel.AbstractChannelHandlerContext.invokeChannelRead(AbstractChannelHandlerContext.java:374)
	at io.netty.channel.AbstractChannelHandlerContext.invokeChannelRead(AbstractChannelHandlerContext.java:360)
	at io.netty.channel.AbstractChannelHandlerContext.fireChannelRead(AbstractChannelHandlerContext.java:352)
	at org.apache.tinkerpop.gremlin.driver.handler.WebSocketClientHandler.channelRead0(WebSocketClientHandler.java:89)
	at io.netty.channel.SimpleChannelInboundHandler.channelRead(SimpleChannelInboundHandler.java:105)
	at io.netty.channel.AbstractChannelHandlerContext.invokeChannelRead(AbstractChannelHandlerContext.java:374)
	at io.netty.channel.AbstractChannelHandlerContext.invokeChannelRead(AbstractChannelHandlerContext.java:360)
	at io.netty.channel.AbstractChannelHandlerContext.fireChannelRead(AbstractChannelHandlerContext.java:352)
	at io.netty.handler.codec.ByteToMessageDecoder.fireChannelRead(ByteToMessageDecoder.java:323)
	at io.netty.handler.codec.ByteToMessageDecoder.channelRead(ByteToMessageDecoder.java:297)
	at io.netty.channel.AbstractChannelHandlerContext.invokeChannelRead(AbstractChannelHandlerContext.java:374)
	at io.netty.channel.AbstractChannelHandlerContext.invokeChannelRead(AbstractChannelHandlerContext.java:360)
	at io.netty.channel.AbstractChannelHandlerContext.fireChannelRead(AbstractChannelHandlerContext.java:352)
	at io.netty.channel.DefaultChannelPipeline$HeadContext.channelRead(DefaultChannelPipeline.java:1408)
	at io.netty.channel.AbstractChannelHandlerContext.invokeChannelRead(AbstractChannelHandlerContext.java:374)
	at io.netty.channel.AbstractChannelHandlerContext.invokeChannelRead(AbstractChannelHandlerContext.java:360)
	at io.netty.channel.DefaultChannelPipeline.fireChannelRead(DefaultChannelPipeline.java:930)
	at io.netty.channel.nio.AbstractNioByteChannel$NioByteUnsafe.read(AbstractNioByteChannel.java:163)
	at io.netty.channel.nio.NioEventLoop.processSelectedKey(NioEventLoop.java:682)
	at io.netty.channel.nio.NioEventLoop.processSelectedKeysOptimized(NioEventLoop.java:617)
	at io.netty.channel.nio.NioEventLoop.processSelectedKeys(NioEventLoop.java:534)
	at io.netty.channel.nio.NioEventLoop.run(NioEventLoop.java:496)
	at io.netty.util.concurrent.SingleThreadEventExecutor$5.run(SingleThreadEventExecutor.java:906)
	at io.netty.util.internal.ThreadExecutorMap$2.run(ThreadExecutorMap.java:74)
	... 1 more
</pre>
      </div>
    </div>
  </div>


                  <table class="step-arguments">
                          <tr>
                                  <td>lhs</td>
                                  <td>rhs</td>
                              </tr>
                          <tr>
                                  <td>3.14</td>
                                  <td>1</td>
                              </tr>
                      </table>
        
        

        

        
  
        

      </div>
      </div>
</div>


    

  </div>
</div>

                  </div>

      </div>
    </div>
  </div>
</div>


<div class="container-fluid">
  <div class="row">
    <div class="col-md-10 col-md-offset-10">
      <i class="fa fa-chevron-circle-down fa-2x collapsable-control"
        onClick="javascript:$('#report .collapsable-details').collapse('show')"></i>
      <i class="fa fa-chevron-circle-up fa-2x collapsable-control"
        onClick="javascript:$('#report .collapsable-details').collapse('hide')"></i>
    </div>
  </div>
</div>

<br>

<nav class="navbar navbar-default" id="footer">
  <div class="container-fluid">
    <p class="navbar-text navbar-right">
        <small>generate Cucumber HTML reports via:&nbsp;</small>
        <a class="navbar-link" href="https://github.com/jenkinsci/cucumber-reports-plugin">Jenkins Plugin</a> |
        <a class="navbar-link" href="https://github.com/damianszczepanik/cucumber-reporting">Standalone</a> |
        <a class="navbar-link" href="https://github.com/damianszczepanik/cucumber-sandwich">Sandwich</a> |
        <a class="navbar-link" href="https://github.com/damianszczepanik/maven-cucumber-reporting">Maven</a>
        &nbsp;&nbsp;
    </p>
  </div>
</nav>

</body>
</html>
