<!DOCTYPE html>
<html>
<head>
  
<meta http-equiv="Content-Type" content="text/html; charset=UTF-8" />

<script type="text/javascript" src="js/jquery.min.js"></script>
<script type="text/javascript" src="js/jquery.tablesorter.min.js"></script>
<script type="text/javascript" src="js/Chart.min.js"></script>
<script type="text/javascript" src="js/moment.min.js"></script>
<script type="text/javascript" src="js/bootstrap.min.js"></script>

<link rel="stylesheet" href="css/bootstrap.min.css" type="text/css"/>
<link rel="stylesheet" href="css/cucumber.css" type="text/css"/>
<link rel="stylesheet" href="css/font-awesome.min.css"/>
<link rel="shortcut icon" href="images/favicon.png"/>

<script type="text/javascript">
$(document).ready(function() {
    // this will tell tablesorter to try looking for the data-value attribute
    // if present, it'll sort by that instead
    // otherwise, it'll sort by the text content of the table cell
    $("#tablesorter").tablesorter({
        textAttribute: 'data-value',
        // ignores the first row of the header, the 'scenario', 'steps', since
        // sorting those doesn't make sense
        selectorHeaders: '> thead tr:not(.dont-sort) th',
        // use a stable sort
        sortStable: true
    });
});
</script>











  
<title>Cucumber Reports (no 0.9.10) - Feature: PatternComprehension</title>

</head>
<body>

<nav class="navbar navbar-default navbar-fixed-top" id="navigation">
  <div class="container-fluid">
    <div class="collapse navbar-collapse">
      <p class="navbar-text navbar-left">Cucumber Report</p>
      <ul class="nav navbar-nav navbar-right">
                <li role="presentation" ><a href="overview-features.html">Features</a></li>
        <li role="presentation" ><a href="overview-tags.html">Tags</a></li>
        <li role="presentation" ><a href="overview-steps.html">Steps</a></li>
                <li role="presentation" ><a href="overview-failures.html">Failures</a></li>
      </ul>
    </div>
  </div>
</nav>


<div class="container-fluid">
  <div class="col-md-5 col-md-offset-1">
    
<table class="table table-bordered" id="build-info">
  <thead>
    <tr>
      <th>Project</th>
              <th>Number</th>
            <th>Date</th>
    </tr>
  </thead>
  <tbody>
    <tr class="info">
      <td>cypher-for-gremlin</td>
              <td>0.9.10</td>
            <td>04 Jul 2018, 23:04</td>
    </tr>
  </tbody>
</table>

  </div>
  <div class="col-md-3 col-md-offset-2">
      </div>
</div>


<div id="report-lead" class="container-fluid">
  <div class="col-md-10 col-md-offset-1">
    <h2>Feature Report</h2>
      </div>
</div>


<div class="container-fluid" id="report">
  <div class="row">
    <div class="col-md-10 col-md-offset-1">
      <table class="stats-table">

        
<thead>
  <tr class="header dont-sort">
        <th></th>
    <th colspan="6">Steps</th>
    <th colspan="3">Scenarios</th>
    <th colspan="2">Features</th>
  </tr>
  <tr>
    <th>Feature</th>
        <th class="passed">Passed</th>
    <th class="failed">Failed</th>
    <th class="skipped">Skipped</th>
    <th class="pending">Pending</th>
    <th class="undefined">Undefined</th>
    <th class="total">Total</th>

    <th class="passed">Passed</th>
    <th class="failed">Failed</th>
    <th class="total">Total</th>

    <th>Duration</th>
    <th>Status</th>
  </tr>
</thead>


        <tbody>
        <tr>
          <td class="tagname">PatternComprehension</td>
                    <td      class="passed"    >59</td>
          <td      class="failed"    >8</td>
          <td >0</td>
          <td >0</td>
          <td >0</td>
          <td class="total">67</td>

          <td  class="passed"    >7</td>
          <td  class="failed"    >8</td>
          <td class="total">15</td>

          <td class="duration" data-value="549209877">0.549</td>
          <td class="failed">Failed</td>
        </tr>
        </tbody>

      </table>
    </div>
  </div>
</div>



<div class="container-fluid">
  <div class="row">
    <div class="col-md-10 col-md-offset-10">
      <i class="fa fa-chevron-circle-down fa-2x collapsable-control"
        onClick="javascript:$('#report .collapsable-details').collapse('show')"></i>
      <i class="fa fa-chevron-circle-up fa-2x collapsable-control"
        onClick="javascript:$('#report .collapsable-details').collapse('hide')"></i>
    </div>
  </div>
</div>


<div class="container-fluid" id="report">
  <div class="row">
    <div class="col-md-10 col-md-offset-1">
      <div class="feature">
        
<div class="tags indention">
  </div>

        
<div class="brief failed">
  <span class="keyword indention">Feature</span>
  <span class="name">PatternComprehension</span>
  

  </div>

        <div class="description indention"></div>

        <div class="elements inner-level">
                      
<div class="element">
  
  
<div class="tags indention">
  </div>

  
  <span class="lead-duration duration">0.057</span>


    <span data-toggle="collapse" class=" collapsable-control" data-target="#element-1">
    
<div class="brief failed">
  <span class="keyword indention">Scenario</span>
  <span class="name">Pattern comprehension and ORDER BY</span>
  

       <i class="chevron fa fa-fw"></i>
  </div>

  </span>
  <div class="description indention"></div>

  <div id="element-1" class="collapse collapsable-details  in ">
    


    
<div class="steps inner-level">
    <div data-toggle="collapse" class=" collapsable-control" data-target="#steps-2">
    
<div class="brief failed">
  <span class="keyword indention">Steps</span>
  <span class="name"></span>
  

       <i class="chevron fa fa-fw"></i>
  </div>

  </div>

  <div id="steps-2" class="inner-level collapse collapsable-details  in ">
          <div class="step">
        
<div class="brief passed">
  <span class="keyword indention">Given</span>
  <span class="name">an empty graph</span>
  
  <span class="lead-duration duration">0.000</span>

  </div>

        


        
        

        
  <div class="outputs inner-level">
          <div class="output indention">
        <div data-toggle="collapse" class=" collapsed  collapsable-control" data-target="#output-3">
          Output 1
          <i class="chevron fa fa-fw"></i>
        </div>
        <div id="output-3" class="collapse collapsable-details " >
          
          <pre><p>23:02:59.774 [Test worker] DEBUG o.a.t.g.driver.Client - g.V().drop()}} to - Connection{host=Host{address=localhost/127.0.0.1:37875, hostUri=ws://localhost:37875/gremlin}}
</p></pre>
        </div>
      </div>
      </div>

        
  
      </div>
          <div class="step">
        
<div class="brief passed">
  <span class="keyword indention">And</span>
  <span class="name">having executed:</span>
  
  <span class="lead-duration duration">0.008</span>

  </div>

        


        
        
  <div class="inner-level">
    <div class="docstring indention">
            <div data-toggle="collapse" class="collapsable-control" data-target="#msg-4">
          <a>Doc string</a>
      </div>
      <div id="msg-4" class="collapse collapsable-details">
        <pre>CREATE (a {time: 10}), (b {time: 20})
CREATE (a)-[:T]-&gt;(b)</pre>
      </div>
    </div>
  </div>

        
  <div class="outputs inner-level">
          <div class="output indention">
        <div data-toggle="collapse" class=" collapsed  collapsable-control" data-target="#output-5">
          Output 1
          <i class="chevron fa fa-fw"></i>
        </div>
        <div id="output-5" class="collapse collapsable-details " >
          
          <pre><p>23:02:59.777 [gremlin-server-worker-1] INFO  o.o.g.s.o.c.CypherOpProcessor - Cypher: CREATE (a {time: 10}), (b {time: 20}) CREATE (a)-[:T]-&gt;(b)
23:02:59.780 [Test worker] DEBUG o.a.t.g.driver.Client - CREATE (a {time: 10}), (b {time: 20})
CREATE (a)-[:T]-&gt;(b)}} to - Connection{host=Host{address=localhost/127.0.0.1:37875, hostUri=ws://localhost:37875/gremlin}}
23:02:59.782 [gremlin-server-worker-1] INFO  o.o.g.s.o.c.CypherOpProcessor - Gremlin: g.addV().as('a').property(single, 'time', 10).addV().as('b').property(single, 'time', 20).addE('T').from('a').to('b').barrier().limit(0)
</p></pre>
        </div>
      </div>
      </div>

        
  
      </div>
          <div class="step">
        
<div class="brief passed">
  <span class="keyword indention">When</span>
  <span class="name">executing query:</span>
  
  <span class="lead-duration duration">0.047</span>

  </div>

        


        
        
  <div class="inner-level">
    <div class="docstring indention">
            <div data-toggle="collapse" class="collapsable-control" data-target="#msg-6">
          <a>Doc string</a>
      </div>
      <div id="msg-6" class="collapse collapsable-details">
        <pre>MATCH (liker)
RETURN [p = (liker)--() | p] AS isNew
  ORDER BY liker.time</pre>
      </div>
    </div>
  </div>

        
  <div class="outputs inner-level">
          <div class="output indention">
        <div data-toggle="collapse" class=" collapsed  collapsable-control" data-target="#output-7">
          Output 1
          <i class="chevron fa fa-fw"></i>
        </div>
        <div id="output-7" class="collapse collapsable-details " >
          
          <pre><p>23:02:59.813 [Test worker] DEBUG o.a.t.g.driver.Client - MATCH (liker)
RETURN [p = (liker)--() | p] AS isNew
  ORDER BY liker.time}} to - Connection{host=Host{address=localhost/127.0.0.1:37875, hostUri=ws://localhost:37875/gremlin}}
23:02:59.814 [gremlin-server-worker-1] INFO  o.o.g.s.o.c.CypherOpProcessor - Cypher: MATCH (liker) RETURN [p = (liker)--() | p] AS isNew   ORDER BY liker.time
23:02:59.845 [gremlin-server-worker-1] INFO  o.o.g.s.o.c.CypherOpProcessor - Gremlin: g.V().as('liker').sideEffect(__.select('liker').bothE().as('  REL34').otherV().as('  NODE36').dedup('liker', '  REL34', '  NODE36').path().aggregate('  GENERATED3')).barrier().select('liker').project('liker', '  FRESHID21').by(__.identity()).by(__.select('  GENERATED3').map(cypherPathComprehension())).as('  GENERATED4').select('liker').as('liker').select('  GENERATED4').select('  FRESHID21').as('  FRESHID21').select('  FRESHID21', 'liker').project('  FRESHID21', '  FRESHID69').by(__.select('  FRESHID21')).by(__.select('liker').choose(neq('  cypher.null'), __.choose(__.values('time'), __.values('time'), __.constant('  cypher.null')), __.constant('  cypher.null'))).as('  GENERATED6').select('  FRESHID21').as('  FRESHID21').select('  GENERATED6').select('  FRESHID69').as('  FRESHID69').select('  FRESHID21', '  FRESHID69').project('  FRESHID21', '  FRESHID69').by(__.select('  FRESHID21')).by(__.select('  FRESHID69')).order().by(__.select('  FRESHID69'), incr).as('  GENERATED8').select('  FRESHID21').as('  FRESHID21').select('  GENERATED8').select('  FRESHID69').as('  FRESHID69').select('  FRESHID21').as('  FRESHID21').project('isNew').by(__.identity())
</p></pre>
        </div>
      </div>
      </div>

        
  
      </div>
          <div class="step">
        
<div class="brief failed">
  <span class="keyword indention">Then</span>
  <span class="name">the result should be:</span>
  
  <span class="lead-duration duration">0.000</span>

  </div>

        

  <div class="inner-level">
    <div class="message indention">
      <div data-toggle="collapse" class=" collapsable-control" data-target="#msg-8">
          <a>org.opencypher.tools.tck.api.Scenario$ScenarioFailedException: Feature &quot;PatternComprehension&quot;: Scenario &quot;Pattern comprehension and ORDER BY&quot; failed with message: </a>
      </div>
      <div id="msg-8" class="collapse collapsable-details  in ">
        <pre>org.opencypher.tools.tck.api.Scenario$ScenarioFailedException: Feature &quot;PatternComprehension&quot;: Scenario &quot;Pattern comprehension and ORDER BY&quot; failed with message: 
Expected (in any order of rows):
| isNew |
| [&lt;({time: 10})-[:T {}]-&gt;({time: 20})&gt;] |
| [&lt;({time: 20})&lt;-[:T {}]-({time: 10})&gt;] |
Actual:
| isNew |
| [&lt;({time: 10})-[:T {}]-&gt;({time: 20})&gt;, &lt;({time: 10})-[:T {}]-&gt;({time: 20})&gt;] |
| [&lt;({time: 10})-[:T {}]-&gt;({time: 20})&gt;, &lt;({time: 10})-[:T {}]-&gt;({time: 20})&gt;] |
	at org.opencypher.tools.tck.api.Scenario$$anonfun$executeOnGraph$1.apply(Scenario.scala:90)
	at org.opencypher.tools.tck.api.Scenario$$anonfun$executeOnGraph$1.apply(Scenario.scala:60)
	at scala.collection.LinearSeqOptimized$class.foldLeft(LinearSeqOptimized.scala:124)
	at scala.collection.immutable.List.foldLeft(List.scala:84)
	at org.opencypher.tools.tck.api.Scenario.executeOnGraph(Scenario.scala:60)
	at org.opencypher.tools.tck.api.Scenario$$anon$1.execute(Scenario.scala:54)
	at org.junit.jupiter.engine.descriptor.JupiterTestDescriptor.executeAndMaskThrowable(JupiterTestDescriptor.java:145)
	at org.junit.jupiter.engine.descriptor.DynamicTestTestDescriptor.execute(DynamicTestTestDescriptor.java:46)
	at org.junit.jupiter.engine.descriptor.DynamicTestTestDescriptor.execute(DynamicTestTestDescriptor.java:24)
	at org.junit.platform.engine.support.hierarchical.HierarchicalTestExecutor.lambda$execute$3(HierarchicalTestExecutor.java:83)
	at org.junit.platform.engine.support.hierarchical.SingleTestExecutor.executeSafely(SingleTestExecutor.java:66)
	at org.junit.platform.engine.support.hierarchical.HierarchicalTestExecutor.execute(HierarchicalTestExecutor.java:77)
	at org.junit.platform.engine.support.hierarchical.HierarchicalTestExecutor.lambda$null$0(HierarchicalTestExecutor.java:85)
	at org.junit.jupiter.engine.descriptor.TestFactoryTestDescriptor.lambda$invokeTestMethod$1(TestFactoryTestDescriptor.java:80)
	at org.junit.jupiter.engine.execution.ThrowableCollector.execute(ThrowableCollector.java:40)
	at org.junit.jupiter.engine.descriptor.TestFactoryTestDescriptor.invokeTestMethod(TestFactoryTestDescriptor.java:68)
	at org.junit.jupiter.engine.descriptor.TestMethodTestDescriptor.execute(TestMethodTestDescriptor.java:110)
	at org.junit.jupiter.engine.descriptor.TestMethodTestDescriptor.execute(TestMethodTestDescriptor.java:57)
	at org.junit.platform.engine.support.hierarchical.HierarchicalTestExecutor.lambda$execute$3(HierarchicalTestExecutor.java:83)
	at org.junit.platform.engine.support.hierarchical.SingleTestExecutor.executeSafely(SingleTestExecutor.java:66)
	at org.junit.platform.engine.support.hierarchical.HierarchicalTestExecutor.execute(HierarchicalTestExecutor.java:77)
	at org.junit.platform.engine.support.hierarchical.HierarchicalTestExecutor.lambda$null$2(HierarchicalTestExecutor.java:92)
	at java.util.stream.ForEachOps$ForEachOp$OfRef.accept(ForEachOps.java:184)
	at java.util.stream.ReferencePipeline$2$1.accept(ReferencePipeline.java:175)
	at java.util.Iterator.forEachRemaining(Iterator.java:116)
	at java.util.Spliterators$IteratorSpliterator.forEachRemaining(Spliterators.java:1801)
	at java.util.stream.AbstractPipeline.copyInto(AbstractPipeline.java:481)
	at java.util.stream.AbstractPipeline.wrapAndCopyInto(AbstractPipeline.java:471)
	at java.util.stream.ForEachOps$ForEachOp.evaluateSequential(ForEachOps.java:151)
	at java.util.stream.ForEachOps$ForEachOp$OfRef.evaluateSequential(ForEachOps.java:174)
	at java.util.stream.AbstractPipeline.evaluate(AbstractPipeline.java:234)
	at java.util.stream.ReferencePipeline.forEach(ReferencePipeline.java:418)
	at org.junit.platform.engine.support.hierarchical.HierarchicalTestExecutor.lambda$execute$3(HierarchicalTestExecutor.java:92)
	at org.junit.platform.engine.support.hierarchical.SingleTestExecutor.executeSafely(SingleTestExecutor.java:66)
	at org.junit.platform.engine.support.hierarchical.HierarchicalTestExecutor.execute(HierarchicalTestExecutor.java:77)
	at org.junit.platform.engine.support.hierarchical.HierarchicalTestExecutor.lambda$null$2(HierarchicalTestExecutor.java:92)
	at java.util.stream.ForEachOps$ForEachOp$OfRef.accept(ForEachOps.java:184)
	at java.util.stream.ReferencePipeline$2$1.accept(ReferencePipeline.java:175)
	at java.util.Iterator.forEachRemaining(Iterator.java:116)
	at java.util.Spliterators$IteratorSpliterator.forEachRemaining(Spliterators.java:1801)
	at java.util.stream.AbstractPipeline.copyInto(AbstractPipeline.java:481)
	at java.util.stream.AbstractPipeline.wrapAndCopyInto(AbstractPipeline.java:471)
	at java.util.stream.ForEachOps$ForEachOp.evaluateSequential(ForEachOps.java:151)
	at java.util.stream.ForEachOps$ForEachOp$OfRef.evaluateSequential(ForEachOps.java:174)
	at java.util.stream.AbstractPipeline.evaluate(AbstractPipeline.java:234)
	at java.util.stream.ReferencePipeline.forEach(ReferencePipeline.java:418)
	at org.junit.platform.engine.support.hierarchical.HierarchicalTestExecutor.lambda$execute$3(HierarchicalTestExecutor.java:92)
	at org.junit.platform.engine.support.hierarchical.SingleTestExecutor.executeSafely(SingleTestExecutor.java:66)
	at org.junit.platform.engine.support.hierarchical.HierarchicalTestExecutor.execute(HierarchicalTestExecutor.java:77)
	at org.junit.platform.engine.support.hierarchical.HierarchicalTestExecutor.execute(HierarchicalTestExecutor.java:51)
	at org.junit.platform.engine.support.hierarchical.HierarchicalTestEngine.execute(HierarchicalTestEngine.java:43)
	at org.junit.platform.launcher.core.DefaultLauncher.execute(DefaultLauncher.java:170)
	at org.junit.platform.launcher.core.DefaultLauncher.execute(DefaultLauncher.java:154)
	at org.junit.platform.launcher.core.DefaultLauncher.execute(DefaultLauncher.java:90)
	at org.gradle.api.internal.tasks.testing.junitplatform.JUnitPlatformTestClassProcessor$CollectAllTestClassesExecutor.processAllTestClasses(JUnitPlatformTestClassProcessor.java:92)
	at org.gradle.api.internal.tasks.testing.junitplatform.JUnitPlatformTestClassProcessor$CollectAllTestClassesExecutor.access$100(JUnitPlatformTestClassProcessor.java:77)
	at org.gradle.api.internal.tasks.testing.junitplatform.JUnitPlatformTestClassProcessor.stop(JUnitPlatformTestClassProcessor.java:73)
	at org.gradle.api.internal.tasks.testing.SuiteTestClassProcessor.stop(SuiteTestClassProcessor.java:61)
	at sun.reflect.NativeMethodAccessorImpl.invoke0(Native Method)
	at sun.reflect.NativeMethodAccessorImpl.invoke(NativeMethodAccessorImpl.java:62)
	at sun.reflect.DelegatingMethodAccessorImpl.invoke(DelegatingMethodAccessorImpl.java:43)
	at java.lang.reflect.Method.invoke(Method.java:498)
	at org.gradle.internal.dispatch.ReflectionDispatch.dispatch(ReflectionDispatch.java:35)
	at org.gradle.internal.dispatch.ReflectionDispatch.dispatch(ReflectionDispatch.java:24)
	at org.gradle.internal.dispatch.ContextClassLoaderDispatch.dispatch(ContextClassLoaderDispatch.java:32)
	at org.gradle.internal.dispatch.ProxyDispatchAdapter$DispatchingInvocationHandler.invoke(ProxyDispatchAdapter.java:93)
	at com.sun.proxy.$Proxy1.stop(Unknown Source)
	at org.gradle.api.internal.tasks.testing.worker.TestWorker.stop(TestWorker.java:123)
	at sun.reflect.NativeMethodAccessorImpl.invoke0(Native Method)
	at sun.reflect.NativeMethodAccessorImpl.invoke(NativeMethodAccessorImpl.java:62)
	at sun.reflect.DelegatingMethodAccessorImpl.invoke(DelegatingMethodAccessorImpl.java:43)
	at java.lang.reflect.Method.invoke(Method.java:498)
	at org.gradle.internal.dispatch.ReflectionDispatch.dispatch(ReflectionDispatch.java:35)
	at org.gradle.internal.dispatch.ReflectionDispatch.dispatch(ReflectionDispatch.java:24)
	at org.gradle.internal.remote.internal.hub.MessageHubBackedObjectConnection$DispatchWrapper.dispatch(MessageHubBackedObjectConnection.java:155)
	at org.gradle.internal.remote.internal.hub.MessageHubBackedObjectConnection$DispatchWrapper.dispatch(MessageHubBackedObjectConnection.java:137)
	at org.gradle.internal.remote.internal.hub.MessageHub$Handler.run(MessageHub.java:404)
	at org.gradle.internal.concurrent.ExecutorPolicy$CatchAndRecordFailures.onExecute(ExecutorPolicy.java:63)
	at org.gradle.internal.concurrent.ManagedExecutorImpl$1.run(ManagedExecutorImpl.java:46)
	at java.util.concurrent.ThreadPoolExecutor.runWorker(ThreadPoolExecutor.java:1149)
	at java.util.concurrent.ThreadPoolExecutor$Worker.run(ThreadPoolExecutor.java:624)
	at org.gradle.internal.concurrent.ThreadFactoryImpl$ManagedThreadRunnable.run(ThreadFactoryImpl.java:55)
	at java.lang.Thread.run(Thread.java:748)
</pre>
      </div>
    </div>
  </div>


                  <table class="step-arguments">
                          <tr>
                                  <td>isNew</td>
                              </tr>
                          <tr>
                                  <td>[&lt;({time: 10})-[:T]-&gt;({time: 20})&gt;]</td>
                              </tr>
                          <tr>
                                  <td>[&lt;({time: 20})&lt;-[:T]-({time: 10})&gt;]</td>
                              </tr>
                      </table>
        
        

        

        
  
      </div>
      </div>
</div>


    

  </div>
</div>

                      
<div class="element">
  
  
<div class="tags indention">
  </div>

  
  <span class="lead-duration duration">0.020</span>


    <span data-toggle="collapse" class=" collapsable-control" data-target="#element-9">
    
<div class="brief failed">
  <span class="keyword indention">Scenario</span>
  <span class="name">Returning a pattern comprehension</span>
  

       <i class="chevron fa fa-fw"></i>
  </div>

  </span>
  <div class="description indention"></div>

  <div id="element-9" class="collapse collapsable-details  in ">
    


    
<div class="steps inner-level">
    <div data-toggle="collapse" class=" collapsable-control" data-target="#steps-10">
    
<div class="brief failed">
  <span class="keyword indention">Steps</span>
  <span class="name"></span>
  

       <i class="chevron fa fa-fw"></i>
  </div>

  </div>

  <div id="steps-10" class="inner-level collapse collapsable-details  in ">
          <div class="step">
        
<div class="brief passed">
  <span class="keyword indention">Given</span>
  <span class="name">an empty graph</span>
  
  <span class="lead-duration duration">0.000</span>

  </div>

        


        
        

        
  <div class="outputs inner-level">
          <div class="output indention">
        <div data-toggle="collapse" class=" collapsed  collapsable-control" data-target="#output-11">
          Output 1
          <i class="chevron fa fa-fw"></i>
        </div>
        <div id="output-11" class="collapse collapsable-details " >
          
          <pre><p>23:02:59.862 [Test worker] DEBUG o.a.t.g.driver.Client - g.V().drop()}} to - Connection{host=Host{address=localhost/127.0.0.1:37875, hostUri=ws://localhost:37875/gremlin}}
</p></pre>
        </div>
      </div>
      </div>

        
  
      </div>
          <div class="step">
        
<div class="brief passed">
  <span class="keyword indention">And</span>
  <span class="name">having executed:</span>
  
  <span class="lead-duration duration">0.010</span>

  </div>

        


        
        
  <div class="inner-level">
    <div class="docstring indention">
            <div data-toggle="collapse" class="collapsable-control" data-target="#msg-12">
          <a>Doc string</a>
      </div>
      <div id="msg-12" class="collapse collapsable-details">
        <pre>CREATE (a:A)
CREATE (a)-[:T]-&gt;(:B),
       (a)-[:T]-&gt;(:C)</pre>
      </div>
    </div>
  </div>

        
  <div class="outputs inner-level">
          <div class="output indention">
        <div data-toggle="collapse" class=" collapsed  collapsable-control" data-target="#output-13">
          Output 1
          <i class="chevron fa fa-fw"></i>
        </div>
        <div id="output-13" class="collapse collapsable-details " >
          
          <pre><p>23:02:59.864 [Test worker] DEBUG o.a.t.g.driver.Client - CREATE (a:A)
CREATE (a)-[:T]-&gt;(:B),
       (a)-[:T]-&gt;(:C)}} to - Connection{host=Host{address=localhost/127.0.0.1:37875, hostUri=ws://localhost:37875/gremlin}}
23:02:59.864 [gremlin-server-worker-1] INFO  o.o.g.s.o.c.CypherOpProcessor - Cypher: CREATE (a:A) CREATE (a)-[:T]-&gt;(:B),        (a)-[:T]-&gt;(:C)
23:02:59.868 [gremlin-server-worker-1] INFO  o.o.g.s.o.c.CypherOpProcessor - Gremlin: g.addV('A').as('a').addV('B').as('  UNNAMED31').addE('T').from('a').to('  UNNAMED31').addV('C').as('  UNNAMED54').addE('T').from('a').to('  UNNAMED54').barrier().limit(0)
</p></pre>
        </div>
      </div>
      </div>

        
  
      </div>
          <div class="step">
        
<div class="brief passed">
  <span class="keyword indention">When</span>
  <span class="name">executing query:</span>
  
  <span class="lead-duration duration">0.008</span>

  </div>

        


        
        
  <div class="inner-level">
    <div class="docstring indention">
            <div data-toggle="collapse" class="collapsable-control" data-target="#msg-14">
          <a>Doc string</a>
      </div>
      <div id="msg-14" class="collapse collapsable-details">
        <pre>MATCH (n)
RETURN [p = (n)--&gt;() | p] AS ps</pre>
      </div>
    </div>
  </div>

        
  <div class="outputs inner-level">
          <div class="output indention">
        <div data-toggle="collapse" class=" collapsed  collapsable-control" data-target="#output-15">
          Output 1
          <i class="chevron fa fa-fw"></i>
        </div>
        <div id="output-15" class="collapse collapsable-details " >
          
          <pre><p>23:02:59.906 [Test worker] DEBUG o.a.t.g.driver.Client - MATCH (n)
RETURN [p = (n)--&gt;() | p] AS ps}} to - Connection{host=Host{address=localhost/127.0.0.1:37875, hostUri=ws://localhost:37875/gremlin}}
23:02:59.907 [gremlin-server-worker-1] INFO  o.o.g.s.o.c.CypherOpProcessor - Cypher: MATCH (n) RETURN [p = (n)--&gt;() | p] AS ps
23:02:59.912 [gremlin-server-worker-1] INFO  o.o.g.s.o.c.CypherOpProcessor - Gremlin: g.V().as('n').sideEffect(__.select('n').outE().inV().path().aggregate('  GENERATED3')).barrier().select('n').project('ps').by(__.select('  GENERATED3').map(cypherPathComprehension()))
</p></pre>
        </div>
      </div>
      </div>

        
  
      </div>
          <div class="step">
        
<div class="brief failed">
  <span class="keyword indention">Then</span>
  <span class="name">the result should be:</span>
  
  <span class="lead-duration duration">0.001</span>

  </div>

        

  <div class="inner-level">
    <div class="message indention">
      <div data-toggle="collapse" class=" collapsable-control" data-target="#msg-16">
          <a>org.opencypher.tools.tck.api.Scenario$ScenarioFailedException: Feature &quot;PatternComprehension&quot;: Scenario &quot;Returning a pattern comprehension&quot; failed with message: </a>
      </div>
      <div id="msg-16" class="collapse collapsable-details  in ">
        <pre>org.opencypher.tools.tck.api.Scenario$ScenarioFailedException: Feature &quot;PatternComprehension&quot;: Scenario &quot;Returning a pattern comprehension&quot; failed with message: 
Expected (in any order of rows):
| ps |
| [&lt;(:A)-[:T {}]-&gt;(:C)&gt;, &lt;(:A)-[:T {}]-&gt;(:B)&gt;] |
| [] |
| [] |
Actual:
| ps |
| [&lt;(:A)-[:T {}]-&gt;(:B)&gt;, &lt;(:A)-[:T {}]-&gt;(:C)&gt;] |
| [&lt;(:A)-[:T {}]-&gt;(:B)&gt;, &lt;(:A)-[:T {}]-&gt;(:C)&gt;] |
| [&lt;(:A)-[:T {}]-&gt;(:B)&gt;, &lt;(:A)-[:T {}]-&gt;(:C)&gt;] |
	at org.opencypher.tools.tck.api.Scenario$$anonfun$executeOnGraph$1.apply(Scenario.scala:90)
	at org.opencypher.tools.tck.api.Scenario$$anonfun$executeOnGraph$1.apply(Scenario.scala:60)
	at scala.collection.LinearSeqOptimized$class.foldLeft(LinearSeqOptimized.scala:124)
	at scala.collection.immutable.List.foldLeft(List.scala:84)
	at org.opencypher.tools.tck.api.Scenario.executeOnGraph(Scenario.scala:60)
	at org.opencypher.tools.tck.api.Scenario$$anon$1.execute(Scenario.scala:54)
	at org.junit.jupiter.engine.descriptor.JupiterTestDescriptor.executeAndMaskThrowable(JupiterTestDescriptor.java:145)
	at org.junit.jupiter.engine.descriptor.DynamicTestTestDescriptor.execute(DynamicTestTestDescriptor.java:46)
	at org.junit.jupiter.engine.descriptor.DynamicTestTestDescriptor.execute(DynamicTestTestDescriptor.java:24)
	at org.junit.platform.engine.support.hierarchical.HierarchicalTestExecutor.lambda$execute$3(HierarchicalTestExecutor.java:83)
	at org.junit.platform.engine.support.hierarchical.SingleTestExecutor.executeSafely(SingleTestExecutor.java:66)
	at org.junit.platform.engine.support.hierarchical.HierarchicalTestExecutor.execute(HierarchicalTestExecutor.java:77)
	at org.junit.platform.engine.support.hierarchical.HierarchicalTestExecutor.lambda$null$0(HierarchicalTestExecutor.java:85)
	at org.junit.jupiter.engine.descriptor.TestFactoryTestDescriptor.lambda$invokeTestMethod$1(TestFactoryTestDescriptor.java:80)
	at org.junit.jupiter.engine.execution.ThrowableCollector.execute(ThrowableCollector.java:40)
	at org.junit.jupiter.engine.descriptor.TestFactoryTestDescriptor.invokeTestMethod(TestFactoryTestDescriptor.java:68)
	at org.junit.jupiter.engine.descriptor.TestMethodTestDescriptor.execute(TestMethodTestDescriptor.java:110)
	at org.junit.jupiter.engine.descriptor.TestMethodTestDescriptor.execute(TestMethodTestDescriptor.java:57)
	at org.junit.platform.engine.support.hierarchical.HierarchicalTestExecutor.lambda$execute$3(HierarchicalTestExecutor.java:83)
	at org.junit.platform.engine.support.hierarchical.SingleTestExecutor.executeSafely(SingleTestExecutor.java:66)
	at org.junit.platform.engine.support.hierarchical.HierarchicalTestExecutor.execute(HierarchicalTestExecutor.java:77)
	at org.junit.platform.engine.support.hierarchical.HierarchicalTestExecutor.lambda$null$2(HierarchicalTestExecutor.java:92)
	at java.util.stream.ForEachOps$ForEachOp$OfRef.accept(ForEachOps.java:184)
	at java.util.stream.ReferencePipeline$2$1.accept(ReferencePipeline.java:175)
	at java.util.Iterator.forEachRemaining(Iterator.java:116)
	at java.util.Spliterators$IteratorSpliterator.forEachRemaining(Spliterators.java:1801)
	at java.util.stream.AbstractPipeline.copyInto(AbstractPipeline.java:481)
	at java.util.stream.AbstractPipeline.wrapAndCopyInto(AbstractPipeline.java:471)
	at java.util.stream.ForEachOps$ForEachOp.evaluateSequential(ForEachOps.java:151)
	at java.util.stream.ForEachOps$ForEachOp$OfRef.evaluateSequential(ForEachOps.java:174)
	at java.util.stream.AbstractPipeline.evaluate(AbstractPipeline.java:234)
	at java.util.stream.ReferencePipeline.forEach(ReferencePipeline.java:418)
	at org.junit.platform.engine.support.hierarchical.HierarchicalTestExecutor.lambda$execute$3(HierarchicalTestExecutor.java:92)
	at org.junit.platform.engine.support.hierarchical.SingleTestExecutor.executeSafely(SingleTestExecutor.java:66)
	at org.junit.platform.engine.support.hierarchical.HierarchicalTestExecutor.execute(HierarchicalTestExecutor.java:77)
	at org.junit.platform.engine.support.hierarchical.HierarchicalTestExecutor.lambda$null$2(HierarchicalTestExecutor.java:92)
	at java.util.stream.ForEachOps$ForEachOp$OfRef.accept(ForEachOps.java:184)
	at java.util.stream.ReferencePipeline$2$1.accept(ReferencePipeline.java:175)
	at java.util.Iterator.forEachRemaining(Iterator.java:116)
	at java.util.Spliterators$IteratorSpliterator.forEachRemaining(Spliterators.java:1801)
	at java.util.stream.AbstractPipeline.copyInto(AbstractPipeline.java:481)
	at java.util.stream.AbstractPipeline.wrapAndCopyInto(AbstractPipeline.java:471)
	at java.util.stream.ForEachOps$ForEachOp.evaluateSequential(ForEachOps.java:151)
	at java.util.stream.ForEachOps$ForEachOp$OfRef.evaluateSequential(ForEachOps.java:174)
	at java.util.stream.AbstractPipeline.evaluate(AbstractPipeline.java:234)
	at java.util.stream.ReferencePipeline.forEach(ReferencePipeline.java:418)
	at org.junit.platform.engine.support.hierarchical.HierarchicalTestExecutor.lambda$execute$3(HierarchicalTestExecutor.java:92)
	at org.junit.platform.engine.support.hierarchical.SingleTestExecutor.executeSafely(SingleTestExecutor.java:66)
	at org.junit.platform.engine.support.hierarchical.HierarchicalTestExecutor.execute(HierarchicalTestExecutor.java:77)
	at org.junit.platform.engine.support.hierarchical.HierarchicalTestExecutor.execute(HierarchicalTestExecutor.java:51)
	at org.junit.platform.engine.support.hierarchical.HierarchicalTestEngine.execute(HierarchicalTestEngine.java:43)
	at org.junit.platform.launcher.core.DefaultLauncher.execute(DefaultLauncher.java:170)
	at org.junit.platform.launcher.core.DefaultLauncher.execute(DefaultLauncher.java:154)
	at org.junit.platform.launcher.core.DefaultLauncher.execute(DefaultLauncher.java:90)
	at org.gradle.api.internal.tasks.testing.junitplatform.JUnitPlatformTestClassProcessor$CollectAllTestClassesExecutor.processAllTestClasses(JUnitPlatformTestClassProcessor.java:92)
	at org.gradle.api.internal.tasks.testing.junitplatform.JUnitPlatformTestClassProcessor$CollectAllTestClassesExecutor.access$100(JUnitPlatformTestClassProcessor.java:77)
	at org.gradle.api.internal.tasks.testing.junitplatform.JUnitPlatformTestClassProcessor.stop(JUnitPlatformTestClassProcessor.java:73)
	at org.gradle.api.internal.tasks.testing.SuiteTestClassProcessor.stop(SuiteTestClassProcessor.java:61)
	at sun.reflect.NativeMethodAccessorImpl.invoke0(Native Method)
	at sun.reflect.NativeMethodAccessorImpl.invoke(NativeMethodAccessorImpl.java:62)
	at sun.reflect.DelegatingMethodAccessorImpl.invoke(DelegatingMethodAccessorImpl.java:43)
	at java.lang.reflect.Method.invoke(Method.java:498)
	at org.gradle.internal.dispatch.ReflectionDispatch.dispatch(ReflectionDispatch.java:35)
	at org.gradle.internal.dispatch.ReflectionDispatch.dispatch(ReflectionDispatch.java:24)
	at org.gradle.internal.dispatch.ContextClassLoaderDispatch.dispatch(ContextClassLoaderDispatch.java:32)
	at org.gradle.internal.dispatch.ProxyDispatchAdapter$DispatchingInvocationHandler.invoke(ProxyDispatchAdapter.java:93)
	at com.sun.proxy.$Proxy1.stop(Unknown Source)
	at org.gradle.api.internal.tasks.testing.worker.TestWorker.stop(TestWorker.java:123)
	at sun.reflect.NativeMethodAccessorImpl.invoke0(Native Method)
	at sun.reflect.NativeMethodAccessorImpl.invoke(NativeMethodAccessorImpl.java:62)
	at sun.reflect.DelegatingMethodAccessorImpl.invoke(DelegatingMethodAccessorImpl.java:43)
	at java.lang.reflect.Method.invoke(Method.java:498)
	at org.gradle.internal.dispatch.ReflectionDispatch.dispatch(ReflectionDispatch.java:35)
	at org.gradle.internal.dispatch.ReflectionDispatch.dispatch(ReflectionDispatch.java:24)
	at org.gradle.internal.remote.internal.hub.MessageHubBackedObjectConnection$DispatchWrapper.dispatch(MessageHubBackedObjectConnection.java:155)
	at org.gradle.internal.remote.internal.hub.MessageHubBackedObjectConnection$DispatchWrapper.dispatch(MessageHubBackedObjectConnection.java:137)
	at org.gradle.internal.remote.internal.hub.MessageHub$Handler.run(MessageHub.java:404)
	at org.gradle.internal.concurrent.ExecutorPolicy$CatchAndRecordFailures.onExecute(ExecutorPolicy.java:63)
	at org.gradle.internal.concurrent.ManagedExecutorImpl$1.run(ManagedExecutorImpl.java:46)
	at java.util.concurrent.ThreadPoolExecutor.runWorker(ThreadPoolExecutor.java:1149)
	at java.util.concurrent.ThreadPoolExecutor$Worker.run(ThreadPoolExecutor.java:624)
	at org.gradle.internal.concurrent.ThreadFactoryImpl$ManagedThreadRunnable.run(ThreadFactoryImpl.java:55)
	at java.lang.Thread.run(Thread.java:748)
</pre>
      </div>
    </div>
  </div>


                  <table class="step-arguments">
                          <tr>
                                  <td>ps</td>
                              </tr>
                          <tr>
                                  <td>[&lt;(:A)-[:T]-&gt;(:C)&gt;, &lt;(:A)-[:T]-&gt;(:B)&gt;]</td>
                              </tr>
                          <tr>
                                  <td>[]</td>
                              </tr>
                          <tr>
                                  <td>[]</td>
                              </tr>
                      </table>
        
        

        

        
  
      </div>
      </div>
</div>


    

  </div>
</div>

                      
<div class="element">
  
  
<div class="tags indention">
  </div>

  
  <span class="lead-duration duration">0.058</span>


    <span data-toggle="collapse" class=" collapsed  collapsable-control" data-target="#element-17">
    
<div class="brief passed">
  <span class="keyword indention">Scenario</span>
  <span class="name">Returning a pattern comprehension with label predicate</span>
  

       <i class="chevron fa fa-fw"></i>
  </div>

  </span>
  <div class="description indention"></div>

  <div id="element-17" class="collapse collapsable-details ">
    


    
<div class="steps inner-level">
    <div data-toggle="collapse" class=" collapsed  collapsable-control" data-target="#steps-18">
    
<div class="brief passed">
  <span class="keyword indention">Steps</span>
  <span class="name"></span>
  

       <i class="chevron fa fa-fw"></i>
  </div>

  </div>

  <div id="steps-18" class="inner-level collapse collapsable-details ">
          <div class="step">
        
<div class="brief passed">
  <span class="keyword indention">Given</span>
  <span class="name">an empty graph</span>
  
  <span class="lead-duration duration">0.000</span>

  </div>

        


        
        

        
  <div class="outputs inner-level">
          <div class="output indention">
        <div data-toggle="collapse" class=" collapsed  collapsable-control" data-target="#output-19">
          Output 1
          <i class="chevron fa fa-fw"></i>
        </div>
        <div id="output-19" class="collapse collapsable-details " >
          
          <pre><p>23:02:59.917 [Test worker] DEBUG o.a.t.g.driver.Client - g.V().drop()}} to - Connection{host=Host{address=localhost/127.0.0.1:37875, hostUri=ws://localhost:37875/gremlin}}
</p></pre>
        </div>
      </div>
      </div>

        
  
      </div>
          <div class="step">
        
<div class="brief passed">
  <span class="keyword indention">And</span>
  <span class="name">having executed:</span>
  
  <span class="lead-duration duration">0.016</span>

  </div>

        


        
        
  <div class="inner-level">
    <div class="docstring indention">
            <div data-toggle="collapse" class="collapsable-control" data-target="#msg-20">
          <a>Doc string</a>
      </div>
      <div id="msg-20" class="collapse collapsable-details">
        <pre>CREATE (a:A), (b:B), (c:C), (d:D)
CREATE (a)-[:T]-&gt;(b),
       (a)-[:T]-&gt;(c),
       (a)-[:T]-&gt;(d)</pre>
      </div>
    </div>
  </div>

        
  <div class="outputs inner-level">
          <div class="output indention">
        <div data-toggle="collapse" class=" collapsed  collapsable-control" data-target="#output-21">
          Output 1
          <i class="chevron fa fa-fw"></i>
        </div>
        <div id="output-21" class="collapse collapsable-details " >
          
          <pre><p>23:02:59.921 [Test worker] DEBUG o.a.t.g.driver.Client - CREATE (a:A), (b:B), (c:C), (d:D)
CREATE (a)-[:T]-&gt;(b),
       (a)-[:T]-&gt;(c),
       (a)-[:T]-&gt;(d)}} to - Connection{host=Host{address=localhost/127.0.0.1:37875, hostUri=ws://localhost:37875/gremlin}}
23:02:59.922 [gremlin-server-worker-1] INFO  o.o.g.s.o.c.CypherOpProcessor - Cypher: CREATE (a:A), (b:B), (c:C), (d:D) CREATE (a)-[:T]-&gt;(b),        (a)-[:T]-&gt;(c),        (a)-[:T]-&gt;(d)
23:02:59.929 [gremlin-server-worker-1] INFO  o.o.g.s.o.c.CypherOpProcessor - Gremlin: g.addV('A').as('a').addV('B').as('b').addV('C').as('c').addV('D').as('d').addE('T').from('a').to('b').addE('T').from('a').to('c').addE('T').from('a').to('d').barrier().limit(0)
</p></pre>
        </div>
      </div>
      </div>

        
  
      </div>
          <div class="step">
        
<div class="brief passed">
  <span class="keyword indention">When</span>
  <span class="name">executing query:</span>
  
  <span class="lead-duration duration">0.009</span>

  </div>

        


        
        
  <div class="inner-level">
    <div class="docstring indention">
            <div data-toggle="collapse" class="collapsable-control" data-target="#msg-22">
          <a>Doc string</a>
      </div>
      <div id="msg-22" class="collapse collapsable-details">
        <pre>MATCH (n:A)
RETURN [p = (n)--&gt;(:B) | p]</pre>
      </div>
    </div>
  </div>

        
  <div class="outputs inner-level">
          <div class="output indention">
        <div data-toggle="collapse" class=" collapsed  collapsable-control" data-target="#output-23">
          Output 1
          <i class="chevron fa fa-fw"></i>
        </div>
        <div id="output-23" class="collapse collapsable-details " >
          
          <pre><p>23:02:59.975 [gremlin-server-worker-1] INFO  o.o.g.s.o.c.CypherOpProcessor - Cypher: MATCH (n:A) RETURN [p = (n)--&gt;(:B) | p]
23:02:59.982 [gremlin-server-worker-1] INFO  o.o.g.s.o.c.CypherOpProcessor - Gremlin: g.V().as('n').hasLabel('A').sideEffect(__.select('n').outE().inV().hasLabel('B').path().aggregate('  GENERATED3')).barrier().select('n').project('[p = (n)--&gt;(:B) | p]').by(__.select('  GENERATED3').map(cypherPathComprehension()))
23:02:59.984 [Test worker] DEBUG o.a.t.g.driver.Client - MATCH (n:A)
RETURN [p = (n)--&gt;(:B) | p]}} to - Connection{host=Host{address=localhost/127.0.0.1:37875, hostUri=ws://localhost:37875/gremlin}}
</p></pre>
        </div>
      </div>
      </div>

        
  
      </div>
          <div class="step">
        
<div class="brief passed">
  <span class="keyword indention">Then</span>
  <span class="name">the result should be:</span>
  
  <span class="lead-duration duration">0.000</span>

  </div>

        


                  <table class="step-arguments">
                          <tr>
                                  <td>[p = (n)--&gt;(:B) | p]</td>
                              </tr>
                          <tr>
                                  <td>[&lt;(:A)-[:T]-&gt;(:B)&gt;]</td>
                              </tr>
                      </table>
        
        

        

        
  
      </div>
          <div class="step">
        
<div class="brief passed">
  <span class="keyword indention">And</span>
  <span class="name">no side effects</span>
  
  <span class="lead-duration duration">0.032</span>

  </div>

        


        
        

        
  <div class="outputs inner-level">
          <div class="output indention">
        <div data-toggle="collapse" class=" collapsed  collapsable-control" data-target="#output-24">
          Output 1
          <i class="chevron fa fa-fw"></i>
        </div>
        <div id="output-24" class="collapse collapsable-details " >
          
          <pre><p>23:02:59.984 [Test worker] DEBUG o.a.t.g.driver.Client - MATCH (n) RETURN id(n)}} to - Connection{host=Host{address=localhost/127.0.0.1:37875, hostUri=ws://localhost:37875/gremlin}}
23:02:59.984 [gremlin-server-worker-1] INFO  o.o.g.s.o.c.CypherOpProcessor - Cypher: MATCH (n) RETURN id(n)
23:02:59.988 [gremlin-server-worker-1] INFO  o.o.g.s.o.c.CypherOpProcessor - Gremlin: g.V().project('id(n)').by(__.choose(neq('  cypher.null'), __.id(), __.constant('  cypher.null')))
23:02:59.989 [Test worker] DEBUG o.a.t.g.driver.Client - MATCH ()-[r]-&gt;() RETURN id(r)}} to - Connection{host=Host{address=localhost/127.0.0.1:37875, hostUri=ws://localhost:37875/gremlin}}
23:02:59.989 [gremlin-server-worker-1] INFO  o.o.g.s.o.c.CypherOpProcessor - Cypher: MATCH ()-[r]-&gt;() RETURN id(r)
23:02:59.993 [gremlin-server-worker-1] INFO  o.o.g.s.o.c.CypherOpProcessor - Gremlin: g.E().project('id(r)').by(__.choose(neq('  cypher.null'), __.id(), __.constant('  cypher.null')))
23:02:59.995 [Test worker] DEBUG o.a.t.g.driver.Client - MATCH (n)
UNWIND labels(n) AS label
RETURN DISTINCT label}} to - Connection{host=Host{address=localhost/127.0.0.1:37875, hostUri=ws://localhost:37875/gremlin}}
23:02:59.996 [gremlin-server-worker-1] INFO  o.o.g.s.o.c.CypherOpProcessor - Cypher: MATCH (n) UNWIND labels(n) AS label RETURN DISTINCT label
23:02:59.999 [gremlin-server-worker-1] INFO  o.o.g.s.o.c.CypherOpProcessor - Gremlin: g.V().label().is(neq('vertex')).project('label').by(__.identity()).dedup()
23:03:00.000 [Test worker] DEBUG o.a.t.g.driver.Client - g.V().as('V').properties().project('nodeId', 'key', 'value').by(__.select('V').id()).by(__.key()).by(__.value())}} to - Connection{host=Host{address=localhost/127.0.0.1:37875, hostUri=ws://localhost:37875/gremlin}}
23:03:00.007 [Test worker] DEBUG o.a.t.g.driver.Client - g.V().outE().as('E').properties().project('relId', 'key', 'value').by(__.select('E').id()).by(__.key()).by(__.value())}} to - Connection{host=Host{address=localhost/127.0.0.1:37875, hostUri=ws://localhost:37875/gremlin}}
-labels:        0
+labels:        0
+nodes:         0
-nodes:         0
-properties:    0
+properties:    0
-relationships: 0
+relationships: 0
</p></pre>
        </div>
      </div>
      </div>

        
  
      </div>
      </div>
</div>


    

  </div>
</div>

                      
<div class="element">
  
  
<div class="tags indention">
  </div>

  
  <span class="lead-duration duration">0.054</span>


    <span data-toggle="collapse" class=" collapsed  collapsable-control" data-target="#element-25">
    
<div class="brief passed">
  <span class="keyword indention">Scenario</span>
  <span class="name">Returning a pattern comprehension with bound nodes</span>
  

       <i class="chevron fa fa-fw"></i>
  </div>

  </span>
  <div class="description indention"></div>

  <div id="element-25" class="collapse collapsable-details ">
    


    
<div class="steps inner-level">
    <div data-toggle="collapse" class=" collapsed  collapsable-control" data-target="#steps-26">
    
<div class="brief passed">
  <span class="keyword indention">Steps</span>
  <span class="name"></span>
  

       <i class="chevron fa fa-fw"></i>
  </div>

  </div>

  <div id="steps-26" class="inner-level collapse collapsable-details ">
          <div class="step">
        
<div class="brief passed">
  <span class="keyword indention">Given</span>
  <span class="name">an empty graph</span>
  
  <span class="lead-duration duration">0.000</span>

  </div>

        


        
        

        
  <div class="outputs inner-level">
          <div class="output indention">
        <div data-toggle="collapse" class=" collapsed  collapsable-control" data-target="#output-27">
          Output 1
          <i class="chevron fa fa-fw"></i>
        </div>
        <div id="output-27" class="collapse collapsable-details " >
          
          <pre><p>23:03:00.016 [Test worker] DEBUG o.a.t.g.driver.Client - g.V().drop()}} to - Connection{host=Host{address=localhost/127.0.0.1:37875, hostUri=ws://localhost:37875/gremlin}}
</p></pre>
        </div>
      </div>
      </div>

        
  
      </div>
          <div class="step">
        
<div class="brief passed">
  <span class="keyword indention">And</span>
  <span class="name">having executed:</span>
  
  <span class="lead-duration duration">0.010</span>

  </div>

        


        
        
  <div class="inner-level">
    <div class="docstring indention">
            <div data-toggle="collapse" class="collapsable-control" data-target="#msg-28">
          <a>Doc string</a>
      </div>
      <div id="msg-28" class="collapse collapsable-details">
        <pre>CREATE (a:A), (b:B)
CREATE (a)-[:T]-&gt;(b)</pre>
      </div>
    </div>
  </div>

        
  <div class="outputs inner-level">
          <div class="output indention">
        <div data-toggle="collapse" class=" collapsed  collapsable-control" data-target="#output-29">
          Output 1
          <i class="chevron fa fa-fw"></i>
        </div>
        <div id="output-29" class="collapse collapsable-details " >
          
          <pre><p>23:03:00.020 [Test worker] DEBUG o.a.t.g.driver.Client - CREATE (a:A), (b:B)
CREATE (a)-[:T]-&gt;(b)}} to - Connection{host=Host{address=localhost/127.0.0.1:37875, hostUri=ws://localhost:37875/gremlin}}
23:03:00.020 [gremlin-server-worker-1] INFO  o.o.g.s.o.c.CypherOpProcessor - Cypher: CREATE (a:A), (b:B) CREATE (a)-[:T]-&gt;(b)
23:03:00.024 [gremlin-server-worker-1] INFO  o.o.g.s.o.c.CypherOpProcessor - Gremlin: g.addV('A').as('a').addV('B').as('b').addE('T').from('a').to('b').barrier().limit(0)
</p></pre>
        </div>
      </div>
      </div>

        
  
      </div>
          <div class="step">
        
<div class="brief passed">
  <span class="keyword indention">When</span>
  <span class="name">executing query:</span>
  
  <span class="lead-duration duration">0.012</span>

  </div>

        


        
        
  <div class="inner-level">
    <div class="docstring indention">
            <div data-toggle="collapse" class="collapsable-control" data-target="#msg-30">
          <a>Doc string</a>
      </div>
      <div id="msg-30" class="collapse collapsable-details">
        <pre>MATCH (a:A), (b:B)
RETURN [p = (a)-[*]-&gt;(b) | p] AS paths</pre>
      </div>
    </div>
  </div>

        
  <div class="outputs inner-level">
          <div class="output indention">
        <div data-toggle="collapse" class=" collapsed  collapsable-control" data-target="#output-31">
          Output 1
          <i class="chevron fa fa-fw"></i>
        </div>
        <div id="output-31" class="collapse collapsable-details " >
          
          <pre><p>23:03:00.061 [Test worker] DEBUG o.a.t.g.driver.Client - MATCH (a:A), (b:B)
RETURN [p = (a)-[*]-&gt;(b) | p] AS paths}} to - Connection{host=Host{address=localhost/127.0.0.1:37875, hostUri=ws://localhost:37875/gremlin}}
23:03:00.061 [gremlin-server-worker-1] INFO  o.o.g.s.o.c.CypherOpProcessor - Cypher: MATCH (a:A), (b:B) RETURN [p = (a)-[*]-&gt;(b) | p] AS paths
23:03:00.070 [gremlin-server-worker-1] INFO  o.o.g.s.o.c.CypherOpProcessor - Gremlin: g.V().as('a').hasLabel('A').V().as('b').hasLabel('B').sideEffect(__.select('a').as('  cypher.path.start.GENERATED2').repeat(__.outE().inV()).emit().until(__.path().from('  cypher.path.start.GENERATED2').count(local).is(gte(21))).as('  GENERATED3').where(__.select('  GENERATED3').where(eq('b'))).path().aggregate('  GENERATED4')).barrier().select('a', 'b').project('paths').by(__.select('  GENERATED4').map(cypherPathComprehension()))
</p></pre>
        </div>
      </div>
      </div>

        
  
      </div>
          <div class="step">
        
<div class="brief passed">
  <span class="keyword indention">Then</span>
  <span class="name">the result should be:</span>
  
  <span class="lead-duration duration">0.000</span>

  </div>

        


                  <table class="step-arguments">
                          <tr>
                                  <td>paths</td>
                              </tr>
                          <tr>
                                  <td>[&lt;(:A)-[:T]-&gt;(:B)&gt;]</td>
                              </tr>
                      </table>
        
        

        

        
  
      </div>
          <div class="step">
        
<div class="brief passed">
  <span class="keyword indention">And</span>
  <span class="name">no side effects</span>
  
  <span class="lead-duration duration">0.031</span>

  </div>

        


        
        

        
  <div class="outputs inner-level">
          <div class="output indention">
        <div data-toggle="collapse" class=" collapsed  collapsable-control" data-target="#output-32">
          Output 1
          <i class="chevron fa fa-fw"></i>
        </div>
        <div id="output-32" class="collapse collapsable-details " >
          
          <pre><p>23:03:00.073 [Test worker] DEBUG o.a.t.g.driver.Client - MATCH (n) RETURN id(n)}} to - Connection{host=Host{address=localhost/127.0.0.1:37875, hostUri=ws://localhost:37875/gremlin}}
23:03:00.073 [gremlin-server-worker-1] INFO  o.o.g.s.o.c.CypherOpProcessor - Cypher: MATCH (n) RETURN id(n)
23:03:00.077 [gremlin-server-worker-1] INFO  o.o.g.s.o.c.CypherOpProcessor - Gremlin: g.V().project('id(n)').by(__.choose(neq('  cypher.null'), __.id(), __.constant('  cypher.null')))
23:03:00.077 [Test worker] DEBUG o.a.t.g.driver.Client - MATCH ()-[r]-&gt;() RETURN id(r)}} to - Connection{host=Host{address=localhost/127.0.0.1:37875, hostUri=ws://localhost:37875/gremlin}}
23:03:00.078 [gremlin-server-worker-1] INFO  o.o.g.s.o.c.CypherOpProcessor - Cypher: MATCH ()-[r]-&gt;() RETURN id(r)
23:03:00.082 [gremlin-server-worker-1] INFO  o.o.g.s.o.c.CypherOpProcessor - Gremlin: g.E().project('id(r)').by(__.choose(neq('  cypher.null'), __.id(), __.constant('  cypher.null')))
23:03:00.083 [Test worker] DEBUG o.a.t.g.driver.Client - MATCH (n)
UNWIND labels(n) AS label
RETURN DISTINCT label}} to - Connection{host=Host{address=localhost/127.0.0.1:37875, hostUri=ws://localhost:37875/gremlin}}
23:03:00.083 [gremlin-server-worker-1] INFO  o.o.g.s.o.c.CypherOpProcessor - Cypher: MATCH (n) UNWIND labels(n) AS label RETURN DISTINCT label
23:03:00.087 [gremlin-server-worker-1] INFO  o.o.g.s.o.c.CypherOpProcessor - Gremlin: g.V().label().is(neq('vertex')).project('label').by(__.identity()).dedup()
23:03:00.088 [Test worker] DEBUG o.a.t.g.driver.Client - g.V().as('V').properties().project('nodeId', 'key', 'value').by(__.select('V').id()).by(__.key()).by(__.value())}} to - Connection{host=Host{address=localhost/127.0.0.1:37875, hostUri=ws://localhost:37875/gremlin}}
23:03:00.094 [Test worker] DEBUG o.a.t.g.driver.Client - g.V().outE().as('E').properties().project('relId', 'key', 'value').by(__.select('E').id()).by(__.key()).by(__.value())}} to - Connection{host=Host{address=localhost/127.0.0.1:37875, hostUri=ws://localhost:37875/gremlin}}
-labels:        0
+labels:        0
+nodes:         0
-nodes:         0
-properties:    0
+properties:    0
-relationships: 0
+relationships: 0
</p></pre>
        </div>
      </div>
      </div>

        
  
      </div>
      </div>
</div>


    

  </div>
</div>

                      
<div class="element">
  
  
<div class="tags indention">
  </div>

  
  <span class="lead-duration duration">0.022</span>


    <span data-toggle="collapse" class=" collapsable-control" data-target="#element-33">
    
<div class="brief failed">
  <span class="keyword indention">Scenario</span>
  <span class="name">Using a pattern comprehension in a WITH</span>
  

       <i class="chevron fa fa-fw"></i>
  </div>

  </span>
  <div class="description indention"></div>

  <div id="element-33" class="collapse collapsable-details  in ">
    


    
<div class="steps inner-level">
    <div data-toggle="collapse" class=" collapsable-control" data-target="#steps-34">
    
<div class="brief failed">
  <span class="keyword indention">Steps</span>
  <span class="name"></span>
  

       <i class="chevron fa fa-fw"></i>
  </div>

  </div>

  <div id="steps-34" class="inner-level collapse collapsable-details  in ">
          <div class="step">
        
<div class="brief passed">
  <span class="keyword indention">Given</span>
  <span class="name">an empty graph</span>
  
  <span class="lead-duration duration">0.000</span>

  </div>

        


        
        

        
  <div class="outputs inner-level">
          <div class="output indention">
        <div data-toggle="collapse" class=" collapsed  collapsable-control" data-target="#output-35">
          Output 1
          <i class="chevron fa fa-fw"></i>
        </div>
        <div id="output-35" class="collapse collapsable-details " >
          
          <pre><p>23:03:00.104 [Test worker] DEBUG o.a.t.g.driver.Client - g.V().drop()}} to - Connection{host=Host{address=localhost/127.0.0.1:37875, hostUri=ws://localhost:37875/gremlin}}
</p></pre>
        </div>
      </div>
      </div>

        
  
      </div>
          <div class="step">
        
<div class="brief passed">
  <span class="keyword indention">And</span>
  <span class="name">having executed:</span>
  
  <span class="lead-duration duration">0.008</span>

  </div>

        


        
        
  <div class="inner-level">
    <div class="docstring indention">
            <div data-toggle="collapse" class="collapsable-control" data-target="#msg-36">
          <a>Doc string</a>
      </div>
      <div id="msg-36" class="collapse collapsable-details">
        <pre>CREATE (a:A)
CREATE (a)-[:T]-&gt;(:B),
       (a)-[:T]-&gt;(:C)</pre>
      </div>
    </div>
  </div>

        
  <div class="outputs inner-level">
          <div class="output indention">
        <div data-toggle="collapse" class=" collapsed  collapsable-control" data-target="#output-37">
          Output 1
          <i class="chevron fa fa-fw"></i>
        </div>
        <div id="output-37" class="collapse collapsable-details " >
          
          <pre><p>23:03:00.106 [Test worker] DEBUG o.a.t.g.driver.Client - CREATE (a:A)
CREATE (a)-[:T]-&gt;(:B),
       (a)-[:T]-&gt;(:C)}} to - Connection{host=Host{address=localhost/127.0.0.1:37875, hostUri=ws://localhost:37875/gremlin}}
23:03:00.106 [gremlin-server-worker-1] INFO  o.o.g.s.o.c.CypherOpProcessor - Cypher: CREATE (a:A) CREATE (a)-[:T]-&gt;(:B),        (a)-[:T]-&gt;(:C)
23:03:00.110 [gremlin-server-worker-1] INFO  o.o.g.s.o.c.CypherOpProcessor - Gremlin: g.addV('A').as('a').addV('B').as('  UNNAMED31').addE('T').from('a').to('  UNNAMED31').addV('C').as('  UNNAMED54').addE('T').from('a').to('  UNNAMED54').barrier().limit(0)
</p></pre>
        </div>
      </div>
      </div>

        
  
      </div>
          <div class="step">
        
<div class="brief passed">
  <span class="keyword indention">When</span>
  <span class="name">executing query:</span>
  
  <span class="lead-duration duration">0.013</span>

  </div>

        


        
        
  <div class="inner-level">
    <div class="docstring indention">
            <div data-toggle="collapse" class="collapsable-control" data-target="#msg-38">
          <a>Doc string</a>
      </div>
      <div id="msg-38" class="collapse collapsable-details">
        <pre>MATCH (n)--&gt;(b)
WITH [p = (n)--&gt;() | p] AS ps, count(b) AS c
RETURN ps, c</pre>
      </div>
    </div>
  </div>

        
  <div class="outputs inner-level">
          <div class="output indention">
        <div data-toggle="collapse" class=" collapsed  collapsable-control" data-target="#output-39">
          Output 1
          <i class="chevron fa fa-fw"></i>
        </div>
        <div id="output-39" class="collapse collapsable-details " >
          
          <pre><p>23:03:00.154 [Test worker] DEBUG o.a.t.g.driver.Client - MATCH (n)--&gt;(b)
WITH [p = (n)--&gt;() | p] AS ps, count(b) AS c
RETURN ps, c}} to - Connection{host=Host{address=localhost/127.0.0.1:37875, hostUri=ws://localhost:37875/gremlin}}
23:03:00.154 [gremlin-server-worker-1] INFO  o.o.g.s.o.c.CypherOpProcessor - Cypher: MATCH (n)--&gt;(b) WITH [p = (n)--&gt;() | p] AS ps, count(b) AS c RETURN ps, c
23:03:00.162 [gremlin-server-worker-1] INFO  o.o.g.s.o.c.CypherOpProcessor - Gremlin: g.V().as('n').outE().inV().as('b').sideEffect(__.select('n').outE().inV().path().aggregate('  GENERATED4')).barrier().select('n', 'b').group().by(__.select('  GENERATED4').map(cypherPathComprehension())).by(__.fold().project('ps', 'c').by(__.unfold().select('  GENERATED4').map(cypherPathComprehension())).by(__.unfold().select('b').is(neq('  cypher.null')).count())).unfold().select(values).as('  GENERATED5').select('ps').as('ps').select('  GENERATED5').select('c').as('c').select('ps', 'c').project('ps', 'c').by(__.select('ps')).by(__.select('c'))
</p></pre>
        </div>
      </div>
      </div>

        
  
      </div>
          <div class="step">
        
<div class="brief failed">
  <span class="keyword indention">Then</span>
  <span class="name">the result should be:</span>
  
  <span class="lead-duration duration">0.000</span>

  </div>

        

  <div class="inner-level">
    <div class="message indention">
      <div data-toggle="collapse" class=" collapsable-control" data-target="#msg-40">
          <a>org.opencypher.tools.tck.api.Scenario$ScenarioFailedException: Feature &quot;PatternComprehension&quot;: Scenario &quot;Using a pattern comprehension in a WITH&quot; failed with message: </a>
      </div>
      <div id="msg-40" class="collapse collapsable-details  in ">
        <pre>org.opencypher.tools.tck.api.Scenario$ScenarioFailedException: Feature &quot;PatternComprehension&quot;: Scenario &quot;Using a pattern comprehension in a WITH&quot; failed with message: 
Expected (in any order of rows):
| ps | c |
| [&lt;(:A)-[:T {}]-&gt;(:C)&gt;, &lt;(:A)-[:T {}]-&gt;(:B)&gt;] | 2 |
Actual:
| ps | c |
| [&lt;(:A)-[:T {}]-&gt;(:B)&gt;, &lt;(:A)-[:T {}]-&gt;(:B)&gt;, &lt;(:A)-[:T {}]-&gt;(:C)&gt;, &lt;(:A)-[:T {}]-&gt;(:C)&gt;] | 2 |
	at org.opencypher.tools.tck.api.Scenario$$anonfun$executeOnGraph$1.apply(Scenario.scala:90)
	at org.opencypher.tools.tck.api.Scenario$$anonfun$executeOnGraph$1.apply(Scenario.scala:60)
	at scala.collection.LinearSeqOptimized$class.foldLeft(LinearSeqOptimized.scala:124)
	at scala.collection.immutable.List.foldLeft(List.scala:84)
	at org.opencypher.tools.tck.api.Scenario.executeOnGraph(Scenario.scala:60)
	at org.opencypher.tools.tck.api.Scenario$$anon$1.execute(Scenario.scala:54)
	at org.junit.jupiter.engine.descriptor.JupiterTestDescriptor.executeAndMaskThrowable(JupiterTestDescriptor.java:145)
	at org.junit.jupiter.engine.descriptor.DynamicTestTestDescriptor.execute(DynamicTestTestDescriptor.java:46)
	at org.junit.jupiter.engine.descriptor.DynamicTestTestDescriptor.execute(DynamicTestTestDescriptor.java:24)
	at org.junit.platform.engine.support.hierarchical.HierarchicalTestExecutor.lambda$execute$3(HierarchicalTestExecutor.java:83)
	at org.junit.platform.engine.support.hierarchical.SingleTestExecutor.executeSafely(SingleTestExecutor.java:66)
	at org.junit.platform.engine.support.hierarchical.HierarchicalTestExecutor.execute(HierarchicalTestExecutor.java:77)
	at org.junit.platform.engine.support.hierarchical.HierarchicalTestExecutor.lambda$null$0(HierarchicalTestExecutor.java:85)
	at org.junit.jupiter.engine.descriptor.TestFactoryTestDescriptor.lambda$invokeTestMethod$1(TestFactoryTestDescriptor.java:80)
	at org.junit.jupiter.engine.execution.ThrowableCollector.execute(ThrowableCollector.java:40)
	at org.junit.jupiter.engine.descriptor.TestFactoryTestDescriptor.invokeTestMethod(TestFactoryTestDescriptor.java:68)
	at org.junit.jupiter.engine.descriptor.TestMethodTestDescriptor.execute(TestMethodTestDescriptor.java:110)
	at org.junit.jupiter.engine.descriptor.TestMethodTestDescriptor.execute(TestMethodTestDescriptor.java:57)
	at org.junit.platform.engine.support.hierarchical.HierarchicalTestExecutor.lambda$execute$3(HierarchicalTestExecutor.java:83)
	at org.junit.platform.engine.support.hierarchical.SingleTestExecutor.executeSafely(SingleTestExecutor.java:66)
	at org.junit.platform.engine.support.hierarchical.HierarchicalTestExecutor.execute(HierarchicalTestExecutor.java:77)
	at org.junit.platform.engine.support.hierarchical.HierarchicalTestExecutor.lambda$null$2(HierarchicalTestExecutor.java:92)
	at java.util.stream.ForEachOps$ForEachOp$OfRef.accept(ForEachOps.java:184)
	at java.util.stream.ReferencePipeline$2$1.accept(ReferencePipeline.java:175)
	at java.util.Iterator.forEachRemaining(Iterator.java:116)
	at java.util.Spliterators$IteratorSpliterator.forEachRemaining(Spliterators.java:1801)
	at java.util.stream.AbstractPipeline.copyInto(AbstractPipeline.java:481)
	at java.util.stream.AbstractPipeline.wrapAndCopyInto(AbstractPipeline.java:471)
	at java.util.stream.ForEachOps$ForEachOp.evaluateSequential(ForEachOps.java:151)
	at java.util.stream.ForEachOps$ForEachOp$OfRef.evaluateSequential(ForEachOps.java:174)
	at java.util.stream.AbstractPipeline.evaluate(AbstractPipeline.java:234)
	at java.util.stream.ReferencePipeline.forEach(ReferencePipeline.java:418)
	at org.junit.platform.engine.support.hierarchical.HierarchicalTestExecutor.lambda$execute$3(HierarchicalTestExecutor.java:92)
	at org.junit.platform.engine.support.hierarchical.SingleTestExecutor.executeSafely(SingleTestExecutor.java:66)
	at org.junit.platform.engine.support.hierarchical.HierarchicalTestExecutor.execute(HierarchicalTestExecutor.java:77)
	at org.junit.platform.engine.support.hierarchical.HierarchicalTestExecutor.lambda$null$2(HierarchicalTestExecutor.java:92)
	at java.util.stream.ForEachOps$ForEachOp$OfRef.accept(ForEachOps.java:184)
	at java.util.stream.ReferencePipeline$2$1.accept(ReferencePipeline.java:175)
	at java.util.Iterator.forEachRemaining(Iterator.java:116)
	at java.util.Spliterators$IteratorSpliterator.forEachRemaining(Spliterators.java:1801)
	at java.util.stream.AbstractPipeline.copyInto(AbstractPipeline.java:481)
	at java.util.stream.AbstractPipeline.wrapAndCopyInto(AbstractPipeline.java:471)
	at java.util.stream.ForEachOps$ForEachOp.evaluateSequential(ForEachOps.java:151)
	at java.util.stream.ForEachOps$ForEachOp$OfRef.evaluateSequential(ForEachOps.java:174)
	at java.util.stream.AbstractPipeline.evaluate(AbstractPipeline.java:234)
	at java.util.stream.ReferencePipeline.forEach(ReferencePipeline.java:418)
	at org.junit.platform.engine.support.hierarchical.HierarchicalTestExecutor.lambda$execute$3(HierarchicalTestExecutor.java:92)
	at org.junit.platform.engine.support.hierarchical.SingleTestExecutor.executeSafely(SingleTestExecutor.java:66)
	at org.junit.platform.engine.support.hierarchical.HierarchicalTestExecutor.execute(HierarchicalTestExecutor.java:77)
	at org.junit.platform.engine.support.hierarchical.HierarchicalTestExecutor.execute(HierarchicalTestExecutor.java:51)
	at org.junit.platform.engine.support.hierarchical.HierarchicalTestEngine.execute(HierarchicalTestEngine.java:43)
	at org.junit.platform.launcher.core.DefaultLauncher.execute(DefaultLauncher.java:170)
	at org.junit.platform.launcher.core.DefaultLauncher.execute(DefaultLauncher.java:154)
	at org.junit.platform.launcher.core.DefaultLauncher.execute(DefaultLauncher.java:90)
	at org.gradle.api.internal.tasks.testing.junitplatform.JUnitPlatformTestClassProcessor$CollectAllTestClassesExecutor.processAllTestClasses(JUnitPlatformTestClassProcessor.java:92)
	at org.gradle.api.internal.tasks.testing.junitplatform.JUnitPlatformTestClassProcessor$CollectAllTestClassesExecutor.access$100(JUnitPlatformTestClassProcessor.java:77)
	at org.gradle.api.internal.tasks.testing.junitplatform.JUnitPlatformTestClassProcessor.stop(JUnitPlatformTestClassProcessor.java:73)
	at org.gradle.api.internal.tasks.testing.SuiteTestClassProcessor.stop(SuiteTestClassProcessor.java:61)
	at sun.reflect.NativeMethodAccessorImpl.invoke0(Native Method)
	at sun.reflect.NativeMethodAccessorImpl.invoke(NativeMethodAccessorImpl.java:62)
	at sun.reflect.DelegatingMethodAccessorImpl.invoke(DelegatingMethodAccessorImpl.java:43)
	at java.lang.reflect.Method.invoke(Method.java:498)
	at org.gradle.internal.dispatch.ReflectionDispatch.dispatch(ReflectionDispatch.java:35)
	at org.gradle.internal.dispatch.ReflectionDispatch.dispatch(ReflectionDispatch.java:24)
	at org.gradle.internal.dispatch.ContextClassLoaderDispatch.dispatch(ContextClassLoaderDispatch.java:32)
	at org.gradle.internal.dispatch.ProxyDispatchAdapter$DispatchingInvocationHandler.invoke(ProxyDispatchAdapter.java:93)
	at com.sun.proxy.$Proxy1.stop(Unknown Source)
	at org.gradle.api.internal.tasks.testing.worker.TestWorker.stop(TestWorker.java:123)
	at sun.reflect.NativeMethodAccessorImpl.invoke0(Native Method)
	at sun.reflect.NativeMethodAccessorImpl.invoke(NativeMethodAccessorImpl.java:62)
	at sun.reflect.DelegatingMethodAccessorImpl.invoke(DelegatingMethodAccessorImpl.java:43)
	at java.lang.reflect.Method.invoke(Method.java:498)
	at org.gradle.internal.dispatch.ReflectionDispatch.dispatch(ReflectionDispatch.java:35)
	at org.gradle.internal.dispatch.ReflectionDispatch.dispatch(ReflectionDispatch.java:24)
	at org.gradle.internal.remote.internal.hub.MessageHubBackedObjectConnection$DispatchWrapper.dispatch(MessageHubBackedObjectConnection.java:155)
	at org.gradle.internal.remote.internal.hub.MessageHubBackedObjectConnection$DispatchWrapper.dispatch(MessageHubBackedObjectConnection.java:137)
	at org.gradle.internal.remote.internal.hub.MessageHub$Handler.run(MessageHub.java:404)
	at org.gradle.internal.concurrent.ExecutorPolicy$CatchAndRecordFailures.onExecute(ExecutorPolicy.java:63)
	at org.gradle.internal.concurrent.ManagedExecutorImpl$1.run(ManagedExecutorImpl.java:46)
	at java.util.concurrent.ThreadPoolExecutor.runWorker(ThreadPoolExecutor.java:1149)
	at java.util.concurrent.ThreadPoolExecutor$Worker.run(ThreadPoolExecutor.java:624)
	at org.gradle.internal.concurrent.ThreadFactoryImpl$ManagedThreadRunnable.run(ThreadFactoryImpl.java:55)
	at java.lang.Thread.run(Thread.java:748)
</pre>
      </div>
    </div>
  </div>


                  <table class="step-arguments">
                          <tr>
                                  <td>ps</td>
                                  <td>c</td>
                              </tr>
                          <tr>
                                  <td>[&lt;(:A)-[:T]-&gt;(:C)&gt;, &lt;(:A)-[:T]-&gt;(:B)&gt;]</td>
                                  <td>2</td>
                              </tr>
                      </table>
        
        

        

        
  
      </div>
      </div>
</div>


    

  </div>
</div>

                      
<div class="element">
  
  
<div class="tags indention">
  </div>

  
  <span class="lead-duration duration">0.059</span>


    <span data-toggle="collapse" class=" collapsed  collapsable-control" data-target="#element-41">
    
<div class="brief passed">
  <span class="keyword indention">Scenario</span>
  <span class="name">Using a variable-length pattern comprehension in a WITH</span>
  

       <i class="chevron fa fa-fw"></i>
  </div>

  </span>
  <div class="description indention"></div>

  <div id="element-41" class="collapse collapsable-details ">
    


    
<div class="steps inner-level">
    <div data-toggle="collapse" class=" collapsed  collapsable-control" data-target="#steps-42">
    
<div class="brief passed">
  <span class="keyword indention">Steps</span>
  <span class="name"></span>
  

       <i class="chevron fa fa-fw"></i>
  </div>

  </div>

  <div id="steps-42" class="inner-level collapse collapsable-details ">
          <div class="step">
        
<div class="brief passed">
  <span class="keyword indention">Given</span>
  <span class="name">an empty graph</span>
  
  <span class="lead-duration duration">0.000</span>

  </div>

        


        
        

        
  <div class="outputs inner-level">
          <div class="output indention">
        <div data-toggle="collapse" class=" collapsed  collapsable-control" data-target="#output-43">
          Output 1
          <i class="chevron fa fa-fw"></i>
        </div>
        <div id="output-43" class="collapse collapsable-details " >
          
          <pre><p>23:03:00.169 [Test worker] DEBUG o.a.t.g.driver.Client - g.V().drop()}} to - Connection{host=Host{address=localhost/127.0.0.1:37875, hostUri=ws://localhost:37875/gremlin}}
</p></pre>
        </div>
      </div>
      </div>

        
  
      </div>
          <div class="step">
        
<div class="brief passed">
  <span class="keyword indention">And</span>
  <span class="name">having executed:</span>
  
  <span class="lead-duration duration">0.006</span>

  </div>

        


        
        
  <div class="inner-level">
    <div class="docstring indention">
            <div data-toggle="collapse" class="collapsable-control" data-target="#msg-44">
          <a>Doc string</a>
      </div>
      <div id="msg-44" class="collapse collapsable-details">
        <pre>CREATE (:A)-[:T]-&gt;(:B)</pre>
      </div>
    </div>
  </div>

        
  <div class="outputs inner-level">
          <div class="output indention">
        <div data-toggle="collapse" class=" collapsed  collapsable-control" data-target="#output-45">
          Output 1
          <i class="chevron fa fa-fw"></i>
        </div>
        <div id="output-45" class="collapse collapsable-details " >
          
          <pre><p>23:03:00.171 [Test worker] DEBUG o.a.t.g.driver.Client - CREATE (:A)-[:T]-&gt;(:B)}} to - Connection{host=Host{address=localhost/127.0.0.1:37875, hostUri=ws://localhost:37875/gremlin}}
23:03:00.172 [gremlin-server-worker-1] INFO  o.o.g.s.o.c.CypherOpProcessor - Cypher: CREATE (:A)-[:T]-&gt;(:B)
23:03:00.174 [gremlin-server-worker-1] INFO  o.o.g.s.o.c.CypherOpProcessor - Gremlin: g.addV('A').as('  UNNAMED8').addV('B').as('  UNNAMED19').addE('T').from('  UNNAMED8').to('  UNNAMED19').barrier().limit(0)
</p></pre>
        </div>
      </div>
      </div>

        
  
      </div>
          <div class="step">
        
<div class="brief passed">
  <span class="keyword indention">When</span>
  <span class="name">executing query:</span>
  
  <span class="lead-duration duration">0.017</span>

  </div>

        


        
        
  <div class="inner-level">
    <div class="docstring indention">
            <div data-toggle="collapse" class="collapsable-control" data-target="#msg-46">
          <a>Doc string</a>
      </div>
      <div id="msg-46" class="collapse collapsable-details">
        <pre>MATCH (a:A), (b:B)
WITH [p = (a)-[*]-&gt;(b) | p] AS paths, count(a) AS c
RETURN paths, c</pre>
      </div>
    </div>
  </div>

        
  <div class="outputs inner-level">
          <div class="output indention">
        <div data-toggle="collapse" class=" collapsed  collapsable-control" data-target="#output-47">
          Output 1
          <i class="chevron fa fa-fw"></i>
        </div>
        <div id="output-47" class="collapse collapsable-details " >
          
          <pre><p>23:03:00.209 [Test worker] DEBUG o.a.t.g.driver.Client - MATCH (a:A), (b:B)
WITH [p = (a)-[*]-&gt;(b) | p] AS paths, count(a) AS c
RETURN paths, c}} to - Connection{host=Host{address=localhost/127.0.0.1:37875, hostUri=ws://localhost:37875/gremlin}}
23:03:00.210 [gremlin-server-worker-1] INFO  o.o.g.s.o.c.CypherOpProcessor - Cypher: MATCH (a:A), (b:B) WITH [p = (a)-[*]-&gt;(b) | p] AS paths, count(a) AS c RETURN paths, c
23:03:00.223 [gremlin-server-worker-1] INFO  o.o.g.s.o.c.CypherOpProcessor - Gremlin: g.V().as('a').hasLabel('A').V().as('b').hasLabel('B').sideEffect(__.select('a').as('  cypher.path.start.GENERATED2').repeat(__.outE().inV()).emit().until(__.path().from('  cypher.path.start.GENERATED2').count(local).is(gte(21))).as('  GENERATED3').where(__.select('  GENERATED3').where(eq('b'))).path().aggregate('  GENERATED4')).barrier().select('a', 'b').group().by(__.select('  GENERATED4').map(cypherPathComprehension())).by(__.fold().project('paths', 'c').by(__.unfold().select('  GENERATED4').map(cypherPathComprehension())).by(__.unfold().select('a').is(neq('  cypher.null')).count())).unfold().select(values).as('  GENERATED5').select('paths').as('paths').select('  GENERATED5').select('c').as('c').select('paths', 'c').project('paths', 'c').by(__.select('paths')).by(__.select('c'))
</p></pre>
        </div>
      </div>
      </div>

        
  
      </div>
          <div class="step">
        
<div class="brief passed">
  <span class="keyword indention">Then</span>
  <span class="name">the result should be:</span>
  
  <span class="lead-duration duration">0.000</span>

  </div>

        


                  <table class="step-arguments">
                          <tr>
                                  <td>paths</td>
                                  <td>c</td>
                              </tr>
                          <tr>
                                  <td>[&lt;(:A)-[:T]-&gt;(:B)&gt;]</td>
                                  <td>1</td>
                              </tr>
                      </table>
        
        

        

        
  
      </div>
          <div class="step">
        
<div class="brief passed">
  <span class="keyword indention">And</span>
  <span class="name">no side effects</span>
  
  <span class="lead-duration duration">0.035</span>

  </div>

        


        
        

        
  <div class="outputs inner-level">
          <div class="output indention">
        <div data-toggle="collapse" class=" collapsed  collapsable-control" data-target="#output-48">
          Output 1
          <i class="chevron fa fa-fw"></i>
        </div>
        <div id="output-48" class="collapse collapsable-details " >
          
          <pre><p>23:03:00.227 [Test worker] DEBUG o.a.t.g.driver.Client - MATCH (n) RETURN id(n)}} to - Connection{host=Host{address=localhost/127.0.0.1:37875, hostUri=ws://localhost:37875/gremlin}}
23:03:00.227 [gremlin-server-worker-1] INFO  o.o.g.s.o.c.CypherOpProcessor - Cypher: MATCH (n) RETURN id(n)
23:03:00.231 [gremlin-server-worker-1] INFO  o.o.g.s.o.c.CypherOpProcessor - Gremlin: g.V().project('id(n)').by(__.choose(neq('  cypher.null'), __.id(), __.constant('  cypher.null')))
23:03:00.232 [gremlin-server-worker-1] INFO  o.o.g.s.o.c.CypherOpProcessor - Cypher: MATCH ()-[r]-&gt;() RETURN id(r)
23:03:00.232 [Test worker] DEBUG o.a.t.g.driver.Client - MATCH ()-[r]-&gt;() RETURN id(r)}} to - Connection{host=Host{address=localhost/127.0.0.1:37875, hostUri=ws://localhost:37875/gremlin}}
23:03:00.238 [gremlin-server-worker-1] INFO  o.o.g.s.o.c.CypherOpProcessor - Gremlin: g.E().project('id(r)').by(__.choose(neq('  cypher.null'), __.id(), __.constant('  cypher.null')))
23:03:00.239 [Test worker] DEBUG o.a.t.g.driver.Client - MATCH (n)
UNWIND labels(n) AS label
RETURN DISTINCT label}} to - Connection{host=Host{address=localhost/127.0.0.1:37875, hostUri=ws://localhost:37875/gremlin}}
23:03:00.239 [gremlin-server-worker-1] INFO  o.o.g.s.o.c.CypherOpProcessor - Cypher: MATCH (n) UNWIND labels(n) AS label RETURN DISTINCT label
23:03:00.244 [gremlin-server-worker-1] INFO  o.o.g.s.o.c.CypherOpProcessor - Gremlin: g.V().label().is(neq('vertex')).project('label').by(__.identity()).dedup()
23:03:00.245 [Test worker] DEBUG o.a.t.g.driver.Client - g.V().as('V').properties().project('nodeId', 'key', 'value').by(__.select('V').id()).by(__.key()).by(__.value())}} to - Connection{host=Host{address=localhost/127.0.0.1:37875, hostUri=ws://localhost:37875/gremlin}}
23:03:00.254 [Test worker] DEBUG o.a.t.g.driver.Client - g.V().outE().as('E').properties().project('relId', 'key', 'value').by(__.select('E').id()).by(__.key()).by(__.value())}} to - Connection{host=Host{address=localhost/127.0.0.1:37875, hostUri=ws://localhost:37875/gremlin}}
-labels:        0
+labels:        0
+nodes:         0
-nodes:         0
-properties:    0
+properties:    0
-relationships: 0
+relationships: 0
</p></pre>
        </div>
      </div>
      </div>

        
  
      </div>
      </div>
</div>


    

  </div>
</div>

                      
<div class="element">
  
  
<div class="tags indention">
  </div>

  
  <span class="lead-duration duration">0.017</span>


    <span data-toggle="collapse" class=" collapsable-control" data-target="#element-49">
    
<div class="brief failed">
  <span class="keyword indention">Scenario</span>
  <span class="name">Using pattern comprehension in RETURN</span>
  

       <i class="chevron fa fa-fw"></i>
  </div>

  </span>
  <div class="description indention"></div>

  <div id="element-49" class="collapse collapsable-details  in ">
    


    
<div class="steps inner-level">
    <div data-toggle="collapse" class=" collapsable-control" data-target="#steps-50">
    
<div class="brief failed">
  <span class="keyword indention">Steps</span>
  <span class="name"></span>
  

       <i class="chevron fa fa-fw"></i>
  </div>

  </div>

  <div id="steps-50" class="inner-level collapse collapsable-details  in ">
          <div class="step">
        
<div class="brief passed">
  <span class="keyword indention">Given</span>
  <span class="name">an empty graph</span>
  
  <span class="lead-duration duration">0.000</span>

  </div>

        


        
        

        
  <div class="outputs inner-level">
          <div class="output indention">
        <div data-toggle="collapse" class=" collapsed  collapsable-control" data-target="#output-51">
          Output 1
          <i class="chevron fa fa-fw"></i>
        </div>
        <div id="output-51" class="collapse collapsable-details " >
          
          <pre><p>23:03:00.262 [Test worker] DEBUG o.a.t.g.driver.Client - g.V().drop()}} to - Connection{host=Host{address=localhost/127.0.0.1:37875, hostUri=ws://localhost:37875/gremlin}}
</p></pre>
        </div>
      </div>
      </div>

        
  
      </div>
          <div class="step">
        
<div class="brief passed">
  <span class="keyword indention">And</span>
  <span class="name">having executed:</span>
  
  <span class="lead-duration duration">0.008</span>

  </div>

        


        
        
  <div class="inner-level">
    <div class="docstring indention">
            <div data-toggle="collapse" class="collapsable-control" data-target="#msg-52">
          <a>Doc string</a>
      </div>
      <div id="msg-52" class="collapse collapsable-details">
        <pre>CREATE (a:A), (:A), (:A)
CREATE (a)-[:HAS]-&gt;()</pre>
      </div>
    </div>
  </div>

        
  <div class="outputs inner-level">
          <div class="output indention">
        <div data-toggle="collapse" class=" collapsed  collapsable-control" data-target="#output-53">
          Output 1
          <i class="chevron fa fa-fw"></i>
        </div>
        <div id="output-53" class="collapse collapsable-details " >
          
          <pre><p>23:03:00.263 [Test worker] DEBUG o.a.t.g.driver.Client - CREATE (a:A), (:A), (:A)
CREATE (a)-[:HAS]-&gt;()}} to - Connection{host=Host{address=localhost/127.0.0.1:37875, hostUri=ws://localhost:37875/gremlin}}
23:03:00.263 [gremlin-server-worker-1] INFO  o.o.g.s.o.c.CypherOpProcessor - Cypher: CREATE (a:A), (:A), (:A) CREATE (a)-[:HAS]-&gt;()
23:03:00.267 [gremlin-server-worker-1] INFO  o.o.g.s.o.c.CypherOpProcessor - Gremlin: g.addV('A').as('a').addV('A').addV('A').addV().as('  UNNAMED45').addE('HAS').from('a').to('  UNNAMED45').barrier().limit(0)
</p></pre>
        </div>
      </div>
      </div>

        
  
      </div>
          <div class="step">
        
<div class="brief passed">
  <span class="keyword indention">When</span>
  <span class="name">executing query:</span>
  
  <span class="lead-duration duration">0.008</span>

  </div>

        


        
        
  <div class="inner-level">
    <div class="docstring indention">
            <div data-toggle="collapse" class="collapsable-control" data-target="#msg-54">
          <a>Doc string</a>
      </div>
      <div id="msg-54" class="collapse collapsable-details">
        <pre>MATCH (n:A)
RETURN [p = (n)-[:HAS]-&gt;() | p] AS ps</pre>
      </div>
    </div>
  </div>

        
  <div class="outputs inner-level">
          <div class="output indention">
        <div data-toggle="collapse" class=" collapsed  collapsable-control" data-target="#output-55">
          Output 1
          <i class="chevron fa fa-fw"></i>
        </div>
        <div id="output-55" class="collapse collapsable-details " >
          
          <pre><p>23:03:00.300 [Test worker] DEBUG o.a.t.g.driver.Client - MATCH (n:A)
RETURN [p = (n)-[:HAS]-&gt;() | p] AS ps}} to - Connection{host=Host{address=localhost/127.0.0.1:37875, hostUri=ws://localhost:37875/gremlin}}
23:03:00.301 [gremlin-server-worker-1] INFO  o.o.g.s.o.c.CypherOpProcessor - Cypher: MATCH (n:A) RETURN [p = (n)-[:HAS]-&gt;() | p] AS ps
23:03:00.307 [gremlin-server-worker-1] INFO  o.o.g.s.o.c.CypherOpProcessor - Gremlin: g.V().as('n').hasLabel('A').sideEffect(__.select('n').outE('HAS').inV().path().aggregate('  GENERATED3')).barrier().select('n').project('ps').by(__.select('  GENERATED3').map(cypherPathComprehension()))
</p></pre>
        </div>
      </div>
      </div>

        
  
      </div>
          <div class="step">
        
<div class="brief failed">
  <span class="keyword indention">Then</span>
  <span class="name">the result should be:</span>
  
  <span class="lead-duration duration">0.000</span>

  </div>

        

  <div class="inner-level">
    <div class="message indention">
      <div data-toggle="collapse" class=" collapsable-control" data-target="#msg-56">
          <a>org.opencypher.tools.tck.api.Scenario$ScenarioFailedException: Feature &quot;PatternComprehension&quot;: Scenario &quot;Using pattern comprehension in RETURN&quot; failed with message: </a>
      </div>
      <div id="msg-56" class="collapse collapsable-details  in ">
        <pre>org.opencypher.tools.tck.api.Scenario$ScenarioFailedException: Feature &quot;PatternComprehension&quot;: Scenario &quot;Using pattern comprehension in RETURN&quot; failed with message: 
Expected (in any order of rows):
| ps |
| [&lt;(:A)-[:HAS {}]-&gt;()&gt;] |
| [] |
| [] |
Actual:
| ps |
| [&lt;(:A)-[:HAS {}]-&gt;()&gt;] |
| [&lt;(:A)-[:HAS {}]-&gt;()&gt;] |
| [&lt;(:A)-[:HAS {}]-&gt;()&gt;] |
	at org.opencypher.tools.tck.api.Scenario$$anonfun$executeOnGraph$1.apply(Scenario.scala:90)
	at org.opencypher.tools.tck.api.Scenario$$anonfun$executeOnGraph$1.apply(Scenario.scala:60)
	at scala.collection.LinearSeqOptimized$class.foldLeft(LinearSeqOptimized.scala:124)
	at scala.collection.immutable.List.foldLeft(List.scala:84)
	at org.opencypher.tools.tck.api.Scenario.executeOnGraph(Scenario.scala:60)
	at org.opencypher.tools.tck.api.Scenario$$anon$1.execute(Scenario.scala:54)
	at org.junit.jupiter.engine.descriptor.JupiterTestDescriptor.executeAndMaskThrowable(JupiterTestDescriptor.java:145)
	at org.junit.jupiter.engine.descriptor.DynamicTestTestDescriptor.execute(DynamicTestTestDescriptor.java:46)
	at org.junit.jupiter.engine.descriptor.DynamicTestTestDescriptor.execute(DynamicTestTestDescriptor.java:24)
	at org.junit.platform.engine.support.hierarchical.HierarchicalTestExecutor.lambda$execute$3(HierarchicalTestExecutor.java:83)
	at org.junit.platform.engine.support.hierarchical.SingleTestExecutor.executeSafely(SingleTestExecutor.java:66)
	at org.junit.platform.engine.support.hierarchical.HierarchicalTestExecutor.execute(HierarchicalTestExecutor.java:77)
	at org.junit.platform.engine.support.hierarchical.HierarchicalTestExecutor.lambda$null$0(HierarchicalTestExecutor.java:85)
	at org.junit.jupiter.engine.descriptor.TestFactoryTestDescriptor.lambda$invokeTestMethod$1(TestFactoryTestDescriptor.java:80)
	at org.junit.jupiter.engine.execution.ThrowableCollector.execute(ThrowableCollector.java:40)
	at org.junit.jupiter.engine.descriptor.TestFactoryTestDescriptor.invokeTestMethod(TestFactoryTestDescriptor.java:68)
	at org.junit.jupiter.engine.descriptor.TestMethodTestDescriptor.execute(TestMethodTestDescriptor.java:110)
	at org.junit.jupiter.engine.descriptor.TestMethodTestDescriptor.execute(TestMethodTestDescriptor.java:57)
	at org.junit.platform.engine.support.hierarchical.HierarchicalTestExecutor.lambda$execute$3(HierarchicalTestExecutor.java:83)
	at org.junit.platform.engine.support.hierarchical.SingleTestExecutor.executeSafely(SingleTestExecutor.java:66)
	at org.junit.platform.engine.support.hierarchical.HierarchicalTestExecutor.execute(HierarchicalTestExecutor.java:77)
	at org.junit.platform.engine.support.hierarchical.HierarchicalTestExecutor.lambda$null$2(HierarchicalTestExecutor.java:92)
	at java.util.stream.ForEachOps$ForEachOp$OfRef.accept(ForEachOps.java:184)
	at java.util.stream.ReferencePipeline$2$1.accept(ReferencePipeline.java:175)
	at java.util.Iterator.forEachRemaining(Iterator.java:116)
	at java.util.Spliterators$IteratorSpliterator.forEachRemaining(Spliterators.java:1801)
	at java.util.stream.AbstractPipeline.copyInto(AbstractPipeline.java:481)
	at java.util.stream.AbstractPipeline.wrapAndCopyInto(AbstractPipeline.java:471)
	at java.util.stream.ForEachOps$ForEachOp.evaluateSequential(ForEachOps.java:151)
	at java.util.stream.ForEachOps$ForEachOp$OfRef.evaluateSequential(ForEachOps.java:174)
	at java.util.stream.AbstractPipeline.evaluate(AbstractPipeline.java:234)
	at java.util.stream.ReferencePipeline.forEach(ReferencePipeline.java:418)
	at org.junit.platform.engine.support.hierarchical.HierarchicalTestExecutor.lambda$execute$3(HierarchicalTestExecutor.java:92)
	at org.junit.platform.engine.support.hierarchical.SingleTestExecutor.executeSafely(SingleTestExecutor.java:66)
	at org.junit.platform.engine.support.hierarchical.HierarchicalTestExecutor.execute(HierarchicalTestExecutor.java:77)
	at org.junit.platform.engine.support.hierarchical.HierarchicalTestExecutor.lambda$null$2(HierarchicalTestExecutor.java:92)
	at java.util.stream.ForEachOps$ForEachOp$OfRef.accept(ForEachOps.java:184)
	at java.util.stream.ReferencePipeline$2$1.accept(ReferencePipeline.java:175)
	at java.util.Iterator.forEachRemaining(Iterator.java:116)
	at java.util.Spliterators$IteratorSpliterator.forEachRemaining(Spliterators.java:1801)
	at java.util.stream.AbstractPipeline.copyInto(AbstractPipeline.java:481)
	at java.util.stream.AbstractPipeline.wrapAndCopyInto(AbstractPipeline.java:471)
	at java.util.stream.ForEachOps$ForEachOp.evaluateSequential(ForEachOps.java:151)
	at java.util.stream.ForEachOps$ForEachOp$OfRef.evaluateSequential(ForEachOps.java:174)
	at java.util.stream.AbstractPipeline.evaluate(AbstractPipeline.java:234)
	at java.util.stream.ReferencePipeline.forEach(ReferencePipeline.java:418)
	at org.junit.platform.engine.support.hierarchical.HierarchicalTestExecutor.lambda$execute$3(HierarchicalTestExecutor.java:92)
	at org.junit.platform.engine.support.hierarchical.SingleTestExecutor.executeSafely(SingleTestExecutor.java:66)
	at org.junit.platform.engine.support.hierarchical.HierarchicalTestExecutor.execute(HierarchicalTestExecutor.java:77)
	at org.junit.platform.engine.support.hierarchical.HierarchicalTestExecutor.execute(HierarchicalTestExecutor.java:51)
	at org.junit.platform.engine.support.hierarchical.HierarchicalTestEngine.execute(HierarchicalTestEngine.java:43)
	at org.junit.platform.launcher.core.DefaultLauncher.execute(DefaultLauncher.java:170)
	at org.junit.platform.launcher.core.DefaultLauncher.execute(DefaultLauncher.java:154)
	at org.junit.platform.launcher.core.DefaultLauncher.execute(DefaultLauncher.java:90)
	at org.gradle.api.internal.tasks.testing.junitplatform.JUnitPlatformTestClassProcessor$CollectAllTestClassesExecutor.processAllTestClasses(JUnitPlatformTestClassProcessor.java:92)
	at org.gradle.api.internal.tasks.testing.junitplatform.JUnitPlatformTestClassProcessor$CollectAllTestClassesExecutor.access$100(JUnitPlatformTestClassProcessor.java:77)
	at org.gradle.api.internal.tasks.testing.junitplatform.JUnitPlatformTestClassProcessor.stop(JUnitPlatformTestClassProcessor.java:73)
	at org.gradle.api.internal.tasks.testing.SuiteTestClassProcessor.stop(SuiteTestClassProcessor.java:61)
	at sun.reflect.NativeMethodAccessorImpl.invoke0(Native Method)
	at sun.reflect.NativeMethodAccessorImpl.invoke(NativeMethodAccessorImpl.java:62)
	at sun.reflect.DelegatingMethodAccessorImpl.invoke(DelegatingMethodAccessorImpl.java:43)
	at java.lang.reflect.Method.invoke(Method.java:498)
	at org.gradle.internal.dispatch.ReflectionDispatch.dispatch(ReflectionDispatch.java:35)
	at org.gradle.internal.dispatch.ReflectionDispatch.dispatch(ReflectionDispatch.java:24)
	at org.gradle.internal.dispatch.ContextClassLoaderDispatch.dispatch(ContextClassLoaderDispatch.java:32)
	at org.gradle.internal.dispatch.ProxyDispatchAdapter$DispatchingInvocationHandler.invoke(ProxyDispatchAdapter.java:93)
	at com.sun.proxy.$Proxy1.stop(Unknown Source)
	at org.gradle.api.internal.tasks.testing.worker.TestWorker.stop(TestWorker.java:123)
	at sun.reflect.NativeMethodAccessorImpl.invoke0(Native Method)
	at sun.reflect.NativeMethodAccessorImpl.invoke(NativeMethodAccessorImpl.java:62)
	at sun.reflect.DelegatingMethodAccessorImpl.invoke(DelegatingMethodAccessorImpl.java:43)
	at java.lang.reflect.Method.invoke(Method.java:498)
	at org.gradle.internal.dispatch.ReflectionDispatch.dispatch(ReflectionDispatch.java:35)
	at org.gradle.internal.dispatch.ReflectionDispatch.dispatch(ReflectionDispatch.java:24)
	at org.gradle.internal.remote.internal.hub.MessageHubBackedObjectConnection$DispatchWrapper.dispatch(MessageHubBackedObjectConnection.java:155)
	at org.gradle.internal.remote.internal.hub.MessageHubBackedObjectConnection$DispatchWrapper.dispatch(MessageHubBackedObjectConnection.java:137)
	at org.gradle.internal.remote.internal.hub.MessageHub$Handler.run(MessageHub.java:404)
	at org.gradle.internal.concurrent.ExecutorPolicy$CatchAndRecordFailures.onExecute(ExecutorPolicy.java:63)
	at org.gradle.internal.concurrent.ManagedExecutorImpl$1.run(ManagedExecutorImpl.java:46)
	at java.util.concurrent.ThreadPoolExecutor.runWorker(ThreadPoolExecutor.java:1149)
	at java.util.concurrent.ThreadPoolExecutor$Worker.run(ThreadPoolExecutor.java:624)
	at org.gradle.internal.concurrent.ThreadFactoryImpl$ManagedThreadRunnable.run(ThreadFactoryImpl.java:55)
	at java.lang.Thread.run(Thread.java:748)
</pre>
      </div>
    </div>
  </div>


                  <table class="step-arguments">
                          <tr>
                                  <td>ps</td>
                              </tr>
                          <tr>
                                  <td>[&lt;(:A)-[:HAS]-&gt;()&gt;]</td>
                              </tr>
                          <tr>
                                  <td>[]</td>
                              </tr>
                          <tr>
                                  <td>[]</td>
                              </tr>
                      </table>
        
        

        

        
  
      </div>
      </div>
</div>


    

  </div>
</div>

                      
<div class="element">
  
  
<div class="tags indention">
  </div>

  
  <span class="lead-duration duration">0.041</span>


    <span data-toggle="collapse" class=" collapsed  collapsable-control" data-target="#element-57">
    
<div class="brief passed">
  <span class="keyword indention">Scenario</span>
  <span class="name">Aggregating on pattern comprehension</span>
  

       <i class="chevron fa fa-fw"></i>
  </div>

  </span>
  <div class="description indention"></div>

  <div id="element-57" class="collapse collapsable-details ">
    


    
<div class="steps inner-level">
    <div data-toggle="collapse" class=" collapsed  collapsable-control" data-target="#steps-58">
    
<div class="brief passed">
  <span class="keyword indention">Steps</span>
  <span class="name"></span>
  

       <i class="chevron fa fa-fw"></i>
  </div>

  </div>

  <div id="steps-58" class="inner-level collapse collapsable-details ">
          <div class="step">
        
<div class="brief passed">
  <span class="keyword indention">Given</span>
  <span class="name">an empty graph</span>
  
  <span class="lead-duration duration">0.000</span>

  </div>

        


        
        

        
  <div class="outputs inner-level">
          <div class="output indention">
        <div data-toggle="collapse" class=" collapsed  collapsable-control" data-target="#output-59">
          Output 1
          <i class="chevron fa fa-fw"></i>
        </div>
        <div id="output-59" class="collapse collapsable-details " >
          
          <pre><p>23:03:00.309 [Test worker] DEBUG o.a.t.g.driver.Client - g.V().drop()}} to - Connection{host=Host{address=localhost/127.0.0.1:37875, hostUri=ws://localhost:37875/gremlin}}
</p></pre>
        </div>
      </div>
      </div>

        
  
      </div>
          <div class="step">
        
<div class="brief passed">
  <span class="keyword indention">And</span>
  <span class="name">having executed:</span>
  
  <span class="lead-duration duration">0.008</span>

  </div>

        


        
        
  <div class="inner-level">
    <div class="docstring indention">
            <div data-toggle="collapse" class="collapsable-control" data-target="#msg-60">
          <a>Doc string</a>
      </div>
      <div id="msg-60" class="collapse collapsable-details">
        <pre>CREATE (a:A), (:A), (:A)
CREATE (a)-[:HAS]-&gt;()</pre>
      </div>
    </div>
  </div>

        
  <div class="outputs inner-level">
          <div class="output indention">
        <div data-toggle="collapse" class=" collapsed  collapsable-control" data-target="#output-61">
          Output 1
          <i class="chevron fa fa-fw"></i>
        </div>
        <div id="output-61" class="collapse collapsable-details " >
          
          <pre><p>23:03:00.310 [Test worker] DEBUG o.a.t.g.driver.Client - CREATE (a:A), (:A), (:A)
CREATE (a)-[:HAS]-&gt;()}} to - Connection{host=Host{address=localhost/127.0.0.1:37875, hostUri=ws://localhost:37875/gremlin}}
23:03:00.311 [gremlin-server-worker-1] INFO  o.o.g.s.o.c.CypherOpProcessor - Cypher: CREATE (a:A), (:A), (:A) CREATE (a)-[:HAS]-&gt;()
23:03:00.314 [gremlin-server-worker-1] INFO  o.o.g.s.o.c.CypherOpProcessor - Gremlin: g.addV('A').as('a').addV('A').addV('A').addV().as('  UNNAMED45').addE('HAS').from('a').to('  UNNAMED45').barrier().limit(0)
</p></pre>
        </div>
      </div>
      </div>

        
  
      </div>
          <div class="step">
        
<div class="brief passed">
  <span class="keyword indention">When</span>
  <span class="name">executing query:</span>
  
  <span class="lead-duration duration">0.007</span>

  </div>

        


        
        
  <div class="inner-level">
    <div class="docstring indention">
            <div data-toggle="collapse" class="collapsable-control" data-target="#msg-62">
          <a>Doc string</a>
      </div>
      <div id="msg-62" class="collapse collapsable-details">
        <pre>MATCH (n:A)
RETURN count([p = (n)-[:HAS]-&gt;() | p]) AS c</pre>
      </div>
    </div>
  </div>

        
  <div class="outputs inner-level">
          <div class="output indention">
        <div data-toggle="collapse" class=" collapsed  collapsable-control" data-target="#output-63">
          Output 1
          <i class="chevron fa fa-fw"></i>
        </div>
        <div id="output-63" class="collapse collapsable-details " >
          
          <pre><p>23:03:00.353 [Test worker] DEBUG o.a.t.g.driver.Client - MATCH (n:A)
RETURN count([p = (n)-[:HAS]-&gt;() | p]) AS c}} to - Connection{host=Host{address=localhost/127.0.0.1:37875, hostUri=ws://localhost:37875/gremlin}}
23:03:00.353 [gremlin-server-worker-1] INFO  o.o.g.s.o.c.CypherOpProcessor - Cypher: MATCH (n:A) RETURN count([p = (n)-[:HAS]-&gt;() | p]) AS c
23:03:00.359 [gremlin-server-worker-1] INFO  o.o.g.s.o.c.CypherOpProcessor - Gremlin: g.V().as('n').hasLabel('A').sideEffect(__.select('n').outE('HAS').inV().path().aggregate('  GENERATED3')).barrier().sideEffect(__.select('n').outE('HAS').inV().path().aggregate('  GENERATED6')).barrier().select('n').select('  GENERATED6').map(cypherPathComprehension()).is(neq('  cypher.null')).count().project('c').by(__.identity())
</p></pre>
        </div>
      </div>
      </div>

        
  
      </div>
          <div class="step">
        
<div class="brief passed">
  <span class="keyword indention">Then</span>
  <span class="name">the result should be:</span>
  
  <span class="lead-duration duration">0.000</span>

  </div>

        


                  <table class="step-arguments">
                          <tr>
                                  <td>c</td>
                              </tr>
                          <tr>
                                  <td>3</td>
                              </tr>
                      </table>
        
        

        

        
  
      </div>
          <div class="step">
        
<div class="brief passed">
  <span class="keyword indention">And</span>
  <span class="name">no side effects</span>
  
  <span class="lead-duration duration">0.025</span>

  </div>

        


        
        

        
  <div class="outputs inner-level">
          <div class="output indention">
        <div data-toggle="collapse" class=" collapsed  collapsable-control" data-target="#output-64">
          Output 1
          <i class="chevron fa fa-fw"></i>
        </div>
        <div id="output-64" class="collapse collapsable-details " >
          
          <pre><p>23:03:00.361 [Test worker] DEBUG o.a.t.g.driver.Client - MATCH (n) RETURN id(n)}} to - Connection{host=Host{address=localhost/127.0.0.1:37875, hostUri=ws://localhost:37875/gremlin}}
23:03:00.361 [gremlin-server-worker-1] INFO  o.o.g.s.o.c.CypherOpProcessor - Cypher: MATCH (n) RETURN id(n)
23:03:00.364 [gremlin-server-worker-1] INFO  o.o.g.s.o.c.CypherOpProcessor - Gremlin: g.V().project('id(n)').by(__.choose(neq('  cypher.null'), __.id(), __.constant('  cypher.null')))
23:03:00.364 [Test worker] DEBUG o.a.t.g.driver.Client - MATCH ()-[r]-&gt;() RETURN id(r)}} to - Connection{host=Host{address=localhost/127.0.0.1:37875, hostUri=ws://localhost:37875/gremlin}}
23:03:00.364 [gremlin-server-worker-1] INFO  o.o.g.s.o.c.CypherOpProcessor - Cypher: MATCH ()-[r]-&gt;() RETURN id(r)
23:03:00.368 [gremlin-server-worker-1] INFO  o.o.g.s.o.c.CypherOpProcessor - Gremlin: g.E().project('id(r)').by(__.choose(neq('  cypher.null'), __.id(), __.constant('  cypher.null')))
23:03:00.369 [Test worker] DEBUG o.a.t.g.driver.Client - MATCH (n)
UNWIND labels(n) AS label
RETURN DISTINCT label}} to - Connection{host=Host{address=localhost/127.0.0.1:37875, hostUri=ws://localhost:37875/gremlin}}
23:03:00.369 [gremlin-server-worker-1] INFO  o.o.g.s.o.c.CypherOpProcessor - Cypher: MATCH (n) UNWIND labels(n) AS label RETURN DISTINCT label
23:03:00.373 [gremlin-server-worker-1] INFO  o.o.g.s.o.c.CypherOpProcessor - Gremlin: g.V().label().is(neq('vertex')).project('label').by(__.identity()).dedup()
23:03:00.373 [Test worker] DEBUG o.a.t.g.driver.Client - g.V().as('V').properties().project('nodeId', 'key', 'value').by(__.select('V').id()).by(__.key()).by(__.value())}} to - Connection{host=Host{address=localhost/127.0.0.1:37875, hostUri=ws://localhost:37875/gremlin}}
23:03:00.379 [Test worker] DEBUG o.a.t.g.driver.Client - g.V().outE().as('E').properties().project('relId', 'key', 'value').by(__.select('E').id()).by(__.key()).by(__.value())}} to - Connection{host=Host{address=localhost/127.0.0.1:37875, hostUri=ws://localhost:37875/gremlin}}
-labels:        0
+labels:        0
+nodes:         0
-nodes:         0
-properties:    0
+properties:    0
-relationships: 0
+relationships: 0
</p></pre>
        </div>
      </div>
      </div>

        
  
      </div>
      </div>
</div>


    

  </div>
</div>

                      
<div class="element">
  
  
<div class="tags indention">
  </div>

  
  <span class="lead-duration duration">0.024</span>


    <span data-toggle="collapse" class=" collapsable-control" data-target="#element-65">
    
<div class="brief failed">
  <span class="keyword indention">Scenario</span>
  <span class="name">Using pattern comprehension to test existence</span>
  

       <i class="chevron fa fa-fw"></i>
  </div>

  </span>
  <div class="description indention"></div>

  <div id="element-65" class="collapse collapsable-details  in ">
    


    
<div class="steps inner-level">
    <div data-toggle="collapse" class=" collapsable-control" data-target="#steps-66">
    
<div class="brief failed">
  <span class="keyword indention">Steps</span>
  <span class="name"></span>
  

       <i class="chevron fa fa-fw"></i>
  </div>

  </div>

  <div id="steps-66" class="inner-level collapse collapsable-details  in ">
          <div class="step">
        
<div class="brief passed">
  <span class="keyword indention">Given</span>
  <span class="name">an empty graph</span>
  
  <span class="lead-duration duration">0.000</span>

  </div>

        


        
        

        
  <div class="outputs inner-level">
          <div class="output indention">
        <div data-toggle="collapse" class=" collapsed  collapsable-control" data-target="#output-67">
          Output 1
          <i class="chevron fa fa-fw"></i>
        </div>
        <div id="output-67" class="collapse collapsable-details " >
          
          <pre><p>23:03:00.386 [Test worker] DEBUG o.a.t.g.driver.Client - g.V().drop()}} to - Connection{host=Host{address=localhost/127.0.0.1:37875, hostUri=ws://localhost:37875/gremlin}}
</p></pre>
        </div>
      </div>
      </div>

        
  
      </div>
          <div class="step">
        
<div class="brief passed">
  <span class="keyword indention">And</span>
  <span class="name">having executed:</span>
  
  <span class="lead-duration duration">0.009</span>

  </div>

        


        
        
  <div class="inner-level">
    <div class="docstring indention">
            <div data-toggle="collapse" class="collapsable-control" data-target="#msg-68">
          <a>Doc string</a>
      </div>
      <div id="msg-68" class="collapse collapsable-details">
        <pre>CREATE (a:X {prop: 42}), (:X {prop: 43})
CREATE (a)-[:T]-&gt;()</pre>
      </div>
    </div>
  </div>

        
  <div class="outputs inner-level">
          <div class="output indention">
        <div data-toggle="collapse" class=" collapsed  collapsable-control" data-target="#output-69">
          Output 1
          <i class="chevron fa fa-fw"></i>
        </div>
        <div id="output-69" class="collapse collapsable-details " >
          
          <pre><p>23:03:00.389 [Test worker] DEBUG o.a.t.g.driver.Client - CREATE (a:X {prop: 42}), (:X {prop: 43})
CREATE (a)-[:T]-&gt;()}} to - Connection{host=Host{address=localhost/127.0.0.1:37875, hostUri=ws://localhost:37875/gremlin}}
23:03:00.389 [gremlin-server-worker-1] INFO  o.o.g.s.o.c.CypherOpProcessor - Cypher: CREATE (a:X {prop: 42}), (:X {prop: 43}) CREATE (a)-[:T]-&gt;()
23:03:00.394 [gremlin-server-worker-1] INFO  o.o.g.s.o.c.CypherOpProcessor - Gremlin: g.addV('X').as('a').property(single, 'prop', 42).addV('X').property(single, 'prop', 43).addV().as('  UNNAMED59').addE('T').from('a').to('  UNNAMED59').barrier().limit(0)
</p></pre>
        </div>
      </div>
      </div>

        
  
      </div>
          <div class="step">
        
<div class="brief passed">
  <span class="keyword indention">When</span>
  <span class="name">executing query:</span>
  
  <span class="lead-duration duration">0.014</span>

  </div>

        


        
        
  <div class="inner-level">
    <div class="docstring indention">
            <div data-toggle="collapse" class="collapsable-control" data-target="#msg-70">
          <a>Doc string</a>
      </div>
      <div id="msg-70" class="collapse collapsable-details">
        <pre>MATCH (n:X)
RETURN n, size([(n)--() | 1]) &gt; 0 AS b</pre>
      </div>
    </div>
  </div>

        
  <div class="outputs inner-level">
          <div class="output indention">
        <div data-toggle="collapse" class=" collapsed  collapsable-control" data-target="#output-71">
          Output 1
          <i class="chevron fa fa-fw"></i>
        </div>
        <div id="output-71" class="collapse collapsable-details " >
          
          <pre><p>23:03:00.421 [Test worker] DEBUG o.a.t.g.driver.Client - MATCH (n:X)
RETURN n, size([(n)--() | 1]) &gt; 0 AS b}} to - Connection{host=Host{address=localhost/127.0.0.1:37875, hostUri=ws://localhost:37875/gremlin}}
23:03:00.421 [gremlin-server-worker-1] INFO  o.o.g.s.o.c.CypherOpProcessor - Cypher: MATCH (n:X) RETURN n, size([(n)--() | 1]) &gt; 0 AS b
23:03:00.430 [gremlin-server-worker-1] INFO  o.o.g.s.o.c.CypherOpProcessor - Gremlin: g.V().as('n').hasLabel('X').sideEffect(__.select('n').bothE().as('  REL32').otherV().as('  NODE34').dedup('n', '  REL32', '  NODE34').aggregate('  GENERATED4')).barrier().select('n').project('n', 'b').by(__.choose(neq('  cypher.null'), __.valueMap(true), __.constant('  cypher.null'))).by(__.constant(0).as('  GENERATED1').select('  GENERATED4').unfold().constant(1).fold().count(local).choose(__.or(__.is(eq('  cypher.null')), __.select('  GENERATED1').is(eq('  cypher.null'))), __.constant('  cypher.null'), __.choose(__.where(gt('  GENERATED1')), __.constant(true), __.constant(false))))
23:03:00.433 [gremlin-server-worker-1] ERROR o.o.g.s.o.c.CypherOpProcessor - Error during traversal iteration
java.lang.IllegalArgumentException: Neither the sideEffects, map, nor path has a   GENERATED1-key: WherePredicateStep(gt(  GENERATED1))
	at org.apache.tinkerpop.gremlin.process.traversal.step.Scoping.getScopeValue(Scoping.java:124)
	at org.apache.tinkerpop.gremlin.process.traversal.step.filter.WherePredicateStep.setPredicateValues(WherePredicateStep.java:82)
	at org.apache.tinkerpop.gremlin.process.traversal.step.filter.WherePredicateStep.filter(WherePredicateStep.java:103)
	at org.apache.tinkerpop.gremlin.process.traversal.step.filter.FilterStep.processNextStart(FilterStep.java:38)
	at org.apache.tinkerpop.gremlin.process.traversal.step.filter.WherePredicateStep.processNextStart(WherePredicateStep.java:150)
	at org.apache.tinkerpop.gremlin.process.traversal.step.util.AbstractStep.hasNext(AbstractStep.java:143)
	at org.apache.tinkerpop.gremlin.process.traversal.step.util.ExpandableStepIterator.hasNext(ExpandableStepIterator.java:42)
	at org.apache.tinkerpop.gremlin.process.traversal.step.map.HasNextStep.processNextStart(HasNextStep.java:39)
	at org.apache.tinkerpop.gremlin.process.traversal.step.util.AbstractStep.next(AbstractStep.java:128)
	at org.apache.tinkerpop.gremlin.process.traversal.step.util.AbstractStep.next(AbstractStep.java:38)
	at org.apache.tinkerpop.gremlin.process.traversal.util.DefaultTraversal.next(DefaultTraversal.java:200)
	at org.apache.tinkerpop.gremlin.process.traversal.util.TraversalUtil.apply(TraversalUtil.java:43)
	at org.apache.tinkerpop.gremlin.process.traversal.step.branch.BranchStep.handleStart(BranchStep.java:114)
	at org.apache.tinkerpop.gremlin.process.traversal.step.branch.BranchStep.standardAlgorithm(BranchStep.java:108)
	at org.apache.tinkerpop.gremlin.process.traversal.step.util.ComputerAwareStep.processNextStart(ComputerAwareStep.java:46)
	at org.apache.tinkerpop.gremlin.process.traversal.step.util.AbstractStep.hasNext(AbstractStep.java:143)
	at org.apache.tinkerpop.gremlin.process.traversal.step.util.ExpandableStepIterator.next(ExpandableStepIterator.java:50)
	at org.apache.tinkerpop.gremlin.process.traversal.step.util.ComputerAwareStep$EndStep.processNextStart(ComputerAwareStep.java:82)
	at org.apache.tinkerpop.gremlin.process.traversal.step.util.AbstractStep.hasNext(AbstractStep.java:143)
	at org.apache.tinkerpop.gremlin.process.traversal.util.DefaultTraversal.hasNext(DefaultTraversal.java:192)
	at org.apache.tinkerpop.gremlin.process.traversal.step.branch.BranchStep.standardAlgorithm(BranchStep.java:94)
	at org.apache.tinkerpop.gremlin.process.traversal.step.util.ComputerAwareStep.processNextStart(ComputerAwareStep.java:46)
	at org.apache.tinkerpop.gremlin.process.traversal.step.util.AbstractStep.next(AbstractStep.java:128)
	at org.apache.tinkerpop.gremlin.process.traversal.step.util.AbstractStep.next(AbstractStep.java:38)
	at org.apache.tinkerpop.gremlin.process.traversal.util.DefaultTraversal.next(DefaultTraversal.java:200)
	at org.apache.tinkerpop.gremlin.process.traversal.util.TraversalUtil.apply(TraversalUtil.java:43)
	at org.apache.tinkerpop.gremlin.process.traversal.util.TraversalUtil.applyNullable(TraversalUtil.java:75)
	at org.apache.tinkerpop.gremlin.process.traversal.step.map.ProjectStep.map(ProjectStep.java:55)
	at org.apache.tinkerpop.gremlin.process.traversal.step.map.ProjectStep.map(ProjectStep.java:40)
	at org.apache.tinkerpop.gremlin.process.traversal.step.map.MapStep.processNextStart(MapStep.java:37)
	at org.apache.tinkerpop.gremlin.process.traversal.step.util.AbstractStep.hasNext(AbstractStep.java:143)
	at org.apache.tinkerpop.gremlin.process.traversal.step.util.ExpandableStepIterator.next(ExpandableStepIterator.java:50)
	at org.apache.tinkerpop.gremlin.process.traversal.step.map.MapStep.processNextStart(MapStep.java:36)
	at org.apache.tinkerpop.gremlin.process.traversal.step.util.AbstractStep.hasNext(AbstractStep.java:143)
	at org.apache.tinkerpop.gremlin.process.traversal.util.DefaultTraversal.hasNext(DefaultTraversal.java:192)
	at org.apache.tinkerpop.gremlin.server.op.AbstractOpProcessor.handleIterator(AbstractOpProcessor.java:89)
	at org.opencypher.gremlin.server.op.cypher.CypherOpProcessor.handleIterator(CypherOpProcessor.java:190)
	at org.opencypher.gremlin.server.op.cypher.CypherOpProcessor.lambda$evalCypher$0(CypherOpProcessor.java:128)
	at org.opencypher.gremlin.server.op.cypher.CypherOpProcessor.inTransaction(CypherOpProcessor.java:136)
	at org.opencypher.gremlin.server.op.cypher.CypherOpProcessor.evalCypher(CypherOpProcessor.java:128)
	at org.apache.tinkerpop.gremlin.server.handler.OpExecutorHandler.channelRead0(OpExecutorHandler.java:68)
	at org.apache.tinkerpop.gremlin.server.handler.OpExecutorHandler.channelRead0(OpExecutorHandler.java:43)
	at io.netty.channel.SimpleChannelInboundHandler.channelRead(SimpleChannelInboundHandler.java:105)
	at io.netty.channel.AbstractChannelHandlerContext.invokeChannelRead(AbstractChannelHandlerContext.java:356)
	at io.netty.channel.AbstractChannelHandlerContext.invokeChannelRead(AbstractChannelHandlerContext.java:342)
	at io.netty.channel.AbstractChannelHandlerContext.fireChannelRead(AbstractChannelHandlerContext.java:335)
	at io.netty.handler.codec.MessageToMessageDecoder.channelRead(MessageToMessageDecoder.java:102)
	at io.netty.channel.AbstractChannelHandlerContext.invokeChannelRead(AbstractChannelHandlerContext.java:356)
	at io.netty.channel.AbstractChannelHandlerContext.invokeChannelRead(AbstractChannelHandlerContext.java:342)
	at io.netty.channel.AbstractChannelHandlerContext.fireChannelRead(AbstractChannelHandlerContext.java:335)
	at io.netty.handler.codec.MessageToMessageDecoder.channelRead(MessageToMessageDecoder.java:102)
	at io.netty.channel.AbstractChannelHandlerContext.invokeChannelRead(AbstractChannelHandlerContext.java:356)
	at io.netty.channel.AbstractChannelHandlerContext.invokeChannelRead(AbstractChannelHandlerContext.java:342)
	at io.netty.channel.AbstractChannelHandlerContext.fireChannelRead(AbstractChannelHandlerContext.java:335)
	at io.netty.handler.codec.MessageToMessageDecoder.channelRead(MessageToMessageDecoder.java:102)
	at io.netty.channel.AbstractChannelHandlerContext.invokeChannelRead(AbstractChannelHandlerContext.java:356)
	at io.netty.channel.AbstractChannelHandlerContext.invokeChannelRead(AbstractChannelHandlerContext.java:342)
	at io.netty.channel.AbstractChannelHandlerContext.fireChannelRead(AbstractChannelHandlerContext.java:335)
	at io.netty.handler.codec.MessageToMessageDecoder.channelRead(MessageToMessageDecoder.java:102)
	at io.netty.channel.AbstractChannelHandlerContext.invokeChannelRead(AbstractChannelHandlerContext.java:356)
	at io.netty.channel.AbstractChannelHandlerContext.invokeChannelRead(AbstractChannelHandlerContext.java:342)
	at io.netty.channel.AbstractChannelHandlerContext.fireChannelRead(AbstractChannelHandlerContext.java:335)
	at io.netty.handler.codec.MessageToMessageDecoder.channelRead(MessageToMessageDecoder.java:102)
	at io.netty.channel.AbstractChannelHandlerContext.invokeChannelRead(AbstractChannelHandlerContext.java:356)
	at io.netty.channel.AbstractChannelHandlerContext.invokeChannelRead(AbstractChannelHandlerContext.java:342)
	at io.netty.channel.AbstractChannelHandlerContext.fireChannelRead(AbstractChannelHandlerContext.java:335)
	at io.netty.handler.codec.http.websocketx.WebSocketServerProtocolHandler$1.channelRead(WebSocketServerProtocolHandler.java:159)
	at io.netty.channel.AbstractChannelHandlerContext.invokeChannelRead(AbstractChannelHandlerContext.java:356)
	at io.netty.channel.AbstractChannelHandlerContext.invokeChannelRead(AbstractChannelHandlerContext.java:342)
	at io.netty.channel.AbstractChannelHandlerContext.fireChannelRead(AbstractChannelHandlerContext.java:335)
	at io.netty.handler.codec.ByteToMessageDecoder.fireChannelRead(ByteToMessageDecoder.java:312)
	at io.netty.handler.codec.ByteToMessageDecoder.channelRead(ByteToMessageDecoder.java:286)
	at io.netty.channel.AbstractChannelHandlerContext.invokeChannelRead(AbstractChannelHandlerContext.java:356)
	at io.netty.channel.AbstractChannelHandlerContext.invokeChannelRead(AbstractChannelHandlerContext.java:342)
	at io.netty.channel.AbstractChannelHandlerContext.fireChannelRead(AbstractChannelHandlerContext.java:335)
	at io.netty.handler.timeout.IdleStateHandler.channelRead(IdleStateHandler.java:286)
	at io.netty.channel.AbstractChannelHandlerContext.invokeChannelRead(AbstractChannelHandlerContext.java:356)
	at io.netty.channel.AbstractChannelHandlerContext.invokeChannelRead(AbstractChannelHandlerContext.java:342)
	at io.netty.channel.AbstractChannelHandlerContext.fireChannelRead(AbstractChannelHandlerContext.java:335)
	at io.netty.channel.DefaultChannelPipeline$HeadContext.channelRead(DefaultChannelPipeline.java:1304)
	at io.netty.channel.AbstractChannelHandlerContext.invokeChannelRead(AbstractChannelHandlerContext.java:356)
	at io.netty.channel.AbstractChannelHandlerContext.invokeChannelRead(AbstractChannelHandlerContext.java:342)
	at io.netty.channel.DefaultChannelPipeline.fireChannelRead(DefaultChannelPipeline.java:921)
	at io.netty.channel.nio.AbstractNioByteChannel$NioByteUnsafe.read(AbstractNioByteChannel.java:135)
	at io.netty.channel.nio.NioEventLoop.processSelectedKey(NioEventLoop.java:646)
	at io.netty.channel.nio.NioEventLoop.processSelectedKeysOptimized(NioEventLoop.java:581)
	at io.netty.channel.nio.NioEventLoop.processSelectedKeys(NioEventLoop.java:498)
	at io.netty.channel.nio.NioEventLoop.run(NioEventLoop.java:460)
	at io.netty.util.concurrent.SingleThreadEventExecutor$2.run(SingleThreadEventExecutor.java:131)
	at java.lang.Thread.run(Thread.java:748)
</p></pre>
        </div>
      </div>
      </div>

        
  
      </div>
          <div class="step">
        
<div class="brief failed">
  <span class="keyword indention">Then</span>
  <span class="name">the result should be:</span>
  
  <span class="lead-duration duration">0.000</span>

  </div>

        

  <div class="inner-level">
    <div class="message indention">
      <div data-toggle="collapse" class=" collapsable-control" data-target="#msg-72">
          <a>org.opencypher.tools.tck.api.Scenario$ScenarioFailedException: Feature &quot;PatternComprehension&quot;: Scenario &quot;Using pattern comprehension to test existence&quot; failed with message: Expected: | n | b |</a>
      </div>
      <div id="msg-72" class="collapse collapsable-details  in ">
        <pre>org.opencypher.tools.tck.api.Scenario$ScenarioFailedException: Feature &quot;PatternComprehension&quot;: Scenario &quot;Using pattern comprehension to test existence&quot; failed with message: Expected: | n | b |
| (:X {prop: 42}) | true |
| (:X {prop: 43}) | false |, got error ExecutionFailed(UnknownError,runtime,Neither the sideEffects, map, nor path has a   GENERATED1-key: WherePredicateStep(gt(  GENERATED1)),Some(org.apache.tinkerpop.gremlin.driver.exception.ResponseException: Neither the sideEffects, map, nor path has a   GENERATED1-key: WherePredicateStep(gt(  GENERATED1))))
	at org.opencypher.tools.tck.api.Scenario$$anonfun$executeOnGraph$1.apply(Scenario.scala:95)
	at org.opencypher.tools.tck.api.Scenario$$anonfun$executeOnGraph$1.apply(Scenario.scala:60)
	at scala.collection.LinearSeqOptimized$class.foldLeft(LinearSeqOptimized.scala:124)
	at scala.collection.immutable.List.foldLeft(List.scala:84)
	at org.opencypher.tools.tck.api.Scenario.executeOnGraph(Scenario.scala:60)
	at org.opencypher.tools.tck.api.Scenario$$anon$1.execute(Scenario.scala:54)
	at org.junit.jupiter.engine.descriptor.JupiterTestDescriptor.executeAndMaskThrowable(JupiterTestDescriptor.java:145)
	at org.junit.jupiter.engine.descriptor.DynamicTestTestDescriptor.execute(DynamicTestTestDescriptor.java:46)
	at org.junit.jupiter.engine.descriptor.DynamicTestTestDescriptor.execute(DynamicTestTestDescriptor.java:24)
	at org.junit.platform.engine.support.hierarchical.HierarchicalTestExecutor.lambda$execute$3(HierarchicalTestExecutor.java:83)
	at org.junit.platform.engine.support.hierarchical.SingleTestExecutor.executeSafely(SingleTestExecutor.java:66)
	at org.junit.platform.engine.support.hierarchical.HierarchicalTestExecutor.execute(HierarchicalTestExecutor.java:77)
	at org.junit.platform.engine.support.hierarchical.HierarchicalTestExecutor.lambda$null$0(HierarchicalTestExecutor.java:85)
	at org.junit.jupiter.engine.descriptor.TestFactoryTestDescriptor.lambda$invokeTestMethod$1(TestFactoryTestDescriptor.java:80)
	at org.junit.jupiter.engine.execution.ThrowableCollector.execute(ThrowableCollector.java:40)
	at org.junit.jupiter.engine.descriptor.TestFactoryTestDescriptor.invokeTestMethod(TestFactoryTestDescriptor.java:68)
	at org.junit.jupiter.engine.descriptor.TestMethodTestDescriptor.execute(TestMethodTestDescriptor.java:110)
	at org.junit.jupiter.engine.descriptor.TestMethodTestDescriptor.execute(TestMethodTestDescriptor.java:57)
	at org.junit.platform.engine.support.hierarchical.HierarchicalTestExecutor.lambda$execute$3(HierarchicalTestExecutor.java:83)
	at org.junit.platform.engine.support.hierarchical.SingleTestExecutor.executeSafely(SingleTestExecutor.java:66)
	at org.junit.platform.engine.support.hierarchical.HierarchicalTestExecutor.execute(HierarchicalTestExecutor.java:77)
	at org.junit.platform.engine.support.hierarchical.HierarchicalTestExecutor.lambda$null$2(HierarchicalTestExecutor.java:92)
	at java.util.stream.ForEachOps$ForEachOp$OfRef.accept(ForEachOps.java:184)
	at java.util.stream.ReferencePipeline$2$1.accept(ReferencePipeline.java:175)
	at java.util.Iterator.forEachRemaining(Iterator.java:116)
	at java.util.Spliterators$IteratorSpliterator.forEachRemaining(Spliterators.java:1801)
	at java.util.stream.AbstractPipeline.copyInto(AbstractPipeline.java:481)
	at java.util.stream.AbstractPipeline.wrapAndCopyInto(AbstractPipeline.java:471)
	at java.util.stream.ForEachOps$ForEachOp.evaluateSequential(ForEachOps.java:151)
	at java.util.stream.ForEachOps$ForEachOp$OfRef.evaluateSequential(ForEachOps.java:174)
	at java.util.stream.AbstractPipeline.evaluate(AbstractPipeline.java:234)
	at java.util.stream.ReferencePipeline.forEach(ReferencePipeline.java:418)
	at org.junit.platform.engine.support.hierarchical.HierarchicalTestExecutor.lambda$execute$3(HierarchicalTestExecutor.java:92)
	at org.junit.platform.engine.support.hierarchical.SingleTestExecutor.executeSafely(SingleTestExecutor.java:66)
	at org.junit.platform.engine.support.hierarchical.HierarchicalTestExecutor.execute(HierarchicalTestExecutor.java:77)
	at org.junit.platform.engine.support.hierarchical.HierarchicalTestExecutor.lambda$null$2(HierarchicalTestExecutor.java:92)
	at java.util.stream.ForEachOps$ForEachOp$OfRef.accept(ForEachOps.java:184)
	at java.util.stream.ReferencePipeline$2$1.accept(ReferencePipeline.java:175)
	at java.util.Iterator.forEachRemaining(Iterator.java:116)
	at java.util.Spliterators$IteratorSpliterator.forEachRemaining(Spliterators.java:1801)
	at java.util.stream.AbstractPipeline.copyInto(AbstractPipeline.java:481)
	at java.util.stream.AbstractPipeline.wrapAndCopyInto(AbstractPipeline.java:471)
	at java.util.stream.ForEachOps$ForEachOp.evaluateSequential(ForEachOps.java:151)
	at java.util.stream.ForEachOps$ForEachOp$OfRef.evaluateSequential(ForEachOps.java:174)
	at java.util.stream.AbstractPipeline.evaluate(AbstractPipeline.java:234)
	at java.util.stream.ReferencePipeline.forEach(ReferencePipeline.java:418)
	at org.junit.platform.engine.support.hierarchical.HierarchicalTestExecutor.lambda$execute$3(HierarchicalTestExecutor.java:92)
	at org.junit.platform.engine.support.hierarchical.SingleTestExecutor.executeSafely(SingleTestExecutor.java:66)
	at org.junit.platform.engine.support.hierarchical.HierarchicalTestExecutor.execute(HierarchicalTestExecutor.java:77)
	at org.junit.platform.engine.support.hierarchical.HierarchicalTestExecutor.execute(HierarchicalTestExecutor.java:51)
	at org.junit.platform.engine.support.hierarchical.HierarchicalTestEngine.execute(HierarchicalTestEngine.java:43)
	at org.junit.platform.launcher.core.DefaultLauncher.execute(DefaultLauncher.java:170)
	at org.junit.platform.launcher.core.DefaultLauncher.execute(DefaultLauncher.java:154)
	at org.junit.platform.launcher.core.DefaultLauncher.execute(DefaultLauncher.java:90)
	at org.gradle.api.internal.tasks.testing.junitplatform.JUnitPlatformTestClassProcessor$CollectAllTestClassesExecutor.processAllTestClasses(JUnitPlatformTestClassProcessor.java:92)
	at org.gradle.api.internal.tasks.testing.junitplatform.JUnitPlatformTestClassProcessor$CollectAllTestClassesExecutor.access$100(JUnitPlatformTestClassProcessor.java:77)
	at org.gradle.api.internal.tasks.testing.junitplatform.JUnitPlatformTestClassProcessor.stop(JUnitPlatformTestClassProcessor.java:73)
	at org.gradle.api.internal.tasks.testing.SuiteTestClassProcessor.stop(SuiteTestClassProcessor.java:61)
	at sun.reflect.NativeMethodAccessorImpl.invoke0(Native Method)
	at sun.reflect.NativeMethodAccessorImpl.invoke(NativeMethodAccessorImpl.java:62)
	at sun.reflect.DelegatingMethodAccessorImpl.invoke(DelegatingMethodAccessorImpl.java:43)
	at java.lang.reflect.Method.invoke(Method.java:498)
	at org.gradle.internal.dispatch.ReflectionDispatch.dispatch(ReflectionDispatch.java:35)
	at org.gradle.internal.dispatch.ReflectionDispatch.dispatch(ReflectionDispatch.java:24)
	at org.gradle.internal.dispatch.ContextClassLoaderDispatch.dispatch(ContextClassLoaderDispatch.java:32)
	at org.gradle.internal.dispatch.ProxyDispatchAdapter$DispatchingInvocationHandler.invoke(ProxyDispatchAdapter.java:93)
	at com.sun.proxy.$Proxy1.stop(Unknown Source)
	at org.gradle.api.internal.tasks.testing.worker.TestWorker.stop(TestWorker.java:123)
	at sun.reflect.NativeMethodAccessorImpl.invoke0(Native Method)
	at sun.reflect.NativeMethodAccessorImpl.invoke(NativeMethodAccessorImpl.java:62)
	at sun.reflect.DelegatingMethodAccessorImpl.invoke(DelegatingMethodAccessorImpl.java:43)
	at java.lang.reflect.Method.invoke(Method.java:498)
	at org.gradle.internal.dispatch.ReflectionDispatch.dispatch(ReflectionDispatch.java:35)
	at org.gradle.internal.dispatch.ReflectionDispatch.dispatch(ReflectionDispatch.java:24)
	at org.gradle.internal.remote.internal.hub.MessageHubBackedObjectConnection$DispatchWrapper.dispatch(MessageHubBackedObjectConnection.java:155)
	at org.gradle.internal.remote.internal.hub.MessageHubBackedObjectConnection$DispatchWrapper.dispatch(MessageHubBackedObjectConnection.java:137)
	at org.gradle.internal.remote.internal.hub.MessageHub$Handler.run(MessageHub.java:404)
	at org.gradle.internal.concurrent.ExecutorPolicy$CatchAndRecordFailures.onExecute(ExecutorPolicy.java:63)
	at org.gradle.internal.concurrent.ManagedExecutorImpl$1.run(ManagedExecutorImpl.java:46)
	at java.util.concurrent.ThreadPoolExecutor.runWorker(ThreadPoolExecutor.java:1149)
	at java.util.concurrent.ThreadPoolExecutor$Worker.run(ThreadPoolExecutor.java:624)
	at org.gradle.internal.concurrent.ThreadFactoryImpl$ManagedThreadRunnable.run(ThreadFactoryImpl.java:55)
	at java.lang.Thread.run(Thread.java:748)
Caused by: org.apache.tinkerpop.gremlin.driver.exception.ResponseException: Neither the sideEffects, map, nor path has a   GENERATED1-key: WherePredicateStep(gt(  GENERATED1))
	at org.apache.tinkerpop.gremlin.driver.Handler$GremlinResponseHandler.channelRead0(Handler.java:246)
	at org.apache.tinkerpop.gremlin.driver.Handler$GremlinResponseHandler.channelRead0(Handler.java:197)
	at io.netty.channel.SimpleChannelInboundHandler.channelRead(SimpleChannelInboundHandler.java:105)
	at io.netty.channel.AbstractChannelHandlerContext.invokeChannelRead(AbstractChannelHandlerContext.java:356)
	at io.netty.channel.AbstractChannelHandlerContext.invokeChannelRead(AbstractChannelHandlerContext.java:342)
	at io.netty.channel.AbstractChannelHandlerContext.fireChannelRead(AbstractChannelHandlerContext.java:335)
	at org.apache.tinkerpop.gremlin.driver.Handler$GremlinSaslAuthenticationHandler.channelRead0(Handler.java:123)
	at org.apache.tinkerpop.gremlin.driver.Handler$GremlinSaslAuthenticationHandler.channelRead0(Handler.java:67)
	at io.netty.channel.SimpleChannelInboundHandler.channelRead(SimpleChannelInboundHandler.java:105)
	at io.netty.channel.AbstractChannelHandlerContext.invokeChannelRead(AbstractChannelHandlerContext.java:356)
	at io.netty.channel.AbstractChannelHandlerContext.invokeChannelRead(AbstractChannelHandlerContext.java:342)
	at io.netty.channel.AbstractChannelHandlerContext.fireChannelRead(AbstractChannelHandlerContext.java:335)
	at io.netty.handler.codec.MessageToMessageDecoder.channelRead(MessageToMessageDecoder.java:102)
	at io.netty.channel.AbstractChannelHandlerContext.invokeChannelRead(AbstractChannelHandlerContext.java:356)
	at io.netty.channel.AbstractChannelHandlerContext.invokeChannelRead(AbstractChannelHandlerContext.java:342)
	at io.netty.channel.AbstractChannelHandlerContext.fireChannelRead(AbstractChannelHandlerContext.java:335)
	at org.apache.tinkerpop.gremlin.driver.handler.WebSocketClientHandler.channelRead0(WebSocketClientHandler.java:94)
	at io.netty.channel.SimpleChannelInboundHandler.channelRead(SimpleChannelInboundHandler.java:105)
	at io.netty.channel.AbstractChannelHandlerContext.invokeChannelRead(AbstractChannelHandlerContext.java:356)
	at io.netty.channel.AbstractChannelHandlerContext.invokeChannelRead(AbstractChannelHandlerContext.java:342)
	at io.netty.channel.AbstractChannelHandlerContext.fireChannelRead(AbstractChannelHandlerContext.java:335)
	at io.netty.handler.codec.ByteToMessageDecoder.fireChannelRead(ByteToMessageDecoder.java:312)
	at io.netty.handler.codec.ByteToMessageDecoder.channelRead(ByteToMessageDecoder.java:286)
	at io.netty.channel.AbstractChannelHandlerContext.invokeChannelRead(AbstractChannelHandlerContext.java:356)
	at io.netty.channel.AbstractChannelHandlerContext.invokeChannelRead(AbstractChannelHandlerContext.java:342)
	at io.netty.channel.AbstractChannelHandlerContext.fireChannelRead(AbstractChannelHandlerContext.java:335)
	at io.netty.channel.DefaultChannelPipeline$HeadContext.channelRead(DefaultChannelPipeline.java:1304)
	at io.netty.channel.AbstractChannelHandlerContext.invokeChannelRead(AbstractChannelHandlerContext.java:356)
	at io.netty.channel.AbstractChannelHandlerContext.invokeChannelRead(AbstractChannelHandlerContext.java:342)
	at io.netty.channel.DefaultChannelPipeline.fireChannelRead(DefaultChannelPipeline.java:921)
	at io.netty.channel.nio.AbstractNioByteChannel$NioByteUnsafe.read(AbstractNioByteChannel.java:135)
	at io.netty.channel.nio.NioEventLoop.processSelectedKey(NioEventLoop.java:646)
	at io.netty.channel.nio.NioEventLoop.processSelectedKeysOptimized(NioEventLoop.java:581)
	at io.netty.channel.nio.NioEventLoop.processSelectedKeys(NioEventLoop.java:498)
	at io.netty.channel.nio.NioEventLoop.run(NioEventLoop.java:460)
	at io.netty.util.concurrent.SingleThreadEventExecutor$2.run(SingleThreadEventExecutor.java:131)
	... 1 more
</pre>
      </div>
    </div>
  </div>


                  <table class="step-arguments">
                          <tr>
                                  <td>n</td>
                                  <td>b</td>
                              </tr>
                          <tr>
                                  <td>(:X {prop: 42})</td>
                                  <td>true</td>
                              </tr>
                          <tr>
                                  <td>(:X {prop: 43})</td>
                                  <td>false</td>
                              </tr>
                      </table>
        
        

        

        
  
      </div>
      </div>
</div>


    

  </div>
</div>

                      
<div class="element">
  
  
<div class="tags indention">
  </div>

  
  <span class="lead-duration duration">0.034</span>


    <span data-toggle="collapse" class=" collapsable-control" data-target="#element-73">
    
<div class="brief failed">
  <span class="keyword indention">Scenario</span>
  <span class="name">Pattern comprehension inside list comprehension</span>
  

       <i class="chevron fa fa-fw"></i>
  </div>

  </span>
  <div class="description indention"></div>

  <div id="element-73" class="collapse collapsable-details  in ">
    


    
<div class="steps inner-level">
    <div data-toggle="collapse" class=" collapsable-control" data-target="#steps-74">
    
<div class="brief failed">
  <span class="keyword indention">Steps</span>
  <span class="name"></span>
  

       <i class="chevron fa fa-fw"></i>
  </div>

  </div>

  <div id="steps-74" class="inner-level collapse collapsable-details  in ">
          <div class="step">
        
<div class="brief passed">
  <span class="keyword indention">Given</span>
  <span class="name">an empty graph</span>
  
  <span class="lead-duration duration">0.000</span>

  </div>

        


        
        

        
  <div class="outputs inner-level">
          <div class="output indention">
        <div data-toggle="collapse" class=" collapsed  collapsable-control" data-target="#output-75">
          Output 1
          <i class="chevron fa fa-fw"></i>
        </div>
        <div id="output-75" class="collapse collapsable-details " >
          
          <pre><p>23:03:00.437 [Test worker] DEBUG o.a.t.g.driver.Client - g.V().drop()}} to - Connection{host=Host{address=localhost/127.0.0.1:37875, hostUri=ws://localhost:37875/gremlin}}
</p></pre>
        </div>
      </div>
      </div>

        
  
      </div>
          <div class="step">
        
<div class="brief passed">
  <span class="keyword indention">And</span>
  <span class="name">having executed:</span>
  
  <span class="lead-duration duration">0.022</span>

  </div>

        


        
        
  <div class="inner-level">
    <div class="docstring indention">
            <div data-toggle="collapse" class="collapsable-control" data-target="#msg-76">
          <a>Doc string</a>
      </div>
      <div id="msg-76" class="collapse collapsable-details">
        <pre>CREATE (n1:X {n: 1}), (m1:Y), (i1:Y), (i2:Y)
CREATE (n1)-[:T]-&gt;(m1),
       (m1)-[:T]-&gt;(i1),
       (m1)-[:T]-&gt;(i2)
CREATE (n2:X {n: 2}), (m2), (i3:L), (i4:Y)
CREATE (n2)-[:T]-&gt;(m2),
       (m2)-[:T]-&gt;(i3),
       (m2)-[:T]-&gt;(i4)</pre>
      </div>
    </div>
  </div>

        
  <div class="outputs inner-level">
          <div class="output indention">
        <div data-toggle="collapse" class=" collapsed  collapsable-control" data-target="#output-77">
          Output 1
          <i class="chevron fa fa-fw"></i>
        </div>
        <div id="output-77" class="collapse collapsable-details " >
          
          <pre><p>23:03:00.439 [Test worker] DEBUG o.a.t.g.driver.Client - CREATE (n1:X {n: 1}), (m1:Y), (i1:Y), (i2:Y)
CREATE (n1)-[:T]-&gt;(m1),
       (m1)-[:T]-&gt;(i1),
       (m1)-[:T]-&gt;(i2)
CREATE (n2:X {n: 2}), (m2), (i3:L), (i4:Y)
CREATE (n2)-[:T]-&gt;(m2),
       (m2)-[:T]-&gt;(i3),
       (m2)-[:T]-&gt;(i4)}} to - Connection{host=Host{address=localhost/127.0.0.1:37875, hostUri=ws://localhost:37875/gremlin}}
23:03:00.442 [gremlin-server-worker-1] INFO  o.o.g.s.o.c.CypherOpProcessor - Cypher: CREATE (n1:X {n: 1}), (m1:Y), (i1:Y), (i2:Y) CREATE (n1)-[:T]-&gt;(m1),        (m1)-[:T]-&gt;(i1),        (m1)-[:T]-&gt;(i2) CREATE (n2:X {n: 2}), (m2), (i3:L), (i4:Y) CREATE (n2)-[:T]-&gt;(m2),        (m2)-[:T]-&gt;(i3),        (m2)-[:T]-&gt;(i4)
23:03:00.452 [gremlin-server-worker-1] INFO  o.o.g.s.o.c.CypherOpProcessor - Gremlin: g.addV('X').as('n1').property(single, 'n', 1).addV('Y').as('m1').addV('Y').as('i1').addV('Y').as('i2').addE('T').from('n1').to('m1').addE('T').from('m1').to('i1').addE('T').from('m1').to('i2').addV('X').as('n2').property(single, 'n', 2).addV().as('m2').addV('L').as('i3').addV('Y').as('i4').addE('T').from('n2').to('m2').addE('T').from('m2').to('i3').addE('T').from('m2').to('i4').barrier().limit(0)
</p></pre>
        </div>
      </div>
      </div>

        
  
      </div>
          <div class="step">
        
<div class="brief passed">
  <span class="keyword indention">When</span>
  <span class="name">executing query:</span>
  
  <span class="lead-duration duration">0.011</span>

  </div>

        


        
        
  <div class="inner-level">
    <div class="docstring indention">
            <div data-toggle="collapse" class="collapsable-control" data-target="#msg-78">
          <a>Doc string</a>
      </div>
      <div id="msg-78" class="collapse collapsable-details">
        <pre>MATCH p = (n:X)--&gt;(b)
RETURN n, [x IN nodes(p) | size([(x)--&gt;(:Y) | 1])] AS list</pre>
      </div>
    </div>
  </div>

        
  <div class="outputs inner-level">
          <div class="output indention">
        <div data-toggle="collapse" class=" collapsed  collapsable-control" data-target="#output-79">
          Output 1
          <i class="chevron fa fa-fw"></i>
        </div>
        <div id="output-79" class="collapse collapsable-details " >
          
          <pre><p>23:03:00.480 [Test worker] DEBUG o.a.t.g.driver.Client - MATCH p = (n:X)--&gt;(b)
RETURN n, [x IN nodes(p) | size([(x)--&gt;(:Y) | 1])] AS list}} to - Connection{host=Host{address=localhost/127.0.0.1:37875, hostUri=ws://localhost:37875/gremlin}}
23:03:00.480 [gremlin-server-worker-1] INFO  o.o.g.s.o.c.CypherOpProcessor - Cypher: MATCH p = (n:X)--&gt;(b) RETURN n, [x IN nodes(p) | size([(x)--&gt;(:Y) | 1])] AS list
23:03:00.488 [gremlin-server-worker-1] INFO  o.o.g.s.o.c.CypherOpProcessor - Gremlin: g.V().as('  cypher.match.start.p').as('n').hasLabel('X').outE().aggregate('  cypher.path.edge.p').inV().as('  cypher.match.end.p').path().as('p').sideEffect(__.V().outE().inV().hasLabel('Y').aggregate('  GENERATED2')).barrier().select('n', 'p').project('n', 'list').by(__.select('n').choose(neq('  cypher.null'), __.valueMap(true), __.constant('  cypher.null'))).by(__.select('p').path().from('  cypher.match.start.p').to('  cypher.match.end.p').by(__.identity()).by(__.constant('  cypher.unused')).local(__.unfold().is(neq('  cypher.unused')).fold()).unfold().select('  GENERATED2').unfold().constant(1).fold().count(local).fold())
</p></pre>
        </div>
      </div>
      </div>

        
  
      </div>
          <div class="step">
        
<div class="brief failed">
  <span class="keyword indention">Then</span>
  <span class="name">the result should be:</span>
  
  <span class="lead-duration duration">0.000</span>

  </div>

        

  <div class="inner-level">
    <div class="message indention">
      <div data-toggle="collapse" class=" collapsable-control" data-target="#msg-80">
          <a>org.opencypher.tools.tck.api.Scenario$ScenarioFailedException: Feature &quot;PatternComprehension&quot;: Scenario &quot;Pattern comprehension inside list comprehension&quot; failed with message: </a>
      </div>
      <div id="msg-80" class="collapse collapsable-details  in ">
        <pre>org.opencypher.tools.tck.api.Scenario$ScenarioFailedException: Feature &quot;PatternComprehension&quot;: Scenario &quot;Pattern comprehension inside list comprehension&quot; failed with message: 
Expected (in any order of rows):
| n | list |
| (:X {n: 1}) | [1, 2] |
| (:X {n: 2}) | [0, 1] |
Actual:
| n | list |
| (:X {n: 1}) | [16] |
| (:X {n: 2}) | [16] |
	at org.opencypher.tools.tck.api.Scenario$$anonfun$executeOnGraph$1.apply(Scenario.scala:90)
	at org.opencypher.tools.tck.api.Scenario$$anonfun$executeOnGraph$1.apply(Scenario.scala:60)
	at scala.collection.LinearSeqOptimized$class.foldLeft(LinearSeqOptimized.scala:124)
	at scala.collection.immutable.List.foldLeft(List.scala:84)
	at org.opencypher.tools.tck.api.Scenario.executeOnGraph(Scenario.scala:60)
	at org.opencypher.tools.tck.api.Scenario$$anon$1.execute(Scenario.scala:54)
	at org.junit.jupiter.engine.descriptor.JupiterTestDescriptor.executeAndMaskThrowable(JupiterTestDescriptor.java:145)
	at org.junit.jupiter.engine.descriptor.DynamicTestTestDescriptor.execute(DynamicTestTestDescriptor.java:46)
	at org.junit.jupiter.engine.descriptor.DynamicTestTestDescriptor.execute(DynamicTestTestDescriptor.java:24)
	at org.junit.platform.engine.support.hierarchical.HierarchicalTestExecutor.lambda$execute$3(HierarchicalTestExecutor.java:83)
	at org.junit.platform.engine.support.hierarchical.SingleTestExecutor.executeSafely(SingleTestExecutor.java:66)
	at org.junit.platform.engine.support.hierarchical.HierarchicalTestExecutor.execute(HierarchicalTestExecutor.java:77)
	at org.junit.platform.engine.support.hierarchical.HierarchicalTestExecutor.lambda$null$0(HierarchicalTestExecutor.java:85)
	at org.junit.jupiter.engine.descriptor.TestFactoryTestDescriptor.lambda$invokeTestMethod$1(TestFactoryTestDescriptor.java:80)
	at org.junit.jupiter.engine.execution.ThrowableCollector.execute(ThrowableCollector.java:40)
	at org.junit.jupiter.engine.descriptor.TestFactoryTestDescriptor.invokeTestMethod(TestFactoryTestDescriptor.java:68)
	at org.junit.jupiter.engine.descriptor.TestMethodTestDescriptor.execute(TestMethodTestDescriptor.java:110)
	at org.junit.jupiter.engine.descriptor.TestMethodTestDescriptor.execute(TestMethodTestDescriptor.java:57)
	at org.junit.platform.engine.support.hierarchical.HierarchicalTestExecutor.lambda$execute$3(HierarchicalTestExecutor.java:83)
	at org.junit.platform.engine.support.hierarchical.SingleTestExecutor.executeSafely(SingleTestExecutor.java:66)
	at org.junit.platform.engine.support.hierarchical.HierarchicalTestExecutor.execute(HierarchicalTestExecutor.java:77)
	at org.junit.platform.engine.support.hierarchical.HierarchicalTestExecutor.lambda$null$2(HierarchicalTestExecutor.java:92)
	at java.util.stream.ForEachOps$ForEachOp$OfRef.accept(ForEachOps.java:184)
	at java.util.stream.ReferencePipeline$2$1.accept(ReferencePipeline.java:175)
	at java.util.Iterator.forEachRemaining(Iterator.java:116)
	at java.util.Spliterators$IteratorSpliterator.forEachRemaining(Spliterators.java:1801)
	at java.util.stream.AbstractPipeline.copyInto(AbstractPipeline.java:481)
	at java.util.stream.AbstractPipeline.wrapAndCopyInto(AbstractPipeline.java:471)
	at java.util.stream.ForEachOps$ForEachOp.evaluateSequential(ForEachOps.java:151)
	at java.util.stream.ForEachOps$ForEachOp$OfRef.evaluateSequential(ForEachOps.java:174)
	at java.util.stream.AbstractPipeline.evaluate(AbstractPipeline.java:234)
	at java.util.stream.ReferencePipeline.forEach(ReferencePipeline.java:418)
	at org.junit.platform.engine.support.hierarchical.HierarchicalTestExecutor.lambda$execute$3(HierarchicalTestExecutor.java:92)
	at org.junit.platform.engine.support.hierarchical.SingleTestExecutor.executeSafely(SingleTestExecutor.java:66)
	at org.junit.platform.engine.support.hierarchical.HierarchicalTestExecutor.execute(HierarchicalTestExecutor.java:77)
	at org.junit.platform.engine.support.hierarchical.HierarchicalTestExecutor.lambda$null$2(HierarchicalTestExecutor.java:92)
	at java.util.stream.ForEachOps$ForEachOp$OfRef.accept(ForEachOps.java:184)
	at java.util.stream.ReferencePipeline$2$1.accept(ReferencePipeline.java:175)
	at java.util.Iterator.forEachRemaining(Iterator.java:116)
	at java.util.Spliterators$IteratorSpliterator.forEachRemaining(Spliterators.java:1801)
	at java.util.stream.AbstractPipeline.copyInto(AbstractPipeline.java:481)
	at java.util.stream.AbstractPipeline.wrapAndCopyInto(AbstractPipeline.java:471)
	at java.util.stream.ForEachOps$ForEachOp.evaluateSequential(ForEachOps.java:151)
	at java.util.stream.ForEachOps$ForEachOp$OfRef.evaluateSequential(ForEachOps.java:174)
	at java.util.stream.AbstractPipeline.evaluate(AbstractPipeline.java:234)
	at java.util.stream.ReferencePipeline.forEach(ReferencePipeline.java:418)
	at org.junit.platform.engine.support.hierarchical.HierarchicalTestExecutor.lambda$execute$3(HierarchicalTestExecutor.java:92)
	at org.junit.platform.engine.support.hierarchical.SingleTestExecutor.executeSafely(SingleTestExecutor.java:66)
	at org.junit.platform.engine.support.hierarchical.HierarchicalTestExecutor.execute(HierarchicalTestExecutor.java:77)
	at org.junit.platform.engine.support.hierarchical.HierarchicalTestExecutor.execute(HierarchicalTestExecutor.java:51)
	at org.junit.platform.engine.support.hierarchical.HierarchicalTestEngine.execute(HierarchicalTestEngine.java:43)
	at org.junit.platform.launcher.core.DefaultLauncher.execute(DefaultLauncher.java:170)
	at org.junit.platform.launcher.core.DefaultLauncher.execute(DefaultLauncher.java:154)
	at org.junit.platform.launcher.core.DefaultLauncher.execute(DefaultLauncher.java:90)
	at org.gradle.api.internal.tasks.testing.junitplatform.JUnitPlatformTestClassProcessor$CollectAllTestClassesExecutor.processAllTestClasses(JUnitPlatformTestClassProcessor.java:92)
	at org.gradle.api.internal.tasks.testing.junitplatform.JUnitPlatformTestClassProcessor$CollectAllTestClassesExecutor.access$100(JUnitPlatformTestClassProcessor.java:77)
	at org.gradle.api.internal.tasks.testing.junitplatform.JUnitPlatformTestClassProcessor.stop(JUnitPlatformTestClassProcessor.java:73)
	at org.gradle.api.internal.tasks.testing.SuiteTestClassProcessor.stop(SuiteTestClassProcessor.java:61)
	at sun.reflect.NativeMethodAccessorImpl.invoke0(Native Method)
	at sun.reflect.NativeMethodAccessorImpl.invoke(NativeMethodAccessorImpl.java:62)
	at sun.reflect.DelegatingMethodAccessorImpl.invoke(DelegatingMethodAccessorImpl.java:43)
	at java.lang.reflect.Method.invoke(Method.java:498)
	at org.gradle.internal.dispatch.ReflectionDispatch.dispatch(ReflectionDispatch.java:35)
	at org.gradle.internal.dispatch.ReflectionDispatch.dispatch(ReflectionDispatch.java:24)
	at org.gradle.internal.dispatch.ContextClassLoaderDispatch.dispatch(ContextClassLoaderDispatch.java:32)
	at org.gradle.internal.dispatch.ProxyDispatchAdapter$DispatchingInvocationHandler.invoke(ProxyDispatchAdapter.java:93)
	at com.sun.proxy.$Proxy1.stop(Unknown Source)
	at org.gradle.api.internal.tasks.testing.worker.TestWorker.stop(TestWorker.java:123)
	at sun.reflect.NativeMethodAccessorImpl.invoke0(Native Method)
	at sun.reflect.NativeMethodAccessorImpl.invoke(NativeMethodAccessorImpl.java:62)
	at sun.reflect.DelegatingMethodAccessorImpl.invoke(DelegatingMethodAccessorImpl.java:43)
	at java.lang.reflect.Method.invoke(Method.java:498)
	at org.gradle.internal.dispatch.ReflectionDispatch.dispatch(ReflectionDispatch.java:35)
	at org.gradle.internal.dispatch.ReflectionDispatch.dispatch(ReflectionDispatch.java:24)
	at org.gradle.internal.remote.internal.hub.MessageHubBackedObjectConnection$DispatchWrapper.dispatch(MessageHubBackedObjectConnection.java:155)
	at org.gradle.internal.remote.internal.hub.MessageHubBackedObjectConnection$DispatchWrapper.dispatch(MessageHubBackedObjectConnection.java:137)
	at org.gradle.internal.remote.internal.hub.MessageHub$Handler.run(MessageHub.java:404)
	at org.gradle.internal.concurrent.ExecutorPolicy$CatchAndRecordFailures.onExecute(ExecutorPolicy.java:63)
	at org.gradle.internal.concurrent.ManagedExecutorImpl$1.run(ManagedExecutorImpl.java:46)
	at java.util.concurrent.ThreadPoolExecutor.runWorker(ThreadPoolExecutor.java:1149)
	at java.util.concurrent.ThreadPoolExecutor$Worker.run(ThreadPoolExecutor.java:624)
	at org.gradle.internal.concurrent.ThreadFactoryImpl$ManagedThreadRunnable.run(ThreadFactoryImpl.java:55)
	at java.lang.Thread.run(Thread.java:748)
</pre>
      </div>
    </div>
  </div>


                  <table class="step-arguments">
                          <tr>
                                  <td>n</td>
                                  <td>list</td>
                              </tr>
                          <tr>
                                  <td>(:X {n: 1})</td>
                                  <td>[1, 2]</td>
                              </tr>
                          <tr>
                                  <td>(:X {n: 2})</td>
                                  <td>[0, 1]</td>
                              </tr>
                      </table>
        
        

        

        
  
      </div>
      </div>
</div>


    

  </div>
</div>

                      
<div class="element">
  
  
<div class="tags indention">
  </div>

  
  <span class="lead-duration duration">0.039</span>


    <span data-toggle="collapse" class=" collapsed  collapsable-control" data-target="#element-81">
    
<div class="brief passed">
  <span class="keyword indention">Scenario</span>
  <span class="name">Get node degree via size of pattern comprehension</span>
  

       <i class="chevron fa fa-fw"></i>
  </div>

  </span>
  <div class="description indention"></div>

  <div id="element-81" class="collapse collapsable-details ">
    


    
<div class="steps inner-level">
    <div data-toggle="collapse" class=" collapsed  collapsable-control" data-target="#steps-82">
    
<div class="brief passed">
  <span class="keyword indention">Steps</span>
  <span class="name"></span>
  

       <i class="chevron fa fa-fw"></i>
  </div>

  </div>

  <div id="steps-82" class="inner-level collapse collapsable-details ">
          <div class="step">
        
<div class="brief passed">
  <span class="keyword indention">Given</span>
  <span class="name">an empty graph</span>
  
  <span class="lead-duration duration">0.000</span>

  </div>

        


        
        

        
  <div class="outputs inner-level">
          <div class="output indention">
        <div data-toggle="collapse" class=" collapsed  collapsable-control" data-target="#output-83">
          Output 1
          <i class="chevron fa fa-fw"></i>
        </div>
        <div id="output-83" class="collapse collapsable-details " >
          
          <pre><p>23:03:00.492 [Test worker] DEBUG o.a.t.g.driver.Client - g.V().drop()}} to - Connection{host=Host{address=localhost/127.0.0.1:37875, hostUri=ws://localhost:37875/gremlin}}
</p></pre>
        </div>
      </div>
      </div>

        
  
      </div>
          <div class="step">
        
<div class="brief passed">
  <span class="keyword indention">And</span>
  <span class="name">having executed:</span>
  
  <span class="lead-duration duration">0.009</span>

  </div>

        


        
        
  <div class="inner-level">
    <div class="docstring indention">
            <div data-toggle="collapse" class="collapsable-control" data-target="#msg-84">
          <a>Doc string</a>
      </div>
      <div id="msg-84" class="collapse collapsable-details">
        <pre>CREATE (x:X),
  (x)-[:T]-&gt;(),
  (x)-[:T]-&gt;(),
  (x)-[:T]-&gt;()</pre>
      </div>
    </div>
  </div>

        
  <div class="outputs inner-level">
          <div class="output indention">
        <div data-toggle="collapse" class=" collapsed  collapsable-control" data-target="#output-85">
          Output 1
          <i class="chevron fa fa-fw"></i>
        </div>
        <div id="output-85" class="collapse collapsable-details " >
          
          <pre><p>23:03:00.493 [Test worker] DEBUG o.a.t.g.driver.Client - CREATE (x:X),
  (x)-[:T]-&gt;(),
  (x)-[:T]-&gt;(),
  (x)-[:T]-&gt;()}} to - Connection{host=Host{address=localhost/127.0.0.1:37875, hostUri=ws://localhost:37875/gremlin}}
23:03:00.494 [gremlin-server-worker-1] INFO  o.o.g.s.o.c.CypherOpProcessor - Cypher: CREATE (x:X),   (x)-[:T]-&gt;(),   (x)-[:T]-&gt;(),   (x)-[:T]-&gt;()
23:03:00.498 [gremlin-server-worker-1] INFO  o.o.g.s.o.c.CypherOpProcessor - Gremlin: g.addV('X').as('x').addV().as('  UNNAMED27').addE('T').from('x').to('  UNNAMED27').addV().as('  UNNAMED43').addE('T').from('x').to('  UNNAMED43').addV().as('  UNNAMED59').addE('T').from('x').to('  UNNAMED59').barrier().limit(0)
</p></pre>
        </div>
      </div>
      </div>

        
  
      </div>
          <div class="step">
        
<div class="brief passed">
  <span class="keyword indention">When</span>
  <span class="name">executing query:</span>
  
  <span class="lead-duration duration">0.006</span>

  </div>

        


        
        
  <div class="inner-level">
    <div class="docstring indention">
            <div data-toggle="collapse" class="collapsable-control" data-target="#msg-86">
          <a>Doc string</a>
      </div>
      <div id="msg-86" class="collapse collapsable-details">
        <pre>MATCH (a:X)
RETURN size([(a)--&gt;() | 1]) AS length</pre>
      </div>
    </div>
  </div>

        
  <div class="outputs inner-level">
          <div class="output indention">
        <div data-toggle="collapse" class=" collapsed  collapsable-control" data-target="#output-87">
          Output 1
          <i class="chevron fa fa-fw"></i>
        </div>
        <div id="output-87" class="collapse collapsable-details " >
          
          <pre><p>23:03:00.528 [Test worker] DEBUG o.a.t.g.driver.Client - MATCH (a:X)
RETURN size([(a)--&gt;() | 1]) AS length}} to - Connection{host=Host{address=localhost/127.0.0.1:37875, hostUri=ws://localhost:37875/gremlin}}
23:03:00.528 [gremlin-server-worker-1] INFO  o.o.g.s.o.c.CypherOpProcessor - Cypher: MATCH (a:X) RETURN size([(a)--&gt;() | 1]) AS length
23:03:00.533 [gremlin-server-worker-1] INFO  o.o.g.s.o.c.CypherOpProcessor - Gremlin: g.V().as('a').hasLabel('X').sideEffect(__.select('a').outE().inV().aggregate('  GENERATED3')).barrier().select('a').project('length').by(__.select('  GENERATED3').unfold().constant(1).fold().count(local))
</p></pre>
        </div>
      </div>
      </div>

        
  
      </div>
          <div class="step">
        
<div class="brief passed">
  <span class="keyword indention">Then</span>
  <span class="name">the result should be:</span>
  
  <span class="lead-duration duration">0.000</span>

  </div>

        


                  <table class="step-arguments">
                          <tr>
                                  <td>length</td>
                              </tr>
                          <tr>
                                  <td>3</td>
                              </tr>
                      </table>
        
        

        

        
  
      </div>
          <div class="step">
        
<div class="brief passed">
  <span class="keyword indention">And</span>
  <span class="name">no side effects</span>
  
  <span class="lead-duration duration">0.023</span>

  </div>

        


        
        

        
  <div class="outputs inner-level">
          <div class="output indention">
        <div data-toggle="collapse" class=" collapsed  collapsable-control" data-target="#output-88">
          Output 1
          <i class="chevron fa fa-fw"></i>
        </div>
        <div id="output-88" class="collapse collapsable-details " >
          
          <pre><p>23:03:00.534 [Test worker] DEBUG o.a.t.g.driver.Client - MATCH (n) RETURN id(n)}} to - Connection{host=Host{address=localhost/127.0.0.1:37875, hostUri=ws://localhost:37875/gremlin}}
23:03:00.535 [gremlin-server-worker-1] INFO  o.o.g.s.o.c.CypherOpProcessor - Cypher: MATCH (n) RETURN id(n)
23:03:00.537 [gremlin-server-worker-1] INFO  o.o.g.s.o.c.CypherOpProcessor - Gremlin: g.V().project('id(n)').by(__.choose(neq('  cypher.null'), __.id(), __.constant('  cypher.null')))
23:03:00.538 [Test worker] DEBUG o.a.t.g.driver.Client - MATCH ()-[r]-&gt;() RETURN id(r)}} to - Connection{host=Host{address=localhost/127.0.0.1:37875, hostUri=ws://localhost:37875/gremlin}}
23:03:00.538 [gremlin-server-worker-1] INFO  o.o.g.s.o.c.CypherOpProcessor - Cypher: MATCH ()-[r]-&gt;() RETURN id(r)
23:03:00.542 [gremlin-server-worker-1] INFO  o.o.g.s.o.c.CypherOpProcessor - Gremlin: g.E().project('id(r)').by(__.choose(neq('  cypher.null'), __.id(), __.constant('  cypher.null')))
23:03:00.543 [Test worker] DEBUG o.a.t.g.driver.Client - MATCH (n)
UNWIND labels(n) AS label
RETURN DISTINCT label}} to - Connection{host=Host{address=localhost/127.0.0.1:37875, hostUri=ws://localhost:37875/gremlin}}
23:03:00.543 [gremlin-server-worker-1] INFO  o.o.g.s.o.c.CypherOpProcessor - Cypher: MATCH (n) UNWIND labels(n) AS label RETURN DISTINCT label
23:03:00.547 [gremlin-server-worker-1] INFO  o.o.g.s.o.c.CypherOpProcessor - Gremlin: g.V().label().is(neq('vertex')).project('label').by(__.identity()).dedup()
23:03:00.547 [Test worker] DEBUG o.a.t.g.driver.Client - g.V().as('V').properties().project('nodeId', 'key', 'value').by(__.select('V').id()).by(__.key()).by(__.value())}} to - Connection{host=Host{address=localhost/127.0.0.1:37875, hostUri=ws://localhost:37875/gremlin}}
23:03:00.552 [Test worker] DEBUG o.a.t.g.driver.Client - g.V().outE().as('E').properties().project('relId', 'key', 'value').by(__.select('E').id()).by(__.key()).by(__.value())}} to - Connection{host=Host{address=localhost/127.0.0.1:37875, hostUri=ws://localhost:37875/gremlin}}
-labels:        0
+labels:        0
+nodes:         0
-nodes:         0
-properties:    0
+properties:    0
-relationships: 0
+relationships: 0
</p></pre>
        </div>
      </div>
      </div>

        
  
      </div>
      </div>
</div>


    

  </div>
</div>

                      
<div class="element">
  
  
<div class="tags indention">
  </div>

  
  <span class="lead-duration duration">0.042</span>


    <span data-toggle="collapse" class=" collapsed  collapsable-control" data-target="#element-89">
    
<div class="brief passed">
  <span class="keyword indention">Scenario</span>
  <span class="name">Get node degree via size of pattern comprehension that specifies a relationship type</span>
  

       <i class="chevron fa fa-fw"></i>
  </div>

  </span>
  <div class="description indention"></div>

  <div id="element-89" class="collapse collapsable-details ">
    


    
<div class="steps inner-level">
    <div data-toggle="collapse" class=" collapsed  collapsable-control" data-target="#steps-90">
    
<div class="brief passed">
  <span class="keyword indention">Steps</span>
  <span class="name"></span>
  

       <i class="chevron fa fa-fw"></i>
  </div>

  </div>

  <div id="steps-90" class="inner-level collapse collapsable-details ">
          <div class="step">
        
<div class="brief passed">
  <span class="keyword indention">Given</span>
  <span class="name">an empty graph</span>
  
  <span class="lead-duration duration">0.000</span>

  </div>

        


        
        

        
  <div class="outputs inner-level">
          <div class="output indention">
        <div data-toggle="collapse" class=" collapsed  collapsable-control" data-target="#output-91">
          Output 1
          <i class="chevron fa fa-fw"></i>
        </div>
        <div id="output-91" class="collapse collapsable-details " >
          
          <pre><p>23:03:00.558 [Test worker] DEBUG o.a.t.g.driver.Client - g.V().drop()}} to - Connection{host=Host{address=localhost/127.0.0.1:37875, hostUri=ws://localhost:37875/gremlin}}
</p></pre>
        </div>
      </div>
      </div>

        
  
      </div>
          <div class="step">
        
<div class="brief passed">
  <span class="keyword indention">And</span>
  <span class="name">having executed:</span>
  
  <span class="lead-duration duration">0.008</span>

  </div>

        


        
        
  <div class="inner-level">
    <div class="docstring indention">
            <div data-toggle="collapse" class="collapsable-control" data-target="#msg-92">
          <a>Doc string</a>
      </div>
      <div id="msg-92" class="collapse collapsable-details">
        <pre>CREATE (x:X),
  (x)-[:T]-&gt;(),
  (x)-[:T]-&gt;(),
  (x)-[:T]-&gt;(),
  (x)-[:OTHER]-&gt;()</pre>
      </div>
    </div>
  </div>

        
  <div class="outputs inner-level">
          <div class="output indention">
        <div data-toggle="collapse" class=" collapsed  collapsable-control" data-target="#output-93">
          Output 1
          <i class="chevron fa fa-fw"></i>
        </div>
        <div id="output-93" class="collapse collapsable-details " >
          
          <pre><p>23:03:00.559 [Test worker] DEBUG o.a.t.g.driver.Client - CREATE (x:X),
  (x)-[:T]-&gt;(),
  (x)-[:T]-&gt;(),
  (x)-[:T]-&gt;(),
  (x)-[:OTHER]-&gt;()}} to - Connection{host=Host{address=localhost/127.0.0.1:37875, hostUri=ws://localhost:37875/gremlin}}
23:03:00.560 [gremlin-server-worker-1] INFO  o.o.g.s.o.c.CypherOpProcessor - Cypher: CREATE (x:X),   (x)-[:T]-&gt;(),   (x)-[:T]-&gt;(),   (x)-[:T]-&gt;(),   (x)-[:OTHER]-&gt;()
23:03:00.564 [gremlin-server-worker-1] INFO  o.o.g.s.o.c.CypherOpProcessor - Gremlin: g.addV('X').as('x').addV().as('  UNNAMED27').addE('T').from('x').to('  UNNAMED27').addV().as('  UNNAMED43').addE('T').from('x').to('  UNNAMED43').addV().as('  UNNAMED59').addE('T').from('x').to('  UNNAMED59').addV().as('  UNNAMED79').addE('OTHER').from('x').to('  UNNAMED79').barrier().limit(0)
</p></pre>
        </div>
      </div>
      </div>

        
  
      </div>
          <div class="step">
        
<div class="brief passed">
  <span class="keyword indention">When</span>
  <span class="name">executing query:</span>
  
  <span class="lead-duration duration">0.005</span>

  </div>

        


        
        
  <div class="inner-level">
    <div class="docstring indention">
            <div data-toggle="collapse" class="collapsable-control" data-target="#msg-94">
          <a>Doc string</a>
      </div>
      <div id="msg-94" class="collapse collapsable-details">
        <pre>MATCH (a:X)
RETURN size([(a)-[:T]-&gt;() | 1]) AS length</pre>
      </div>
    </div>
  </div>

        
  <div class="outputs inner-level">
          <div class="output indention">
        <div data-toggle="collapse" class=" collapsed  collapsable-control" data-target="#output-95">
          Output 1
          <i class="chevron fa fa-fw"></i>
        </div>
        <div id="output-95" class="collapse collapsable-details " >
          
          <pre><p>23:03:00.591 [Test worker] DEBUG o.a.t.g.driver.Client - MATCH (a:X)
RETURN size([(a)-[:T]-&gt;() | 1]) AS length}} to - Connection{host=Host{address=localhost/127.0.0.1:37875, hostUri=ws://localhost:37875/gremlin}}
23:03:00.591 [gremlin-server-worker-1] INFO  o.o.g.s.o.c.CypherOpProcessor - Cypher: MATCH (a:X) RETURN size([(a)-[:T]-&gt;() | 1]) AS length
23:03:00.595 [gremlin-server-worker-1] INFO  o.o.g.s.o.c.CypherOpProcessor - Gremlin: g.V().as('a').hasLabel('X').sideEffect(__.select('a').outE('T').inV().aggregate('  GENERATED3')).barrier().select('a').project('length').by(__.select('  GENERATED3').unfold().constant(1).fold().count(local))
</p></pre>
        </div>
      </div>
      </div>

        
  
      </div>
          <div class="step">
        
<div class="brief passed">
  <span class="keyword indention">Then</span>
  <span class="name">the result should be:</span>
  
  <span class="lead-duration duration">0.000</span>

  </div>

        


                  <table class="step-arguments">
                          <tr>
                                  <td>length</td>
                              </tr>
                          <tr>
                                  <td>3</td>
                              </tr>
                      </table>
        
        

        

        
  
      </div>
          <div class="step">
        
<div class="brief passed">
  <span class="keyword indention">And</span>
  <span class="name">no side effects</span>
  
  <span class="lead-duration duration">0.027</span>

  </div>

        


        
        

        
  <div class="outputs inner-level">
          <div class="output indention">
        <div data-toggle="collapse" class=" collapsed  collapsable-control" data-target="#output-96">
          Output 1
          <i class="chevron fa fa-fw"></i>
        </div>
        <div id="output-96" class="collapse collapsable-details " >
          
          <pre><p>23:03:00.596 [Test worker] DEBUG o.a.t.g.driver.Client - MATCH (n) RETURN id(n)}} to - Connection{host=Host{address=localhost/127.0.0.1:37875, hostUri=ws://localhost:37875/gremlin}}
23:03:00.597 [gremlin-server-worker-1] INFO  o.o.g.s.o.c.CypherOpProcessor - Cypher: MATCH (n) RETURN id(n)
23:03:00.600 [gremlin-server-worker-1] INFO  o.o.g.s.o.c.CypherOpProcessor - Gremlin: g.V().project('id(n)').by(__.choose(neq('  cypher.null'), __.id(), __.constant('  cypher.null')))
23:03:00.600 [Test worker] DEBUG o.a.t.g.driver.Client - MATCH ()-[r]-&gt;() RETURN id(r)}} to - Connection{host=Host{address=localhost/127.0.0.1:37875, hostUri=ws://localhost:37875/gremlin}}
23:03:00.600 [gremlin-server-worker-1] INFO  o.o.g.s.o.c.CypherOpProcessor - Cypher: MATCH ()-[r]-&gt;() RETURN id(r)
23:03:00.603 [gremlin-server-worker-1] INFO  o.o.g.s.o.c.CypherOpProcessor - Gremlin: g.E().project('id(r)').by(__.choose(neq('  cypher.null'), __.id(), __.constant('  cypher.null')))
23:03:00.604 [Test worker] DEBUG o.a.t.g.driver.Client - MATCH (n)
UNWIND labels(n) AS label
RETURN DISTINCT label}} to - Connection{host=Host{address=localhost/127.0.0.1:37875, hostUri=ws://localhost:37875/gremlin}}
23:03:00.604 [gremlin-server-worker-1] INFO  o.o.g.s.o.c.CypherOpProcessor - Cypher: MATCH (n) UNWIND labels(n) AS label RETURN DISTINCT label
23:03:00.607 [gremlin-server-worker-1] INFO  o.o.g.s.o.c.CypherOpProcessor - Gremlin: g.V().label().is(neq('vertex')).project('label').by(__.identity()).dedup()
23:03:00.608 [Test worker] DEBUG o.a.t.g.driver.Client - g.V().as('V').properties().project('nodeId', 'key', 'value').by(__.select('V').id()).by(__.key()).by(__.value())}} to - Connection{host=Host{address=localhost/127.0.0.1:37875, hostUri=ws://localhost:37875/gremlin}}
23:03:00.616 [Test worker] DEBUG o.a.t.g.driver.Client - g.V().outE().as('E').properties().project('relId', 'key', 'value').by(__.select('E').id()).by(__.key()).by(__.value())}} to - Connection{host=Host{address=localhost/127.0.0.1:37875, hostUri=ws://localhost:37875/gremlin}}
-labels:        0
+labels:        0
+nodes:         0
-nodes:         0
-properties:    0
+properties:    0
-relationships: 0
+relationships: 0
</p></pre>
        </div>
      </div>
      </div>

        
  
      </div>
      </div>
</div>


    

  </div>
</div>

                      
<div class="element">
  
  
<div class="tags indention">
  </div>

  
  <span class="lead-duration duration">0.048</span>


    <span data-toggle="collapse" class=" collapsed  collapsable-control" data-target="#element-97">
    
<div class="brief passed">
  <span class="keyword indention">Scenario</span>
  <span class="name">Get node degree via size of pattern comprehension that specifies multiple relationship types</span>
  

       <i class="chevron fa fa-fw"></i>
  </div>

  </span>
  <div class="description indention"></div>

  <div id="element-97" class="collapse collapsable-details ">
    


    
<div class="steps inner-level">
    <div data-toggle="collapse" class=" collapsed  collapsable-control" data-target="#steps-98">
    
<div class="brief passed">
  <span class="keyword indention">Steps</span>
  <span class="name"></span>
  

       <i class="chevron fa fa-fw"></i>
  </div>

  </div>

  <div id="steps-98" class="inner-level collapse collapsable-details ">
          <div class="step">
        
<div class="brief passed">
  <span class="keyword indention">Given</span>
  <span class="name">an empty graph</span>
  
  <span class="lead-duration duration">0.000</span>

  </div>

        


        
        

        
  <div class="outputs inner-level">
          <div class="output indention">
        <div data-toggle="collapse" class=" collapsed  collapsable-control" data-target="#output-99">
          Output 1
          <i class="chevron fa fa-fw"></i>
        </div>
        <div id="output-99" class="collapse collapsable-details " >
          
          <pre><p>23:03:00.624 [Test worker] DEBUG o.a.t.g.driver.Client - g.V().drop()}} to - Connection{host=Host{address=localhost/127.0.0.1:37875, hostUri=ws://localhost:37875/gremlin}}
</p></pre>
        </div>
      </div>
      </div>

        
  
      </div>
          <div class="step">
        
<div class="brief passed">
  <span class="keyword indention">And</span>
  <span class="name">having executed:</span>
  
  <span class="lead-duration duration">0.012</span>

  </div>

        


        
        
  <div class="inner-level">
    <div class="docstring indention">
            <div data-toggle="collapse" class="collapsable-control" data-target="#msg-100">
          <a>Doc string</a>
      </div>
      <div id="msg-100" class="collapse collapsable-details">
        <pre>CREATE (x:X),
  (x)-[:T]-&gt;(),
  (x)-[:T]-&gt;(),
  (x)-[:T]-&gt;(),
  (x)-[:OTHER]-&gt;()</pre>
      </div>
    </div>
  </div>

        
  <div class="outputs inner-level">
          <div class="output indention">
        <div data-toggle="collapse" class=" collapsed  collapsable-control" data-target="#output-101">
          Output 1
          <i class="chevron fa fa-fw"></i>
        </div>
        <div id="output-101" class="collapse collapsable-details " >
          
          <pre><p>23:03:00.625 [Test worker] DEBUG o.a.t.g.driver.Client - CREATE (x:X),
  (x)-[:T]-&gt;(),
  (x)-[:T]-&gt;(),
  (x)-[:T]-&gt;(),
  (x)-[:OTHER]-&gt;()}} to - Connection{host=Host{address=localhost/127.0.0.1:37875, hostUri=ws://localhost:37875/gremlin}}
23:03:00.626 [gremlin-server-worker-1] INFO  o.o.g.s.o.c.CypherOpProcessor - Cypher: CREATE (x:X),   (x)-[:T]-&gt;(),   (x)-[:T]-&gt;(),   (x)-[:T]-&gt;(),   (x)-[:OTHER]-&gt;()
23:03:00.632 [gremlin-server-worker-1] INFO  o.o.g.s.o.c.CypherOpProcessor - Gremlin: g.addV('X').as('x').addV().as('  UNNAMED27').addE('T').from('x').to('  UNNAMED27').addV().as('  UNNAMED43').addE('T').from('x').to('  UNNAMED43').addV().as('  UNNAMED59').addE('T').from('x').to('  UNNAMED59').addV().as('  UNNAMED79').addE('OTHER').from('x').to('  UNNAMED79').barrier().limit(0)
</p></pre>
        </div>
      </div>
      </div>

        
  
      </div>
          <div class="step">
        
<div class="brief passed">
  <span class="keyword indention">When</span>
  <span class="name">executing query:</span>
  
  <span class="lead-duration duration">0.010</span>

  </div>

        


        
        
  <div class="inner-level">
    <div class="docstring indention">
            <div data-toggle="collapse" class="collapsable-control" data-target="#msg-102">
          <a>Doc string</a>
      </div>
      <div id="msg-102" class="collapse collapsable-details">
        <pre>MATCH (a:X)
RETURN size([(a)-[:T|OTHER]-&gt;() | 1]) AS length</pre>
      </div>
    </div>
  </div>

        
  <div class="outputs inner-level">
          <div class="output indention">
        <div data-toggle="collapse" class=" collapsed  collapsable-control" data-target="#output-103">
          Output 1
          <i class="chevron fa fa-fw"></i>
        </div>
        <div id="output-103" class="collapse collapsable-details " >
          
          <pre><p>23:03:00.668 [Test worker] DEBUG o.a.t.g.driver.Client - MATCH (a:X)
RETURN size([(a)-[:T|OTHER]-&gt;() | 1]) AS length}} to - Connection{host=Host{address=localhost/127.0.0.1:37875, hostUri=ws://localhost:37875/gremlin}}
23:03:00.669 [gremlin-server-worker-1] INFO  o.o.g.s.o.c.CypherOpProcessor - Cypher: MATCH (a:X) RETURN size([(a)-[:T|OTHER]-&gt;() | 1]) AS length
23:03:00.677 [gremlin-server-worker-1] INFO  o.o.g.s.o.c.CypherOpProcessor - Gremlin: g.V().as('a').hasLabel('X').sideEffect(__.select('a').outE('T', 'OTHER').inV().aggregate('  GENERATED3')).barrier().select('a').project('length').by(__.select('  GENERATED3').unfold().constant(1).fold().count(local))
</p></pre>
        </div>
      </div>
      </div>

        
  
      </div>
          <div class="step">
        
<div class="brief passed">
  <span class="keyword indention">Then</span>
  <span class="name">the result should be:</span>
  
  <span class="lead-duration duration">0.000</span>

  </div>

        


                  <table class="step-arguments">
                          <tr>
                                  <td>length</td>
                              </tr>
                          <tr>
                                  <td>4</td>
                              </tr>
                      </table>
        
        

        

        
  
      </div>
          <div class="step">
        
<div class="brief passed">
  <span class="keyword indention">And</span>
  <span class="name">no side effects</span>
  
  <span class="lead-duration duration">0.025</span>

  </div>

        


        
        

        
  <div class="outputs inner-level">
          <div class="output indention">
        <div data-toggle="collapse" class=" collapsed  collapsable-control" data-target="#output-104">
          Output 1
          <i class="chevron fa fa-fw"></i>
        </div>
        <div id="output-104" class="collapse collapsable-details " >
          
          <pre><p>23:03:00.679 [Test worker] DEBUG o.a.t.g.driver.Client - MATCH (n) RETURN id(n)}} to - Connection{host=Host{address=localhost/127.0.0.1:37875, hostUri=ws://localhost:37875/gremlin}}
23:03:00.679 [gremlin-server-worker-1] INFO  o.o.g.s.o.c.CypherOpProcessor - Cypher: MATCH (n) RETURN id(n)
23:03:00.683 [gremlin-server-worker-1] INFO  o.o.g.s.o.c.CypherOpProcessor - Gremlin: g.V().project('id(n)').by(__.choose(neq('  cypher.null'), __.id(), __.constant('  cypher.null')))
23:03:00.684 [Test worker] DEBUG o.a.t.g.driver.Client - MATCH ()-[r]-&gt;() RETURN id(r)}} to - Connection{host=Host{address=localhost/127.0.0.1:37875, hostUri=ws://localhost:37875/gremlin}}
23:03:00.684 [gremlin-server-worker-1] INFO  o.o.g.s.o.c.CypherOpProcessor - Cypher: MATCH ()-[r]-&gt;() RETURN id(r)
23:03:00.687 [gremlin-server-worker-1] INFO  o.o.g.s.o.c.CypherOpProcessor - Gremlin: g.E().project('id(r)').by(__.choose(neq('  cypher.null'), __.id(), __.constant('  cypher.null')))
23:03:00.688 [Test worker] DEBUG o.a.t.g.driver.Client - MATCH (n)
UNWIND labels(n) AS label
RETURN DISTINCT label}} to - Connection{host=Host{address=localhost/127.0.0.1:37875, hostUri=ws://localhost:37875/gremlin}}
23:03:00.688 [gremlin-server-worker-1] INFO  o.o.g.s.o.c.CypherOpProcessor - Cypher: MATCH (n) UNWIND labels(n) AS label RETURN DISTINCT label
23:03:00.691 [gremlin-server-worker-1] INFO  o.o.g.s.o.c.CypherOpProcessor - Gremlin: g.V().label().is(neq('vertex')).project('label').by(__.identity()).dedup()
23:03:00.692 [Test worker] DEBUG o.a.t.g.driver.Client - g.V().as('V').properties().project('nodeId', 'key', 'value').by(__.select('V').id()).by(__.key()).by(__.value())}} to - Connection{host=Host{address=localhost/127.0.0.1:37875, hostUri=ws://localhost:37875/gremlin}}
23:03:00.699 [Test worker] DEBUG o.a.t.g.driver.Client - g.V().outE().as('E').properties().project('relId', 'key', 'value').by(__.select('E').id()).by(__.key()).by(__.value())}} to - Connection{host=Host{address=localhost/127.0.0.1:37875, hostUri=ws://localhost:37875/gremlin}}
-labels:        0
+labels:        0
+nodes:         0
-nodes:         0
-properties:    0
+properties:    0
-relationships: 0
+relationships: 0
</p></pre>
        </div>
      </div>
      </div>

        
  
      </div>
      </div>
</div>


    

  </div>
</div>

                      
<div class="element">
  
  
<div class="tags indention">
  </div>

  
  <span class="lead-duration duration">0.013</span>


    <span data-toggle="collapse" class=" collapsable-control" data-target="#element-105">
    
<div class="brief failed">
  <span class="keyword indention">Scenario</span>
  <span class="name">Introducing new node variable in pattern comprehension</span>
  

       <i class="chevron fa fa-fw"></i>
  </div>

  </span>
  <div class="description indention"></div>

  <div id="element-105" class="collapse collapsable-details  in ">
    


    
<div class="steps inner-level">
    <div data-toggle="collapse" class=" collapsable-control" data-target="#steps-106">
    
<div class="brief failed">
  <span class="keyword indention">Steps</span>
  <span class="name"></span>
  

       <i class="chevron fa fa-fw"></i>
  </div>

  </div>

  <div id="steps-106" class="inner-level collapse collapsable-details  in ">
          <div class="step">
        
<div class="brief passed">
  <span class="keyword indention">Given</span>
  <span class="name">an empty graph</span>
  
  <span class="lead-duration duration">0.000</span>

  </div>

        


        
        

        
  <div class="outputs inner-level">
          <div class="output indention">
        <div data-toggle="collapse" class=" collapsed  collapsable-control" data-target="#output-107">
          Output 1
          <i class="chevron fa fa-fw"></i>
        </div>
        <div id="output-107" class="collapse collapsable-details " >
          
          <pre><p>23:03:00.705 [Test worker] DEBUG o.a.t.g.driver.Client - g.V().drop()}} to - Connection{host=Host{address=localhost/127.0.0.1:37875, hostUri=ws://localhost:37875/gremlin}}
</p></pre>
        </div>
      </div>
      </div>

        
  
      </div>
          <div class="step">
        
<div class="brief passed">
  <span class="keyword indention">And</span>
  <span class="name">having executed:</span>
  
  <span class="lead-duration duration">0.007</span>

  </div>

        


        
        
  <div class="inner-level">
    <div class="docstring indention">
            <div data-toggle="collapse" class="collapsable-control" data-target="#msg-108">
          <a>Doc string</a>
      </div>
      <div id="msg-108" class="collapse collapsable-details">
        <pre>CREATE (a), (b {prop: 'val'})
CREATE (a)-[:T]-&gt;(b)</pre>
      </div>
    </div>
  </div>

        
  <div class="outputs inner-level">
          <div class="output indention">
        <div data-toggle="collapse" class=" collapsed  collapsable-control" data-target="#output-109">
          Output 1
          <i class="chevron fa fa-fw"></i>
        </div>
        <div id="output-109" class="collapse collapsable-details " >
          
          <pre><p>23:03:00.706 [Test worker] DEBUG o.a.t.g.driver.Client - CREATE (a), (b {prop: 'val'})
CREATE (a)-[:T]-&gt;(b)}} to - Connection{host=Host{address=localhost/127.0.0.1:37875, hostUri=ws://localhost:37875/gremlin}}
23:03:00.706 [gremlin-server-worker-1] INFO  o.o.g.s.o.c.CypherOpProcessor - Cypher: CREATE (a), (b {prop: 'val'}) CREATE (a)-[:T]-&gt;(b)
23:03:00.710 [gremlin-server-worker-1] INFO  o.o.g.s.o.c.CypherOpProcessor - Gremlin: g.addV().as('a').addV().as('b').property(single, 'prop', 'val').addE('T').from('a').to('b').barrier().limit(0)
</p></pre>
        </div>
      </div>
      </div>

        
  
      </div>
          <div class="step">
        
<div class="brief passed">
  <span class="keyword indention">When</span>
  <span class="name">executing query:</span>
  
  <span class="lead-duration duration">0.005</span>

  </div>

        


        
        
  <div class="inner-level">
    <div class="docstring indention">
            <div data-toggle="collapse" class="collapsable-control" data-target="#msg-110">
          <a>Doc string</a>
      </div>
      <div id="msg-110" class="collapse collapsable-details">
        <pre>MATCH (n)
RETURN [(n)-[:T]-&gt;(b) | b.prop] AS list</pre>
      </div>
    </div>
  </div>

        
  <div class="outputs inner-level">
          <div class="output indention">
        <div data-toggle="collapse" class=" collapsed  collapsable-control" data-target="#output-111">
          Output 1
          <i class="chevron fa fa-fw"></i>
        </div>
        <div id="output-111" class="collapse collapsable-details " >
          
          <pre><p>23:03:00.738 [Test worker] DEBUG o.a.t.g.driver.Client - MATCH (n)
RETURN [(n)-[:T]-&gt;(b) | b.prop] AS list}} to - Connection{host=Host{address=localhost/127.0.0.1:37875, hostUri=ws://localhost:37875/gremlin}}
23:03:00.738 [gremlin-server-worker-1] INFO  o.o.g.s.o.c.CypherOpProcessor - Cypher: MATCH (n) RETURN [(n)-[:T]-&gt;(b) | b.prop] AS list
23:03:00.743 [gremlin-server-worker-1] INFO  o.o.g.s.o.c.CypherOpProcessor - Gremlin: g.V().as('n').sideEffect(__.select('n').outE('T').inV().aggregate('  GENERATED3')).barrier().select('n').project('list').by(__.select('  GENERATED3').unfold().choose(neq('  cypher.null'), __.choose(__.values('prop'), __.values('prop'), __.constant('  cypher.null')), __.constant('  cypher.null')).fold())
</p></pre>
        </div>
      </div>
      </div>

        
  
      </div>
          <div class="step">
        
<div class="brief failed">
  <span class="keyword indention">Then</span>
  <span class="name">the result should be:</span>
  
  <span class="lead-duration duration">0.000</span>

  </div>

        

  <div class="inner-level">
    <div class="message indention">
      <div data-toggle="collapse" class=" collapsable-control" data-target="#msg-112">
          <a>org.opencypher.tools.tck.api.Scenario$ScenarioFailedException: Feature &quot;PatternComprehension&quot;: Scenario &quot;Introducing new node variable in pattern comprehension&quot; failed with message: </a>
      </div>
      <div id="msg-112" class="collapse collapsable-details  in ">
        <pre>org.opencypher.tools.tck.api.Scenario$ScenarioFailedException: Feature &quot;PatternComprehension&quot;: Scenario &quot;Introducing new node variable in pattern comprehension&quot; failed with message: 
Expected (in any order of rows):
| list |
| ['val'] |
| [] |
Actual:
| list |
| ['val'] |
| ['val'] |
	at org.opencypher.tools.tck.api.Scenario$$anonfun$executeOnGraph$1.apply(Scenario.scala:90)
	at org.opencypher.tools.tck.api.Scenario$$anonfun$executeOnGraph$1.apply(Scenario.scala:60)
	at scala.collection.LinearSeqOptimized$class.foldLeft(LinearSeqOptimized.scala:124)
	at scala.collection.immutable.List.foldLeft(List.scala:84)
	at org.opencypher.tools.tck.api.Scenario.executeOnGraph(Scenario.scala:60)
	at org.opencypher.tools.tck.api.Scenario$$anon$1.execute(Scenario.scala:54)
	at org.junit.jupiter.engine.descriptor.JupiterTestDescriptor.executeAndMaskThrowable(JupiterTestDescriptor.java:145)
	at org.junit.jupiter.engine.descriptor.DynamicTestTestDescriptor.execute(DynamicTestTestDescriptor.java:46)
	at org.junit.jupiter.engine.descriptor.DynamicTestTestDescriptor.execute(DynamicTestTestDescriptor.java:24)
	at org.junit.platform.engine.support.hierarchical.HierarchicalTestExecutor.lambda$execute$3(HierarchicalTestExecutor.java:83)
	at org.junit.platform.engine.support.hierarchical.SingleTestExecutor.executeSafely(SingleTestExecutor.java:66)
	at org.junit.platform.engine.support.hierarchical.HierarchicalTestExecutor.execute(HierarchicalTestExecutor.java:77)
	at org.junit.platform.engine.support.hierarchical.HierarchicalTestExecutor.lambda$null$0(HierarchicalTestExecutor.java:85)
	at org.junit.jupiter.engine.descriptor.TestFactoryTestDescriptor.lambda$invokeTestMethod$1(TestFactoryTestDescriptor.java:80)
	at org.junit.jupiter.engine.execution.ThrowableCollector.execute(ThrowableCollector.java:40)
	at org.junit.jupiter.engine.descriptor.TestFactoryTestDescriptor.invokeTestMethod(TestFactoryTestDescriptor.java:68)
	at org.junit.jupiter.engine.descriptor.TestMethodTestDescriptor.execute(TestMethodTestDescriptor.java:110)
	at org.junit.jupiter.engine.descriptor.TestMethodTestDescriptor.execute(TestMethodTestDescriptor.java:57)
	at org.junit.platform.engine.support.hierarchical.HierarchicalTestExecutor.lambda$execute$3(HierarchicalTestExecutor.java:83)
	at org.junit.platform.engine.support.hierarchical.SingleTestExecutor.executeSafely(SingleTestExecutor.java:66)
	at org.junit.platform.engine.support.hierarchical.HierarchicalTestExecutor.execute(HierarchicalTestExecutor.java:77)
	at org.junit.platform.engine.support.hierarchical.HierarchicalTestExecutor.lambda$null$2(HierarchicalTestExecutor.java:92)
	at java.util.stream.ForEachOps$ForEachOp$OfRef.accept(ForEachOps.java:184)
	at java.util.stream.ReferencePipeline$2$1.accept(ReferencePipeline.java:175)
	at java.util.Iterator.forEachRemaining(Iterator.java:116)
	at java.util.Spliterators$IteratorSpliterator.forEachRemaining(Spliterators.java:1801)
	at java.util.stream.AbstractPipeline.copyInto(AbstractPipeline.java:481)
	at java.util.stream.AbstractPipeline.wrapAndCopyInto(AbstractPipeline.java:471)
	at java.util.stream.ForEachOps$ForEachOp.evaluateSequential(ForEachOps.java:151)
	at java.util.stream.ForEachOps$ForEachOp$OfRef.evaluateSequential(ForEachOps.java:174)
	at java.util.stream.AbstractPipeline.evaluate(AbstractPipeline.java:234)
	at java.util.stream.ReferencePipeline.forEach(ReferencePipeline.java:418)
	at org.junit.platform.engine.support.hierarchical.HierarchicalTestExecutor.lambda$execute$3(HierarchicalTestExecutor.java:92)
	at org.junit.platform.engine.support.hierarchical.SingleTestExecutor.executeSafely(SingleTestExecutor.java:66)
	at org.junit.platform.engine.support.hierarchical.HierarchicalTestExecutor.execute(HierarchicalTestExecutor.java:77)
	at org.junit.platform.engine.support.hierarchical.HierarchicalTestExecutor.lambda$null$2(HierarchicalTestExecutor.java:92)
	at java.util.stream.ForEachOps$ForEachOp$OfRef.accept(ForEachOps.java:184)
	at java.util.stream.ReferencePipeline$2$1.accept(ReferencePipeline.java:175)
	at java.util.Iterator.forEachRemaining(Iterator.java:116)
	at java.util.Spliterators$IteratorSpliterator.forEachRemaining(Spliterators.java:1801)
	at java.util.stream.AbstractPipeline.copyInto(AbstractPipeline.java:481)
	at java.util.stream.AbstractPipeline.wrapAndCopyInto(AbstractPipeline.java:471)
	at java.util.stream.ForEachOps$ForEachOp.evaluateSequential(ForEachOps.java:151)
	at java.util.stream.ForEachOps$ForEachOp$OfRef.evaluateSequential(ForEachOps.java:174)
	at java.util.stream.AbstractPipeline.evaluate(AbstractPipeline.java:234)
	at java.util.stream.ReferencePipeline.forEach(ReferencePipeline.java:418)
	at org.junit.platform.engine.support.hierarchical.HierarchicalTestExecutor.lambda$execute$3(HierarchicalTestExecutor.java:92)
	at org.junit.platform.engine.support.hierarchical.SingleTestExecutor.executeSafely(SingleTestExecutor.java:66)
	at org.junit.platform.engine.support.hierarchical.HierarchicalTestExecutor.execute(HierarchicalTestExecutor.java:77)
	at org.junit.platform.engine.support.hierarchical.HierarchicalTestExecutor.execute(HierarchicalTestExecutor.java:51)
	at org.junit.platform.engine.support.hierarchical.HierarchicalTestEngine.execute(HierarchicalTestEngine.java:43)
	at org.junit.platform.launcher.core.DefaultLauncher.execute(DefaultLauncher.java:170)
	at org.junit.platform.launcher.core.DefaultLauncher.execute(DefaultLauncher.java:154)
	at org.junit.platform.launcher.core.DefaultLauncher.execute(DefaultLauncher.java:90)
	at org.gradle.api.internal.tasks.testing.junitplatform.JUnitPlatformTestClassProcessor$CollectAllTestClassesExecutor.processAllTestClasses(JUnitPlatformTestClassProcessor.java:92)
	at org.gradle.api.internal.tasks.testing.junitplatform.JUnitPlatformTestClassProcessor$CollectAllTestClassesExecutor.access$100(JUnitPlatformTestClassProcessor.java:77)
	at org.gradle.api.internal.tasks.testing.junitplatform.JUnitPlatformTestClassProcessor.stop(JUnitPlatformTestClassProcessor.java:73)
	at org.gradle.api.internal.tasks.testing.SuiteTestClassProcessor.stop(SuiteTestClassProcessor.java:61)
	at sun.reflect.NativeMethodAccessorImpl.invoke0(Native Method)
	at sun.reflect.NativeMethodAccessorImpl.invoke(NativeMethodAccessorImpl.java:62)
	at sun.reflect.DelegatingMethodAccessorImpl.invoke(DelegatingMethodAccessorImpl.java:43)
	at java.lang.reflect.Method.invoke(Method.java:498)
	at org.gradle.internal.dispatch.ReflectionDispatch.dispatch(ReflectionDispatch.java:35)
	at org.gradle.internal.dispatch.ReflectionDispatch.dispatch(ReflectionDispatch.java:24)
	at org.gradle.internal.dispatch.ContextClassLoaderDispatch.dispatch(ContextClassLoaderDispatch.java:32)
	at org.gradle.internal.dispatch.ProxyDispatchAdapter$DispatchingInvocationHandler.invoke(ProxyDispatchAdapter.java:93)
	at com.sun.proxy.$Proxy1.stop(Unknown Source)
	at org.gradle.api.internal.tasks.testing.worker.TestWorker.stop(TestWorker.java:123)
	at sun.reflect.NativeMethodAccessorImpl.invoke0(Native Method)
	at sun.reflect.NativeMethodAccessorImpl.invoke(NativeMethodAccessorImpl.java:62)
	at sun.reflect.DelegatingMethodAccessorImpl.invoke(DelegatingMethodAccessorImpl.java:43)
	at java.lang.reflect.Method.invoke(Method.java:498)
	at org.gradle.internal.dispatch.ReflectionDispatch.dispatch(ReflectionDispatch.java:35)
	at org.gradle.internal.dispatch.ReflectionDispatch.dispatch(ReflectionDispatch.java:24)
	at org.gradle.internal.remote.internal.hub.MessageHubBackedObjectConnection$DispatchWrapper.dispatch(MessageHubBackedObjectConnection.java:155)
	at org.gradle.internal.remote.internal.hub.MessageHubBackedObjectConnection$DispatchWrapper.dispatch(MessageHubBackedObjectConnection.java:137)
	at org.gradle.internal.remote.internal.hub.MessageHub$Handler.run(MessageHub.java:404)
	at org.gradle.internal.concurrent.ExecutorPolicy$CatchAndRecordFailures.onExecute(ExecutorPolicy.java:63)
	at org.gradle.internal.concurrent.ManagedExecutorImpl$1.run(ManagedExecutorImpl.java:46)
	at java.util.concurrent.ThreadPoolExecutor.runWorker(ThreadPoolExecutor.java:1149)
	at java.util.concurrent.ThreadPoolExecutor$Worker.run(ThreadPoolExecutor.java:624)
	at org.gradle.internal.concurrent.ThreadFactoryImpl$ManagedThreadRunnable.run(ThreadFactoryImpl.java:55)
	at java.lang.Thread.run(Thread.java:748)
</pre>
      </div>
    </div>
  </div>


                  <table class="step-arguments">
                          <tr>
                                  <td>list</td>
                              </tr>
                          <tr>
                                  <td>['val']</td>
                              </tr>
                          <tr>
                                  <td>[]</td>
                              </tr>
                      </table>
        
        

        

        
  
      </div>
      </div>
</div>


    

  </div>
</div>

                      
<div class="element">
  
  
<div class="tags indention">
  </div>

  
  <span class="lead-duration duration">0.015</span>


    <span data-toggle="collapse" class=" collapsable-control" data-target="#element-113">
    
<div class="brief failed">
  <span class="keyword indention">Scenario</span>
  <span class="name">Introducing new relationship variable in pattern comprehension</span>
  

       <i class="chevron fa fa-fw"></i>
  </div>

  </span>
  <div class="description indention"></div>

  <div id="element-113" class="collapse collapsable-details  in ">
    


    
<div class="steps inner-level">
    <div data-toggle="collapse" class=" collapsable-control" data-target="#steps-114">
    
<div class="brief failed">
  <span class="keyword indention">Steps</span>
  <span class="name"></span>
  

       <i class="chevron fa fa-fw"></i>
  </div>

  </div>

  <div id="steps-114" class="inner-level collapse collapsable-details  in ">
          <div class="step">
        
<div class="brief passed">
  <span class="keyword indention">Given</span>
  <span class="name">an empty graph</span>
  
  <span class="lead-duration duration">0.000</span>

  </div>

        


        
        

        
  <div class="outputs inner-level">
          <div class="output indention">
        <div data-toggle="collapse" class=" collapsed  collapsable-control" data-target="#output-115">
          Output 1
          <i class="chevron fa fa-fw"></i>
        </div>
        <div id="output-115" class="collapse collapsable-details " >
          
          <pre><p>23:03:00.745 [Test worker] DEBUG o.a.t.g.driver.Client - g.V().drop()}} to - Connection{host=Host{address=localhost/127.0.0.1:37875, hostUri=ws://localhost:37875/gremlin}}
</p></pre>
        </div>
      </div>
      </div>

        
  
      </div>
          <div class="step">
        
<div class="brief passed">
  <span class="keyword indention">And</span>
  <span class="name">having executed:</span>
  
  <span class="lead-duration duration">0.008</span>

  </div>

        


        
        
  <div class="inner-level">
    <div class="docstring indention">
            <div data-toggle="collapse" class="collapsable-control" data-target="#msg-116">
          <a>Doc string</a>
      </div>
      <div id="msg-116" class="collapse collapsable-details">
        <pre>CREATE (a), (b)
CREATE (a)-[:T {prop: 'val'}]-&gt;(b)</pre>
      </div>
    </div>
  </div>

        
  <div class="outputs inner-level">
          <div class="output indention">
        <div data-toggle="collapse" class=" collapsed  collapsable-control" data-target="#output-117">
          Output 1
          <i class="chevron fa fa-fw"></i>
        </div>
        <div id="output-117" class="collapse collapsable-details " >
          
          <pre><p>23:03:00.746 [Test worker] DEBUG o.a.t.g.driver.Client - CREATE (a), (b)
CREATE (a)-[:T {prop: 'val'}]-&gt;(b)}} to - Connection{host=Host{address=localhost/127.0.0.1:37875, hostUri=ws://localhost:37875/gremlin}}
23:03:00.746 [gremlin-server-worker-1] INFO  o.o.g.s.o.c.CypherOpProcessor - Cypher: CREATE (a), (b) CREATE (a)-[:T {prop: 'val'}]-&gt;(b)
23:03:00.750 [gremlin-server-worker-1] INFO  o.o.g.s.o.c.CypherOpProcessor - Gremlin: g.addV().as('a').addV().as('b').addE('T').from('a').to('b').property('prop', 'val').barrier().limit(0)
</p></pre>
        </div>
      </div>
      </div>

        
  
      </div>
          <div class="step">
        
<div class="brief passed">
  <span class="keyword indention">When</span>
  <span class="name">executing query:</span>
  
  <span class="lead-duration duration">0.006</span>

  </div>

        


        
        
  <div class="inner-level">
    <div class="docstring indention">
            <div data-toggle="collapse" class="collapsable-control" data-target="#msg-118">
          <a>Doc string</a>
      </div>
      <div id="msg-118" class="collapse collapsable-details">
        <pre>MATCH (n)
RETURN [(n)-[r:T]-&gt;() | r.prop] AS list</pre>
      </div>
    </div>
  </div>

        
  <div class="outputs inner-level">
          <div class="output indention">
        <div data-toggle="collapse" class=" collapsed  collapsable-control" data-target="#output-119">
          Output 1
          <i class="chevron fa fa-fw"></i>
        </div>
        <div id="output-119" class="collapse collapsable-details " >
          
          <pre><p>23:03:00.783 [Test worker] DEBUG o.a.t.g.driver.Client - MATCH (n)
RETURN [(n)-[r:T]-&gt;() | r.prop] AS list}} to - Connection{host=Host{address=localhost/127.0.0.1:37875, hostUri=ws://localhost:37875/gremlin}}
23:03:00.783 [gremlin-server-worker-1] INFO  o.o.g.s.o.c.CypherOpProcessor - Cypher: MATCH (n) RETURN [(n)-[r:T]-&gt;() | r.prop] AS list
23:03:00.788 [gremlin-server-worker-1] INFO  o.o.g.s.o.c.CypherOpProcessor - Gremlin: g.V().as('n').sideEffect(__.select('n').outE('T').inV().aggregate('  GENERATED3')).barrier().select('n').project('list').by(__.select('  GENERATED3').unfold().choose(neq('  cypher.null'), __.choose(__.values('prop'), __.values('prop'), __.constant('  cypher.null')), __.constant('  cypher.null')).fold())
</p></pre>
        </div>
      </div>
      </div>

        
  
      </div>
          <div class="step">
        
<div class="brief failed">
  <span class="keyword indention">Then</span>
  <span class="name">the result should be:</span>
  
  <span class="lead-duration duration">0.000</span>

  </div>

        

  <div class="inner-level">
    <div class="message indention">
      <div data-toggle="collapse" class=" collapsable-control" data-target="#msg-120">
          <a>org.opencypher.tools.tck.api.Scenario$ScenarioFailedException: Feature &quot;PatternComprehension&quot;: Scenario &quot;Introducing new relationship variable in pattern comprehension&quot; failed with message: </a>
      </div>
      <div id="msg-120" class="collapse collapsable-details  in ">
        <pre>org.opencypher.tools.tck.api.Scenario$ScenarioFailedException: Feature &quot;PatternComprehension&quot;: Scenario &quot;Introducing new relationship variable in pattern comprehension&quot; failed with message: 
Expected (in any order of rows):
| list |
| ['val'] |
| [] |
Actual:
| list |
| [null] |
| [null] |
	at org.opencypher.tools.tck.api.Scenario$$anonfun$executeOnGraph$1.apply(Scenario.scala:90)
	at org.opencypher.tools.tck.api.Scenario$$anonfun$executeOnGraph$1.apply(Scenario.scala:60)
	at scala.collection.LinearSeqOptimized$class.foldLeft(LinearSeqOptimized.scala:124)
	at scala.collection.immutable.List.foldLeft(List.scala:84)
	at org.opencypher.tools.tck.api.Scenario.executeOnGraph(Scenario.scala:60)
	at org.opencypher.tools.tck.api.Scenario$$anon$1.execute(Scenario.scala:54)
	at org.junit.jupiter.engine.descriptor.JupiterTestDescriptor.executeAndMaskThrowable(JupiterTestDescriptor.java:145)
	at org.junit.jupiter.engine.descriptor.DynamicTestTestDescriptor.execute(DynamicTestTestDescriptor.java:46)
	at org.junit.jupiter.engine.descriptor.DynamicTestTestDescriptor.execute(DynamicTestTestDescriptor.java:24)
	at org.junit.platform.engine.support.hierarchical.HierarchicalTestExecutor.lambda$execute$3(HierarchicalTestExecutor.java:83)
	at org.junit.platform.engine.support.hierarchical.SingleTestExecutor.executeSafely(SingleTestExecutor.java:66)
	at org.junit.platform.engine.support.hierarchical.HierarchicalTestExecutor.execute(HierarchicalTestExecutor.java:77)
	at org.junit.platform.engine.support.hierarchical.HierarchicalTestExecutor.lambda$null$0(HierarchicalTestExecutor.java:85)
	at org.junit.jupiter.engine.descriptor.TestFactoryTestDescriptor.lambda$invokeTestMethod$1(TestFactoryTestDescriptor.java:80)
	at org.junit.jupiter.engine.execution.ThrowableCollector.execute(ThrowableCollector.java:40)
	at org.junit.jupiter.engine.descriptor.TestFactoryTestDescriptor.invokeTestMethod(TestFactoryTestDescriptor.java:68)
	at org.junit.jupiter.engine.descriptor.TestMethodTestDescriptor.execute(TestMethodTestDescriptor.java:110)
	at org.junit.jupiter.engine.descriptor.TestMethodTestDescriptor.execute(TestMethodTestDescriptor.java:57)
	at org.junit.platform.engine.support.hierarchical.HierarchicalTestExecutor.lambda$execute$3(HierarchicalTestExecutor.java:83)
	at org.junit.platform.engine.support.hierarchical.SingleTestExecutor.executeSafely(SingleTestExecutor.java:66)
	at org.junit.platform.engine.support.hierarchical.HierarchicalTestExecutor.execute(HierarchicalTestExecutor.java:77)
	at org.junit.platform.engine.support.hierarchical.HierarchicalTestExecutor.lambda$null$2(HierarchicalTestExecutor.java:92)
	at java.util.stream.ForEachOps$ForEachOp$OfRef.accept(ForEachOps.java:184)
	at java.util.stream.ReferencePipeline$2$1.accept(ReferencePipeline.java:175)
	at java.util.Iterator.forEachRemaining(Iterator.java:116)
	at java.util.Spliterators$IteratorSpliterator.forEachRemaining(Spliterators.java:1801)
	at java.util.stream.AbstractPipeline.copyInto(AbstractPipeline.java:481)
	at java.util.stream.AbstractPipeline.wrapAndCopyInto(AbstractPipeline.java:471)
	at java.util.stream.ForEachOps$ForEachOp.evaluateSequential(ForEachOps.java:151)
	at java.util.stream.ForEachOps$ForEachOp$OfRef.evaluateSequential(ForEachOps.java:174)
	at java.util.stream.AbstractPipeline.evaluate(AbstractPipeline.java:234)
	at java.util.stream.ReferencePipeline.forEach(ReferencePipeline.java:418)
	at org.junit.platform.engine.support.hierarchical.HierarchicalTestExecutor.lambda$execute$3(HierarchicalTestExecutor.java:92)
	at org.junit.platform.engine.support.hierarchical.SingleTestExecutor.executeSafely(SingleTestExecutor.java:66)
	at org.junit.platform.engine.support.hierarchical.HierarchicalTestExecutor.execute(HierarchicalTestExecutor.java:77)
	at org.junit.platform.engine.support.hierarchical.HierarchicalTestExecutor.lambda$null$2(HierarchicalTestExecutor.java:92)
	at java.util.stream.ForEachOps$ForEachOp$OfRef.accept(ForEachOps.java:184)
	at java.util.stream.ReferencePipeline$2$1.accept(ReferencePipeline.java:175)
	at java.util.Iterator.forEachRemaining(Iterator.java:116)
	at java.util.Spliterators$IteratorSpliterator.forEachRemaining(Spliterators.java:1801)
	at java.util.stream.AbstractPipeline.copyInto(AbstractPipeline.java:481)
	at java.util.stream.AbstractPipeline.wrapAndCopyInto(AbstractPipeline.java:471)
	at java.util.stream.ForEachOps$ForEachOp.evaluateSequential(ForEachOps.java:151)
	at java.util.stream.ForEachOps$ForEachOp$OfRef.evaluateSequential(ForEachOps.java:174)
	at java.util.stream.AbstractPipeline.evaluate(AbstractPipeline.java:234)
	at java.util.stream.ReferencePipeline.forEach(ReferencePipeline.java:418)
	at org.junit.platform.engine.support.hierarchical.HierarchicalTestExecutor.lambda$execute$3(HierarchicalTestExecutor.java:92)
	at org.junit.platform.engine.support.hierarchical.SingleTestExecutor.executeSafely(SingleTestExecutor.java:66)
	at org.junit.platform.engine.support.hierarchical.HierarchicalTestExecutor.execute(HierarchicalTestExecutor.java:77)
	at org.junit.platform.engine.support.hierarchical.HierarchicalTestExecutor.execute(HierarchicalTestExecutor.java:51)
	at org.junit.platform.engine.support.hierarchical.HierarchicalTestEngine.execute(HierarchicalTestEngine.java:43)
	at org.junit.platform.launcher.core.DefaultLauncher.execute(DefaultLauncher.java:170)
	at org.junit.platform.launcher.core.DefaultLauncher.execute(DefaultLauncher.java:154)
	at org.junit.platform.launcher.core.DefaultLauncher.execute(DefaultLauncher.java:90)
	at org.gradle.api.internal.tasks.testing.junitplatform.JUnitPlatformTestClassProcessor$CollectAllTestClassesExecutor.processAllTestClasses(JUnitPlatformTestClassProcessor.java:92)
	at org.gradle.api.internal.tasks.testing.junitplatform.JUnitPlatformTestClassProcessor$CollectAllTestClassesExecutor.access$100(JUnitPlatformTestClassProcessor.java:77)
	at org.gradle.api.internal.tasks.testing.junitplatform.JUnitPlatformTestClassProcessor.stop(JUnitPlatformTestClassProcessor.java:73)
	at org.gradle.api.internal.tasks.testing.SuiteTestClassProcessor.stop(SuiteTestClassProcessor.java:61)
	at sun.reflect.NativeMethodAccessorImpl.invoke0(Native Method)
	at sun.reflect.NativeMethodAccessorImpl.invoke(NativeMethodAccessorImpl.java:62)
	at sun.reflect.DelegatingMethodAccessorImpl.invoke(DelegatingMethodAccessorImpl.java:43)
	at java.lang.reflect.Method.invoke(Method.java:498)
	at org.gradle.internal.dispatch.ReflectionDispatch.dispatch(ReflectionDispatch.java:35)
	at org.gradle.internal.dispatch.ReflectionDispatch.dispatch(ReflectionDispatch.java:24)
	at org.gradle.internal.dispatch.ContextClassLoaderDispatch.dispatch(ContextClassLoaderDispatch.java:32)
	at org.gradle.internal.dispatch.ProxyDispatchAdapter$DispatchingInvocationHandler.invoke(ProxyDispatchAdapter.java:93)
	at com.sun.proxy.$Proxy1.stop(Unknown Source)
	at org.gradle.api.internal.tasks.testing.worker.TestWorker.stop(TestWorker.java:123)
	at sun.reflect.NativeMethodAccessorImpl.invoke0(Native Method)
	at sun.reflect.NativeMethodAccessorImpl.invoke(NativeMethodAccessorImpl.java:62)
	at sun.reflect.DelegatingMethodAccessorImpl.invoke(DelegatingMethodAccessorImpl.java:43)
	at java.lang.reflect.Method.invoke(Method.java:498)
	at org.gradle.internal.dispatch.ReflectionDispatch.dispatch(ReflectionDispatch.java:35)
	at org.gradle.internal.dispatch.ReflectionDispatch.dispatch(ReflectionDispatch.java:24)
	at org.gradle.internal.remote.internal.hub.MessageHubBackedObjectConnection$DispatchWrapper.dispatch(MessageHubBackedObjectConnection.java:155)
	at org.gradle.internal.remote.internal.hub.MessageHubBackedObjectConnection$DispatchWrapper.dispatch(MessageHubBackedObjectConnection.java:137)
	at org.gradle.internal.remote.internal.hub.MessageHub$Handler.run(MessageHub.java:404)
	at org.gradle.internal.concurrent.ExecutorPolicy$CatchAndRecordFailures.onExecute(ExecutorPolicy.java:63)
	at org.gradle.internal.concurrent.ManagedExecutorImpl$1.run(ManagedExecutorImpl.java:46)
	at java.util.concurrent.ThreadPoolExecutor.runWorker(ThreadPoolExecutor.java:1149)
	at java.util.concurrent.ThreadPoolExecutor$Worker.run(ThreadPoolExecutor.java:624)
	at org.gradle.internal.concurrent.ThreadFactoryImpl$ManagedThreadRunnable.run(ThreadFactoryImpl.java:55)
	at java.lang.Thread.run(Thread.java:748)
</pre>
      </div>
    </div>
  </div>


                  <table class="step-arguments">
                          <tr>
                                  <td>list</td>
                              </tr>
                          <tr>
                                  <td>['val']</td>
                              </tr>
                          <tr>
                                  <td>[]</td>
                              </tr>
                      </table>
        
        

        

        
  
      </div>
      </div>
</div>


    

  </div>
</div>

                  </div>

      </div>
    </div>
  </div>
</div>


<div class="container-fluid">
  <div class="row">
    <div class="col-md-10 col-md-offset-10">
      <i class="fa fa-chevron-circle-down fa-2x collapsable-control"
        onClick="javascript:$('#report .collapsable-details').collapse('show')"></i>
      <i class="fa fa-chevron-circle-up fa-2x collapsable-control"
        onClick="javascript:$('#report .collapsable-details').collapse('hide')"></i>
    </div>
  </div>
</div>

<br>

<nav class="navbar navbar-default" id="footer">
  <div class="container-fluid">
    <p class="navbar-text navbar-right">
        <small>generate Cucumber HTML reports via:&nbsp;</small>
        <a class="navbar-link" href="https://github.com/jenkinsci/cucumber-reports-plugin">Jenkins Plugin</a> |
        <a class="navbar-link" href="https://github.com/damianszczepanik/cucumber-reporting">Standalone</a> |
        <a class="navbar-link" href="https://github.com/damianszczepanik/cucumber-sandwich">Sandwich</a> |
        <a class="navbar-link" href="https://github.com/damianszczepanik/maven-cucumber-reporting">Maven</a>
        &nbsp;&nbsp;
    </p>
  </div>
</nav>

</body>
</html>
