<!DOCTYPE html>
<html>
<head>
  
<meta http-equiv="Content-Type" content="text/html; charset=UTF-8" />

<script type="text/javascript" src="js/jquery.min.js"></script>
<script type="text/javascript" src="js/jquery.tablesorter.min.js"></script>
<script type="text/javascript" src="js/Chart.min.js"></script>
<script type="text/javascript" src="js/moment.min.js"></script>
<script type="text/javascript" src="js/bootstrap.min.js"></script>

<link rel="stylesheet" href="css/bootstrap.min.css" type="text/css"/>
<link rel="stylesheet" href="css/cucumber.css" type="text/css"/>
<link rel="stylesheet" href="css/font-awesome.min.css"/>
<link rel="shortcut icon" href="images/favicon.png"/>

<script type="text/javascript">
$(document).ready(function() {
    // this will tell tablesorter to try looking for the data-value attribute
    // if present, it'll sort by that instead
    // otherwise, it'll sort by the text content of the table cell
    $("#tablesorter").tablesorter({
        textAttribute: 'data-value',
        // ignores the first row of the header, the 'scenario', 'steps', since
        // sorting those doesn't make sense
        selectorHeaders: '> thead tr:not(.dont-sort) th',
        // use a stable sort
        sortStable: true
    });
});
</script>











  
<title>Cucumber Reports (no 0.9.12) - Feature: VarLengthAcceptance2</title>

</head>
<body>

<nav class="navbar navbar-default navbar-fixed-top" id="navigation">
  <div class="container-fluid">
    <div class="collapse navbar-collapse">
      <p class="navbar-text navbar-left">Cucumber Report</p>
      <ul class="nav navbar-nav navbar-right">
                <li role="presentation" ><a href="overview-features.html">Features</a></li>
        <li role="presentation" ><a href="overview-tags.html">Tags</a></li>
        <li role="presentation" ><a href="overview-steps.html">Steps</a></li>
                <li role="presentation" ><a href="overview-failures.html">Failures</a></li>
      </ul>
    </div>
  </div>
</nav>


<div class="container-fluid">
  <div class="col-md-5 col-md-offset-1">
    
<table class="table table-bordered" id="build-info">
  <thead>
    <tr>
      <th>Project</th>
              <th>Number</th>
            <th>Date</th>
    </tr>
  </thead>
  <tbody>
    <tr class="info">
      <td>cypher-for-gremlin</td>
              <td>0.9.12</td>
            <td>13 Sep 2018, 16:07</td>
    </tr>
  </tbody>
</table>

  </div>
  <div class="col-md-3 col-md-offset-2">
      </div>
</div>


<div id="report-lead" class="container-fluid">
  <div class="col-md-10 col-md-offset-1">
    <h2>Feature Report</h2>
      </div>
</div>


<div class="container-fluid" id="report">
  <div class="row">
    <div class="col-md-10 col-md-offset-1">
      <table class="stats-table">

        
<thead>
  <tr class="header dont-sort">
        <th></th>
    <th colspan="6">Steps</th>
    <th colspan="3">Scenarios</th>
    <th colspan="2">Features</th>
  </tr>
  <tr>
    <th>Feature</th>
        <th class="passed">Passed</th>
    <th class="failed">Failed</th>
    <th class="skipped">Skipped</th>
    <th class="pending">Pending</th>
    <th class="undefined">Undefined</th>
    <th class="total">Total</th>

    <th class="passed">Passed</th>
    <th class="failed">Failed</th>
    <th class="total">Total</th>

    <th>Duration</th>
    <th>Status</th>
  </tr>
</thead>


        <tbody>
        <tr>
          <td class="tagname">VarLengthAcceptance2</td>
                    <td      class="passed"    >3</td>
          <td      class="failed"    >1</td>
          <td >0</td>
          <td >0</td>
          <td >0</td>
          <td class="total">4</td>

          <td >0</td>
          <td  class="failed"    >1</td>
          <td class="total">1</td>

          <td class="duration" data-value="35982859">0.035</td>
          <td class="failed">Failed</td>
        </tr>
        </tbody>

      </table>
    </div>
  </div>
</div>



<div class="container-fluid">
  <div class="row">
    <div class="col-md-10 col-md-offset-10">
      <i class="fa fa-chevron-circle-down fa-2x collapsable-control"
        onClick="javascript:$('#report .collapsable-details').collapse('show')"></i>
      <i class="fa fa-chevron-circle-up fa-2x collapsable-control"
        onClick="javascript:$('#report .collapsable-details').collapse('hide')"></i>
    </div>
  </div>
</div>


<div class="container-fluid" id="report">
  <div class="row">
    <div class="col-md-10 col-md-offset-1">
      <div class="feature">
        
<div class="tags indention">
  </div>

        
<div class="brief failed">
  <span class="keyword indention">Feature</span>
  <span class="name">VarLengthAcceptance2</span>
  

  </div>

        <div class="description indention"></div>

        <div class="elements inner-level">
                      
<div class="element">
  
  
<div class="tags indention">
  </div>

  
  <span class="lead-duration duration">0.035</span>


    <span data-toggle="collapse" class=" collapsable-control" data-target="#element-1">
    
<div class="brief failed">
  <span class="keyword indention">Scenario</span>
  <span class="name">Handling relationships that are already bound in variable length paths</span>
  

       <i class="chevron fa fa-fw"></i>
  </div>

  </span>
  <div class="description indention"></div>

  <div id="element-1" class="collapse collapsable-details  in ">
    


    
<div class="steps inner-level">
    <div data-toggle="collapse" class=" collapsable-control" data-target="#steps-2">
    
<div class="brief failed">
  <span class="keyword indention">Steps</span>
  <span class="name"></span>
  

       <i class="chevron fa fa-fw"></i>
  </div>

  </div>

  <div id="steps-2" class="inner-level collapse collapsable-details  in ">
          <div class="step">
        
<div class="brief passed">
  <span class="keyword indention">Given</span>
  <span class="name">an empty graph</span>
  
  <span class="lead-duration duration">0.000</span>

  </div>

        


        
        

        
  <div class="outputs inner-level">
          <div class="output indention">
        <div data-toggle="collapse" class=" collapsed  collapsable-control" data-target="#output-3">
          Output 1
          <i class="chevron fa fa-fw"></i>
        </div>
        <div id="output-3" class="collapse collapsable-details " >
          
          <pre><p>16:07:02.124 [Test worker] DEBUG o.a.t.g.driver.Client - g.V().drop()}} to - Connection{host=Host{address=localhost/127.0.0.1:36913, hostUri=ws://localhost:36913/gremlin}}
</p></pre>
        </div>
      </div>
      </div>

        
  
      </div>
          <div class="step">
        
<div class="brief passed">
  <span class="keyword indention">And</span>
  <span class="name">having executed:</span>
  
  <span class="lead-duration duration">0.013</span>

  </div>

        


        
        
  <div class="inner-level">
    <div class="docstring indention">
            <div data-toggle="collapse" class="collapsable-control" data-target="#msg-4">
          <a>Doc string</a>
      </div>
      <div id="msg-4" class="collapse collapsable-details">
        <pre>CREATE (n0:Node),
       (n1:Node),
       (n2:Node),
       (n3:Node),
       (n0)-[:EDGE]-&gt;(n1),
       (n1)-[:EDGE]-&gt;(n2),
       (n2)-[:EDGE]-&gt;(n3)</pre>
      </div>
    </div>
  </div>

        
  <div class="outputs inner-level">
          <div class="output indention">
        <div data-toggle="collapse" class=" collapsed  collapsable-control" data-target="#output-5">
          Output 1
          <i class="chevron fa fa-fw"></i>
        </div>
        <div id="output-5" class="collapse collapsable-details " >
          
          <pre><p>16:07:02.126 [Test worker] DEBUG o.a.t.g.driver.Client - CREATE (n0:Node),
       (n1:Node),
       (n2:Node),
       (n3:Node),
       (n0)-[:EDGE]-&gt;(n1),
       (n1)-[:EDGE]-&gt;(n2),
       (n2)-[:EDGE]-&gt;(n3)}} to - Connection{host=Host{address=localhost/127.0.0.1:36913, hostUri=ws://localhost:36913/gremlin}}
16:07:02.126 [gremlin-server-worker-1] INFO  o.o.g.s.o.c.CypherOpProcessor - Cypher: CREATE (n0:Node),        (n1:Node),        (n2:Node),        (n3:Node),        (n0)-[:EDGE]-&gt;(n1),        (n1)-[:EDGE]-&gt;(n2),        (n2)-[:EDGE]-&gt;(n3)
16:07:02.130 [gremlin-server-worker-1] INFO  o.o.g.s.o.c.CypherOpProcessor - Gremlin: g.addV('Node').as('n0').addV('Node').as('n1').addV('Node').as('n2').addV('Node').as('n3').addE('EDGE').from('n0').to('n1').addE('EDGE').from('n1').to('n2').addE('EDGE').from('n2').to('n3').barrier().limit(0)
</p></pre>
        </div>
      </div>
      </div>

        
  
      </div>
          <div class="step">
        
<div class="brief passed">
  <span class="keyword indention">When</span>
  <span class="name">executing query:</span>
  
  <span class="lead-duration duration">0.022</span>

  </div>

        


        
        
  <div class="inner-level">
    <div class="docstring indention">
            <div data-toggle="collapse" class="collapsable-control" data-target="#msg-6">
          <a>Doc string</a>
      </div>
      <div id="msg-6" class="collapse collapsable-details">
        <pre>MATCH ()-[r:EDGE]-()
MATCH p = (n)-[*0..1]-()-[r]-()-[*0..1]-(m)
RETURN count(p) AS c</pre>
      </div>
    </div>
  </div>

        
  <div class="outputs inner-level">
          <div class="output indention">
        <div data-toggle="collapse" class=" collapsed  collapsable-control" data-target="#output-7">
          Output 1
          <i class="chevron fa fa-fw"></i>
        </div>
        <div id="output-7" class="collapse collapsable-details " >
          
          <pre><p>16:07:02.156 [Test worker] DEBUG o.a.t.g.driver.Client - MATCH ()-[r:EDGE]-()
MATCH p = (n)-[*0..1]-()-[r]-()-[*0..1]-(m)
RETURN count(p) AS c}} to - Connection{host=Host{address=localhost/127.0.0.1:36913, hostUri=ws://localhost:36913/gremlin}}
16:07:02.157 [gremlin-server-worker-1] INFO  o.o.g.s.o.c.CypherOpProcessor - Cypher: MATCH ()-[r:EDGE]-() MATCH p = (n)-[*0..1]-()-[r]-()-[*0..1]-(m) RETURN count(p) AS c
16:07:02.169 [gremlin-server-worker-1] INFO  o.o.g.s.o.c.CypherOpProcessor - Gremlin: g.V().as('  cypher.path.start.GENERATED1').bothE('EDGE').as('r').otherV().as('  UNNAMED19').dedup('  cypher.path.start.GENERATED1', 'r', '  UNNAMED19').V().as('n').as('  cypher.path.start.p').emit().repeat(__.bothE().as('  UNNAMED35').aggregate('  cypher.path.edge.p').otherV()).until(__.path().from('  cypher.path.start.p').count(local).is(gte(3))).where(__.path().from('  cypher.path.start.p').count(local).is(between(0, 4))).simplePath().from('  cypher.path.start.p').as('  UNNAMED44').as('  cypher.path.start.p').bothE().as('  GENERATED2').where(__.select('  GENERATED2').where(eq('r'))).aggregate('  cypher.path.edge.p').otherV().as('  UNNAMED51').as('  cypher.path.start.p').emit().repeat(__.bothE().as('  UNNAMED53').aggregate('  cypher.path.edge.p').otherV()).until(__.path().from('  cypher.path.start.p').count(local).is(gte(3))).where(__.path().from('  cypher.path.start.p').count(local).is(between(0, 4))).simplePath().from('  cypher.path.start.p').as('m').dedup('n', '  UNNAMED35', '  UNNAMED44', 'r', '  UNNAMED51', '  UNNAMED53', 'm').path().is(neq('  cypher.null')).count().project('c').by(__.identity())
16:07:02.178 [gremlin-server-worker-1] ERROR o.o.g.s.o.c.CypherOpProcessor - Error during traversal iteration
java.lang.IllegalArgumentException: Neither the sideEffects, map, nor path has a   UNNAMED35-key: DedupGlobalStep([r,   UNNAMED35,   UNNAMED44,   UNNAMED53,   UNNAMED51, m, n])
	at org.apache.tinkerpop.gremlin.process.traversal.step.Scoping.getScopeValue(Scoping.java:124)
	at org.apache.tinkerpop.gremlin.process.traversal.step.filter.DedupGlobalStep.lambda$filter$0(DedupGlobalStep.java:77)
	at java.lang.Iterable.forEach(Iterable.java:75)
	at java.util.Collections$UnmodifiableCollection.forEach(Collections.java:1080)
	at org.apache.tinkerpop.gremlin.process.traversal.step.filter.DedupGlobalStep.filter(DedupGlobalStep.java:77)
	at org.apache.tinkerpop.gremlin.process.traversal.step.filter.FilterStep.processNextStart(FilterStep.java:38)
	at org.apache.tinkerpop.gremlin.process.traversal.step.filter.DedupGlobalStep.processNextStart(DedupGlobalStep.java:105)
	at org.apache.tinkerpop.gremlin.process.traversal.step.util.AbstractStep.hasNext(AbstractStep.java:143)
	at org.apache.tinkerpop.gremlin.process.traversal.step.util.ExpandableStepIterator.next(ExpandableStepIterator.java:50)
	at org.apache.tinkerpop.gremlin.process.traversal.step.map.MapStep.processNextStart(MapStep.java:36)
	at org.apache.tinkerpop.gremlin.process.traversal.step.map.PathStep.processNextStart(PathStep.java:118)
	at org.apache.tinkerpop.gremlin.process.traversal.step.util.AbstractStep.hasNext(AbstractStep.java:143)
	at org.apache.tinkerpop.gremlin.process.traversal.step.util.ExpandableStepIterator.next(ExpandableStepIterator.java:50)
	at org.apache.tinkerpop.gremlin.process.traversal.step.filter.FilterStep.processNextStart(FilterStep.java:37)
	at org.apache.tinkerpop.gremlin.process.traversal.step.util.AbstractStep.hasNext(AbstractStep.java:143)
	at org.apache.tinkerpop.gremlin.process.traversal.step.util.ExpandableStepIterator.hasNext(ExpandableStepIterator.java:42)
	at org.apache.tinkerpop.gremlin.process.traversal.step.util.ReducingBarrierStep.processAllStarts(ReducingBarrierStep.java:83)
	at org.apache.tinkerpop.gremlin.process.traversal.step.util.ReducingBarrierStep.processNextStart(ReducingBarrierStep.java:113)
	at org.apache.tinkerpop.gremlin.process.traversal.step.util.AbstractStep.hasNext(AbstractStep.java:143)
	at org.apache.tinkerpop.gremlin.process.traversal.step.util.ExpandableStepIterator.next(ExpandableStepIterator.java:50)
	at org.apache.tinkerpop.gremlin.process.traversal.step.map.MapStep.processNextStart(MapStep.java:36)
	at org.apache.tinkerpop.gremlin.process.traversal.step.util.AbstractStep.hasNext(AbstractStep.java:143)
	at org.apache.tinkerpop.gremlin.process.traversal.step.util.ExpandableStepIterator.next(ExpandableStepIterator.java:50)
	at org.apache.tinkerpop.gremlin.process.traversal.step.map.MapStep.processNextStart(MapStep.java:36)
	at org.apache.tinkerpop.gremlin.process.traversal.step.util.AbstractStep.hasNext(AbstractStep.java:143)
	at org.apache.tinkerpop.gremlin.process.traversal.util.DefaultTraversal.hasNext(DefaultTraversal.java:192)
	at org.apache.tinkerpop.gremlin.server.op.AbstractOpProcessor.handleIterator(AbstractOpProcessor.java:89)
	at org.opencypher.gremlin.server.op.cypher.CypherOpProcessor.handleIterator(CypherOpProcessor.java:191)
	at org.opencypher.gremlin.server.op.cypher.CypherOpProcessor.lambda$evalCypher$0(CypherOpProcessor.java:128)
	at org.opencypher.gremlin.server.op.cypher.CypherOpProcessor.inTransaction(CypherOpProcessor.java:136)
	at org.opencypher.gremlin.server.op.cypher.CypherOpProcessor.evalCypher(CypherOpProcessor.java:128)
	at org.apache.tinkerpop.gremlin.server.handler.OpExecutorHandler.channelRead0(OpExecutorHandler.java:68)
	at org.apache.tinkerpop.gremlin.server.handler.OpExecutorHandler.channelRead0(OpExecutorHandler.java:43)
	at io.netty.channel.SimpleChannelInboundHandler.channelRead(SimpleChannelInboundHandler.java:105)
	at io.netty.channel.AbstractChannelHandlerContext.invokeChannelRead(AbstractChannelHandlerContext.java:356)
	at io.netty.channel.AbstractChannelHandlerContext.invokeChannelRead(AbstractChannelHandlerContext.java:342)
	at io.netty.channel.AbstractChannelHandlerContext.fireChannelRead(AbstractChannelHandlerContext.java:335)
	at io.netty.handler.codec.MessageToMessageDecoder.channelRead(MessageToMessageDecoder.java:102)
	at io.netty.channel.AbstractChannelHandlerContext.invokeChannelRead(AbstractChannelHandlerContext.java:356)
	at io.netty.channel.AbstractChannelHandlerContext.invokeChannelRead(AbstractChannelHandlerContext.java:342)
	at io.netty.channel.AbstractChannelHandlerContext.fireChannelRead(AbstractChannelHandlerContext.java:335)
	at io.netty.handler.codec.MessageToMessageDecoder.channelRead(MessageToMessageDecoder.java:102)
	at io.netty.channel.AbstractChannelHandlerContext.invokeChannelRead(AbstractChannelHandlerContext.java:356)
	at io.netty.channel.AbstractChannelHandlerContext.invokeChannelRead(AbstractChannelHandlerContext.java:342)
	at io.netty.channel.AbstractChannelHandlerContext.fireChannelRead(AbstractChannelHandlerContext.java:335)
	at io.netty.handler.codec.MessageToMessageDecoder.channelRead(MessageToMessageDecoder.java:102)
	at io.netty.channel.AbstractChannelHandlerContext.invokeChannelRead(AbstractChannelHandlerContext.java:356)
	at io.netty.channel.AbstractChannelHandlerContext.invokeChannelRead(AbstractChannelHandlerContext.java:342)
	at io.netty.channel.AbstractChannelHandlerContext.fireChannelRead(AbstractChannelHandlerContext.java:335)
	at io.netty.handler.codec.MessageToMessageDecoder.channelRead(MessageToMessageDecoder.java:102)
	at io.netty.channel.AbstractChannelHandlerContext.invokeChannelRead(AbstractChannelHandlerContext.java:356)
	at io.netty.channel.AbstractChannelHandlerContext.invokeChannelRead(AbstractChannelHandlerContext.java:342)
	at io.netty.channel.AbstractChannelHandlerContext.fireChannelRead(AbstractChannelHandlerContext.java:335)
	at io.netty.handler.codec.MessageToMessageDecoder.channelRead(MessageToMessageDecoder.java:102)
	at io.netty.channel.AbstractChannelHandlerContext.invokeChannelRead(AbstractChannelHandlerContext.java:356)
	at io.netty.channel.AbstractChannelHandlerContext.invokeChannelRead(AbstractChannelHandlerContext.java:342)
	at io.netty.channel.AbstractChannelHandlerContext.fireChannelRead(AbstractChannelHandlerContext.java:335)
	at io.netty.handler.codec.http.websocketx.WebSocketServerProtocolHandler$1.channelRead(WebSocketServerProtocolHandler.java:159)
	at io.netty.channel.AbstractChannelHandlerContext.invokeChannelRead(AbstractChannelHandlerContext.java:356)
	at io.netty.channel.AbstractChannelHandlerContext.invokeChannelRead(AbstractChannelHandlerContext.java:342)
	at io.netty.channel.AbstractChannelHandlerContext.fireChannelRead(AbstractChannelHandlerContext.java:335)
	at io.netty.handler.codec.ByteToMessageDecoder.fireChannelRead(ByteToMessageDecoder.java:312)
	at io.netty.handler.codec.ByteToMessageDecoder.channelRead(ByteToMessageDecoder.java:286)
	at io.netty.channel.AbstractChannelHandlerContext.invokeChannelRead(AbstractChannelHandlerContext.java:356)
	at io.netty.channel.AbstractChannelHandlerContext.invokeChannelRead(AbstractChannelHandlerContext.java:342)
	at io.netty.channel.AbstractChannelHandlerContext.fireChannelRead(AbstractChannelHandlerContext.java:335)
	at io.netty.handler.timeout.IdleStateHandler.channelRead(IdleStateHandler.java:286)
	at io.netty.channel.AbstractChannelHandlerContext.invokeChannelRead(AbstractChannelHandlerContext.java:356)
	at io.netty.channel.AbstractChannelHandlerContext.invokeChannelRead(AbstractChannelHandlerContext.java:342)
	at io.netty.channel.AbstractChannelHandlerContext.fireChannelRead(AbstractChannelHandlerContext.java:335)
	at io.netty.channel.DefaultChannelPipeline$HeadContext.channelRead(DefaultChannelPipeline.java:1304)
	at io.netty.channel.AbstractChannelHandlerContext.invokeChannelRead(AbstractChannelHandlerContext.java:356)
	at io.netty.channel.AbstractChannelHandlerContext.invokeChannelRead(AbstractChannelHandlerContext.java:342)
	at io.netty.channel.DefaultChannelPipeline.fireChannelRead(DefaultChannelPipeline.java:921)
	at io.netty.channel.nio.AbstractNioByteChannel$NioByteUnsafe.read(AbstractNioByteChannel.java:135)
	at io.netty.channel.nio.NioEventLoop.processSelectedKey(NioEventLoop.java:646)
	at io.netty.channel.nio.NioEventLoop.processSelectedKeysOptimized(NioEventLoop.java:581)
	at io.netty.channel.nio.NioEventLoop.processSelectedKeys(NioEventLoop.java:498)
	at io.netty.channel.nio.NioEventLoop.run(NioEventLoop.java:460)
	at io.netty.util.concurrent.SingleThreadEventExecutor$2.run(SingleThreadEventExecutor.java:131)
	at java.lang.Thread.run(Thread.java:748)
</p></pre>
        </div>
      </div>
      </div>

        
  
      </div>
          <div class="step">
        
<div class="brief failed">
  <span class="keyword indention">Then</span>
  <span class="name">the result should be:</span>
  
  <span class="lead-duration duration">0.000</span>

  </div>

        

  <div class="inner-level">
    <div class="message indention">
      <div data-toggle="collapse" class=" collapsable-control" data-target="#msg-8">
          <a>org.opencypher.tools.tck.api.Scenario$ScenarioFailedException: Feature &quot;VarLengthAcceptance2&quot;: Scenario &quot;Handling relationships that are already bound in variable length paths&quot; failed with message: Expected: | c |</a>
      </div>
      <div id="msg-8" class="collapse collapsable-details  in ">
        <pre>org.opencypher.tools.tck.api.Scenario$ScenarioFailedException: Feature &quot;VarLengthAcceptance2&quot;: Scenario &quot;Handling relationships that are already bound in variable length paths&quot; failed with message: Expected: | c |
| 32 |, got error ExecutionFailed(UnknownError,runtime,Neither the sideEffects, map, nor path has a   UNNAMED35-key: DedupGlobalStep([r,   UNNAMED35,   UNNAMED44,   UNNAMED53,   UNNAMED51, m, n]),Some(org.apache.tinkerpop.gremlin.driver.exception.ResponseException: Neither the sideEffects, map, nor path has a   UNNAMED35-key: DedupGlobalStep([r,   UNNAMED35,   UNNAMED44,   UNNAMED53,   UNNAMED51, m, n])))
	at org.opencypher.tools.tck.api.Scenario$$anonfun$executeOnGraph$1.apply(Scenario.scala:95)
	at org.opencypher.tools.tck.api.Scenario$$anonfun$executeOnGraph$1.apply(Scenario.scala:60)
	at scala.collection.LinearSeqOptimized$class.foldLeft(LinearSeqOptimized.scala:124)
	at scala.collection.immutable.List.foldLeft(List.scala:84)
	at org.opencypher.tools.tck.api.Scenario.executeOnGraph(Scenario.scala:60)
	at org.opencypher.tools.tck.api.Scenario$$anon$1.execute(Scenario.scala:54)
	at org.junit.jupiter.engine.descriptor.JupiterTestDescriptor.executeAndMaskThrowable(JupiterTestDescriptor.java:145)
	at org.junit.jupiter.engine.descriptor.DynamicTestTestDescriptor.execute(DynamicTestTestDescriptor.java:46)
	at org.junit.jupiter.engine.descriptor.DynamicTestTestDescriptor.execute(DynamicTestTestDescriptor.java:24)
	at org.junit.platform.engine.support.hierarchical.HierarchicalTestExecutor.lambda$execute$3(HierarchicalTestExecutor.java:83)
	at org.junit.platform.engine.support.hierarchical.SingleTestExecutor.executeSafely(SingleTestExecutor.java:66)
	at org.junit.platform.engine.support.hierarchical.HierarchicalTestExecutor.execute(HierarchicalTestExecutor.java:77)
	at org.junit.platform.engine.support.hierarchical.HierarchicalTestExecutor.lambda$null$0(HierarchicalTestExecutor.java:85)
	at org.junit.jupiter.engine.descriptor.TestFactoryTestDescriptor.lambda$invokeTestMethod$1(TestFactoryTestDescriptor.java:80)
	at org.junit.jupiter.engine.execution.ThrowableCollector.execute(ThrowableCollector.java:40)
	at org.junit.jupiter.engine.descriptor.TestFactoryTestDescriptor.invokeTestMethod(TestFactoryTestDescriptor.java:68)
	at org.junit.jupiter.engine.descriptor.TestMethodTestDescriptor.execute(TestMethodTestDescriptor.java:110)
	at org.junit.jupiter.engine.descriptor.TestMethodTestDescriptor.execute(TestMethodTestDescriptor.java:57)
	at org.junit.platform.engine.support.hierarchical.HierarchicalTestExecutor.lambda$execute$3(HierarchicalTestExecutor.java:83)
	at org.junit.platform.engine.support.hierarchical.SingleTestExecutor.executeSafely(SingleTestExecutor.java:66)
	at org.junit.platform.engine.support.hierarchical.HierarchicalTestExecutor.execute(HierarchicalTestExecutor.java:77)
	at org.junit.platform.engine.support.hierarchical.HierarchicalTestExecutor.lambda$null$2(HierarchicalTestExecutor.java:92)
	at java.util.stream.ForEachOps$ForEachOp$OfRef.accept(ForEachOps.java:184)
	at java.util.stream.ReferencePipeline$2$1.accept(ReferencePipeline.java:175)
	at java.util.Iterator.forEachRemaining(Iterator.java:116)
	at java.util.Spliterators$IteratorSpliterator.forEachRemaining(Spliterators.java:1801)
	at java.util.stream.AbstractPipeline.copyInto(AbstractPipeline.java:481)
	at java.util.stream.AbstractPipeline.wrapAndCopyInto(AbstractPipeline.java:471)
	at java.util.stream.ForEachOps$ForEachOp.evaluateSequential(ForEachOps.java:151)
	at java.util.stream.ForEachOps$ForEachOp$OfRef.evaluateSequential(ForEachOps.java:174)
	at java.util.stream.AbstractPipeline.evaluate(AbstractPipeline.java:234)
	at java.util.stream.ReferencePipeline.forEach(ReferencePipeline.java:418)
	at org.junit.platform.engine.support.hierarchical.HierarchicalTestExecutor.lambda$execute$3(HierarchicalTestExecutor.java:92)
	at org.junit.platform.engine.support.hierarchical.SingleTestExecutor.executeSafely(SingleTestExecutor.java:66)
	at org.junit.platform.engine.support.hierarchical.HierarchicalTestExecutor.execute(HierarchicalTestExecutor.java:77)
	at org.junit.platform.engine.support.hierarchical.HierarchicalTestExecutor.lambda$null$2(HierarchicalTestExecutor.java:92)
	at java.util.stream.ForEachOps$ForEachOp$OfRef.accept(ForEachOps.java:184)
	at java.util.stream.ReferencePipeline$2$1.accept(ReferencePipeline.java:175)
	at java.util.Iterator.forEachRemaining(Iterator.java:116)
	at java.util.Spliterators$IteratorSpliterator.forEachRemaining(Spliterators.java:1801)
	at java.util.stream.AbstractPipeline.copyInto(AbstractPipeline.java:481)
	at java.util.stream.AbstractPipeline.wrapAndCopyInto(AbstractPipeline.java:471)
	at java.util.stream.ForEachOps$ForEachOp.evaluateSequential(ForEachOps.java:151)
	at java.util.stream.ForEachOps$ForEachOp$OfRef.evaluateSequential(ForEachOps.java:174)
	at java.util.stream.AbstractPipeline.evaluate(AbstractPipeline.java:234)
	at java.util.stream.ReferencePipeline.forEach(ReferencePipeline.java:418)
	at org.junit.platform.engine.support.hierarchical.HierarchicalTestExecutor.lambda$execute$3(HierarchicalTestExecutor.java:92)
	at org.junit.platform.engine.support.hierarchical.SingleTestExecutor.executeSafely(SingleTestExecutor.java:66)
	at org.junit.platform.engine.support.hierarchical.HierarchicalTestExecutor.execute(HierarchicalTestExecutor.java:77)
	at org.junit.platform.engine.support.hierarchical.HierarchicalTestExecutor.execute(HierarchicalTestExecutor.java:51)
	at org.junit.platform.engine.support.hierarchical.HierarchicalTestEngine.execute(HierarchicalTestEngine.java:43)
	at org.junit.platform.launcher.core.DefaultLauncher.execute(DefaultLauncher.java:170)
	at org.junit.platform.launcher.core.DefaultLauncher.execute(DefaultLauncher.java:154)
	at org.junit.platform.launcher.core.DefaultLauncher.execute(DefaultLauncher.java:90)
	at org.gradle.api.internal.tasks.testing.junitplatform.JUnitPlatformTestClassProcessor$CollectAllTestClassesExecutor.processAllTestClasses(JUnitPlatformTestClassProcessor.java:92)
	at org.gradle.api.internal.tasks.testing.junitplatform.JUnitPlatformTestClassProcessor$CollectAllTestClassesExecutor.access$100(JUnitPlatformTestClassProcessor.java:77)
	at org.gradle.api.internal.tasks.testing.junitplatform.JUnitPlatformTestClassProcessor.stop(JUnitPlatformTestClassProcessor.java:73)
	at org.gradle.api.internal.tasks.testing.SuiteTestClassProcessor.stop(SuiteTestClassProcessor.java:61)
	at sun.reflect.NativeMethodAccessorImpl.invoke0(Native Method)
	at sun.reflect.NativeMethodAccessorImpl.invoke(NativeMethodAccessorImpl.java:62)
	at sun.reflect.DelegatingMethodAccessorImpl.invoke(DelegatingMethodAccessorImpl.java:43)
	at java.lang.reflect.Method.invoke(Method.java:498)
	at org.gradle.internal.dispatch.ReflectionDispatch.dispatch(ReflectionDispatch.java:35)
	at org.gradle.internal.dispatch.ReflectionDispatch.dispatch(ReflectionDispatch.java:24)
	at org.gradle.internal.dispatch.ContextClassLoaderDispatch.dispatch(ContextClassLoaderDispatch.java:32)
	at org.gradle.internal.dispatch.ProxyDispatchAdapter$DispatchingInvocationHandler.invoke(ProxyDispatchAdapter.java:93)
	at com.sun.proxy.$Proxy1.stop(Unknown Source)
	at org.gradle.api.internal.tasks.testing.worker.TestWorker.stop(TestWorker.java:123)
	at sun.reflect.NativeMethodAccessorImpl.invoke0(Native Method)
	at sun.reflect.NativeMethodAccessorImpl.invoke(NativeMethodAccessorImpl.java:62)
	at sun.reflect.DelegatingMethodAccessorImpl.invoke(DelegatingMethodAccessorImpl.java:43)
	at java.lang.reflect.Method.invoke(Method.java:498)
	at org.gradle.internal.dispatch.ReflectionDispatch.dispatch(ReflectionDispatch.java:35)
	at org.gradle.internal.dispatch.ReflectionDispatch.dispatch(ReflectionDispatch.java:24)
	at org.gradle.internal.remote.internal.hub.MessageHubBackedObjectConnection$DispatchWrapper.dispatch(MessageHubBackedObjectConnection.java:155)
	at org.gradle.internal.remote.internal.hub.MessageHubBackedObjectConnection$DispatchWrapper.dispatch(MessageHubBackedObjectConnection.java:137)
	at org.gradle.internal.remote.internal.hub.MessageHub$Handler.run(MessageHub.java:404)
	at org.gradle.internal.concurrent.ExecutorPolicy$CatchAndRecordFailures.onExecute(ExecutorPolicy.java:63)
	at org.gradle.internal.concurrent.ManagedExecutorImpl$1.run(ManagedExecutorImpl.java:46)
	at java.util.concurrent.ThreadPoolExecutor.runWorker(ThreadPoolExecutor.java:1149)
	at java.util.concurrent.ThreadPoolExecutor$Worker.run(ThreadPoolExecutor.java:624)
	at org.gradle.internal.concurrent.ThreadFactoryImpl$ManagedThreadRunnable.run(ThreadFactoryImpl.java:55)
	at java.lang.Thread.run(Thread.java:748)
Caused by: org.apache.tinkerpop.gremlin.driver.exception.ResponseException: Neither the sideEffects, map, nor path has a   UNNAMED35-key: DedupGlobalStep([r,   UNNAMED35,   UNNAMED44,   UNNAMED53,   UNNAMED51, m, n])
	at org.apache.tinkerpop.gremlin.driver.Handler$GremlinResponseHandler.channelRead0(Handler.java:246)
	at org.apache.tinkerpop.gremlin.driver.Handler$GremlinResponseHandler.channelRead0(Handler.java:197)
	at io.netty.channel.SimpleChannelInboundHandler.channelRead(SimpleChannelInboundHandler.java:105)
	at io.netty.channel.AbstractChannelHandlerContext.invokeChannelRead(AbstractChannelHandlerContext.java:356)
	at io.netty.channel.AbstractChannelHandlerContext.invokeChannelRead(AbstractChannelHandlerContext.java:342)
	at io.netty.channel.AbstractChannelHandlerContext.fireChannelRead(AbstractChannelHandlerContext.java:335)
	at org.apache.tinkerpop.gremlin.driver.Handler$GremlinSaslAuthenticationHandler.channelRead0(Handler.java:123)
	at org.apache.tinkerpop.gremlin.driver.Handler$GremlinSaslAuthenticationHandler.channelRead0(Handler.java:67)
	at io.netty.channel.SimpleChannelInboundHandler.channelRead(SimpleChannelInboundHandler.java:105)
	at io.netty.channel.AbstractChannelHandlerContext.invokeChannelRead(AbstractChannelHandlerContext.java:356)
	at io.netty.channel.AbstractChannelHandlerContext.invokeChannelRead(AbstractChannelHandlerContext.java:342)
	at io.netty.channel.AbstractChannelHandlerContext.fireChannelRead(AbstractChannelHandlerContext.java:335)
	at io.netty.handler.codec.MessageToMessageDecoder.channelRead(MessageToMessageDecoder.java:102)
	at io.netty.channel.AbstractChannelHandlerContext.invokeChannelRead(AbstractChannelHandlerContext.java:356)
	at io.netty.channel.AbstractChannelHandlerContext.invokeChannelRead(AbstractChannelHandlerContext.java:342)
	at io.netty.channel.AbstractChannelHandlerContext.fireChannelRead(AbstractChannelHandlerContext.java:335)
	at org.apache.tinkerpop.gremlin.driver.handler.WebSocketClientHandler.channelRead0(WebSocketClientHandler.java:94)
	at io.netty.channel.SimpleChannelInboundHandler.channelRead(SimpleChannelInboundHandler.java:105)
	at io.netty.channel.AbstractChannelHandlerContext.invokeChannelRead(AbstractChannelHandlerContext.java:356)
	at io.netty.channel.AbstractChannelHandlerContext.invokeChannelRead(AbstractChannelHandlerContext.java:342)
	at io.netty.channel.AbstractChannelHandlerContext.fireChannelRead(AbstractChannelHandlerContext.java:335)
	at io.netty.handler.codec.ByteToMessageDecoder.fireChannelRead(ByteToMessageDecoder.java:312)
	at io.netty.handler.codec.ByteToMessageDecoder.channelRead(ByteToMessageDecoder.java:286)
	at io.netty.channel.AbstractChannelHandlerContext.invokeChannelRead(AbstractChannelHandlerContext.java:356)
	at io.netty.channel.AbstractChannelHandlerContext.invokeChannelRead(AbstractChannelHandlerContext.java:342)
	at io.netty.channel.AbstractChannelHandlerContext.fireChannelRead(AbstractChannelHandlerContext.java:335)
	at io.netty.channel.DefaultChannelPipeline$HeadContext.channelRead(DefaultChannelPipeline.java:1304)
	at io.netty.channel.AbstractChannelHandlerContext.invokeChannelRead(AbstractChannelHandlerContext.java:356)
	at io.netty.channel.AbstractChannelHandlerContext.invokeChannelRead(AbstractChannelHandlerContext.java:342)
	at io.netty.channel.DefaultChannelPipeline.fireChannelRead(DefaultChannelPipeline.java:921)
	at io.netty.channel.nio.AbstractNioByteChannel$NioByteUnsafe.read(AbstractNioByteChannel.java:135)
	at io.netty.channel.nio.NioEventLoop.processSelectedKey(NioEventLoop.java:646)
	at io.netty.channel.nio.NioEventLoop.processSelectedKeysOptimized(NioEventLoop.java:581)
	at io.netty.channel.nio.NioEventLoop.processSelectedKeys(NioEventLoop.java:498)
	at io.netty.channel.nio.NioEventLoop.run(NioEventLoop.java:460)
	at io.netty.util.concurrent.SingleThreadEventExecutor$2.run(SingleThreadEventExecutor.java:131)
	... 1 more
</pre>
      </div>
    </div>
  </div>


                  <table class="step-arguments">
                          <tr>
                                  <td>c</td>
                              </tr>
                          <tr>
                                  <td>32</td>
                              </tr>
                      </table>
        
        

        

        
  
      </div>
      </div>
</div>


    

  </div>
</div>

                  </div>

      </div>
    </div>
  </div>
</div>


<div class="container-fluid">
  <div class="row">
    <div class="col-md-10 col-md-offset-10">
      <i class="fa fa-chevron-circle-down fa-2x collapsable-control"
        onClick="javascript:$('#report .collapsable-details').collapse('show')"></i>
      <i class="fa fa-chevron-circle-up fa-2x collapsable-control"
        onClick="javascript:$('#report .collapsable-details').collapse('hide')"></i>
    </div>
  </div>
</div>

<br>

<nav class="navbar navbar-default" id="footer">
  <div class="container-fluid">
    <p class="navbar-text navbar-right">
        <small>generate Cucumber HTML reports via:&nbsp;</small>
        <a class="navbar-link" href="https://github.com/jenkinsci/cucumber-reports-plugin">Jenkins Plugin</a> |
        <a class="navbar-link" href="https://github.com/damianszczepanik/cucumber-reporting">Standalone</a> |
        <a class="navbar-link" href="https://github.com/damianszczepanik/cucumber-sandwich">Sandwich</a> |
        <a class="navbar-link" href="https://github.com/damianszczepanik/maven-cucumber-reporting">Maven</a>
        &nbsp;&nbsp;
    </p>
  </div>
</nav>

</body>
</html>
